WARNING - 2024-05-08 00:29:33 --> [DEPRECATED] preg_replace(): Passing null to parameter #3 ($subject) of type array|string is deprecated in APPPATH\Helpers\currency_helper.php on line 95.
 1 APPPATH\Helpers\currency_helper.php(95): preg_replace('/[^\\d,-\\.]/', '', null)
 2 APPPATH\Controllers\Projects.php(555): unformat_currency(null)
 3 SYSTEMPATH\CodeIgniter.php(932): App\Controllers\Projects->save()
 4 SYSTEMPATH\CodeIgniter.php(497): CodeIgniter\CodeIgniter->runController(Object(App\Controllers\Projects))
 5 SYSTEMPATH\CodeIgniter.php(366): CodeIgniter\CodeIgniter->handleRequest(null, Object(Config\Cache), false)
 6 FCPATH\index.php(80): CodeIgniter\CodeIgniter->run()
CRITICAL - 2024-05-08 02:00:15 --> Undefined variable $team_members_suggestions
in APPPATH\Views\notes\modal_form.php on line 160.
 1 APPPATH\Views\notes\modal_form.php(160): CodeIgniter\Debug\Exceptions->errorHandler(2, 'Undefined variable $team_members_suggestions', 'D:\\projects\\visaalliance-crm\\app\\Views\\notes\\modal_form.php', 160)
 2 SYSTEMPATH\View\View.php(224): include('D:\\projects\\visaalliance-crm\\app\\Views\\notes\\modal_form.php')
 3 SYSTEMPATH\View\View.php(227): CodeIgniter\View\View->CodeIgniter\View\{closure}()
 4 SYSTEMPATH\Common.php(1180): CodeIgniter\View\View->render('notes/modal_form', [], true)
 5 APPPATH\Libraries\Template.php(42): view('notes/modal_form', [...])
 6 APPPATH\Controllers\Notes.php(91): App\Libraries\Template->view('notes/modal_form', [...])
 7 SYSTEMPATH\CodeIgniter.php(932): App\Controllers\Notes->modal_form()
 8 SYSTEMPATH\CodeIgniter.php(497): CodeIgniter\CodeIgniter->runController(Object(App\Controllers\Notes))
 9 SYSTEMPATH\CodeIgniter.php(366): CodeIgniter\CodeIgniter->handleRequest(null, Object(Config\Cache), false)
10 FCPATH\index.php(80): CodeIgniter\CodeIgniter->run()
CRITICAL - 2024-05-08 02:59:58 --> Undefined property: stdClass::$created_date
in APPPATH\Views\projects\activity_modal_form.php on line 58.
 1 APPPATH\Views\projects\activity_modal_form.php(58): CodeIgniter\Debug\Exceptions->errorHandler(2, 'Undefined property: stdClass::$created_date', 'D:\\projects\\visaalliance-crm\\app\\Views\\projects\\activity_modal_form.php', 58)
 2 SYSTEMPATH\View\View.php(224): include('D:\\projects\\visaalliance-crm\\app\\Views\\projects\\activity_modal_form.php')
 3 SYSTEMPATH\View\View.php(227): CodeIgniter\View\View->CodeIgniter\View\{closure}()
 4 SYSTEMPATH\Common.php(1180): CodeIgniter\View\View->render('projects/activity_modal_form', [], true)
 5 APPPATH\Libraries\Template.php(42): view('projects/activity_modal_form', [...])
 6 APPPATH\Controllers\Projects.php(329): App\Libraries\Template->view('projects/activity_modal_form', [...])
 7 SYSTEMPATH\CodeIgniter.php(932): App\Controllers\Projects->activities_modal_form()
 8 SYSTEMPATH\CodeIgniter.php(497): CodeIgniter\CodeIgniter->runController(Object(App\Controllers\Projects))
 9 SYSTEMPATH\CodeIgniter.php(366): CodeIgniter\CodeIgniter->handleRequest(null, Object(Config\Cache), false)
10 FCPATH\index.php(80): CodeIgniter\CodeIgniter->run()
CRITICAL - 2024-05-08 03:00:04 --> Undefined property: stdClass::$created_date
in APPPATH\Views\projects\activity_modal_form.php on line 58.
 1 APPPATH\Views\projects\activity_modal_form.php(58): CodeIgniter\Debug\Exceptions->errorHandler(2, 'Undefined property: stdClass::$created_date', 'D:\\projects\\visaalliance-crm\\app\\Views\\projects\\activity_modal_form.php', 58)
 2 SYSTEMPATH\View\View.php(224): include('D:\\projects\\visaalliance-crm\\app\\Views\\projects\\activity_modal_form.php')
 3 SYSTEMPATH\View\View.php(227): CodeIgniter\View\View->CodeIgniter\View\{closure}()
 4 SYSTEMPATH\Common.php(1180): CodeIgniter\View\View->render('projects/activity_modal_form', [], true)
 5 APPPATH\Libraries\Template.php(42): view('projects/activity_modal_form', [...])
 6 APPPATH\Controllers\Projects.php(329): App\Libraries\Template->view('projects/activity_modal_form', [...])
 7 SYSTEMPATH\CodeIgniter.php(932): App\Controllers\Projects->activities_modal_form()
 8 SYSTEMPATH\CodeIgniter.php(497): CodeIgniter\CodeIgniter->runController(Object(App\Controllers\Projects))
 9 SYSTEMPATH\CodeIgniter.php(366): CodeIgniter\CodeIgniter->handleRequest(null, Object(Config\Cache), false)
10 FCPATH\index.php(80): CodeIgniter\CodeIgniter->run()
CRITICAL - 2024-05-08 03:00:28 --> Undefined variable $team_members_dropdown
in APPPATH\Views\projects\activity_modal_form.php on line 111.
 1 APPPATH\Views\projects\activity_modal_form.php(111): CodeIgniter\Debug\Exceptions->errorHandler(2, 'Undefined variable $team_members_dropdown', 'D:\\projects\\visaalliance-crm\\app\\Views\\projects\\activity_modal_form.php', 111)
 2 SYSTEMPATH\View\View.php(224): include('D:\\projects\\visaalliance-crm\\app\\Views\\projects\\activity_modal_form.php')
 3 SYSTEMPATH\View\View.php(227): CodeIgniter\View\View->CodeIgniter\View\{closure}()
 4 SYSTEMPATH\Common.php(1180): CodeIgniter\View\View->render('projects/activity_modal_form', [], true)
 5 APPPATH\Libraries\Template.php(42): view('projects/activity_modal_form', [...])
 6 APPPATH\Controllers\Projects.php(329): App\Libraries\Template->view('projects/activity_modal_form', [...])
 7 SYSTEMPATH\CodeIgniter.php(932): App\Controllers\Projects->activities_modal_form()
 8 SYSTEMPATH\CodeIgniter.php(497): CodeIgniter\CodeIgniter->runController(Object(App\Controllers\Projects))
 9 SYSTEMPATH\CodeIgniter.php(366): CodeIgniter\CodeIgniter->handleRequest(null, Object(Config\Cache), false)
10 FCPATH\index.php(80): CodeIgniter\CodeIgniter->run()
CRITICAL - 2024-05-08 03:13:41 --> Undefined variable $milestone_id
in APPPATH\Views\projects\activity_modal_form.php on line 4.
 1 APPPATH\Views\projects\activity_modal_form.php(4): CodeIgniter\Debug\Exceptions->errorHandler(2, 'Undefined variable $milestone_id', 'D:\\projects\\visaalliance-crm\\app\\Views\\projects\\activity_modal_form.php', 4)
 2 SYSTEMPATH\View\View.php(224): include('D:\\projects\\visaalliance-crm\\app\\Views\\projects\\activity_modal_form.php')
 3 SYSTEMPATH\View\View.php(227): CodeIgniter\View\View->CodeIgniter\View\{closure}()
 4 SYSTEMPATH\Common.php(1180): CodeIgniter\View\View->render('projects/activity_modal_form', [], true)
 5 APPPATH\Libraries\Template.php(42): view('projects/activity_modal_form', [...])
 6 APPPATH\Controllers\Projects.php(329): App\Libraries\Template->view('projects/activity_modal_form', [...])
 7 SYSTEMPATH\CodeIgniter.php(932): App\Controllers\Projects->activities_modal_form()
 8 SYSTEMPATH\CodeIgniter.php(497): CodeIgniter\CodeIgniter->runController(Object(App\Controllers\Projects))
 9 SYSTEMPATH\CodeIgniter.php(366): CodeIgniter\CodeIgniter->handleRequest(null, Object(Config\Cache), false)
10 FCPATH\index.php(80): CodeIgniter\CodeIgniter->run()
ERROR - 2024-05-08 03:16:25 --> mysqli_sql_exception: Unknown column 'created_date' in 'field list' in D:\projects\visaalliance-crm\system\Database\MySQLi\Connection.php:295
Stack trace:
#0 D:\projects\visaalliance-crm\system\Database\MySQLi\Connection.php(295): mysqli->query('INSERT INTO `ri...', 0)
#1 D:\projects\visaalliance-crm\system\Database\BaseConnection.php(692): CodeIgniter\Database\MySQLi\Connection->execute('INSERT INTO `ri...')
#2 D:\projects\visaalliance-crm\system\Database\BaseConnection.php(606): CodeIgniter\Database\BaseConnection->simpleQuery('INSERT INTO `ri...')
#3 D:\projects\visaalliance-crm\system\Database\BaseBuilder.php(2309): CodeIgniter\Database\BaseConnection->query('INSERT INTO `ri...', Array, false)
#4 D:\projects\visaalliance-crm\app\Models\Activity_logs_model.php(36): CodeIgniter\Database\BaseBuilder->insert(Array)
#5 D:\projects\visaalliance-crm\app\Controllers\Projects.php(360): App\Models\Activity_logs_model->ci_save(Array)
#6 D:\projects\visaalliance-crm\system\CodeIgniter.php(932): App\Controllers\Projects->save_milestone_activity()
#7 D:\projects\visaalliance-crm\system\CodeIgniter.php(497): CodeIgniter\CodeIgniter->runController(Object(App\Controllers\Projects))
#8 D:\projects\visaalliance-crm\system\CodeIgniter.php(366): CodeIgniter\CodeIgniter->handleRequest(NULL, Object(Config\Cache), false)
#9 D:\projects\visaalliance-crm\index.php(80): CodeIgniter\CodeIgniter->run()
#10 {main}
CRITICAL - 2024-05-08 03:16:25 --> Unknown column 'created_date' in 'field list'
in SYSTEMPATH\Database\MySQLi\Connection.php on line 295.
 1 SYSTEMPATH\Database\MySQLi\Connection.php(295): mysqli->query('INSERT INTO `rise_activity_logs` (`created_date`, `created_by`, `log_type`, `log_type_title`, `log_type_id`, `log_for`, `log_for_id`, `log_for2`, `log_for_id2`, `log_for3`, `log_for_id3`, `created_at`) VALUES (\'2024-05-07\', \'1\', \'note\', \'This is a note\', 0, \'project\', \'1\', \'\', 0, \'milestone\', \'96\', \'2024-05-08 08:16:25\')', 0)
 2 SYSTEMPATH\Database\BaseConnection.php(692): CodeIgniter\Database\MySQLi\Connection->execute('INSERT INTO `rise_activity_logs` (`created_date`, `created_by`, `log_type`, `log_type_title`, `log_type_id`, `log_for`, `log_for_id`, `log_for2`, `log_for_id2`, `log_for3`, `log_for_id3`, `created_at`) VALUES (\'2024-05-07\', \'1\', \'note\', \'This is a note\', 0, \'project\', \'1\', \'\', 0, \'milestone\', \'96\', \'2024-05-08 08:16:25\')')
 3 SYSTEMPATH\Database\BaseConnection.php(606): CodeIgniter\Database\BaseConnection->simpleQuery('INSERT INTO `rise_activity_logs` (`created_date`, `created_by`, `log_type`, `log_type_title`, `log_type_id`, `log_for`, `log_for_id`, `log_for2`, `log_for_id2`, `log_for3`, `log_for_id3`, `created_at`) VALUES (\'2024-05-07\', \'1\', \'note\', \'This is a note\', 0, \'project\', \'1\', \'\', 0, \'milestone\', \'96\', \'2024-05-08 08:16:25\')')
 4 SYSTEMPATH\Database\BaseBuilder.php(2309): CodeIgniter\Database\BaseConnection->query('INSERT INTO `rise_activity_logs` (`created_date`, `created_by`, `log_type`, `log_type_title`, `log_type_id`, `log_for`, `log_for_id`, `log_for2`, `log_for_id2`, `log_for3`, `log_for_id3`, `created_at`) VALUES (:created_date:, :created_by:, :log_type:, :log_type_title:, :log_type_id:, :log_for:, :log_for_id:, :log_for2:, :log_for_id2:, :log_for3:, :log_for_id3:, :created_at:)', [...], false)
 5 APPPATH\Models\Activity_logs_model.php(36): CodeIgniter\Database\BaseBuilder->insert([...])
 6 APPPATH\Controllers\Projects.php(360): App\Models\Activity_logs_model->ci_save([...])
 7 SYSTEMPATH\CodeIgniter.php(932): App\Controllers\Projects->save_milestone_activity()
 8 SYSTEMPATH\CodeIgniter.php(497): CodeIgniter\CodeIgniter->runController(Object(App\Controllers\Projects))
 9 SYSTEMPATH\CodeIgniter.php(366): CodeIgniter\CodeIgniter->handleRequest(null, Object(Config\Cache), false)
10 FCPATH\index.php(80): CodeIgniter\CodeIgniter->run()
CRITICAL - 2024-05-08 03:23:35 --> Undefined variable $data
in APPPATH\Views\activity_logs\milestone_activity_logs_widget.php on line 181.
 1 APPPATH\Views\activity_logs\milestone_activity_logs_widget.php(181): CodeIgniter\Debug\Exceptions->errorHandler(2, 'Undefined variable $data', 'D:\\projects\\visaalliance-crm\\app\\Views\\activity_logs\\milestone_activity_logs_widget.php', 181)
 2 SYSTEMPATH\View\View.php(224): include('D:\\projects\\visaalliance-crm\\app\\Views\\activity_logs\\milestone_activity_logs_widget.php')
 3 SYSTEMPATH\View\View.php(227): CodeIgniter\View\View->CodeIgniter\View\{closure}()
 4 SYSTEMPATH\Common.php(1180): CodeIgniter\View\View->render('activity_logs/milestone_activity_logs_widget', [], true)
 5 APPPATH\Helpers\widget_helper.php(98): view('activity_logs/milestone_activity_logs_widget', [...])
 6 APPPATH\Views\projects\history\index.php(9): milestone_activity_logs_widget([...], [...], 7)
 7 SYSTEMPATH\View\View.php(224): include('D:\\projects\\visaalliance-crm\\app\\Views\\projects\\history\\index.php')
 8 SYSTEMPATH\View\View.php(227): CodeIgniter\View\View->CodeIgniter\View\{closure}()
 9 SYSTEMPATH\Common.php(1180): CodeIgniter\View\View->render('projects/history/index', [], true)
10 APPPATH\Views\projects\history\overview_tabs.php(24): view('projects/history/index')
11 SYSTEMPATH\View\View.php(224): include('D:\\projects\\visaalliance-crm\\app\\Views\\projects\\history\\overview_tabs.php')
12 SYSTEMPATH\View\View.php(227): CodeIgniter\View\View->CodeIgniter\View\{closure}()
13 SYSTEMPATH\Common.php(1180): CodeIgniter\View\View->render('projects/history/overview_tabs', [], true)
14 APPPATH\Views\projects\overview.php(17): view('projects/history/overview_tabs')
15 SYSTEMPATH\View\View.php(224): include('D:\\projects\\visaalliance-crm\\app\\Views\\projects\\overview.php')
16 SYSTEMPATH\View\View.php(227): CodeIgniter\View\View->CodeIgniter\View\{closure}()
17 SYSTEMPATH\Common.php(1180): CodeIgniter\View\View->render('projects/overview', [], true)
18 APPPATH\Libraries\Template.php(42): view('projects/overview', [...])
19 APPPATH\Controllers\Projects.php(1670): App\Libraries\Template->view('projects/overview', [...])
20 SYSTEMPATH\CodeIgniter.php(932): App\Controllers\Projects->overview('1')
21 SYSTEMPATH\CodeIgniter.php(497): CodeIgniter\CodeIgniter->runController(Object(App\Controllers\Projects))
22 SYSTEMPATH\CodeIgniter.php(366): CodeIgniter\CodeIgniter->handleRequest(null, Object(Config\Cache), false)
23 FCPATH\index.php(80): CodeIgniter\CodeIgniter->run()
CRITICAL - 2024-05-08 03:30:39 --> You must set the database table to be used with your query.
in SYSTEMPATH\Database\BaseConnection.php on line 883.
 1 SYSTEMPATH\Model.php(642): CodeIgniter\Database\BaseConnection->table(null)
 2 SYSTEMPATH\Model.php(432): CodeIgniter\Model->builder()
 3 SYSTEMPATH\BaseModel.php(1065): CodeIgniter\Model->doDelete([...], false)
 4 APPPATH\Controllers\Projects.php(374): CodeIgniter\BaseModel->delete([...])
 5 SYSTEMPATH\CodeIgniter.php(932): App\Controllers\Projects->delete_milestone_activity()
 6 SYSTEMPATH\CodeIgniter.php(497): CodeIgniter\CodeIgniter->runController(Object(App\Controllers\Projects))
 7 SYSTEMPATH\CodeIgniter.php(366): CodeIgniter\CodeIgniter->handleRequest(null, Object(Config\Cache), false)
 8 FCPATH\index.php(80): CodeIgniter\CodeIgniter->run()
CRITICAL - 2024-05-08 03:39:22 --> You must set the database table to be used with your query.
in SYSTEMPATH\Database\BaseConnection.php on line 883.
 1 SYSTEMPATH\Model.php(642): CodeIgniter\Database\BaseConnection->table(null)
 2 SYSTEMPATH\Model.php(432): CodeIgniter\Model->builder()
 3 SYSTEMPATH\BaseModel.php(1065): CodeIgniter\Model->doDelete([...], false)
 4 APPPATH\Controllers\Projects.php(374): CodeIgniter\BaseModel->delete([...])
 5 SYSTEMPATH\CodeIgniter.php(932): App\Controllers\Projects->delete_milestone_activity()
 6 SYSTEMPATH\CodeIgniter.php(497): CodeIgniter\CodeIgniter->runController(Object(App\Controllers\Projects))
 7 SYSTEMPATH\CodeIgniter.php(366): CodeIgniter\CodeIgniter->handleRequest(null, Object(Config\Cache), false)
 8 FCPATH\index.php(80): CodeIgniter\CodeIgniter->run()
WARNING - 2024-05-08 04:28:06 --> [DEPRECATED] preg_replace(): Passing null to parameter #3 ($subject) of type array|string is deprecated in APPPATH\Helpers\currency_helper.php on line 95.
 1 APPPATH\Helpers\currency_helper.php(95): preg_replace('/[^\\d,-\\.]/', '', null)
 2 APPPATH\Controllers\Projects.php(624): unformat_currency(null)
 3 SYSTEMPATH\CodeIgniter.php(932): App\Controllers\Projects->save()
 4 SYSTEMPATH\CodeIgniter.php(497): CodeIgniter\CodeIgniter->runController(Object(App\Controllers\Projects))
 5 SYSTEMPATH\CodeIgniter.php(366): CodeIgniter\CodeIgniter->handleRequest(null, Object(Config\Cache), false)
 6 FCPATH\index.php(80): CodeIgniter\CodeIgniter->run()
WARNING - 2024-05-08 05:21:22 --> [DEPRECATED] preg_replace(): Passing null to parameter #3 ($subject) of type array|string is deprecated in APPPATH\Helpers\currency_helper.php on line 95.
 1 APPPATH\Helpers\currency_helper.php(95): preg_replace('/[^\\d,-\\.]/', '', null)
 2 APPPATH\Controllers\Projects.php(624): unformat_currency(null)
 3 SYSTEMPATH\CodeIgniter.php(932): App\Controllers\Projects->save()
 4 SYSTEMPATH\CodeIgniter.php(497): CodeIgniter\CodeIgniter->runController(Object(App\Controllers\Projects))
 5 SYSTEMPATH\CodeIgniter.php(366): CodeIgniter\CodeIgniter->handleRequest(null, Object(Config\Cache), false)
 6 FCPATH\index.php(80): CodeIgniter\CodeIgniter->run()
WARNING - 2024-05-08 05:24:17 --> [DEPRECATED] preg_replace(): Passing null to parameter #3 ($subject) of type array|string is deprecated in APPPATH\Helpers\currency_helper.php on line 95.
 1 APPPATH\Helpers\currency_helper.php(95): preg_replace('/[^\\d,-\\.]/', '', null)
 2 APPPATH\Controllers\Projects.php(624): unformat_currency(null)
 3 SYSTEMPATH\CodeIgniter.php(932): App\Controllers\Projects->save()
 4 SYSTEMPATH\CodeIgniter.php(497): CodeIgniter\CodeIgniter->runController(Object(App\Controllers\Projects))
 5 SYSTEMPATH\CodeIgniter.php(366): CodeIgniter\CodeIgniter->handleRequest(null, Object(Config\Cache), false)
 6 FCPATH\index.php(80): CodeIgniter\CodeIgniter->run()
CRITICAL - 2024-05-08 06:19:56 --> The action you requested is not allowed.
in SYSTEMPATH\Security\Security.php on line 306.
 1 SYSTEMPATH\Security\Security.php(306): CodeIgniter\Security\Exceptions\SecurityException::forDisallowedAction()
 2 SYSTEMPATH\Filters\CSRF.php(55): CodeIgniter\Security\Security->verify(Object(CodeIgniter\HTTP\IncomingRequest))
 3 SYSTEMPATH\Filters\Filters.php(173): CodeIgniter\Filters\CSRF->before(Object(CodeIgniter\HTTP\IncomingRequest), null)
 4 SYSTEMPATH\CodeIgniter.php(471): CodeIgniter\Filters\Filters->run('projects/project_fees_modal_form', 'before')
 5 SYSTEMPATH\CodeIgniter.php(366): CodeIgniter\CodeIgniter->handleRequest(null, Object(Config\Cache), false)
 6 FCPATH\index.php(80): CodeIgniter\CodeIgniter->run()
WARNING - 2024-05-08 06:47:29 --> [DEPRECATED] preg_replace(): Passing null to parameter #3 ($subject) of type array|string is deprecated in APPPATH\Helpers\currency_helper.php on line 95.
 1 APPPATH\Helpers\currency_helper.php(95): preg_replace('/[^\\d,-\\.]/', '', null)
 2 APPPATH\Controllers\Projects.php(630): unformat_currency(null)
 3 SYSTEMPATH\CodeIgniter.php(932): App\Controllers\Projects->save()
 4 SYSTEMPATH\CodeIgniter.php(497): CodeIgniter\CodeIgniter->runController(Object(App\Controllers\Projects))
 5 SYSTEMPATH\CodeIgniter.php(366): CodeIgniter\CodeIgniter->handleRequest(null, Object(Config\Cache), false)
 6 FCPATH\index.php(80): CodeIgniter\CodeIgniter->run()
WARNING - 2024-05-08 06:50:23 --> [DEPRECATED] preg_replace(): Passing null to parameter #3 ($subject) of type array|string is deprecated in APPPATH\Helpers\currency_helper.php on line 95.
 1 APPPATH\Helpers\currency_helper.php(95): preg_replace('/[^\\d,-\\.]/', '', null)
 2 APPPATH\Controllers\Projects.php(630): unformat_currency(null)
 3 SYSTEMPATH\CodeIgniter.php(932): App\Controllers\Projects->save()
 4 SYSTEMPATH\CodeIgniter.php(497): CodeIgniter\CodeIgniter->runController(Object(App\Controllers\Projects))
 5 SYSTEMPATH\CodeIgniter.php(366): CodeIgniter\CodeIgniter->handleRequest(null, Object(Config\Cache), false)
 6 FCPATH\index.php(80): CodeIgniter\CodeIgniter->run()
ERROR - 2024-05-08 06:50:24 --> mysqli_sql_exception: Column 'created_at' cannot be null in D:\projects\visaalliance-crm\system\Database\MySQLi\Connection.php:295
Stack trace:
#0 D:\projects\visaalliance-crm\system\Database\MySQLi\Connection.php(295): mysqli->query('INSERT INTO `ri...', 0)
#1 D:\projects\visaalliance-crm\system\Database\BaseConnection.php(692): CodeIgniter\Database\MySQLi\Connection->execute('INSERT INTO `ri...')
#2 D:\projects\visaalliance-crm\system\Database\BaseConnection.php(606): CodeIgniter\Database\BaseConnection->simpleQuery('INSERT INTO `ri...')
#3 D:\projects\visaalliance-crm\system\Database\BaseBuilder.php(2309): CodeIgniter\Database\BaseConnection->query('INSERT INTO `ri...', Array, false)
#4 D:\projects\visaalliance-crm\app\Models\Activity_logs_model.php(41): CodeIgniter\Database\BaseBuilder->insert(Array)
#5 D:\projects\visaalliance-crm\app\Models\Crud_model.php(347): App\Models\Activity_logs_model->ci_save(Array, false)
#6 D:\projects\visaalliance-crm\app\Controllers\Projects.php(785): App\Models\Crud_model->ci_save(Array)
#7 D:\projects\visaalliance-crm\system\CodeIgniter.php(932): App\Controllers\Projects->save()
#8 D:\projects\visaalliance-crm\system\CodeIgniter.php(497): CodeIgniter\CodeIgniter->runController(Object(App\Controllers\Projects))
#9 D:\projects\visaalliance-crm\system\CodeIgniter.php(366): CodeIgniter\CodeIgniter->handleRequest(NULL, Object(Config\Cache), false)
#10 D:\projects\visaalliance-crm\index.php(80): CodeIgniter\CodeIgniter->run()
#11 {main}
CRITICAL - 2024-05-08 06:50:24 --> Column 'created_at' cannot be null
in SYSTEMPATH\Database\MySQLi\Connection.php on line 295.
 1 SYSTEMPATH\Database\MySQLi\Connection.php(295): mysqli->query('INSERT INTO `rise_activity_logs` (`created_at`, `created_by`, `action`, `log_type`, `log_type_title`, `log_type_id`, `log_for`, `log_for_id`, `log_for2`, `log_for_id2`, `log_for3`, `log_for_id3`, `changes`) VALUES (NULL, NULL, \'created\', \'milestone\', \'Client Documents\', 123, \'project\', 5, \'\', 0, \'milestone\', 0, NULL)', 0)
 2 SYSTEMPATH\Database\BaseConnection.php(692): CodeIgniter\Database\MySQLi\Connection->execute('INSERT INTO `rise_activity_logs` (`created_at`, `created_by`, `action`, `log_type`, `log_type_title`, `log_type_id`, `log_for`, `log_for_id`, `log_for2`, `log_for_id2`, `log_for3`, `log_for_id3`, `changes`) VALUES (NULL, NULL, \'created\', \'milestone\', \'Client Documents\', 123, \'project\', 5, \'\', 0, \'milestone\', 0, NULL)')
 3 SYSTEMPATH\Database\BaseConnection.php(606): CodeIgniter\Database\BaseConnection->simpleQuery('INSERT INTO `rise_activity_logs` (`created_at`, `created_by`, `action`, `log_type`, `log_type_title`, `log_type_id`, `log_for`, `log_for_id`, `log_for2`, `log_for_id2`, `log_for3`, `log_for_id3`, `changes`) VALUES (NULL, NULL, \'created\', \'milestone\', \'Client Documents\', 123, \'project\', 5, \'\', 0, \'milestone\', 0, NULL)')
 4 SYSTEMPATH\Database\BaseBuilder.php(2309): CodeIgniter\Database\BaseConnection->query('INSERT INTO `rise_activity_logs` (`created_at`, `created_by`, `action`, `log_type`, `log_type_title`, `log_type_id`, `log_for`, `log_for_id`, `log_for2`, `log_for_id2`, `log_for3`, `log_for_id3`, `changes`) VALUES (:created_at:, :created_by:, :action:, :log_type:, :log_type_title:, :log_type_id:, :log_for:, :log_for_id:, :log_for2:, :log_for_id2:, :log_for3:, :log_for_id3:, :changes:)', [...], false)
 5 APPPATH\Models\Activity_logs_model.php(41): CodeIgniter\Database\BaseBuilder->insert([...])
 6 APPPATH\Models\Crud_model.php(347): App\Models\Activity_logs_model->ci_save([...], false)
 7 APPPATH\Controllers\Projects.php(785): App\Models\Crud_model->ci_save([...])
 8 SYSTEMPATH\CodeIgniter.php(932): App\Controllers\Projects->save()
 9 SYSTEMPATH\CodeIgniter.php(497): CodeIgniter\CodeIgniter->runController(Object(App\Controllers\Projects))
10 SYSTEMPATH\CodeIgniter.php(366): CodeIgniter\CodeIgniter->handleRequest(null, Object(Config\Cache), false)
11 FCPATH\index.php(80): CodeIgniter\CodeIgniter->run()
WARNING - 2024-05-08 06:51:34 --> [DEPRECATED] preg_replace(): Passing null to parameter #3 ($subject) of type array|string is deprecated in APPPATH\Helpers\currency_helper.php on line 95.
 1 APPPATH\Helpers\currency_helper.php(95): preg_replace('/[^\\d,-\\.]/', '', null)
 2 APPPATH\Controllers\Projects.php(630): unformat_currency(null)
 3 SYSTEMPATH\CodeIgniter.php(932): App\Controllers\Projects->save()
 4 SYSTEMPATH\CodeIgniter.php(497): CodeIgniter\CodeIgniter->runController(Object(App\Controllers\Projects))
 5 SYSTEMPATH\CodeIgniter.php(366): CodeIgniter\CodeIgniter->handleRequest(null, Object(Config\Cache), false)
 6 FCPATH\index.php(80): CodeIgniter\CodeIgniter->run()
ERROR - 2024-05-08 06:51:34 --> mysqli_sql_exception: Column 'created_at' cannot be null in D:\projects\visaalliance-crm\system\Database\MySQLi\Connection.php:295
Stack trace:
#0 D:\projects\visaalliance-crm\system\Database\MySQLi\Connection.php(295): mysqli->query('INSERT INTO `ri...', 0)
#1 D:\projects\visaalliance-crm\system\Database\BaseConnection.php(692): CodeIgniter\Database\MySQLi\Connection->execute('INSERT INTO `ri...')
#2 D:\projects\visaalliance-crm\system\Database\BaseConnection.php(606): CodeIgniter\Database\BaseConnection->simpleQuery('INSERT INTO `ri...')
#3 D:\projects\visaalliance-crm\system\Database\BaseBuilder.php(2309): CodeIgniter\Database\BaseConnection->query('INSERT INTO `ri...', Array, false)
#4 D:\projects\visaalliance-crm\app\Models\Activity_logs_model.php(41): CodeIgniter\Database\BaseBuilder->insert(Array)
#5 D:\projects\visaalliance-crm\app\Models\Crud_model.php(347): App\Models\Activity_logs_model->ci_save(Array, false)
#6 D:\projects\visaalliance-crm\app\Controllers\Projects.php(785): App\Models\Crud_model->ci_save(Array)
#7 D:\projects\visaalliance-crm\system\CodeIgniter.php(932): App\Controllers\Projects->save()
#8 D:\projects\visaalliance-crm\system\CodeIgniter.php(497): CodeIgniter\CodeIgniter->runController(Object(App\Controllers\Projects))
#9 D:\projects\visaalliance-crm\system\CodeIgniter.php(366): CodeIgniter\CodeIgniter->handleRequest(NULL, Object(Config\Cache), false)
#10 D:\projects\visaalliance-crm\index.php(80): CodeIgniter\CodeIgniter->run()
#11 {main}
CRITICAL - 2024-05-08 06:51:34 --> Column 'created_at' cannot be null
in SYSTEMPATH\Database\MySQLi\Connection.php on line 295.
 1 SYSTEMPATH\Database\MySQLi\Connection.php(295): mysqli->query('INSERT INTO `rise_activity_logs` (`created_at`, `created_by`, `action`, `log_type`, `log_type_title`, `log_type_id`, `log_for`, `log_for_id`, `log_for2`, `log_for_id2`, `log_for3`, `log_for_id3`, `changes`) VALUES (NULL, NULL, \'created\', \'milestone\', \'Client Documents\', 124, \'project\', 6, \'\', 0, \'milestone\', 0, NULL)', 0)
 2 SYSTEMPATH\Database\BaseConnection.php(692): CodeIgniter\Database\MySQLi\Connection->execute('INSERT INTO `rise_activity_logs` (`created_at`, `created_by`, `action`, `log_type`, `log_type_title`, `log_type_id`, `log_for`, `log_for_id`, `log_for2`, `log_for_id2`, `log_for3`, `log_for_id3`, `changes`) VALUES (NULL, NULL, \'created\', \'milestone\', \'Client Documents\', 124, \'project\', 6, \'\', 0, \'milestone\', 0, NULL)')
 3 SYSTEMPATH\Database\BaseConnection.php(606): CodeIgniter\Database\BaseConnection->simpleQuery('INSERT INTO `rise_activity_logs` (`created_at`, `created_by`, `action`, `log_type`, `log_type_title`, `log_type_id`, `log_for`, `log_for_id`, `log_for2`, `log_for_id2`, `log_for3`, `log_for_id3`, `changes`) VALUES (NULL, NULL, \'created\', \'milestone\', \'Client Documents\', 124, \'project\', 6, \'\', 0, \'milestone\', 0, NULL)')
 4 SYSTEMPATH\Database\BaseBuilder.php(2309): CodeIgniter\Database\BaseConnection->query('INSERT INTO `rise_activity_logs` (`created_at`, `created_by`, `action`, `log_type`, `log_type_title`, `log_type_id`, `log_for`, `log_for_id`, `log_for2`, `log_for_id2`, `log_for3`, `log_for_id3`, `changes`) VALUES (:created_at:, :created_by:, :action:, :log_type:, :log_type_title:, :log_type_id:, :log_for:, :log_for_id:, :log_for2:, :log_for_id2:, :log_for3:, :log_for_id3:, :changes:)', [...], false)
 5 APPPATH\Models\Activity_logs_model.php(41): CodeIgniter\Database\BaseBuilder->insert([...])
 6 APPPATH\Models\Crud_model.php(347): App\Models\Activity_logs_model->ci_save([...], false)
 7 APPPATH\Controllers\Projects.php(785): App\Models\Crud_model->ci_save([...])
 8 SYSTEMPATH\CodeIgniter.php(932): App\Controllers\Projects->save()
 9 SYSTEMPATH\CodeIgniter.php(497): CodeIgniter\CodeIgniter->runController(Object(App\Controllers\Projects))
10 SYSTEMPATH\CodeIgniter.php(366): CodeIgniter\CodeIgniter->handleRequest(null, Object(Config\Cache), false)
11 FCPATH\index.php(80): CodeIgniter\CodeIgniter->run()
WARNING - 2024-05-08 06:56:21 --> [DEPRECATED] preg_replace(): Passing null to parameter #3 ($subject) of type array|string is deprecated in APPPATH\Helpers\currency_helper.php on line 95.
 1 APPPATH\Helpers\currency_helper.php(95): preg_replace('/[^\\d,-\\.]/', '', null)
 2 APPPATH\Controllers\Projects.php(630): unformat_currency(null)
 3 SYSTEMPATH\CodeIgniter.php(932): App\Controllers\Projects->save()
 4 SYSTEMPATH\CodeIgniter.php(497): CodeIgniter\CodeIgniter->runController(Object(App\Controllers\Projects))
 5 SYSTEMPATH\CodeIgniter.php(366): CodeIgniter\CodeIgniter->handleRequest(null, Object(Config\Cache), false)
 6 FCPATH\index.php(80): CodeIgniter\CodeIgniter->run()
ERROR - 2024-05-08 06:56:21 --> mysqli_sql_exception: Column 'created_by' cannot be null in D:\projects\visaalliance-crm\system\Database\MySQLi\Connection.php:295
Stack trace:
#0 D:\projects\visaalliance-crm\system\Database\MySQLi\Connection.php(295): mysqli->query('INSERT INTO `ri...', 0)
#1 D:\projects\visaalliance-crm\system\Database\BaseConnection.php(692): CodeIgniter\Database\MySQLi\Connection->execute('INSERT INTO `ri...')
#2 D:\projects\visaalliance-crm\system\Database\BaseConnection.php(606): CodeIgniter\Database\BaseConnection->simpleQuery('INSERT INTO `ri...')
#3 D:\projects\visaalliance-crm\system\Database\BaseBuilder.php(2309): CodeIgniter\Database\BaseConnection->query('INSERT INTO `ri...', Array, false)
#4 D:\projects\visaalliance-crm\app\Models\Activity_logs_model.php(41): CodeIgniter\Database\BaseBuilder->insert(Array)
#5 D:\projects\visaalliance-crm\app\Models\Crud_model.php(356): App\Models\Activity_logs_model->ci_save(Array, false)
#6 D:\projects\visaalliance-crm\app\Controllers\Projects.php(785): App\Models\Crud_model->ci_save(Array)
#7 D:\projects\visaalliance-crm\system\CodeIgniter.php(932): App\Controllers\Projects->save()
#8 D:\projects\visaalliance-crm\system\CodeIgniter.php(497): CodeIgniter\CodeIgniter->runController(Object(App\Controllers\Projects))
#9 D:\projects\visaalliance-crm\system\CodeIgniter.php(366): CodeIgniter\CodeIgniter->handleRequest(NULL, Object(Config\Cache), false)
#10 D:\projects\visaalliance-crm\index.php(80): CodeIgniter\CodeIgniter->run()
#11 {main}
CRITICAL - 2024-05-08 06:56:21 --> Column 'created_by' cannot be null
in SYSTEMPATH\Database\MySQLi\Connection.php on line 295.
 1 SYSTEMPATH\Database\MySQLi\Connection.php(295): mysqli->query('INSERT INTO `rise_activity_logs` (`created_at`, `created_by`, `action`, `log_type`, `log_type_title`, `log_type_id`, `log_for`, `log_for_id`, `log_for2`, `log_for_id2`, `log_for3`, `log_for_id3`, `changes`) VALUES (\'2024-05-08 11:56:21\', NULL, \'created\', \'milestone\', \'Client Documents\', 125, \'project\', 7, \'\', 0, \'milestone\', 0, NULL)', 0)
 2 SYSTEMPATH\Database\BaseConnection.php(692): CodeIgniter\Database\MySQLi\Connection->execute('INSERT INTO `rise_activity_logs` (`created_at`, `created_by`, `action`, `log_type`, `log_type_title`, `log_type_id`, `log_for`, `log_for_id`, `log_for2`, `log_for_id2`, `log_for3`, `log_for_id3`, `changes`) VALUES (\'2024-05-08 11:56:21\', NULL, \'created\', \'milestone\', \'Client Documents\', 125, \'project\', 7, \'\', 0, \'milestone\', 0, NULL)')
 3 SYSTEMPATH\Database\BaseConnection.php(606): CodeIgniter\Database\BaseConnection->simpleQuery('INSERT INTO `rise_activity_logs` (`created_at`, `created_by`, `action`, `log_type`, `log_type_title`, `log_type_id`, `log_for`, `log_for_id`, `log_for2`, `log_for_id2`, `log_for3`, `log_for_id3`, `changes`) VALUES (\'2024-05-08 11:56:21\', NULL, \'created\', \'milestone\', \'Client Documents\', 125, \'project\', 7, \'\', 0, \'milestone\', 0, NULL)')
 4 SYSTEMPATH\Database\BaseBuilder.php(2309): CodeIgniter\Database\BaseConnection->query('INSERT INTO `rise_activity_logs` (`created_at`, `created_by`, `action`, `log_type`, `log_type_title`, `log_type_id`, `log_for`, `log_for_id`, `log_for2`, `log_for_id2`, `log_for3`, `log_for_id3`, `changes`) VALUES (:created_at:, :created_by:, :action:, :log_type:, :log_type_title:, :log_type_id:, :log_for:, :log_for_id:, :log_for2:, :log_for_id2:, :log_for3:, :log_for_id3:, :changes:)', [...], false)
 5 APPPATH\Models\Activity_logs_model.php(41): CodeIgniter\Database\BaseBuilder->insert([...])
 6 APPPATH\Models\Crud_model.php(356): App\Models\Activity_logs_model->ci_save([...], false)
 7 APPPATH\Controllers\Projects.php(785): App\Models\Crud_model->ci_save([...])
 8 SYSTEMPATH\CodeIgniter.php(932): App\Controllers\Projects->save()
 9 SYSTEMPATH\CodeIgniter.php(497): CodeIgniter\CodeIgniter->runController(Object(App\Controllers\Projects))
10 SYSTEMPATH\CodeIgniter.php(366): CodeIgniter\CodeIgniter->handleRequest(null, Object(Config\Cache), false)
11 FCPATH\index.php(80): CodeIgniter\CodeIgniter->run()
WARNING - 2024-05-08 07:04:15 --> [DEPRECATED] preg_replace(): Passing null to parameter #3 ($subject) of type array|string is deprecated in APPPATH\Helpers\currency_helper.php on line 95.
 1 APPPATH\Helpers\currency_helper.php(95): preg_replace('/[^\\d,-\\.]/', '', null)
 2 APPPATH\Controllers\Projects.php(630): unformat_currency(null)
 3 SYSTEMPATH\CodeIgniter.php(932): App\Controllers\Projects->save()
 4 SYSTEMPATH\CodeIgniter.php(497): CodeIgniter\CodeIgniter->runController(Object(App\Controllers\Projects))
 5 SYSTEMPATH\CodeIgniter.php(366): CodeIgniter\CodeIgniter->handleRequest(null, Object(Config\Cache), false)
 6 FCPATH\index.php(80): CodeIgniter\CodeIgniter->run()
WARNING - 2024-05-08 07:37:05 --> [DEPRECATED] preg_replace(): Passing null to parameter #3 ($subject) of type array|string is deprecated in APPPATH\Helpers\currency_helper.php on line 95.
 1 APPPATH\Helpers\currency_helper.php(95): preg_replace('/[^\\d,-\\.]/', '', null)
 2 APPPATH\Controllers\Projects.php(630): unformat_currency(null)
 3 SYSTEMPATH\CodeIgniter.php(932): App\Controllers\Projects->save()
 4 SYSTEMPATH\CodeIgniter.php(497): CodeIgniter\CodeIgniter->runController(Object(App\Controllers\Projects))
 5 SYSTEMPATH\CodeIgniter.php(366): CodeIgniter\CodeIgniter->handleRequest(null, Object(Config\Cache), false)
 6 FCPATH\index.php(80): CodeIgniter\CodeIgniter->run()
WARNING - 2024-05-08 07:48:44 --> [DEPRECATED] preg_replace(): Passing null to parameter #3 ($subject) of type array|string is deprecated in APPPATH\Helpers\currency_helper.php on line 95.
 1 APPPATH\Helpers\currency_helper.php(95): preg_replace('/[^\\d,-\\.]/', '', null)
 2 APPPATH\Controllers\Projects.php(630): unformat_currency(null)
 3 SYSTEMPATH\CodeIgniter.php(932): App\Controllers\Projects->save()
 4 SYSTEMPATH\CodeIgniter.php(497): CodeIgniter\CodeIgniter->runController(Object(App\Controllers\Projects))
 5 SYSTEMPATH\CodeIgniter.php(366): CodeIgniter\CodeIgniter->handleRequest(null, Object(Config\Cache), false)
 6 FCPATH\index.php(80): CodeIgniter\CodeIgniter->run()
WARNING - 2024-05-08 07:51:36 --> [DEPRECATED] preg_replace(): Passing null to parameter #3 ($subject) of type array|string is deprecated in APPPATH\Helpers\currency_helper.php on line 95.
 1 APPPATH\Helpers\currency_helper.php(95): preg_replace('/[^\\d,-\\.]/', '', null)
 2 APPPATH\Controllers\Projects.php(630): unformat_currency(null)
 3 SYSTEMPATH\CodeIgniter.php(932): App\Controllers\Projects->save()
 4 SYSTEMPATH\CodeIgniter.php(497): CodeIgniter\CodeIgniter->runController(Object(App\Controllers\Projects))
 5 SYSTEMPATH\CodeIgniter.php(366): CodeIgniter\CodeIgniter->handleRequest(null, Object(Config\Cache), false)
 6 FCPATH\index.php(80): CodeIgniter\CodeIgniter->run()
