CRITICAL - 2024-05-03 04:51:24 --> Undefined property: stdClass::$is_admin
in APPPATH\Controllers\Security_Controller.php on line 684.
 1 APPPATH\Controllers\Security_Controller.php(684): CodeIgniter\Debug\Exceptions->errorHandler(2, 'Undefined property: stdClass::$is_admin', 'D:\\projects\\visaalliance-crm\\app\\Controllers\\Security_Controller.php', 684)
 2 APPPATH\Controllers\Security_Controller.php(53): App\Controllers\Security_Controller->make_locations_dropdown()
 3 APPPATH\Controllers\Notifications.php(8): App\Controllers\Security_Controller->__construct()
 4 SYSTEMPATH\CodeIgniter.php(904): App\Controllers\Notifications->__construct()
 5 SYSTEMPATH\CodeIgniter.php(488): CodeIgniter\CodeIgniter->createController()
 6 SYSTEMPATH\CodeIgniter.php(366): CodeIgniter\CodeIgniter->handleRequest(null, Object(Config\Cache), false)
 7 FCPATH\index.php(80): CodeIgniter\CodeIgniter->run()
WARNING - 2024-05-03 05:00:19 --> [DEPRECATED] Optional parameter $parseables declared before required parameter $label_context is implicitly treated as a required parameter in APPPATH\Controllers\Import.php on line 256.
 1 SYSTEMPATH\Autoloader\Autoloader.php(312): include_once('D:\\projects\\visaalliance-crm\\system\\Debug\\Exceptions.php')
 2 SYSTEMPATH\Autoloader\Autoloader.php(289): CodeIgniter\Autoloader\Autoloader->includeFile('D:\\projects\\visaalliance-crm\\app\\Controllers\\Import.php')
 3 SYSTEMPATH\Autoloader\Autoloader.php(267): CodeIgniter\Autoloader\Autoloader->loadInNamespace('App\\Controllers\\Import')
 4 [internal function]: CodeIgniter\Autoloader\Autoloader->loadClass('App\\Controllers\\Import')
 5 SYSTEMPATH\CodeIgniter.php(890): class_exists('\\App\\Controllers\\Import', true)
 6 SYSTEMPATH\CodeIgniter.php(484): CodeIgniter\CodeIgniter->startController()
 7 SYSTEMPATH\CodeIgniter.php(366): CodeIgniter\CodeIgniter->handleRequest(null, Object(Config\Cache), false)
 8 FCPATH\index.php(80): CodeIgniter\CodeIgniter->run()
WARNING - 2024-05-03 05:00:35 --> [DEPRECATED] Optional parameter $parseables declared before required parameter $label_context is implicitly treated as a required parameter in APPPATH\Controllers\Import.php on line 256.
 1 SYSTEMPATH\Autoloader\Autoloader.php(312): include_once('D:\\projects\\visaalliance-crm\\system\\Debug\\Exceptions.php')
 2 SYSTEMPATH\Autoloader\Autoloader.php(289): CodeIgniter\Autoloader\Autoloader->includeFile('D:\\projects\\visaalliance-crm\\app\\Controllers\\Import.php')
 3 SYSTEMPATH\Autoloader\Autoloader.php(267): CodeIgniter\Autoloader\Autoloader->loadInNamespace('App\\Controllers\\Import')
 4 [internal function]: CodeIgniter\Autoloader\Autoloader->loadClass('App\\Controllers\\Import')
 5 SYSTEMPATH\CodeIgniter.php(890): class_exists('\\App\\Controllers\\Import', true)
 6 SYSTEMPATH\CodeIgniter.php(484): CodeIgniter\CodeIgniter->startController()
 7 SYSTEMPATH\CodeIgniter.php(366): CodeIgniter\CodeIgniter->handleRequest(null, Object(Config\Cache), false)
 8 FCPATH\index.php(80): CodeIgniter\CodeIgniter->run()
WARNING - 2024-05-03 05:03:31 --> [DEPRECATED] Optional parameter $parseables declared before required parameter $label_context is implicitly treated as a required parameter in APPPATH\Controllers\Import.php on line 256.
 1 SYSTEMPATH\Autoloader\Autoloader.php(312): include_once('D:\\projects\\visaalliance-crm\\system\\Debug\\Exceptions.php')
 2 SYSTEMPATH\Autoloader\Autoloader.php(289): CodeIgniter\Autoloader\Autoloader->includeFile('D:\\projects\\visaalliance-crm\\app\\Controllers\\Import.php')
 3 SYSTEMPATH\Autoloader\Autoloader.php(267): CodeIgniter\Autoloader\Autoloader->loadInNamespace('App\\Controllers\\Import')
 4 [internal function]: CodeIgniter\Autoloader\Autoloader->loadClass('App\\Controllers\\Import')
 5 SYSTEMPATH\CodeIgniter.php(890): class_exists('\\App\\Controllers\\Import', true)
 6 SYSTEMPATH\CodeIgniter.php(484): CodeIgniter\CodeIgniter->startController()
 7 SYSTEMPATH\CodeIgniter.php(366): CodeIgniter\CodeIgniter->handleRequest(null, Object(Config\Cache), false)
 8 FCPATH\index.php(80): CodeIgniter\CodeIgniter->run()
WARNING - 2024-05-03 05:03:39 --> [DEPRECATED] Optional parameter $parseables declared before required parameter $label_context is implicitly treated as a required parameter in APPPATH\Controllers\Import.php on line 256.
 1 SYSTEMPATH\Autoloader\Autoloader.php(312): include_once('D:\\projects\\visaalliance-crm\\system\\Debug\\Exceptions.php')
 2 SYSTEMPATH\Autoloader\Autoloader.php(289): CodeIgniter\Autoloader\Autoloader->includeFile('D:\\projects\\visaalliance-crm\\app\\Controllers\\Import.php')
 3 SYSTEMPATH\Autoloader\Autoloader.php(267): CodeIgniter\Autoloader\Autoloader->loadInNamespace('App\\Controllers\\Import')
 4 [internal function]: CodeIgniter\Autoloader\Autoloader->loadClass('App\\Controllers\\Import')
 5 SYSTEMPATH\CodeIgniter.php(890): class_exists('\\App\\Controllers\\Import', true)
 6 SYSTEMPATH\CodeIgniter.php(484): CodeIgniter\CodeIgniter->startController()
 7 SYSTEMPATH\CodeIgniter.php(366): CodeIgniter\CodeIgniter->handleRequest(null, Object(Config\Cache), false)
 8 FCPATH\index.php(80): CodeIgniter\CodeIgniter->run()
WARNING - 2024-05-03 05:05:56 --> [DEPRECATED] Optional parameter $parseables declared before required parameter $label_context is implicitly treated as a required parameter in APPPATH\Controllers\Import.php on line 256.
 1 SYSTEMPATH\Autoloader\Autoloader.php(312): include_once('D:\\projects\\visaalliance-crm\\system\\Debug\\Exceptions.php')
 2 SYSTEMPATH\Autoloader\Autoloader.php(289): CodeIgniter\Autoloader\Autoloader->includeFile('D:\\projects\\visaalliance-crm\\app\\Controllers\\Import.php')
 3 SYSTEMPATH\Autoloader\Autoloader.php(267): CodeIgniter\Autoloader\Autoloader->loadInNamespace('App\\Controllers\\Import')
 4 [internal function]: CodeIgniter\Autoloader\Autoloader->loadClass('App\\Controllers\\Import')
 5 SYSTEMPATH\CodeIgniter.php(890): class_exists('\\App\\Controllers\\Import', true)
 6 SYSTEMPATH\CodeIgniter.php(484): CodeIgniter\CodeIgniter->startController()
 7 SYSTEMPATH\CodeIgniter.php(366): CodeIgniter\CodeIgniter->handleRequest(null, Object(Config\Cache), false)
 8 FCPATH\index.php(80): CodeIgniter\CodeIgniter->run()
WARNING - 2024-05-03 05:06:02 --> [DEPRECATED] Optional parameter $parseables declared before required parameter $label_context is implicitly treated as a required parameter in APPPATH\Controllers\Import.php on line 256.
 1 SYSTEMPATH\Autoloader\Autoloader.php(312): include_once('D:\\projects\\visaalliance-crm\\system\\Debug\\Exceptions.php')
 2 SYSTEMPATH\Autoloader\Autoloader.php(289): CodeIgniter\Autoloader\Autoloader->includeFile('D:\\projects\\visaalliance-crm\\app\\Controllers\\Import.php')
 3 SYSTEMPATH\Autoloader\Autoloader.php(267): CodeIgniter\Autoloader\Autoloader->loadInNamespace('App\\Controllers\\Import')
 4 [internal function]: CodeIgniter\Autoloader\Autoloader->loadClass('App\\Controllers\\Import')
 5 SYSTEMPATH\CodeIgniter.php(890): class_exists('\\App\\Controllers\\Import', true)
 6 SYSTEMPATH\CodeIgniter.php(484): CodeIgniter\CodeIgniter->startController()
 7 SYSTEMPATH\CodeIgniter.php(366): CodeIgniter\CodeIgniter->handleRequest(null, Object(Config\Cache), false)
 8 FCPATH\index.php(80): CodeIgniter\CodeIgniter->run()
WARNING - 2024-05-03 05:10:31 --> [DEPRECATED] Optional parameter $parseables declared before required parameter $label_context is implicitly treated as a required parameter in APPPATH\Controllers\Import.php on line 256.
 1 SYSTEMPATH\Autoloader\Autoloader.php(312): include_once('D:\\projects\\visaalliance-crm\\system\\Debug\\Exceptions.php')
 2 SYSTEMPATH\Autoloader\Autoloader.php(289): CodeIgniter\Autoloader\Autoloader->includeFile('D:\\projects\\visaalliance-crm\\app\\Controllers\\Import.php')
 3 SYSTEMPATH\Autoloader\Autoloader.php(267): CodeIgniter\Autoloader\Autoloader->loadInNamespace('App\\Controllers\\Import')
 4 [internal function]: CodeIgniter\Autoloader\Autoloader->loadClass('App\\Controllers\\Import')
 5 SYSTEMPATH\CodeIgniter.php(890): class_exists('\\App\\Controllers\\Import', true)
 6 SYSTEMPATH\CodeIgniter.php(484): CodeIgniter\CodeIgniter->startController()
 7 SYSTEMPATH\CodeIgniter.php(366): CodeIgniter\CodeIgniter->handleRequest(null, Object(Config\Cache), false)
 8 FCPATH\index.php(80): CodeIgniter\CodeIgniter->run()
WARNING - 2024-05-03 05:10:38 --> [DEPRECATED] Optional parameter $parseables declared before required parameter $label_context is implicitly treated as a required parameter in APPPATH\Controllers\Import.php on line 256.
 1 SYSTEMPATH\Autoloader\Autoloader.php(312): include_once('D:\\projects\\visaalliance-crm\\system\\Debug\\Exceptions.php')
 2 SYSTEMPATH\Autoloader\Autoloader.php(289): CodeIgniter\Autoloader\Autoloader->includeFile('D:\\projects\\visaalliance-crm\\app\\Controllers\\Import.php')
 3 SYSTEMPATH\Autoloader\Autoloader.php(267): CodeIgniter\Autoloader\Autoloader->loadInNamespace('App\\Controllers\\Import')
 4 [internal function]: CodeIgniter\Autoloader\Autoloader->loadClass('App\\Controllers\\Import')
 5 SYSTEMPATH\CodeIgniter.php(890): class_exists('\\App\\Controllers\\Import', true)
 6 SYSTEMPATH\CodeIgniter.php(484): CodeIgniter\CodeIgniter->startController()
 7 SYSTEMPATH\CodeIgniter.php(366): CodeIgniter\CodeIgniter->handleRequest(null, Object(Config\Cache), false)
 8 FCPATH\index.php(80): CodeIgniter\CodeIgniter->run()
CRITICAL - 2024-05-03 05:12:38 --> Maximum execution time of 120 seconds exceeded
in APPPATH\Controllers\Import.php on line 619.
 1 [internal function]: CodeIgniter\Debug\Exceptions->shutdownHandler()
ERROR - 2024-05-03 05:13:49 --> mysqli_sql_exception: Table 'visaalliance_crm.rise_users' doesn't exist in D:\projects\visaalliance-crm\system\Database\MySQLi\Connection.php:295
Stack trace:
#0 D:\projects\visaalliance-crm\system\Database\MySQLi\Connection.php(295): mysqli->query('SELECT *\nFROM `...', 0)
#1 D:\projects\visaalliance-crm\system\Database\BaseConnection.php(692): CodeIgniter\Database\MySQLi\Connection->execute('SELECT *\nFROM `...')
#2 D:\projects\visaalliance-crm\system\Database\BaseConnection.php(606): CodeIgniter\Database\BaseConnection->simpleQuery('SELECT *\nFROM `...')
#3 D:\projects\visaalliance-crm\system\Database\BaseBuilder.php(1749): CodeIgniter\Database\BaseConnection->query('SELECT *\nFROM `...', Array, false)
#4 D:\projects\visaalliance-crm\app\Models\Crud_model.php(72): CodeIgniter\Database\BaseBuilder->getWhere(Array, 1)
#5 D:\projects\visaalliance-crm\app\Models\Crud_model.php(66): App\Models\Crud_model->get_one_where(Array)
#6 D:\projects\visaalliance-crm\app\Controllers\App_Controller.php(123): App\Models\Crud_model->get_one('1')
#7 D:\projects\visaalliance-crm\app\Controllers\Security_Controller.php(20): App\Controllers\App_Controller->__construct()
#8 D:\projects\visaalliance-crm\app\Controllers\Notifications.php(8): App\Controllers\Security_Controller->__construct()
#9 D:\projects\visaalliance-crm\system\CodeIgniter.php(904): App\Controllers\Notifications->__construct()
#10 D:\projects\visaalliance-crm\system\CodeIgniter.php(488): CodeIgniter\CodeIgniter->createController()
#11 D:\projects\visaalliance-crm\system\CodeIgniter.php(366): CodeIgniter\CodeIgniter->handleRequest(NULL, Object(Config\Cache), false)
#12 D:\projects\visaalliance-crm\index.php(80): CodeIgniter\CodeIgniter->run()
#13 {main}
CRITICAL - 2024-05-03 05:13:49 --> Table 'visaalliance_crm.rise_users' doesn't exist
in SYSTEMPATH\Database\MySQLi\Connection.php on line 295.
 1 SYSTEMPATH\Database\MySQLi\Connection.php(295): mysqli->query('SELECT *
FROM `rise_users`
WHERE `id` = \'1\'
 LIMIT 1', 0)
 2 SYSTEMPATH\Database\BaseConnection.php(692): CodeIgniter\Database\MySQLi\Connection->execute('SELECT *
FROM `rise_users`
WHERE `id` = \'1\'
 LIMIT 1')
 3 SYSTEMPATH\Database\BaseConnection.php(606): CodeIgniter\Database\BaseConnection->simpleQuery('SELECT *
FROM `rise_users`
WHERE `id` = \'1\'
 LIMIT 1')
 4 SYSTEMPATH\Database\BaseBuilder.php(1749): CodeIgniter\Database\BaseConnection->query('SELECT *
FROM `rise_users`
WHERE `id` = :id:
 LIMIT 1', [...], false)
 5 APPPATH\Models\Crud_model.php(72): CodeIgniter\Database\BaseBuilder->getWhere([...], 1)
 6 APPPATH\Models\Crud_model.php(66): App\Models\Crud_model->get_one_where([...])
 7 APPPATH\Controllers\App_Controller.php(123): App\Models\Crud_model->get_one('1')
 8 APPPATH\Controllers\Security_Controller.php(20): App\Controllers\App_Controller->__construct()
 9 APPPATH\Controllers\Notifications.php(8): App\Controllers\Security_Controller->__construct()
10 SYSTEMPATH\CodeIgniter.php(904): App\Controllers\Notifications->__construct()
11 SYSTEMPATH\CodeIgniter.php(488): CodeIgniter\CodeIgniter->createController()
12 SYSTEMPATH\CodeIgniter.php(366): CodeIgniter\CodeIgniter->handleRequest(null, Object(Config\Cache), false)
13 FCPATH\index.php(80): CodeIgniter\CodeIgniter->run()
ERROR - 2024-05-03 05:13:49 --> mysqli_sql_exception: Table 'visaalliance_crm.rise_users' doesn't exist in D:\projects\visaalliance-crm\system\Database\MySQLi\Connection.php:295
Stack trace:
#0 D:\projects\visaalliance-crm\system\Database\MySQLi\Connection.php(295): mysqli->query('SELECT *\nFROM `...', 0)
#1 D:\projects\visaalliance-crm\system\Database\BaseConnection.php(692): CodeIgniter\Database\MySQLi\Connection->execute('SELECT *\nFROM `...')
#2 D:\projects\visaalliance-crm\system\Database\BaseConnection.php(606): CodeIgniter\Database\BaseConnection->simpleQuery('SELECT *\nFROM `...')
#3 D:\projects\visaalliance-crm\system\Database\BaseBuilder.php(1749): CodeIgniter\Database\BaseConnection->query('SELECT *\nFROM `...', Array, false)
#4 D:\projects\visaalliance-crm\app\Models\Crud_model.php(72): CodeIgniter\Database\BaseBuilder->getWhere(Array, 1)
#5 D:\projects\visaalliance-crm\app\Models\Crud_model.php(66): App\Models\Crud_model->get_one_where(Array)
#6 D:\projects\visaalliance-crm\app\Controllers\App_Controller.php(123): App\Models\Crud_model->get_one('1')
#7 D:\projects\visaalliance-crm\app\Controllers\Security_Controller.php(20): App\Controllers\App_Controller->__construct()
#8 D:\projects\visaalliance-crm\app\Controllers\Messages.php(8): App\Controllers\Security_Controller->__construct()
#9 D:\projects\visaalliance-crm\system\CodeIgniter.php(904): App\Controllers\Messages->__construct()
#10 D:\projects\visaalliance-crm\system\CodeIgniter.php(488): CodeIgniter\CodeIgniter->createController()
#11 D:\projects\visaalliance-crm\system\CodeIgniter.php(366): CodeIgniter\CodeIgniter->handleRequest(NULL, Object(Config\Cache), false)
#12 D:\projects\visaalliance-crm\index.php(80): CodeIgniter\CodeIgniter->run()
#13 {main}
CRITICAL - 2024-05-03 05:13:49 --> Table 'visaalliance_crm.rise_users' doesn't exist
in SYSTEMPATH\Database\MySQLi\Connection.php on line 295.
 1 SYSTEMPATH\Database\MySQLi\Connection.php(295): mysqli->query('SELECT *
FROM `rise_users`
WHERE `id` = \'1\'
 LIMIT 1', 0)
 2 SYSTEMPATH\Database\BaseConnection.php(692): CodeIgniter\Database\MySQLi\Connection->execute('SELECT *
FROM `rise_users`
WHERE `id` = \'1\'
 LIMIT 1')
 3 SYSTEMPATH\Database\BaseConnection.php(606): CodeIgniter\Database\BaseConnection->simpleQuery('SELECT *
FROM `rise_users`
WHERE `id` = \'1\'
 LIMIT 1')
 4 SYSTEMPATH\Database\BaseBuilder.php(1749): CodeIgniter\Database\BaseConnection->query('SELECT *
FROM `rise_users`
WHERE `id` = :id:
 LIMIT 1', [...], false)
 5 APPPATH\Models\Crud_model.php(72): CodeIgniter\Database\BaseBuilder->getWhere([...], 1)
 6 APPPATH\Models\Crud_model.php(66): App\Models\Crud_model->get_one_where([...])
 7 APPPATH\Controllers\App_Controller.php(123): App\Models\Crud_model->get_one('1')
 8 APPPATH\Controllers\Security_Controller.php(20): App\Controllers\App_Controller->__construct()
 9 APPPATH\Controllers\Messages.php(8): App\Controllers\Security_Controller->__construct()
10 SYSTEMPATH\CodeIgniter.php(904): App\Controllers\Messages->__construct()
11 SYSTEMPATH\CodeIgniter.php(488): CodeIgniter\CodeIgniter->createController()
12 SYSTEMPATH\CodeIgniter.php(366): CodeIgniter\CodeIgniter->handleRequest(null, Object(Config\Cache), false)
13 FCPATH\index.php(80): CodeIgniter\CodeIgniter->run()
WARNING - 2024-05-03 05:14:49 --> [DEPRECATED] Optional parameter $parseables declared before required parameter $label_context is implicitly treated as a required parameter in APPPATH\Controllers\Import.php on line 256.
 1 SYSTEMPATH\Autoloader\Autoloader.php(312): include_once('D:\\projects\\visaalliance-crm\\system\\Debug\\Exceptions.php')
 2 SYSTEMPATH\Autoloader\Autoloader.php(289): CodeIgniter\Autoloader\Autoloader->includeFile('D:\\projects\\visaalliance-crm\\app\\Controllers\\Import.php')
 3 SYSTEMPATH\Autoloader\Autoloader.php(267): CodeIgniter\Autoloader\Autoloader->loadInNamespace('App\\Controllers\\Import')
 4 [internal function]: CodeIgniter\Autoloader\Autoloader->loadClass('App\\Controllers\\Import')
 5 SYSTEMPATH\CodeIgniter.php(890): class_exists('\\App\\Controllers\\Import', true)
 6 SYSTEMPATH\CodeIgniter.php(484): CodeIgniter\CodeIgniter->startController()
 7 SYSTEMPATH\CodeIgniter.php(366): CodeIgniter\CodeIgniter->handleRequest(null, Object(Config\Cache), false)
 8 FCPATH\index.php(80): CodeIgniter\CodeIgniter->run()
WARNING - 2024-05-03 05:14:55 --> [DEPRECATED] Optional parameter $parseables declared before required parameter $label_context is implicitly treated as a required parameter in APPPATH\Controllers\Import.php on line 256.
 1 SYSTEMPATH\Autoloader\Autoloader.php(312): include_once('D:\\projects\\visaalliance-crm\\system\\Debug\\Exceptions.php')
 2 SYSTEMPATH\Autoloader\Autoloader.php(289): CodeIgniter\Autoloader\Autoloader->includeFile('D:\\projects\\visaalliance-crm\\app\\Controllers\\Import.php')
 3 SYSTEMPATH\Autoloader\Autoloader.php(267): CodeIgniter\Autoloader\Autoloader->loadInNamespace('App\\Controllers\\Import')
 4 [internal function]: CodeIgniter\Autoloader\Autoloader->loadClass('App\\Controllers\\Import')
 5 SYSTEMPATH\CodeIgniter.php(890): class_exists('\\App\\Controllers\\Import', true)
 6 SYSTEMPATH\CodeIgniter.php(484): CodeIgniter\CodeIgniter->startController()
 7 SYSTEMPATH\CodeIgniter.php(366): CodeIgniter\CodeIgniter->handleRequest(null, Object(Config\Cache), false)
 8 FCPATH\index.php(80): CodeIgniter\CodeIgniter->run()
WARNING - 2024-05-03 05:17:17 --> [DEPRECATED] Optional parameter $parseables declared before required parameter $label_context is implicitly treated as a required parameter in APPPATH\Controllers\Import.php on line 256.
 1 SYSTEMPATH\Autoloader\Autoloader.php(312): include_once('D:\\projects\\visaalliance-crm\\system\\Debug\\Exceptions.php')
 2 SYSTEMPATH\Autoloader\Autoloader.php(289): CodeIgniter\Autoloader\Autoloader->includeFile('D:\\projects\\visaalliance-crm\\app\\Controllers\\Import.php')
 3 SYSTEMPATH\Autoloader\Autoloader.php(267): CodeIgniter\Autoloader\Autoloader->loadInNamespace('App\\Controllers\\Import')
 4 [internal function]: CodeIgniter\Autoloader\Autoloader->loadClass('App\\Controllers\\Import')
 5 SYSTEMPATH\CodeIgniter.php(890): class_exists('\\App\\Controllers\\Import', true)
 6 SYSTEMPATH\CodeIgniter.php(484): CodeIgniter\CodeIgniter->startController()
 7 SYSTEMPATH\CodeIgniter.php(366): CodeIgniter\CodeIgniter->handleRequest(null, Object(Config\Cache), false)
 8 FCPATH\index.php(80): CodeIgniter\CodeIgniter->run()
WARNING - 2024-05-03 05:17:27 --> [DEPRECATED] Optional parameter $parseables declared before required parameter $label_context is implicitly treated as a required parameter in APPPATH\Controllers\Import.php on line 256.
 1 SYSTEMPATH\Autoloader\Autoloader.php(312): include_once('D:\\projects\\visaalliance-crm\\system\\Debug\\Exceptions.php')
 2 SYSTEMPATH\Autoloader\Autoloader.php(289): CodeIgniter\Autoloader\Autoloader->includeFile('D:\\projects\\visaalliance-crm\\app\\Controllers\\Import.php')
 3 SYSTEMPATH\Autoloader\Autoloader.php(267): CodeIgniter\Autoloader\Autoloader->loadInNamespace('App\\Controllers\\Import')
 4 [internal function]: CodeIgniter\Autoloader\Autoloader->loadClass('App\\Controllers\\Import')
 5 SYSTEMPATH\CodeIgniter.php(890): class_exists('\\App\\Controllers\\Import', true)
 6 SYSTEMPATH\CodeIgniter.php(484): CodeIgniter\CodeIgniter->startController()
 7 SYSTEMPATH\CodeIgniter.php(366): CodeIgniter\CodeIgniter->handleRequest(null, Object(Config\Cache), false)
 8 FCPATH\index.php(80): CodeIgniter\CodeIgniter->run()
WARNING - 2024-05-03 05:18:44 --> [DEPRECATED] Optional parameter $parseables declared before required parameter $label_context is implicitly treated as a required parameter in APPPATH\Controllers\Import.php on line 256.
 1 SYSTEMPATH\Autoloader\Autoloader.php(312): include_once('D:\\projects\\visaalliance-crm\\system\\Debug\\Exceptions.php')
 2 SYSTEMPATH\Autoloader\Autoloader.php(289): CodeIgniter\Autoloader\Autoloader->includeFile('D:\\projects\\visaalliance-crm\\app\\Controllers\\Import.php')
 3 SYSTEMPATH\Autoloader\Autoloader.php(267): CodeIgniter\Autoloader\Autoloader->loadInNamespace('App\\Controllers\\Import')
 4 [internal function]: CodeIgniter\Autoloader\Autoloader->loadClass('App\\Controllers\\Import')
 5 SYSTEMPATH\CodeIgniter.php(890): class_exists('\\App\\Controllers\\Import', true)
 6 SYSTEMPATH\CodeIgniter.php(484): CodeIgniter\CodeIgniter->startController()
 7 SYSTEMPATH\CodeIgniter.php(366): CodeIgniter\CodeIgniter->handleRequest(null, Object(Config\Cache), false)
 8 FCPATH\index.php(80): CodeIgniter\CodeIgniter->run()
WARNING - 2024-05-03 05:18:56 --> [DEPRECATED] Optional parameter $parseables declared before required parameter $label_context is implicitly treated as a required parameter in APPPATH\Controllers\Import.php on line 256.
 1 SYSTEMPATH\Autoloader\Autoloader.php(312): include_once('D:\\projects\\visaalliance-crm\\system\\Debug\\Exceptions.php')
 2 SYSTEMPATH\Autoloader\Autoloader.php(289): CodeIgniter\Autoloader\Autoloader->includeFile('D:\\projects\\visaalliance-crm\\app\\Controllers\\Import.php')
 3 SYSTEMPATH\Autoloader\Autoloader.php(267): CodeIgniter\Autoloader\Autoloader->loadInNamespace('App\\Controllers\\Import')
 4 [internal function]: CodeIgniter\Autoloader\Autoloader->loadClass('App\\Controllers\\Import')
 5 SYSTEMPATH\CodeIgniter.php(890): class_exists('\\App\\Controllers\\Import', true)
 6 SYSTEMPATH\CodeIgniter.php(484): CodeIgniter\CodeIgniter->startController()
 7 SYSTEMPATH\CodeIgniter.php(366): CodeIgniter\CodeIgniter->handleRequest(null, Object(Config\Cache), false)
 8 FCPATH\index.php(80): CodeIgniter\CodeIgniter->run()
WARNING - 2024-05-03 05:20:26 --> [DEPRECATED] Optional parameter $parseables declared before required parameter $label_context is implicitly treated as a required parameter in APPPATH\Controllers\Import.php on line 256.
 1 SYSTEMPATH\Autoloader\Autoloader.php(312): include_once('D:\\projects\\visaalliance-crm\\system\\Debug\\Exceptions.php')
 2 SYSTEMPATH\Autoloader\Autoloader.php(289): CodeIgniter\Autoloader\Autoloader->includeFile('D:\\projects\\visaalliance-crm\\app\\Controllers\\Import.php')
 3 SYSTEMPATH\Autoloader\Autoloader.php(267): CodeIgniter\Autoloader\Autoloader->loadInNamespace('App\\Controllers\\Import')
 4 [internal function]: CodeIgniter\Autoloader\Autoloader->loadClass('App\\Controllers\\Import')
 5 SYSTEMPATH\CodeIgniter.php(890): class_exists('\\App\\Controllers\\Import', true)
 6 SYSTEMPATH\CodeIgniter.php(484): CodeIgniter\CodeIgniter->startController()
 7 SYSTEMPATH\CodeIgniter.php(366): CodeIgniter\CodeIgniter->handleRequest(null, Object(Config\Cache), false)
 8 FCPATH\index.php(80): CodeIgniter\CodeIgniter->run()
WARNING - 2024-05-03 05:20:31 --> [DEPRECATED] Optional parameter $parseables declared before required parameter $label_context is implicitly treated as a required parameter in APPPATH\Controllers\Import.php on line 256.
 1 SYSTEMPATH\Autoloader\Autoloader.php(312): include_once('D:\\projects\\visaalliance-crm\\system\\Debug\\Exceptions.php')
 2 SYSTEMPATH\Autoloader\Autoloader.php(289): CodeIgniter\Autoloader\Autoloader->includeFile('D:\\projects\\visaalliance-crm\\app\\Controllers\\Import.php')
 3 SYSTEMPATH\Autoloader\Autoloader.php(267): CodeIgniter\Autoloader\Autoloader->loadInNamespace('App\\Controllers\\Import')
 4 [internal function]: CodeIgniter\Autoloader\Autoloader->loadClass('App\\Controllers\\Import')
 5 SYSTEMPATH\CodeIgniter.php(890): class_exists('\\App\\Controllers\\Import', true)
 6 SYSTEMPATH\CodeIgniter.php(484): CodeIgniter\CodeIgniter->startController()
 7 SYSTEMPATH\CodeIgniter.php(366): CodeIgniter\CodeIgniter->handleRequest(null, Object(Config\Cache), false)
 8 FCPATH\index.php(80): CodeIgniter\CodeIgniter->run()
CRITICAL - 2024-05-03 05:22:13 --> The action you requested is not allowed.
in SYSTEMPATH\Security\Security.php on line 306.
 1 SYSTEMPATH\Security\Security.php(306): CodeIgniter\Security\Exceptions\SecurityException::forDisallowedAction()
 2 SYSTEMPATH\Filters\CSRF.php(55): CodeIgniter\Security\Security->verify(Object(CodeIgniter\HTTP\IncomingRequest))
 3 SYSTEMPATH\Filters\Filters.php(173): CodeIgniter\Filters\CSRF->before(Object(CodeIgniter\HTTP\IncomingRequest), null)
 4 SYSTEMPATH\CodeIgniter.php(471): CodeIgniter\Filters\Filters->run('import/modal_form', 'before')
 5 SYSTEMPATH\CodeIgniter.php(366): CodeIgniter\CodeIgniter->handleRequest(null, Object(Config\Cache), false)
 6 FCPATH\index.php(80): CodeIgniter\CodeIgniter->run()
WARNING - 2024-05-03 05:22:20 --> [DEPRECATED] Optional parameter $parseables declared before required parameter $label_context is implicitly treated as a required parameter in APPPATH\Controllers\Import.php on line 256.
 1 SYSTEMPATH\Autoloader\Autoloader.php(312): include_once('D:\\projects\\visaalliance-crm\\system\\Debug\\Exceptions.php')
 2 SYSTEMPATH\Autoloader\Autoloader.php(289): CodeIgniter\Autoloader\Autoloader->includeFile('D:\\projects\\visaalliance-crm\\app\\Controllers\\Import.php')
 3 SYSTEMPATH\Autoloader\Autoloader.php(267): CodeIgniter\Autoloader\Autoloader->loadInNamespace('App\\Controllers\\Import')
 4 [internal function]: CodeIgniter\Autoloader\Autoloader->loadClass('App\\Controllers\\Import')
 5 SYSTEMPATH\CodeIgniter.php(890): class_exists('\\App\\Controllers\\Import', true)
 6 SYSTEMPATH\CodeIgniter.php(484): CodeIgniter\CodeIgniter->startController()
 7 SYSTEMPATH\CodeIgniter.php(366): CodeIgniter\CodeIgniter->handleRequest(null, Object(Config\Cache), false)
 8 FCPATH\index.php(80): CodeIgniter\CodeIgniter->run()
WARNING - 2024-05-03 05:22:24 --> [DEPRECATED] Optional parameter $parseables declared before required parameter $label_context is implicitly treated as a required parameter in APPPATH\Controllers\Import.php on line 256.
 1 SYSTEMPATH\Autoloader\Autoloader.php(312): include_once('D:\\projects\\visaalliance-crm\\system\\Debug\\Exceptions.php')
 2 SYSTEMPATH\Autoloader\Autoloader.php(289): CodeIgniter\Autoloader\Autoloader->includeFile('D:\\projects\\visaalliance-crm\\app\\Controllers\\Import.php')
 3 SYSTEMPATH\Autoloader\Autoloader.php(267): CodeIgniter\Autoloader\Autoloader->loadInNamespace('App\\Controllers\\Import')
 4 [internal function]: CodeIgniter\Autoloader\Autoloader->loadClass('App\\Controllers\\Import')
 5 SYSTEMPATH\CodeIgniter.php(890): class_exists('\\App\\Controllers\\Import', true)
 6 SYSTEMPATH\CodeIgniter.php(484): CodeIgniter\CodeIgniter->startController()
 7 SYSTEMPATH\CodeIgniter.php(366): CodeIgniter\CodeIgniter->handleRequest(null, Object(Config\Cache), false)
 8 FCPATH\index.php(80): CodeIgniter\CodeIgniter->run()
WARNING - 2024-05-03 05:24:07 --> [DEPRECATED] Optional parameter $parseables declared before required parameter $label_context is implicitly treated as a required parameter in APPPATH\Controllers\Import.php on line 256.
 1 SYSTEMPATH\Autoloader\Autoloader.php(312): include_once('D:\\projects\\visaalliance-crm\\system\\Debug\\Exceptions.php')
 2 SYSTEMPATH\Autoloader\Autoloader.php(289): CodeIgniter\Autoloader\Autoloader->includeFile('D:\\projects\\visaalliance-crm\\app\\Controllers\\Import.php')
 3 SYSTEMPATH\Autoloader\Autoloader.php(267): CodeIgniter\Autoloader\Autoloader->loadInNamespace('App\\Controllers\\Import')
 4 [internal function]: CodeIgniter\Autoloader\Autoloader->loadClass('App\\Controllers\\Import')
 5 SYSTEMPATH\CodeIgniter.php(890): class_exists('\\App\\Controllers\\Import', true)
 6 SYSTEMPATH\CodeIgniter.php(484): CodeIgniter\CodeIgniter->startController()
 7 SYSTEMPATH\CodeIgniter.php(366): CodeIgniter\CodeIgniter->handleRequest(null, Object(Config\Cache), false)
 8 FCPATH\index.php(80): CodeIgniter\CodeIgniter->run()
WARNING - 2024-05-03 05:24:18 --> [DEPRECATED] Optional parameter $parseables declared before required parameter $label_context is implicitly treated as a required parameter in APPPATH\Controllers\Import.php on line 256.
 1 SYSTEMPATH\Autoloader\Autoloader.php(312): include_once('D:\\projects\\visaalliance-crm\\system\\Debug\\Exceptions.php')
 2 SYSTEMPATH\Autoloader\Autoloader.php(289): CodeIgniter\Autoloader\Autoloader->includeFile('D:\\projects\\visaalliance-crm\\app\\Controllers\\Import.php')
 3 SYSTEMPATH\Autoloader\Autoloader.php(267): CodeIgniter\Autoloader\Autoloader->loadInNamespace('App\\Controllers\\Import')
 4 [internal function]: CodeIgniter\Autoloader\Autoloader->loadClass('App\\Controllers\\Import')
 5 SYSTEMPATH\CodeIgniter.php(890): class_exists('\\App\\Controllers\\Import', true)
 6 SYSTEMPATH\CodeIgniter.php(484): CodeIgniter\CodeIgniter->startController()
 7 SYSTEMPATH\CodeIgniter.php(366): CodeIgniter\CodeIgniter->handleRequest(null, Object(Config\Cache), false)
 8 FCPATH\index.php(80): CodeIgniter\CodeIgniter->run()
WARNING - 2024-05-03 05:26:14 --> [DEPRECATED] Optional parameter $parseables declared before required parameter $label_context is implicitly treated as a required parameter in APPPATH\Controllers\Import.php on line 256.
 1 SYSTEMPATH\Autoloader\Autoloader.php(312): include_once('D:\\projects\\visaalliance-crm\\system\\Debug\\Exceptions.php')
 2 SYSTEMPATH\Autoloader\Autoloader.php(289): CodeIgniter\Autoloader\Autoloader->includeFile('D:\\projects\\visaalliance-crm\\app\\Controllers\\Import.php')
 3 SYSTEMPATH\Autoloader\Autoloader.php(267): CodeIgniter\Autoloader\Autoloader->loadInNamespace('App\\Controllers\\Import')
 4 [internal function]: CodeIgniter\Autoloader\Autoloader->loadClass('App\\Controllers\\Import')
 5 SYSTEMPATH\CodeIgniter.php(890): class_exists('\\App\\Controllers\\Import', true)
 6 SYSTEMPATH\CodeIgniter.php(484): CodeIgniter\CodeIgniter->startController()
 7 SYSTEMPATH\CodeIgniter.php(366): CodeIgniter\CodeIgniter->handleRequest(null, Object(Config\Cache), false)
 8 FCPATH\index.php(80): CodeIgniter\CodeIgniter->run()
WARNING - 2024-05-03 05:26:19 --> [DEPRECATED] Optional parameter $parseables declared before required parameter $label_context is implicitly treated as a required parameter in APPPATH\Controllers\Import.php on line 256.
 1 SYSTEMPATH\Autoloader\Autoloader.php(312): include_once('D:\\projects\\visaalliance-crm\\system\\Debug\\Exceptions.php')
 2 SYSTEMPATH\Autoloader\Autoloader.php(289): CodeIgniter\Autoloader\Autoloader->includeFile('D:\\projects\\visaalliance-crm\\app\\Controllers\\Import.php')
 3 SYSTEMPATH\Autoloader\Autoloader.php(267): CodeIgniter\Autoloader\Autoloader->loadInNamespace('App\\Controllers\\Import')
 4 [internal function]: CodeIgniter\Autoloader\Autoloader->loadClass('App\\Controllers\\Import')
 5 SYSTEMPATH\CodeIgniter.php(890): class_exists('\\App\\Controllers\\Import', true)
 6 SYSTEMPATH\CodeIgniter.php(484): CodeIgniter\CodeIgniter->startController()
 7 SYSTEMPATH\CodeIgniter.php(366): CodeIgniter\CodeIgniter->handleRequest(null, Object(Config\Cache), false)
 8 FCPATH\index.php(80): CodeIgniter\CodeIgniter->run()
WARNING - 2024-05-03 05:37:34 --> [DEPRECATED] Optional parameter $parseables declared before required parameter $label_context is implicitly treated as a required parameter in APPPATH\Controllers\Import.php on line 256.
 1 SYSTEMPATH\Autoloader\Autoloader.php(312): include_once('D:\\projects\\visaalliance-crm\\system\\Debug\\Exceptions.php')
 2 SYSTEMPATH\Autoloader\Autoloader.php(289): CodeIgniter\Autoloader\Autoloader->includeFile('D:\\projects\\visaalliance-crm\\app\\Controllers\\Import.php')
 3 SYSTEMPATH\Autoloader\Autoloader.php(267): CodeIgniter\Autoloader\Autoloader->loadInNamespace('App\\Controllers\\Import')
 4 [internal function]: CodeIgniter\Autoloader\Autoloader->loadClass('App\\Controllers\\Import')
 5 SYSTEMPATH\CodeIgniter.php(890): class_exists('\\App\\Controllers\\Import', true)
 6 SYSTEMPATH\CodeIgniter.php(484): CodeIgniter\CodeIgniter->startController()
 7 SYSTEMPATH\CodeIgniter.php(366): CodeIgniter\CodeIgniter->handleRequest(null, Object(Config\Cache), false)
 8 FCPATH\index.php(80): CodeIgniter\CodeIgniter->run()
WARNING - 2024-05-03 05:37:38 --> [DEPRECATED] Optional parameter $parseables declared before required parameter $label_context is implicitly treated as a required parameter in APPPATH\Controllers\Import.php on line 256.
 1 SYSTEMPATH\Autoloader\Autoloader.php(312): include_once('D:\\projects\\visaalliance-crm\\system\\Debug\\Exceptions.php')
 2 SYSTEMPATH\Autoloader\Autoloader.php(289): CodeIgniter\Autoloader\Autoloader->includeFile('D:\\projects\\visaalliance-crm\\app\\Controllers\\Import.php')
 3 SYSTEMPATH\Autoloader\Autoloader.php(267): CodeIgniter\Autoloader\Autoloader->loadInNamespace('App\\Controllers\\Import')
 4 [internal function]: CodeIgniter\Autoloader\Autoloader->loadClass('App\\Controllers\\Import')
 5 SYSTEMPATH\CodeIgniter.php(890): class_exists('\\App\\Controllers\\Import', true)
 6 SYSTEMPATH\CodeIgniter.php(484): CodeIgniter\CodeIgniter->startController()
 7 SYSTEMPATH\CodeIgniter.php(366): CodeIgniter\CodeIgniter->handleRequest(null, Object(Config\Cache), false)
 8 FCPATH\index.php(80): CodeIgniter\CodeIgniter->run()
WARNING - 2024-05-03 05:41:49 --> [DEPRECATED] Optional parameter $parseables declared before required parameter $label_context is implicitly treated as a required parameter in APPPATH\Controllers\Import.php on line 256.
 1 SYSTEMPATH\Autoloader\Autoloader.php(312): include_once('D:\\projects\\visaalliance-crm\\system\\Debug\\Exceptions.php')
 2 SYSTEMPATH\Autoloader\Autoloader.php(289): CodeIgniter\Autoloader\Autoloader->includeFile('D:\\projects\\visaalliance-crm\\app\\Controllers\\Import.php')
 3 SYSTEMPATH\Autoloader\Autoloader.php(267): CodeIgniter\Autoloader\Autoloader->loadInNamespace('App\\Controllers\\Import')
 4 [internal function]: CodeIgniter\Autoloader\Autoloader->loadClass('App\\Controllers\\Import')
 5 SYSTEMPATH\CodeIgniter.php(890): class_exists('\\App\\Controllers\\Import', true)
 6 SYSTEMPATH\CodeIgniter.php(484): CodeIgniter\CodeIgniter->startController()
 7 SYSTEMPATH\CodeIgniter.php(366): CodeIgniter\CodeIgniter->handleRequest(null, Object(Config\Cache), false)
 8 FCPATH\index.php(80): CodeIgniter\CodeIgniter->run()
WARNING - 2024-05-03 05:41:57 --> [DEPRECATED] Optional parameter $parseables declared before required parameter $label_context is implicitly treated as a required parameter in APPPATH\Controllers\Import.php on line 256.
 1 SYSTEMPATH\Autoloader\Autoloader.php(312): include_once('D:\\projects\\visaalliance-crm\\system\\Debug\\Exceptions.php')
 2 SYSTEMPATH\Autoloader\Autoloader.php(289): CodeIgniter\Autoloader\Autoloader->includeFile('D:\\projects\\visaalliance-crm\\app\\Controllers\\Import.php')
 3 SYSTEMPATH\Autoloader\Autoloader.php(267): CodeIgniter\Autoloader\Autoloader->loadInNamespace('App\\Controllers\\Import')
 4 [internal function]: CodeIgniter\Autoloader\Autoloader->loadClass('App\\Controllers\\Import')
 5 SYSTEMPATH\CodeIgniter.php(890): class_exists('\\App\\Controllers\\Import', true)
 6 SYSTEMPATH\CodeIgniter.php(484): CodeIgniter\CodeIgniter->startController()
 7 SYSTEMPATH\CodeIgniter.php(366): CodeIgniter\CodeIgniter->handleRequest(null, Object(Config\Cache), false)
 8 FCPATH\index.php(80): CodeIgniter\CodeIgniter->run()
ERROR - 2024-05-03 05:54:53 --> mysqli_sql_exception: Table 'visaalliance_crm.rise_users' doesn't exist in D:\projects\visaalliance-crm\system\Database\MySQLi\Connection.php:295
Stack trace:
#0 D:\projects\visaalliance-crm\system\Database\MySQLi\Connection.php(295): mysqli->query('SELECT *\nFROM `...', 0)
#1 D:\projects\visaalliance-crm\system\Database\BaseConnection.php(692): CodeIgniter\Database\MySQLi\Connection->execute('SELECT *\nFROM `...')
#2 D:\projects\visaalliance-crm\system\Database\BaseConnection.php(606): CodeIgniter\Database\BaseConnection->simpleQuery('SELECT *\nFROM `...')
#3 D:\projects\visaalliance-crm\system\Database\BaseBuilder.php(1749): CodeIgniter\Database\BaseConnection->query('SELECT *\nFROM `...', Array, false)
#4 D:\projects\visaalliance-crm\app\Models\Crud_model.php(72): CodeIgniter\Database\BaseBuilder->getWhere(Array, 1)
#5 D:\projects\visaalliance-crm\app\Models\Crud_model.php(66): App\Models\Crud_model->get_one_where(Array)
#6 D:\projects\visaalliance-crm\app\Controllers\App_Controller.php(123): App\Models\Crud_model->get_one('1')
#7 D:\projects\visaalliance-crm\app\Controllers\Security_Controller.php(20): App\Controllers\App_Controller->__construct()
#8 D:\projects\visaalliance-crm\app\Controllers\Messages.php(8): App\Controllers\Security_Controller->__construct()
#9 D:\projects\visaalliance-crm\system\CodeIgniter.php(904): App\Controllers\Messages->__construct()
#10 D:\projects\visaalliance-crm\system\CodeIgniter.php(488): CodeIgniter\CodeIgniter->createController()
#11 D:\projects\visaalliance-crm\system\CodeIgniter.php(366): CodeIgniter\CodeIgniter->handleRequest(NULL, Object(Config\Cache), false)
#12 D:\projects\visaalliance-crm\index.php(80): CodeIgniter\CodeIgniter->run()
#13 {main}
CRITICAL - 2024-05-03 05:54:53 --> Table 'visaalliance_crm.rise_users' doesn't exist
in SYSTEMPATH\Database\MySQLi\Connection.php on line 295.
 1 SYSTEMPATH\Database\MySQLi\Connection.php(295): mysqli->query('SELECT *
FROM `rise_users`
WHERE `id` = \'1\'
 LIMIT 1', 0)
 2 SYSTEMPATH\Database\BaseConnection.php(692): CodeIgniter\Database\MySQLi\Connection->execute('SELECT *
FROM `rise_users`
WHERE `id` = \'1\'
 LIMIT 1')
 3 SYSTEMPATH\Database\BaseConnection.php(606): CodeIgniter\Database\BaseConnection->simpleQuery('SELECT *
FROM `rise_users`
WHERE `id` = \'1\'
 LIMIT 1')
 4 SYSTEMPATH\Database\BaseBuilder.php(1749): CodeIgniter\Database\BaseConnection->query('SELECT *
FROM `rise_users`
WHERE `id` = :id:
 LIMIT 1', [...], false)
 5 APPPATH\Models\Crud_model.php(72): CodeIgniter\Database\BaseBuilder->getWhere([...], 1)
 6 APPPATH\Models\Crud_model.php(66): App\Models\Crud_model->get_one_where([...])
 7 APPPATH\Controllers\App_Controller.php(123): App\Models\Crud_model->get_one('1')
 8 APPPATH\Controllers\Security_Controller.php(20): App\Controllers\App_Controller->__construct()
 9 APPPATH\Controllers\Messages.php(8): App\Controllers\Security_Controller->__construct()
10 SYSTEMPATH\CodeIgniter.php(904): App\Controllers\Messages->__construct()
11 SYSTEMPATH\CodeIgniter.php(488): CodeIgniter\CodeIgniter->createController()
12 SYSTEMPATH\CodeIgniter.php(366): CodeIgniter\CodeIgniter->handleRequest(null, Object(Config\Cache), false)
13 FCPATH\index.php(80): CodeIgniter\CodeIgniter->run()
WARNING - 2024-05-03 06:04:02 --> [DEPRECATED] Optional parameter $parseables declared before required parameter $label_context is implicitly treated as a required parameter in APPPATH\Controllers\Import.php on line 256.
 1 SYSTEMPATH\Autoloader\Autoloader.php(312): include_once('D:\\projects\\visaalliance-crm\\system\\Debug\\Exceptions.php')
 2 SYSTEMPATH\Autoloader\Autoloader.php(289): CodeIgniter\Autoloader\Autoloader->includeFile('D:\\projects\\visaalliance-crm\\app\\Controllers\\Import.php')
 3 SYSTEMPATH\Autoloader\Autoloader.php(267): CodeIgniter\Autoloader\Autoloader->loadInNamespace('App\\Controllers\\Import')
 4 [internal function]: CodeIgniter\Autoloader\Autoloader->loadClass('App\\Controllers\\Import')
 5 SYSTEMPATH\CodeIgniter.php(890): class_exists('\\App\\Controllers\\Import', true)
 6 SYSTEMPATH\CodeIgniter.php(484): CodeIgniter\CodeIgniter->startController()
 7 SYSTEMPATH\CodeIgniter.php(366): CodeIgniter\CodeIgniter->handleRequest(null, Object(Config\Cache), false)
 8 FCPATH\index.php(80): CodeIgniter\CodeIgniter->run()
WARNING - 2024-05-03 06:04:06 --> [DEPRECATED] Optional parameter $parseables declared before required parameter $label_context is implicitly treated as a required parameter in APPPATH\Controllers\Import.php on line 256.
 1 SYSTEMPATH\Autoloader\Autoloader.php(312): include_once('D:\\projects\\visaalliance-crm\\system\\Debug\\Exceptions.php')
 2 SYSTEMPATH\Autoloader\Autoloader.php(289): CodeIgniter\Autoloader\Autoloader->includeFile('D:\\projects\\visaalliance-crm\\app\\Controllers\\Import.php')
 3 SYSTEMPATH\Autoloader\Autoloader.php(267): CodeIgniter\Autoloader\Autoloader->loadInNamespace('App\\Controllers\\Import')
 4 [internal function]: CodeIgniter\Autoloader\Autoloader->loadClass('App\\Controllers\\Import')
 5 SYSTEMPATH\CodeIgniter.php(890): class_exists('\\App\\Controllers\\Import', true)
 6 SYSTEMPATH\CodeIgniter.php(484): CodeIgniter\CodeIgniter->startController()
 7 SYSTEMPATH\CodeIgniter.php(366): CodeIgniter\CodeIgniter->handleRequest(null, Object(Config\Cache), false)
 8 FCPATH\index.php(80): CodeIgniter\CodeIgniter->run()
WARNING - 2024-05-03 06:06:35 --> [DEPRECATED] Optional parameter $parseables declared before required parameter $label_context is implicitly treated as a required parameter in APPPATH\Controllers\Import.php on line 256.
 1 SYSTEMPATH\Autoloader\Autoloader.php(312): include_once('D:\\projects\\visaalliance-crm\\system\\Debug\\Exceptions.php')
 2 SYSTEMPATH\Autoloader\Autoloader.php(289): CodeIgniter\Autoloader\Autoloader->includeFile('D:\\projects\\visaalliance-crm\\app\\Controllers\\Import.php')
 3 SYSTEMPATH\Autoloader\Autoloader.php(267): CodeIgniter\Autoloader\Autoloader->loadInNamespace('App\\Controllers\\Import')
 4 [internal function]: CodeIgniter\Autoloader\Autoloader->loadClass('App\\Controllers\\Import')
 5 SYSTEMPATH\CodeIgniter.php(890): class_exists('\\App\\Controllers\\Import', true)
 6 SYSTEMPATH\CodeIgniter.php(484): CodeIgniter\CodeIgniter->startController()
 7 SYSTEMPATH\CodeIgniter.php(366): CodeIgniter\CodeIgniter->handleRequest(null, Object(Config\Cache), false)
 8 FCPATH\index.php(80): CodeIgniter\CodeIgniter->run()
WARNING - 2024-05-03 06:06:47 --> [DEPRECATED] Optional parameter $parseables declared before required parameter $label_context is implicitly treated as a required parameter in APPPATH\Controllers\Import.php on line 256.
 1 SYSTEMPATH\Autoloader\Autoloader.php(312): include_once('D:\\projects\\visaalliance-crm\\system\\Debug\\Exceptions.php')
 2 SYSTEMPATH\Autoloader\Autoloader.php(289): CodeIgniter\Autoloader\Autoloader->includeFile('D:\\projects\\visaalliance-crm\\app\\Controllers\\Import.php')
 3 SYSTEMPATH\Autoloader\Autoloader.php(267): CodeIgniter\Autoloader\Autoloader->loadInNamespace('App\\Controllers\\Import')
 4 [internal function]: CodeIgniter\Autoloader\Autoloader->loadClass('App\\Controllers\\Import')
 5 SYSTEMPATH\CodeIgniter.php(890): class_exists('\\App\\Controllers\\Import', true)
 6 SYSTEMPATH\CodeIgniter.php(484): CodeIgniter\CodeIgniter->startController()
 7 SYSTEMPATH\CodeIgniter.php(366): CodeIgniter\CodeIgniter->handleRequest(null, Object(Config\Cache), false)
 8 FCPATH\index.php(80): CodeIgniter\CodeIgniter->run()
WARNING - 2024-05-03 06:07:53 --> [DEPRECATED] Optional parameter $parseables declared before required parameter $label_context is implicitly treated as a required parameter in APPPATH\Controllers\Import.php on line 256.
 1 SYSTEMPATH\Autoloader\Autoloader.php(312): include_once('D:\\projects\\visaalliance-crm\\system\\Debug\\Exceptions.php')
 2 SYSTEMPATH\Autoloader\Autoloader.php(289): CodeIgniter\Autoloader\Autoloader->includeFile('D:\\projects\\visaalliance-crm\\app\\Controllers\\Import.php')
 3 SYSTEMPATH\Autoloader\Autoloader.php(267): CodeIgniter\Autoloader\Autoloader->loadInNamespace('App\\Controllers\\Import')
 4 [internal function]: CodeIgniter\Autoloader\Autoloader->loadClass('App\\Controllers\\Import')
 5 SYSTEMPATH\CodeIgniter.php(890): class_exists('\\App\\Controllers\\Import', true)
 6 SYSTEMPATH\CodeIgniter.php(484): CodeIgniter\CodeIgniter->startController()
 7 SYSTEMPATH\CodeIgniter.php(366): CodeIgniter\CodeIgniter->handleRequest(null, Object(Config\Cache), false)
 8 FCPATH\index.php(80): CodeIgniter\CodeIgniter->run()
WARNING - 2024-05-03 06:08:14 --> [DEPRECATED] Optional parameter $parseables declared before required parameter $label_context is implicitly treated as a required parameter in APPPATH\Controllers\Import.php on line 256.
 1 SYSTEMPATH\Autoloader\Autoloader.php(312): include_once('D:\\projects\\visaalliance-crm\\system\\Debug\\Exceptions.php')
 2 SYSTEMPATH\Autoloader\Autoloader.php(289): CodeIgniter\Autoloader\Autoloader->includeFile('D:\\projects\\visaalliance-crm\\app\\Controllers\\Import.php')
 3 SYSTEMPATH\Autoloader\Autoloader.php(267): CodeIgniter\Autoloader\Autoloader->loadInNamespace('App\\Controllers\\Import')
 4 [internal function]: CodeIgniter\Autoloader\Autoloader->loadClass('App\\Controllers\\Import')
 5 SYSTEMPATH\CodeIgniter.php(890): class_exists('\\App\\Controllers\\Import', true)
 6 SYSTEMPATH\CodeIgniter.php(484): CodeIgniter\CodeIgniter->startController()
 7 SYSTEMPATH\CodeIgniter.php(366): CodeIgniter\CodeIgniter->handleRequest(null, Object(Config\Cache), false)
 8 FCPATH\index.php(80): CodeIgniter\CodeIgniter->run()
WARNING - 2024-05-03 06:09:29 --> [DEPRECATED] Optional parameter $parseables declared before required parameter $label_context is implicitly treated as a required parameter in APPPATH\Controllers\Import.php on line 256.
 1 SYSTEMPATH\Autoloader\Autoloader.php(312): include_once('D:\\projects\\visaalliance-crm\\system\\Debug\\Exceptions.php')
 2 SYSTEMPATH\Autoloader\Autoloader.php(289): CodeIgniter\Autoloader\Autoloader->includeFile('D:\\projects\\visaalliance-crm\\app\\Controllers\\Import.php')
 3 SYSTEMPATH\Autoloader\Autoloader.php(267): CodeIgniter\Autoloader\Autoloader->loadInNamespace('App\\Controllers\\Import')
 4 [internal function]: CodeIgniter\Autoloader\Autoloader->loadClass('App\\Controllers\\Import')
 5 SYSTEMPATH\CodeIgniter.php(890): class_exists('\\App\\Controllers\\Import', true)
 6 SYSTEMPATH\CodeIgniter.php(484): CodeIgniter\CodeIgniter->startController()
 7 SYSTEMPATH\CodeIgniter.php(366): CodeIgniter\CodeIgniter->handleRequest(null, Object(Config\Cache), false)
 8 FCPATH\index.php(80): CodeIgniter\CodeIgniter->run()
WARNING - 2024-05-03 06:09:36 --> [DEPRECATED] Optional parameter $parseables declared before required parameter $label_context is implicitly treated as a required parameter in APPPATH\Controllers\Import.php on line 256.
 1 SYSTEMPATH\Autoloader\Autoloader.php(312): include_once('D:\\projects\\visaalliance-crm\\system\\Debug\\Exceptions.php')
 2 SYSTEMPATH\Autoloader\Autoloader.php(289): CodeIgniter\Autoloader\Autoloader->includeFile('D:\\projects\\visaalliance-crm\\app\\Controllers\\Import.php')
 3 SYSTEMPATH\Autoloader\Autoloader.php(267): CodeIgniter\Autoloader\Autoloader->loadInNamespace('App\\Controllers\\Import')
 4 [internal function]: CodeIgniter\Autoloader\Autoloader->loadClass('App\\Controllers\\Import')
 5 SYSTEMPATH\CodeIgniter.php(890): class_exists('\\App\\Controllers\\Import', true)
 6 SYSTEMPATH\CodeIgniter.php(484): CodeIgniter\CodeIgniter->startController()
 7 SYSTEMPATH\CodeIgniter.php(366): CodeIgniter\CodeIgniter->handleRequest(null, Object(Config\Cache), false)
 8 FCPATH\index.php(80): CodeIgniter\CodeIgniter->run()
WARNING - 2024-05-03 06:17:28 --> [DEPRECATED] Optional parameter $parseables declared before required parameter $label_context is implicitly treated as a required parameter in APPPATH\Controllers\Import.php on line 256.
 1 SYSTEMPATH\Autoloader\Autoloader.php(312): include_once('D:\\projects\\visaalliance-crm\\system\\Debug\\Exceptions.php')
 2 SYSTEMPATH\Autoloader\Autoloader.php(289): CodeIgniter\Autoloader\Autoloader->includeFile('D:\\projects\\visaalliance-crm\\app\\Controllers\\Import.php')
 3 SYSTEMPATH\Autoloader\Autoloader.php(267): CodeIgniter\Autoloader\Autoloader->loadInNamespace('App\\Controllers\\Import')
 4 [internal function]: CodeIgniter\Autoloader\Autoloader->loadClass('App\\Controllers\\Import')
 5 SYSTEMPATH\CodeIgniter.php(890): class_exists('\\App\\Controllers\\Import', true)
 6 SYSTEMPATH\CodeIgniter.php(484): CodeIgniter\CodeIgniter->startController()
 7 SYSTEMPATH\CodeIgniter.php(366): CodeIgniter\CodeIgniter->handleRequest(null, Object(Config\Cache), false)
 8 FCPATH\index.php(80): CodeIgniter\CodeIgniter->run()
WARNING - 2024-05-03 06:17:33 --> [DEPRECATED] Optional parameter $parseables declared before required parameter $label_context is implicitly treated as a required parameter in APPPATH\Controllers\Import.php on line 256.
 1 SYSTEMPATH\Autoloader\Autoloader.php(312): include_once('D:\\projects\\visaalliance-crm\\system\\Debug\\Exceptions.php')
 2 SYSTEMPATH\Autoloader\Autoloader.php(289): CodeIgniter\Autoloader\Autoloader->includeFile('D:\\projects\\visaalliance-crm\\app\\Controllers\\Import.php')
 3 SYSTEMPATH\Autoloader\Autoloader.php(267): CodeIgniter\Autoloader\Autoloader->loadInNamespace('App\\Controllers\\Import')
 4 [internal function]: CodeIgniter\Autoloader\Autoloader->loadClass('App\\Controllers\\Import')
 5 SYSTEMPATH\CodeIgniter.php(890): class_exists('\\App\\Controllers\\Import', true)
 6 SYSTEMPATH\CodeIgniter.php(484): CodeIgniter\CodeIgniter->startController()
 7 SYSTEMPATH\CodeIgniter.php(366): CodeIgniter\CodeIgniter->handleRequest(null, Object(Config\Cache), false)
 8 FCPATH\index.php(80): CodeIgniter\CodeIgniter->run()
WARNING - 2024-05-03 06:20:34 --> [DEPRECATED] Optional parameter $parseables declared before required parameter $label_context is implicitly treated as a required parameter in APPPATH\Controllers\Import.php on line 256.
 1 SYSTEMPATH\Autoloader\Autoloader.php(312): include_once('D:\\projects\\visaalliance-crm\\system\\Debug\\Exceptions.php')
 2 SYSTEMPATH\Autoloader\Autoloader.php(289): CodeIgniter\Autoloader\Autoloader->includeFile('D:\\projects\\visaalliance-crm\\app\\Controllers\\Import.php')
 3 SYSTEMPATH\Autoloader\Autoloader.php(267): CodeIgniter\Autoloader\Autoloader->loadInNamespace('App\\Controllers\\Import')
 4 [internal function]: CodeIgniter\Autoloader\Autoloader->loadClass('App\\Controllers\\Import')
 5 SYSTEMPATH\CodeIgniter.php(890): class_exists('\\App\\Controllers\\Import', true)
 6 SYSTEMPATH\CodeIgniter.php(484): CodeIgniter\CodeIgniter->startController()
 7 SYSTEMPATH\CodeIgniter.php(366): CodeIgniter\CodeIgniter->handleRequest(null, Object(Config\Cache), false)
 8 FCPATH\index.php(80): CodeIgniter\CodeIgniter->run()
WARNING - 2024-05-03 06:20:41 --> [DEPRECATED] Optional parameter $parseables declared before required parameter $label_context is implicitly treated as a required parameter in APPPATH\Controllers\Import.php on line 256.
 1 SYSTEMPATH\Autoloader\Autoloader.php(312): include_once('D:\\projects\\visaalliance-crm\\system\\Debug\\Exceptions.php')
 2 SYSTEMPATH\Autoloader\Autoloader.php(289): CodeIgniter\Autoloader\Autoloader->includeFile('D:\\projects\\visaalliance-crm\\app\\Controllers\\Import.php')
 3 SYSTEMPATH\Autoloader\Autoloader.php(267): CodeIgniter\Autoloader\Autoloader->loadInNamespace('App\\Controllers\\Import')
 4 [internal function]: CodeIgniter\Autoloader\Autoloader->loadClass('App\\Controllers\\Import')
 5 SYSTEMPATH\CodeIgniter.php(890): class_exists('\\App\\Controllers\\Import', true)
 6 SYSTEMPATH\CodeIgniter.php(484): CodeIgniter\CodeIgniter->startController()
 7 SYSTEMPATH\CodeIgniter.php(366): CodeIgniter\CodeIgniter->handleRequest(null, Object(Config\Cache), false)
 8 FCPATH\index.php(80): CodeIgniter\CodeIgniter->run()
WARNING - 2024-05-03 06:22:21 --> [DEPRECATED] Optional parameter $parseables declared before required parameter $label_context is implicitly treated as a required parameter in APPPATH\Controllers\Import.php on line 256.
 1 SYSTEMPATH\Autoloader\Autoloader.php(312): include_once('D:\\projects\\visaalliance-crm\\system\\Debug\\Exceptions.php')
 2 SYSTEMPATH\Autoloader\Autoloader.php(289): CodeIgniter\Autoloader\Autoloader->includeFile('D:\\projects\\visaalliance-crm\\app\\Controllers\\Import.php')
 3 SYSTEMPATH\Autoloader\Autoloader.php(267): CodeIgniter\Autoloader\Autoloader->loadInNamespace('App\\Controllers\\Import')
 4 [internal function]: CodeIgniter\Autoloader\Autoloader->loadClass('App\\Controllers\\Import')
 5 SYSTEMPATH\CodeIgniter.php(890): class_exists('\\App\\Controllers\\Import', true)
 6 SYSTEMPATH\CodeIgniter.php(484): CodeIgniter\CodeIgniter->startController()
 7 SYSTEMPATH\CodeIgniter.php(366): CodeIgniter\CodeIgniter->handleRequest(null, Object(Config\Cache), false)
 8 FCPATH\index.php(80): CodeIgniter\CodeIgniter->run()
WARNING - 2024-05-03 06:22:25 --> [DEPRECATED] Optional parameter $parseables declared before required parameter $label_context is implicitly treated as a required parameter in APPPATH\Controllers\Import.php on line 256.
 1 SYSTEMPATH\Autoloader\Autoloader.php(312): include_once('D:\\projects\\visaalliance-crm\\system\\Debug\\Exceptions.php')
 2 SYSTEMPATH\Autoloader\Autoloader.php(289): CodeIgniter\Autoloader\Autoloader->includeFile('D:\\projects\\visaalliance-crm\\app\\Controllers\\Import.php')
 3 SYSTEMPATH\Autoloader\Autoloader.php(267): CodeIgniter\Autoloader\Autoloader->loadInNamespace('App\\Controllers\\Import')
 4 [internal function]: CodeIgniter\Autoloader\Autoloader->loadClass('App\\Controllers\\Import')
 5 SYSTEMPATH\CodeIgniter.php(890): class_exists('\\App\\Controllers\\Import', true)
 6 SYSTEMPATH\CodeIgniter.php(484): CodeIgniter\CodeIgniter->startController()
 7 SYSTEMPATH\CodeIgniter.php(366): CodeIgniter\CodeIgniter->handleRequest(null, Object(Config\Cache), false)
 8 FCPATH\index.php(80): CodeIgniter\CodeIgniter->run()
WARNING - 2024-05-03 06:24:12 --> [DEPRECATED] Optional parameter $parseables declared before required parameter $label_context is implicitly treated as a required parameter in APPPATH\Controllers\Import.php on line 256.
 1 SYSTEMPATH\Autoloader\Autoloader.php(312): include_once('D:\\projects\\visaalliance-crm\\system\\Debug\\Exceptions.php')
 2 SYSTEMPATH\Autoloader\Autoloader.php(289): CodeIgniter\Autoloader\Autoloader->includeFile('D:\\projects\\visaalliance-crm\\app\\Controllers\\Import.php')
 3 SYSTEMPATH\Autoloader\Autoloader.php(267): CodeIgniter\Autoloader\Autoloader->loadInNamespace('App\\Controllers\\Import')
 4 [internal function]: CodeIgniter\Autoloader\Autoloader->loadClass('App\\Controllers\\Import')
 5 SYSTEMPATH\CodeIgniter.php(890): class_exists('\\App\\Controllers\\Import', true)
 6 SYSTEMPATH\CodeIgniter.php(484): CodeIgniter\CodeIgniter->startController()
 7 SYSTEMPATH\CodeIgniter.php(366): CodeIgniter\CodeIgniter->handleRequest(null, Object(Config\Cache), false)
 8 FCPATH\index.php(80): CodeIgniter\CodeIgniter->run()
WARNING - 2024-05-03 06:24:17 --> [DEPRECATED] Optional parameter $parseables declared before required parameter $label_context is implicitly treated as a required parameter in APPPATH\Controllers\Import.php on line 256.
 1 SYSTEMPATH\Autoloader\Autoloader.php(312): include_once('D:\\projects\\visaalliance-crm\\system\\Debug\\Exceptions.php')
 2 SYSTEMPATH\Autoloader\Autoloader.php(289): CodeIgniter\Autoloader\Autoloader->includeFile('D:\\projects\\visaalliance-crm\\app\\Controllers\\Import.php')
 3 SYSTEMPATH\Autoloader\Autoloader.php(267): CodeIgniter\Autoloader\Autoloader->loadInNamespace('App\\Controllers\\Import')
 4 [internal function]: CodeIgniter\Autoloader\Autoloader->loadClass('App\\Controllers\\Import')
 5 SYSTEMPATH\CodeIgniter.php(890): class_exists('\\App\\Controllers\\Import', true)
 6 SYSTEMPATH\CodeIgniter.php(484): CodeIgniter\CodeIgniter->startController()
 7 SYSTEMPATH\CodeIgniter.php(366): CodeIgniter\CodeIgniter->handleRequest(null, Object(Config\Cache), false)
 8 FCPATH\index.php(80): CodeIgniter\CodeIgniter->run()
WARNING - 2024-05-03 06:29:41 --> [DEPRECATED] Optional parameter $parseables declared before required parameter $label_context is implicitly treated as a required parameter in APPPATH\Controllers\Import.php on line 263.
 1 SYSTEMPATH\Autoloader\Autoloader.php(312): include_once('D:\\projects\\visaalliance-crm\\system\\Debug\\Exceptions.php')
 2 SYSTEMPATH\Autoloader\Autoloader.php(289): CodeIgniter\Autoloader\Autoloader->includeFile('D:\\projects\\visaalliance-crm\\app\\Controllers\\Import.php')
 3 SYSTEMPATH\Autoloader\Autoloader.php(267): CodeIgniter\Autoloader\Autoloader->loadInNamespace('App\\Controllers\\Import')
 4 [internal function]: CodeIgniter\Autoloader\Autoloader->loadClass('App\\Controllers\\Import')
 5 SYSTEMPATH\CodeIgniter.php(890): class_exists('\\App\\Controllers\\Import', true)
 6 SYSTEMPATH\CodeIgniter.php(484): CodeIgniter\CodeIgniter->startController()
 7 SYSTEMPATH\CodeIgniter.php(366): CodeIgniter\CodeIgniter->handleRequest(null, Object(Config\Cache), false)
 8 FCPATH\index.php(80): CodeIgniter\CodeIgniter->run()
WARNING - 2024-05-03 06:29:45 --> [DEPRECATED] Optional parameter $parseables declared before required parameter $label_context is implicitly treated as a required parameter in APPPATH\Controllers\Import.php on line 263.
 1 SYSTEMPATH\Autoloader\Autoloader.php(312): include_once('D:\\projects\\visaalliance-crm\\system\\Debug\\Exceptions.php')
 2 SYSTEMPATH\Autoloader\Autoloader.php(289): CodeIgniter\Autoloader\Autoloader->includeFile('D:\\projects\\visaalliance-crm\\app\\Controllers\\Import.php')
 3 SYSTEMPATH\Autoloader\Autoloader.php(267): CodeIgniter\Autoloader\Autoloader->loadInNamespace('App\\Controllers\\Import')
 4 [internal function]: CodeIgniter\Autoloader\Autoloader->loadClass('App\\Controllers\\Import')
 5 SYSTEMPATH\CodeIgniter.php(890): class_exists('\\App\\Controllers\\Import', true)
 6 SYSTEMPATH\CodeIgniter.php(484): CodeIgniter\CodeIgniter->startController()
 7 SYSTEMPATH\CodeIgniter.php(366): CodeIgniter\CodeIgniter->handleRequest(null, Object(Config\Cache), false)
 8 FCPATH\index.php(80): CodeIgniter\CodeIgniter->run()
