CRITICAL - 2024-05-10 09:07:18 --> preg_replace(): The /e modifier is no longer supported, use preg_replace_callback instead
in APPPATH\Helpers\currency_helper.php on line 391.
 1 [internal function]: CodeIgniter\Debug\Exceptions->errorHandler(2, 'preg_replace(): The /e modifier is no longer supported, use preg_replace_callback instead', 'D:\\projects\\visaalliance-crm\\app\\Helpers\\currency_helper.php', 391)
 2 APPPATH\Helpers\currency_helper.php(391): preg_replace('#^([-]*[0-9\\.,\' ]+?)((\\.|,){1}([0-9-]{1,3}))*$#e', 'str_replace(array(\'.\', \',\', "\'", \' \'), \'\', \'\\1\') . \'.\\4\'', '0')
 3 APPPATH\Controllers\Projects.php(4866): parse_float('0')
 4 SYSTEMPATH\CodeIgniter.php(932): App\Controllers\Projects->save_project_fees()
 5 SYSTEMPATH\CodeIgniter.php(497): CodeIgniter\CodeIgniter->runController(Object(App\Controllers\Projects))
 6 SYSTEMPATH\CodeIgniter.php(366): CodeIgniter\CodeIgniter->handleRequest(null, Object(Config\Cache), false)
 7 FCPATH\index.php(80): CodeIgniter\CodeIgniter->run()
CRITICAL - 2024-05-10 09:07:31 --> preg_replace(): The /e modifier is no longer supported, use preg_replace_callback instead
in APPPATH\Helpers\currency_helper.php on line 391.
 1 [internal function]: CodeIgniter\Debug\Exceptions->errorHandler(2, 'preg_replace(): The /e modifier is no longer supported, use preg_replace_callback instead', 'D:\\projects\\visaalliance-crm\\app\\Helpers\\currency_helper.php', 391)
 2 APPPATH\Helpers\currency_helper.php(391): preg_replace('#^([-]*[0-9\\.,\' ]+?)((\\.|,){1}([0-9-]{1,3}))*$#e', 'str_replace(array(\'.\', \',\', "\'", \' \'), \'\', \'\\1\') . \'.\\4\'', '0')
 3 APPPATH\Controllers\Projects.php(4866): parse_float('0')
 4 SYSTEMPATH\CodeIgniter.php(932): App\Controllers\Projects->save_project_fees()
 5 SYSTEMPATH\CodeIgniter.php(497): CodeIgniter\CodeIgniter->runController(Object(App\Controllers\Projects))
 6 SYSTEMPATH\CodeIgniter.php(366): CodeIgniter\CodeIgniter->handleRequest(null, Object(Config\Cache), false)
 7 FCPATH\index.php(80): CodeIgniter\CodeIgniter->run()
CRITICAL - 2024-05-10 09:21:59 --> Undefined variable $-189.5
in APPPATH\Controllers\Projects.php on line 5186.
 1 APPPATH\Controllers\Projects.php(5186): CodeIgniter\Debug\Exceptions->errorHandler(2, 'Undefined variable $-189.5', 'D:\\projects\\visaalliance-crm\\app\\Controllers\\Projects.php', 5186)
 2 APPPATH\Controllers\Projects.php(1681): App\Controllers\Projects->_get_payment_schedule_overview_info('14', [...])
 3 SYSTEMPATH\CodeIgniter.php(932): App\Controllers\Projects->overview('14')
 4 SYSTEMPATH\CodeIgniter.php(497): CodeIgniter\CodeIgniter->runController(Object(App\Controllers\Projects))
 5 SYSTEMPATH\CodeIgniter.php(366): CodeIgniter\CodeIgniter->handleRequest(null, Object(Config\Cache), false)
 6 FCPATH\index.php(80): CodeIgniter\CodeIgniter->run()
CRITICAL - 2024-05-10 09:22:11 --> Undefined variable $-189.5
in APPPATH\Controllers\Projects.php on line 5186.
 1 APPPATH\Controllers\Projects.php(5186): CodeIgniter\Debug\Exceptions->errorHandler(2, 'Undefined variable $-189.5', 'D:\\projects\\visaalliance-crm\\app\\Controllers\\Projects.php', 5186)
 2 APPPATH\Controllers\Projects.php(1681): App\Controllers\Projects->_get_payment_schedule_overview_info('14', [...])
 3 SYSTEMPATH\CodeIgniter.php(932): App\Controllers\Projects->overview('14')
 4 SYSTEMPATH\CodeIgniter.php(497): CodeIgniter\CodeIgniter->runController(Object(App\Controllers\Projects))
 5 SYSTEMPATH\CodeIgniter.php(366): CodeIgniter\CodeIgniter->handleRequest(null, Object(Config\Cache), false)
 6 FCPATH\index.php(80): CodeIgniter\CodeIgniter->run()
