CRITICAL - 2023-12-26 02:48:45 --> The action you requested is not allowed.
in SYSTEMPATH\Security\Security.php on line 306.
 1 SYSTEMPATH\Security\Security.php(306): CodeIgniter\Security\Exceptions\SecurityException::forDisallowedAction()
 2 SYSTEMPATH\Filters\CSRF.php(55): CodeIgniter\Security\Security->verify(Object(CodeIgniter\HTTP\IncomingRequest))
 3 SYSTEMPATH\Filters\Filters.php(173): CodeIgniter\Filters\CSRF->before(Object(CodeIgniter\HTTP\IncomingRequest), null)
 4 SYSTEMPATH\CodeIgniter.php(471): CodeIgniter\Filters\Filters->run('organizations/modal_form', 'before')
 5 SYSTEMPATH\CodeIgniter.php(366): CodeIgniter\CodeIgniter->handleRequest(null, Object(Config\Cache), false)
 6 FCPATH\index.php(80): CodeIgniter\CodeIgniter->run()
CRITICAL - 2023-12-26 04:35:30 --> asort(): Argument #1 ($array) cannot be passed by reference
in APPPATH\Views\organizations\client_form_fields.php on line 16.
 1 SYSTEMPATH\View\View.php(224): include()
 2 SYSTEMPATH\View\View.php(227): CodeIgniter\View\View->CodeIgniter\View\{closure}()
 3 SYSTEMPATH\Common.php(1180): CodeIgniter\View\View->render('organizations/client_form_fields', [], true)
 4 APPPATH\Views\organizations\modal_form.php(23): view('organizations/client_form_fields')
 5 SYSTEMPATH\View\View.php(224): include('D:\\projects\\visaalliance-crm\\app\\Views\\organizations\\modal_form.php')
 6 SYSTEMPATH\View\View.php(227): CodeIgniter\View\View->CodeIgniter\View\{closure}()
 7 SYSTEMPATH\Common.php(1180): CodeIgniter\View\View->render('organizations/modal_form', [], true)
 8 APPPATH\Libraries\Template.php(38): view('organizations/modal_form', [...])
 9 APPPATH\Controllers\Organizations.php(103): App\Libraries\Template->view('organizations/modal_form', [...])
10 SYSTEMPATH\CodeIgniter.php(932): App\Controllers\Organizations->modal_form()
11 SYSTEMPATH\CodeIgniter.php(497): CodeIgniter\CodeIgniter->runController(Object(App\Controllers\Organizations))
12 SYSTEMPATH\CodeIgniter.php(366): CodeIgniter\CodeIgniter->handleRequest(null, Object(Config\Cache), false)
13 FCPATH\index.php(80): CodeIgniter\CodeIgniter->run()
CRITICAL - 2023-12-26 04:35:32 --> asort(): Argument #1 ($array) cannot be passed by reference
in APPPATH\Views\organizations\client_form_fields.php on line 16.
 1 SYSTEMPATH\View\View.php(224): include()
 2 SYSTEMPATH\View\View.php(227): CodeIgniter\View\View->CodeIgniter\View\{closure}()
 3 SYSTEMPATH\Common.php(1180): CodeIgniter\View\View->render('organizations/client_form_fields', [], true)
 4 APPPATH\Views\organizations\modal_form.php(23): view('organizations/client_form_fields')
 5 SYSTEMPATH\View\View.php(224): include('D:\\projects\\visaalliance-crm\\app\\Views\\organizations\\modal_form.php')
 6 SYSTEMPATH\View\View.php(227): CodeIgniter\View\View->CodeIgniter\View\{closure}()
 7 SYSTEMPATH\Common.php(1180): CodeIgniter\View\View->render('organizations/modal_form', [], true)
 8 APPPATH\Libraries\Template.php(38): view('organizations/modal_form', [...])
 9 APPPATH\Controllers\Organizations.php(103): App\Libraries\Template->view('organizations/modal_form', [...])
10 SYSTEMPATH\CodeIgniter.php(932): App\Controllers\Organizations->modal_form()
11 SYSTEMPATH\CodeIgniter.php(497): CodeIgniter\CodeIgniter->runController(Object(App\Controllers\Organizations))
12 SYSTEMPATH\CodeIgniter.php(366): CodeIgniter\CodeIgniter->handleRequest(null, Object(Config\Cache), false)
13 FCPATH\index.php(80): CodeIgniter\CodeIgniter->run()
CRITICAL - 2023-12-26 04:37:13 --> asort(): Argument #1 ($array) cannot be passed by reference
in APPPATH\Views\organizations\client_form_fields.php on line 16.
 1 SYSTEMPATH\View\View.php(224): include()
 2 SYSTEMPATH\View\View.php(227): CodeIgniter\View\View->CodeIgniter\View\{closure}()
 3 SYSTEMPATH\Common.php(1180): CodeIgniter\View\View->render('organizations/client_form_fields', [], true)
 4 APPPATH\Views\organizations\modal_form.php(23): view('organizations/client_form_fields')
 5 SYSTEMPATH\View\View.php(224): include('D:\\projects\\visaalliance-crm\\app\\Views\\organizations\\modal_form.php')
 6 SYSTEMPATH\View\View.php(227): CodeIgniter\View\View->CodeIgniter\View\{closure}()
 7 SYSTEMPATH\Common.php(1180): CodeIgniter\View\View->render('organizations/modal_form', [], true)
 8 APPPATH\Libraries\Template.php(38): view('organizations/modal_form', [...])
 9 APPPATH\Controllers\Organizations.php(103): App\Libraries\Template->view('organizations/modal_form', [...])
10 SYSTEMPATH\CodeIgniter.php(932): App\Controllers\Organizations->modal_form()
11 SYSTEMPATH\CodeIgniter.php(497): CodeIgniter\CodeIgniter->runController(Object(App\Controllers\Organizations))
12 SYSTEMPATH\CodeIgniter.php(366): CodeIgniter\CodeIgniter->handleRequest(null, Object(Config\Cache), false)
13 FCPATH\index.php(80): CodeIgniter\CodeIgniter->run()
CRITICAL - 2023-12-26 04:37:18 --> asort(): Argument #1 ($array) cannot be passed by reference
in APPPATH\Views\organizations\client_form_fields.php on line 16.
 1 SYSTEMPATH\View\View.php(224): include()
 2 SYSTEMPATH\View\View.php(227): CodeIgniter\View\View->CodeIgniter\View\{closure}()
 3 SYSTEMPATH\Common.php(1180): CodeIgniter\View\View->render('organizations/client_form_fields', [], true)
 4 APPPATH\Views\organizations\modal_form.php(23): view('organizations/client_form_fields')
 5 SYSTEMPATH\View\View.php(224): include('D:\\projects\\visaalliance-crm\\app\\Views\\organizations\\modal_form.php')
 6 SYSTEMPATH\View\View.php(227): CodeIgniter\View\View->CodeIgniter\View\{closure}()
 7 SYSTEMPATH\Common.php(1180): CodeIgniter\View\View->render('organizations/modal_form', [], true)
 8 APPPATH\Libraries\Template.php(38): view('organizations/modal_form', [...])
 9 APPPATH\Controllers\Organizations.php(103): App\Libraries\Template->view('organizations/modal_form', [...])
10 SYSTEMPATH\CodeIgniter.php(932): App\Controllers\Organizations->modal_form()
11 SYSTEMPATH\CodeIgniter.php(497): CodeIgniter\CodeIgniter->runController(Object(App\Controllers\Organizations))
12 SYSTEMPATH\CodeIgniter.php(366): CodeIgniter\CodeIgniter->handleRequest(null, Object(Config\Cache), false)
13 FCPATH\index.php(80): CodeIgniter\CodeIgniter->run()
CRITICAL - 2023-12-26 04:51:51 --> The action you requested is not allowed.
in SYSTEMPATH\Security\Security.php on line 306.
 1 SYSTEMPATH\Security\Security.php(306): CodeIgniter\Security\Exceptions\SecurityException::forDisallowedAction()
 2 SYSTEMPATH\Filters\CSRF.php(55): CodeIgniter\Security\Security->verify(Object(CodeIgniter\HTTP\IncomingRequest))
 3 SYSTEMPATH\Filters\Filters.php(173): CodeIgniter\Filters\CSRF->before(Object(CodeIgniter\HTTP\IncomingRequest), null)
 4 SYSTEMPATH\CodeIgniter.php(471): CodeIgniter\Filters\Filters->run('organizations/modal_form', 'before')
 5 SYSTEMPATH\CodeIgniter.php(366): CodeIgniter\CodeIgniter->handleRequest(null, Object(Config\Cache), false)
 6 FCPATH\index.php(80): CodeIgniter\CodeIgniter->run()
CRITICAL - 2023-12-26 05:19:37 --> Undefined variable $visa_type
in SYSTEMPATH\Helpers\form_helper.php on line 485.
 1 SYSTEMPATH\Helpers\form_helper.php(485): CodeIgniter\Debug\Exceptions->errorHandler(2, 'Undefined variable $visa_type', 'D:\\projects\\visaalliance-crm\\system\\Helpers\\form_helper.php', 485)
 2 APPPATH\Views\organizations\client_form_fields.php(686): form_datalist('visa_type', '', [...], 'class=\'form-control company_name_input_section\' placeholder=\'Visa Type\'')
 3 SYSTEMPATH\View\View.php(224): include('D:\\projects\\visaalliance-crm\\app\\Views\\organizations\\client_form_fields.php')
 4 SYSTEMPATH\View\View.php(227): CodeIgniter\View\View->CodeIgniter\View\{closure}()
 5 SYSTEMPATH\Common.php(1180): CodeIgniter\View\View->render('organizations/client_form_fields', [], true)
 6 APPPATH\Views\organizations\modal_form.php(23): view('organizations/client_form_fields')
 7 SYSTEMPATH\View\View.php(224): include('D:\\projects\\visaalliance-crm\\app\\Views\\organizations\\modal_form.php')
 8 SYSTEMPATH\View\View.php(227): CodeIgniter\View\View->CodeIgniter\View\{closure}()
 9 SYSTEMPATH\Common.php(1180): CodeIgniter\View\View->render('organizations/modal_form', [], true)
10 APPPATH\Libraries\Template.php(38): view('organizations/modal_form', [...])
11 APPPATH\Controllers\Organizations.php(103): App\Libraries\Template->view('organizations/modal_form', [...])
12 SYSTEMPATH\CodeIgniter.php(932): App\Controllers\Organizations->modal_form()
13 SYSTEMPATH\CodeIgniter.php(497): CodeIgniter\CodeIgniter->runController(Object(App\Controllers\Organizations))
14 SYSTEMPATH\CodeIgniter.php(366): CodeIgniter\CodeIgniter->handleRequest(null, Object(Config\Cache), false)
15 FCPATH\index.php(80): CodeIgniter\CodeIgniter->run()
CRITICAL - 2023-12-26 05:19:40 --> Undefined variable $visa_type
in SYSTEMPATH\Helpers\form_helper.php on line 485.
 1 SYSTEMPATH\Helpers\form_helper.php(485): CodeIgniter\Debug\Exceptions->errorHandler(2, 'Undefined variable $visa_type', 'D:\\projects\\visaalliance-crm\\system\\Helpers\\form_helper.php', 485)
 2 APPPATH\Views\organizations\client_form_fields.php(686): form_datalist('visa_type', '', [...], 'class=\'form-control company_name_input_section\' placeholder=\'Visa Type\'')
 3 SYSTEMPATH\View\View.php(224): include('D:\\projects\\visaalliance-crm\\app\\Views\\organizations\\client_form_fields.php')
 4 SYSTEMPATH\View\View.php(227): CodeIgniter\View\View->CodeIgniter\View\{closure}()
 5 SYSTEMPATH\Common.php(1180): CodeIgniter\View\View->render('organizations/client_form_fields', [], true)
 6 APPPATH\Views\organizations\modal_form.php(23): view('organizations/client_form_fields')
 7 SYSTEMPATH\View\View.php(224): include('D:\\projects\\visaalliance-crm\\app\\Views\\organizations\\modal_form.php')
 8 SYSTEMPATH\View\View.php(227): CodeIgniter\View\View->CodeIgniter\View\{closure}()
 9 SYSTEMPATH\Common.php(1180): CodeIgniter\View\View->render('organizations/modal_form', [], true)
10 APPPATH\Libraries\Template.php(38): view('organizations/modal_form', [...])
11 APPPATH\Controllers\Organizations.php(103): App\Libraries\Template->view('organizations/modal_form', [...])
12 SYSTEMPATH\CodeIgniter.php(932): App\Controllers\Organizations->modal_form()
13 SYSTEMPATH\CodeIgniter.php(497): CodeIgniter\CodeIgniter->runController(Object(App\Controllers\Organizations))
14 SYSTEMPATH\CodeIgniter.php(366): CodeIgniter\CodeIgniter->handleRequest(null, Object(Config\Cache), false)
15 FCPATH\index.php(80): CodeIgniter\CodeIgniter->run()
