CRITICAL - 2023-10-30 00:14:05 --> syntax error, unexpected variable "$lang"
in APPPATH\Language\english\default_lang.php on line 229.
 1 SYSTEMPATH\Language\Language.php(223): CodeIgniter\Language\Language->requireFile('Language/english/default_lang.php')
 2 SYSTEMPATH\Language\Language.php(164): CodeIgniter\Language\Language->load('default_lang', 'english')
 3 SYSTEMPATH\Language\Language.php(99): CodeIgniter\Language\Language->parseLine('clock_in', 'english')
 4 SYSTEMPATH\Common.php(769): CodeIgniter\Language\Language->getLine('default_lang.clock_in', [])
 5 APPPATH\Helpers\general_helper.php(1817): lang('default_lang.clock_in')
 6 APPPATH\Views\attendance\clock_widget.php(15): app_lang('clock_in')
 7 SYSTEMPATH\View\View.php(224): include('C:\\xampp\\htdocs\\VA\\app\\Views\\attendance\\clock_widget.php')
 8 SYSTEMPATH\View\View.php(227): CodeIgniter\View\View->CodeIgniter\View\{closure}()
 9 SYSTEMPATH\Common.php(1180): CodeIgniter\View\View->render('attendance/clock_widget', [], true)
10 APPPATH\Libraries\Template.php(38): view('attendance/clock_widget', [...])
11 APPPATH\Helpers\widget_helper.php(17): App\Libraries\Template->view('attendance/clock_widget', [...])
12 APPPATH\Controllers\Dashboard.php(1061): clock_widget()
13 APPPATH\Controllers\Dashboard.php(1052): App\Controllers\Dashboard->_get_widgets_for_staffs('clock_in_out', [...])
14 APPPATH\Controllers\Dashboard.php(1029): App\Controllers\Dashboard->_make_dashboard_widgets('clock_in_out')
15 APPPATH\Controllers\Dashboard.php(38): App\Controllers\Dashboard->make_dashboard([...])
16 SYSTEMPATH\CodeIgniter.php(932): App\Controllers\Dashboard->index()
17 SYSTEMPATH\CodeIgniter.php(497): CodeIgniter\CodeIgniter->runController(Object(App\Controllers\Dashboard))
18 SYSTEMPATH\CodeIgniter.php(366): CodeIgniter\CodeIgniter->handleRequest(null, Object(Config\Cache), false)
19 FCPATH\index.php(80): CodeIgniter\CodeIgniter->run()
CRITICAL - 2023-10-30 23:45:52 --> Undefined variable $current_version
in APPPATH\Views\updates\index.php on line 21.
 1 APPPATH\Views\updates\index.php(21): CodeIgniter\Debug\Exceptions->errorHandler(2, 'Undefined variable $current_version', 'C:\\xampp\\htdocs\\VA\\app\\Views\\updates\\index.php', 21)
 2 SYSTEMPATH\View\View.php(224): include('C:\\xampp\\htdocs\\VA\\app\\Views\\updates\\index.php')
 3 SYSTEMPATH\View\View.php(227): CodeIgniter\View\View->CodeIgniter\View\{closure}()
 4 SYSTEMPATH\Common.php(1180): CodeIgniter\View\View->render('updates/index', [], true)
 5 APPPATH\Views\layout\index.php(59): view('updates/index')
 6 SYSTEMPATH\View\View.php(224): include('C:\\xampp\\htdocs\\VA\\app\\Views\\layout\\index.php')
 7 SYSTEMPATH\View\View.php(227): CodeIgniter\View\View->CodeIgniter\View\{closure}()
 8 SYSTEMPATH\Common.php(1180): CodeIgniter\View\View->render('layout/index', [], true)
 9 APPPATH\Libraries\Template.php(38): view('layout/index', [...])
10 APPPATH\Libraries\Template.php(22): App\Libraries\Template->view('layout/index', [...])
11 APPPATH\Controllers\Check_in.php(22): App\Libraries\Template->rander('updates/index', [...])
12 SYSTEMPATH\CodeIgniter.php(932): App\Controllers\Check_in->index()
13 SYSTEMPATH\CodeIgniter.php(497): CodeIgniter\CodeIgniter->runController(Object(App\Controllers\Check_in))
14 SYSTEMPATH\CodeIgniter.php(366): CodeIgniter\CodeIgniter->handleRequest(null, Object(Config\Cache), false)
15 FCPATH\index.php(80): CodeIgniter\CodeIgniter->run()
