CRITICAL - 2024-03-14 01:43:29 --> Undefined variable $team_members_dropdown
in APPPATH\Views\check_in\waiting_list.php on line 15.
 1 APPPATH\Views\check_in\waiting_list.php(15): CodeIgniter\Debug\Exceptions->errorHandler(2, 'Undefined variable $team_members_dropdown', 'D:\\projects\\visaalliance-crm\\app\\Views\\check_in\\waiting_list.php', 15)
 2 SYSTEMPATH\View\View.php(224): include('D:\\projects\\visaalliance-crm\\app\\Views\\check_in\\waiting_list.php')
 3 SYSTEMPATH\View\View.php(227): CodeIgniter\View\View->CodeIgniter\View\{closure}()
 4 SYSTEMPATH\Common.php(1180): CodeIgniter\View\View->render('check_in/waiting_list', [], true)
 5 APPPATH\Libraries\Template.php(42): view('check_in/waiting_list', [...])
 6 APPPATH\Controllers\Check_in.php(572): App\Libraries\Template->view('check_in/waiting_list')
 7 SYSTEMPATH\CodeIgniter.php(932): App\Controllers\Check_in->waiting()
 8 SYSTEMPATH\CodeIgniter.php(497): CodeIgniter\CodeIgniter->runController(Object(App\Controllers\Check_in))
 9 SYSTEMPATH\CodeIgniter.php(366): CodeIgniter\CodeIgniter->handleRequest(null, Object(Config\Cache), false)
10 FCPATH\index.php(80): CodeIgniter\CodeIgniter->run()
CRITICAL - 2024-03-14 01:43:32 --> Undefined variable $team_members_dropdown
in APPPATH\Views\check_in\waiting_list.php on line 15.
 1 APPPATH\Views\check_in\waiting_list.php(15): CodeIgniter\Debug\Exceptions->errorHandler(2, 'Undefined variable $team_members_dropdown', 'D:\\projects\\visaalliance-crm\\app\\Views\\check_in\\waiting_list.php', 15)
 2 SYSTEMPATH\View\View.php(224): include('D:\\projects\\visaalliance-crm\\app\\Views\\check_in\\waiting_list.php')
 3 SYSTEMPATH\View\View.php(227): CodeIgniter\View\View->CodeIgniter\View\{closure}()
 4 SYSTEMPATH\Common.php(1180): CodeIgniter\View\View->render('check_in/waiting_list', [], true)
 5 APPPATH\Libraries\Template.php(42): view('check_in/waiting_list', [...])
 6 APPPATH\Controllers\Check_in.php(572): App\Libraries\Template->view('check_in/waiting_list')
 7 SYSTEMPATH\CodeIgniter.php(932): App\Controllers\Check_in->waiting()
 8 SYSTEMPATH\CodeIgniter.php(497): CodeIgniter\CodeIgniter->runController(Object(App\Controllers\Check_in))
 9 SYSTEMPATH\CodeIgniter.php(366): CodeIgniter\CodeIgniter->handleRequest(null, Object(Config\Cache), false)
10 FCPATH\index.php(80): CodeIgniter\CodeIgniter->run()
CRITICAL - 2024-03-14 01:48:15 --> Undefined variable $team_members_dropdown
in APPPATH\Views\check_in\waiting_list.php on line 15.
 1 APPPATH\Views\check_in\waiting_list.php(15): CodeIgniter\Debug\Exceptions->errorHandler(2, 'Undefined variable $team_members_dropdown', 'D:\\projects\\visaalliance-crm\\app\\Views\\check_in\\waiting_list.php', 15)
 2 SYSTEMPATH\View\View.php(224): include('D:\\projects\\visaalliance-crm\\app\\Views\\check_in\\waiting_list.php')
 3 SYSTEMPATH\View\View.php(227): CodeIgniter\View\View->CodeIgniter\View\{closure}()
 4 SYSTEMPATH\Common.php(1180): CodeIgniter\View\View->render('check_in/waiting_list', [], true)
 5 APPPATH\Libraries\Template.php(42): view('check_in/waiting_list', [...])
 6 APPPATH\Controllers\Check_in.php(572): App\Libraries\Template->view('check_in/waiting_list')
 7 SYSTEMPATH\CodeIgniter.php(932): App\Controllers\Check_in->waiting()
 8 SYSTEMPATH\CodeIgniter.php(497): CodeIgniter\CodeIgniter->runController(Object(App\Controllers\Check_in))
 9 SYSTEMPATH\CodeIgniter.php(366): CodeIgniter\CodeIgniter->handleRequest(null, Object(Config\Cache), false)
10 FCPATH\index.php(80): CodeIgniter\CodeIgniter->run()
CRITICAL - 2024-03-14 01:49:18 --> Undefined variable $team_members_dropdown
in APPPATH\Views\check_in\waiting_list.php on line 15.
 1 APPPATH\Views\check_in\waiting_list.php(15): CodeIgniter\Debug\Exceptions->errorHandler(2, 'Undefined variable $team_members_dropdown', 'D:\\projects\\visaalliance-crm\\app\\Views\\check_in\\waiting_list.php', 15)
 2 SYSTEMPATH\View\View.php(224): include('D:\\projects\\visaalliance-crm\\app\\Views\\check_in\\waiting_list.php')
 3 SYSTEMPATH\View\View.php(227): CodeIgniter\View\View->CodeIgniter\View\{closure}()
 4 SYSTEMPATH\Common.php(1180): CodeIgniter\View\View->render('check_in/waiting_list', [], true)
 5 APPPATH\Libraries\Template.php(42): view('check_in/waiting_list', [...])
 6 APPPATH\Controllers\Check_in.php(574): App\Libraries\Template->view('check_in/waiting_list')
 7 SYSTEMPATH\CodeIgniter.php(932): App\Controllers\Check_in->waiting()
 8 SYSTEMPATH\CodeIgniter.php(497): CodeIgniter\CodeIgniter->runController(Object(App\Controllers\Check_in))
 9 SYSTEMPATH\CodeIgniter.php(366): CodeIgniter\CodeIgniter->handleRequest(null, Object(Config\Cache), false)
10 FCPATH\index.php(80): CodeIgniter\CodeIgniter->run()
ERROR - 2024-03-14 02:24:57 --> mysqli_sql_exception: You have an error in your SQL syntax; check the manual that corresponds to your MariaDB server version for the right syntax to use near ''status'='Waiting'
        ORDER BY rise_check_in.id ASC' at line 3 in D:\projects\visaalliance-crm\system\Database\MySQLi\Connection.php:295
Stack trace:
#0 D:\projects\visaalliance-crm\system\Database\MySQLi\Connection.php(295): mysqli->query('SELECT rise_che...', 0)
#1 D:\projects\visaalliance-crm\system\Database\BaseConnection.php(692): CodeIgniter\Database\MySQLi\Connection->execute('SELECT rise_che...')
#2 D:\projects\visaalliance-crm\system\Database\BaseConnection.php(606): CodeIgniter\Database\BaseConnection->simpleQuery('SELECT rise_che...')
#3 D:\projects\visaalliance-crm\app\Models\Check_in_model.php(50): CodeIgniter\Database\BaseConnection->query('SELECT rise_che...')
#4 D:\projects\visaalliance-crm\app\Controllers\Check_in.php(334): App\Models\Check_in_model->get_details(Array)
#5 D:\projects\visaalliance-crm\system\CodeIgniter.php(932): App\Controllers\Check_in->waiting_list_data()
#6 D:\projects\visaalliance-crm\system\CodeIgniter.php(497): CodeIgniter\CodeIgniter->runController(Object(App\Controllers\Check_in))
#7 D:\projects\visaalliance-crm\system\CodeIgniter.php(366): CodeIgniter\CodeIgniter->handleRequest(NULL, Object(Config\Cache), false)
#8 D:\projects\visaalliance-crm\index.php(80): CodeIgniter\CodeIgniter->run()
#9 {main}
CRITICAL - 2024-03-14 02:24:57 --> You have an error in your SQL syntax; check the manual that corresponds to your MariaDB server version for the right syntax to use near ''status'='Waiting'
        ORDER BY rise_check_in.id ASC' at line 3
in SYSTEMPATH\Database\MySQLi\Connection.php on line 295.
 1 SYSTEMPATH\Database\MySQLi\Connection.php(295): mysqli->query('SELECT rise_check_in.*
        FROM rise_check_in
        WHERE rise_check_in.deleted=0  AND rise_check_in.\'status\'=\'Waiting\'
        ORDER BY rise_check_in.id ASC', 0)
 2 SYSTEMPATH\Database\BaseConnection.php(692): CodeIgniter\Database\MySQLi\Connection->execute('SELECT rise_check_in.*
        FROM rise_check_in
        WHERE rise_check_in.deleted=0  AND rise_check_in.\'status\'=\'Waiting\'
        ORDER BY rise_check_in.id ASC')
 3 SYSTEMPATH\Database\BaseConnection.php(606): CodeIgniter\Database\BaseConnection->simpleQuery('SELECT rise_check_in.*
        FROM rise_check_in
        WHERE rise_check_in.deleted=0  AND rise_check_in.\'status\'=\'Waiting\'
        ORDER BY rise_check_in.id ASC')
 4 APPPATH\Models\Check_in_model.php(50): CodeIgniter\Database\BaseConnection->query('SELECT rise_check_in.*
        FROM rise_check_in
        WHERE rise_check_in.deleted=0  AND rise_check_in.\'status\'=\'Waiting\'
        ORDER BY rise_check_in.id ASC')
 5 APPPATH\Controllers\Check_in.php(334): App\Models\Check_in_model->get_details([...])
 6 SYSTEMPATH\CodeIgniter.php(932): App\Controllers\Check_in->waiting_list_data()
 7 SYSTEMPATH\CodeIgniter.php(497): CodeIgniter\CodeIgniter->runController(Object(App\Controllers\Check_in))
 8 SYSTEMPATH\CodeIgniter.php(366): CodeIgniter\CodeIgniter->handleRequest(null, Object(Config\Cache), false)
 9 FCPATH\index.php(80): CodeIgniter\CodeIgniter->run()
CRITICAL - 2024-03-14 02:48:29 --> Call to a member function getResult() on string
in APPPATH\Controllers\Check_in.php on line 337.
 1 SYSTEMPATH\CodeIgniter.php(932): App\Controllers\Check_in->waiting_list_data()
 2 SYSTEMPATH\CodeIgniter.php(497): CodeIgniter\CodeIgniter->runController(Object(App\Controllers\Check_in))
 3 SYSTEMPATH\CodeIgniter.php(366): CodeIgniter\CodeIgniter->handleRequest(null, Object(Config\Cache), false)
 4 FCPATH\index.php(80): CodeIgniter\CodeIgniter->run()
CRITICAL - 2024-03-14 02:48:52 --> foreach() argument must be of type array|object, string given
in APPPATH\Controllers\Check_in.php on line 343.
 1 APPPATH\Controllers\Check_in.php(343): CodeIgniter\Debug\Exceptions->errorHandler(2, 'foreach() argument must be of type array|object, string given', 'D:\\projects\\visaalliance-crm\\app\\Controllers\\Check_in.php', 343)
 2 SYSTEMPATH\CodeIgniter.php(932): App\Controllers\Check_in->waiting_list_data()
 3 SYSTEMPATH\CodeIgniter.php(497): CodeIgniter\CodeIgniter->runController(Object(App\Controllers\Check_in))
 4 SYSTEMPATH\CodeIgniter.php(366): CodeIgniter\CodeIgniter->handleRequest(null, Object(Config\Cache), false)
 5 FCPATH\index.php(80): CodeIgniter\CodeIgniter->run()
CRITICAL - 2024-03-14 02:54:51 --> Array to string conversion
in APPPATH\Controllers\Check_in.php on line 340.
 1 APPPATH\Controllers\Check_in.php(340): CodeIgniter\Debug\Exceptions->errorHandler(2, 'Array to string conversion', 'D:\\projects\\visaalliance-crm\\app\\Controllers\\Check_in.php', 340)
 2 SYSTEMPATH\CodeIgniter.php(932): App\Controllers\Check_in->waiting_list_data()
 3 SYSTEMPATH\CodeIgniter.php(497): CodeIgniter\CodeIgniter->runController(Object(App\Controllers\Check_in))
 4 SYSTEMPATH\CodeIgniter.php(366): CodeIgniter\CodeIgniter->handleRequest(null, Object(Config\Cache), false)
 5 FCPATH\index.php(80): CodeIgniter\CodeIgniter->run()
CRITICAL - 2024-03-14 02:55:13 --> foreach() argument must be of type array|object, string given
in APPPATH\Controllers\Check_in.php on line 344.
 1 APPPATH\Controllers\Check_in.php(344): CodeIgniter\Debug\Exceptions->errorHandler(2, 'foreach() argument must be of type array|object, string given', 'D:\\projects\\visaalliance-crm\\app\\Controllers\\Check_in.php', 344)
 2 SYSTEMPATH\CodeIgniter.php(932): App\Controllers\Check_in->waiting_list_data()
 3 SYSTEMPATH\CodeIgniter.php(497): CodeIgniter\CodeIgniter->runController(Object(App\Controllers\Check_in))
 4 SYSTEMPATH\CodeIgniter.php(366): CodeIgniter\CodeIgniter->handleRequest(null, Object(Config\Cache), false)
 5 FCPATH\index.php(80): CodeIgniter\CodeIgniter->run()
CRITICAL - 2024-03-14 02:56:11 --> foreach() argument must be of type array|object, string given
in APPPATH\Controllers\Check_in.php on line 343.
 1 APPPATH\Controllers\Check_in.php(343): CodeIgniter\Debug\Exceptions->errorHandler(2, 'foreach() argument must be of type array|object, string given', 'D:\\projects\\visaalliance-crm\\app\\Controllers\\Check_in.php', 343)
 2 SYSTEMPATH\CodeIgniter.php(932): App\Controllers\Check_in->waiting_list_data()
 3 SYSTEMPATH\CodeIgniter.php(497): CodeIgniter\CodeIgniter->runController(Object(App\Controllers\Check_in))
 4 SYSTEMPATH\CodeIgniter.php(366): CodeIgniter\CodeIgniter->handleRequest(null, Object(Config\Cache), false)
 5 FCPATH\index.php(80): CodeIgniter\CodeIgniter->run()
CRITICAL - 2024-03-14 02:58:07 --> Call to a member function getResult() on string
in APPPATH\Controllers\Check_in.php on line 337.
 1 SYSTEMPATH\CodeIgniter.php(932): App\Controllers\Check_in->waiting_list_data()
 2 SYSTEMPATH\CodeIgniter.php(497): CodeIgniter\CodeIgniter->runController(Object(App\Controllers\Check_in))
 3 SYSTEMPATH\CodeIgniter.php(366): CodeIgniter\CodeIgniter->handleRequest(null, Object(Config\Cache), false)
 4 FCPATH\index.php(80): CodeIgniter\CodeIgniter->run()
CRITICAL - 2024-03-14 03:08:48 --> Attempt to read property "client_id" on null
in APPPATH\Controllers\Check_in.php on line 407.
 1 APPPATH\Controllers\Check_in.php(407): CodeIgniter\Debug\Exceptions->errorHandler(2, 'Attempt to read property "client_id" on null', 'D:\\projects\\visaalliance-crm\\app\\Controllers\\Check_in.php', 407)
 2 APPPATH\Controllers\Check_in.php(400): App\Controllers\Check_in->_make_row(null)
 3 APPPATH\Controllers\Check_in.php(191): App\Controllers\Check_in->_row_data('8')
 4 SYSTEMPATH\CodeIgniter.php(932): App\Controllers\Check_in->convert_to_lead('8')
 5 SYSTEMPATH\CodeIgniter.php(497): CodeIgniter\CodeIgniter->runController(Object(App\Controllers\Check_in))
 6 SYSTEMPATH\CodeIgniter.php(366): CodeIgniter\CodeIgniter->handleRequest(null, Object(Config\Cache), false)
 7 FCPATH\index.php(80): CodeIgniter\CodeIgniter->run()
CRITICAL - 2024-03-14 03:31:11 --> The action you requested is not allowed.
in SYSTEMPATH\Security\Security.php on line 306.
 1 SYSTEMPATH\Security\Security.php(306): CodeIgniter\Security\Exceptions\SecurityException::forDisallowedAction()
 2 SYSTEMPATH\Filters\CSRF.php(55): CodeIgniter\Security\Security->verify(Object(CodeIgniter\HTTP\IncomingRequest))
 3 SYSTEMPATH\Filters\Filters.php(173): CodeIgniter\Filters\CSRF->before(Object(CodeIgniter\HTTP\IncomingRequest), null)
 4 SYSTEMPATH\CodeIgniter.php(471): CodeIgniter\Filters\Filters->run('check_in/convert_to_lead/9', 'before')
 5 SYSTEMPATH\CodeIgniter.php(366): CodeIgniter\CodeIgniter->handleRequest(null, Object(Config\Cache), false)
 6 FCPATH\index.php(80): CodeIgniter\CodeIgniter->run()
ERROR - 2024-03-14 03:32:20 --> mysqli_sql_exception: Unknown column 'rise_clients.sort' in 'field list' in D:\projects\visaalliance-crm\system\Database\MySQLi\Connection.php:295
Stack trace:
#0 D:\projects\visaalliance-crm\system\Database\MySQLi\Connection.php(295): mysqli->query('SELECT rise_cli...', 0)
#1 D:\projects\visaalliance-crm\system\Database\BaseConnection.php(692): CodeIgniter\Database\MySQLi\Connection->execute('SELECT rise_cli...')
#2 D:\projects\visaalliance-crm\system\Database\BaseConnection.php(606): CodeIgniter\Database\BaseConnection->simpleQuery('SELECT rise_cli...')
#3 D:\projects\visaalliance-crm\app\Models\Clients_model.php(429): CodeIgniter\Database\BaseConnection->query('SELECT rise_cli...')
#4 D:\projects\visaalliance-crm\app\Controllers\Leads.php(1030): App\Models\Clients_model->get_leads_kanban_details(Array)
#5 D:\projects\visaalliance-crm\system\CodeIgniter.php(932): App\Controllers\Leads->all_leads_kanban_data()
#6 D:\projects\visaalliance-crm\system\CodeIgniter.php(497): CodeIgniter\CodeIgniter->runController(Object(App\Controllers\Leads))
#7 D:\projects\visaalliance-crm\system\CodeIgniter.php(366): CodeIgniter\CodeIgniter->handleRequest(NULL, Object(Config\Cache), false)
#8 D:\projects\visaalliance-crm\index.php(80): CodeIgniter\CodeIgniter->run()
#9 {main}
CRITICAL - 2024-03-14 03:32:20 --> Unknown column 'rise_clients.sort' in 'field list'
in SYSTEMPATH\Database\MySQLi\Connection.php on line 295.
 1 SYSTEMPATH\Database\MySQLi\Connection.php(295): mysqli->query('SELECT rise_clients.id, rise_clients.company_name, rise_clients.sort, IF(rise_clients.sort!=0, rise_clients.sort, rise_clients.id) AS new_sort, rise_clients.lead_status_id, rise_clients.owner_id,
                (SELECT rise_users.image FROM rise_users WHERE rise_users.client_id=rise_clients.id AND rise_users.deleted=0 AND rise_users.user_type=\'lead\' AND rise_users.is_primary_contact=1) AS primary_contact_avatar,
                (SELECT COUNT(rise_users.id) FROM rise_users WHERE rise_users.client_id=rise_clients.id AND rise_users.deleted=0 AND rise_users.user_type=\'lead\') AS total_contacts_count,
                (SELECT COUNT(rise_events.id) FROM rise_events WHERE rise_events.deleted=0 AND rise_events.client_id=rise_clients.id) AS total_events_count,
                (SELECT COUNT(rise_notes.id) FROM rise_notes WHERE rise_notes.deleted=0 AND rise_notes.client_id=rise_clients.id) AS total_notes_count,
                (SELECT COUNT(rise_estimates.id) FROM rise_estimates WHERE rise_estimates.deleted=0 AND rise_estimates.client_id=rise_clients.id) AS total_estimates_count,
                (SELECT COUNT(rise_general_files.id) FROM rise_general_files WHERE rise_general_files.deleted=0 AND rise_general_files.client_id=rise_clients.id) AS total_files_count,
                (SELECT COUNT(rise_estimate_requests.id) FROM rise_estimate_requests WHERE rise_estimate_requests.deleted=0 AND rise_estimate_requests.client_id=rise_clients.id) AS total_estimate_requests_count,
                rise_lead_source.title AS lead_source_title,
                CONCAT(rise_users.first_name, \' \', rise_users.last_name) AS owner_name
        FROM rise_clients 
        LEFT JOIN rise_lead_source ON rise_clients.lead_source_id = rise_lead_source.id 
        LEFT JOIN rise_users ON rise_users.id = rise_clients.owner_id AND rise_users.deleted=0 AND rise_users.user_type=\'staff\' 
        WHERE rise_clients.deleted=0 AND rise_clients.is_lead=1  
        ORDER BY new_sort ASC', 0)
 2 SYSTEMPATH\Database\BaseConnection.php(692): CodeIgniter\Database\MySQLi\Connection->execute('SELECT rise_clients.id, rise_clients.company_name, rise_clients.sort, IF(rise_clients.sort!=0, rise_clients.sort, rise_clients.id) AS new_sort, rise_clients.lead_status_id, rise_clients.owner_id,
                (SELECT rise_users.image FROM rise_users WHERE rise_users.client_id=rise_clients.id AND rise_users.deleted=0 AND rise_users.user_type=\'lead\' AND rise_users.is_primary_contact=1) AS primary_contact_avatar,
                (SELECT COUNT(rise_users.id) FROM rise_users WHERE rise_users.client_id=rise_clients.id AND rise_users.deleted=0 AND rise_users.user_type=\'lead\') AS total_contacts_count,
                (SELECT COUNT(rise_events.id) FROM rise_events WHERE rise_events.deleted=0 AND rise_events.client_id=rise_clients.id) AS total_events_count,
                (SELECT COUNT(rise_notes.id) FROM rise_notes WHERE rise_notes.deleted=0 AND rise_notes.client_id=rise_clients.id) AS total_notes_count,
                (SELECT COUNT(rise_estimates.id) FROM rise_estimates WHERE rise_estimates.deleted=0 AND rise_estimates.client_id=rise_clients.id) AS total_estimates_count,
                (SELECT COUNT(rise_general_files.id) FROM rise_general_files WHERE rise_general_files.deleted=0 AND rise_general_files.client_id=rise_clients.id) AS total_files_count,
                (SELECT COUNT(rise_estimate_requests.id) FROM rise_estimate_requests WHERE rise_estimate_requests.deleted=0 AND rise_estimate_requests.client_id=rise_clients.id) AS total_estimate_requests_count,
                rise_lead_source.title AS lead_source_title,
                CONCAT(rise_users.first_name, \' \', rise_users.last_name) AS owner_name
        FROM rise_clients 
        LEFT JOIN rise_lead_source ON rise_clients.lead_source_id = rise_lead_source.id 
        LEFT JOIN rise_users ON rise_users.id = rise_clients.owner_id AND rise_users.deleted=0 AND rise_users.user_type=\'staff\' 
        WHERE rise_clients.deleted=0 AND rise_clients.is_lead=1  
        ORDER BY new_sort ASC')
 3 SYSTEMPATH\Database\BaseConnection.php(606): CodeIgniter\Database\BaseConnection->simpleQuery('SELECT rise_clients.id, rise_clients.company_name, rise_clients.sort, IF(rise_clients.sort!=0, rise_clients.sort, rise_clients.id) AS new_sort, rise_clients.lead_status_id, rise_clients.owner_id,
                (SELECT rise_users.image FROM rise_users WHERE rise_users.client_id=rise_clients.id AND rise_users.deleted=0 AND rise_users.user_type=\'lead\' AND rise_users.is_primary_contact=1) AS primary_contact_avatar,
                (SELECT COUNT(rise_users.id) FROM rise_users WHERE rise_users.client_id=rise_clients.id AND rise_users.deleted=0 AND rise_users.user_type=\'lead\') AS total_contacts_count,
                (SELECT COUNT(rise_events.id) FROM rise_events WHERE rise_events.deleted=0 AND rise_events.client_id=rise_clients.id) AS total_events_count,
                (SELECT COUNT(rise_notes.id) FROM rise_notes WHERE rise_notes.deleted=0 AND rise_notes.client_id=rise_clients.id) AS total_notes_count,
                (SELECT COUNT(rise_estimates.id) FROM rise_estimates WHERE rise_estimates.deleted=0 AND rise_estimates.client_id=rise_clients.id) AS total_estimates_count,
                (SELECT COUNT(rise_general_files.id) FROM rise_general_files WHERE rise_general_files.deleted=0 AND rise_general_files.client_id=rise_clients.id) AS total_files_count,
                (SELECT COUNT(rise_estimate_requests.id) FROM rise_estimate_requests WHERE rise_estimate_requests.deleted=0 AND rise_estimate_requests.client_id=rise_clients.id) AS total_estimate_requests_count,
                rise_lead_source.title AS lead_source_title,
                CONCAT(rise_users.first_name, \' \', rise_users.last_name) AS owner_name
        FROM rise_clients 
        LEFT JOIN rise_lead_source ON rise_clients.lead_source_id = rise_lead_source.id 
        LEFT JOIN rise_users ON rise_users.id = rise_clients.owner_id AND rise_users.deleted=0 AND rise_users.user_type=\'staff\' 
        WHERE rise_clients.deleted=0 AND rise_clients.is_lead=1  
        ORDER BY new_sort ASC')
 4 APPPATH\Models\Clients_model.php(429): CodeIgniter\Database\BaseConnection->query('SELECT rise_clients.id, rise_clients.company_name, rise_clients.sort, IF(rise_clients.sort!=0, rise_clients.sort, rise_clients.id) AS new_sort, rise_clients.lead_status_id, rise_clients.owner_id,
                (SELECT rise_users.image FROM rise_users WHERE rise_users.client_id=rise_clients.id AND rise_users.deleted=0 AND rise_users.user_type=\'lead\' AND rise_users.is_primary_contact=1) AS primary_contact_avatar,
                (SELECT COUNT(rise_users.id) FROM rise_users WHERE rise_users.client_id=rise_clients.id AND rise_users.deleted=0 AND rise_users.user_type=\'lead\') AS total_contacts_count,
                (SELECT COUNT(rise_events.id) FROM rise_events WHERE rise_events.deleted=0 AND rise_events.client_id=rise_clients.id) AS total_events_count,
                (SELECT COUNT(rise_notes.id) FROM rise_notes WHERE rise_notes.deleted=0 AND rise_notes.client_id=rise_clients.id) AS total_notes_count,
                (SELECT COUNT(rise_estimates.id) FROM rise_estimates WHERE rise_estimates.deleted=0 AND rise_estimates.client_id=rise_clients.id) AS total_estimates_count,
                (SELECT COUNT(rise_general_files.id) FROM rise_general_files WHERE rise_general_files.deleted=0 AND rise_general_files.client_id=rise_clients.id) AS total_files_count,
                (SELECT COUNT(rise_estimate_requests.id) FROM rise_estimate_requests WHERE rise_estimate_requests.deleted=0 AND rise_estimate_requests.client_id=rise_clients.id) AS total_estimate_requests_count,
                rise_lead_source.title AS lead_source_title,
                CONCAT(rise_users.first_name, \' \', rise_users.last_name) AS owner_name
        FROM rise_clients 
        LEFT JOIN rise_lead_source ON rise_clients.lead_source_id = rise_lead_source.id 
        LEFT JOIN rise_users ON rise_users.id = rise_clients.owner_id AND rise_users.deleted=0 AND rise_users.user_type=\'staff\' 
        WHERE rise_clients.deleted=0 AND rise_clients.is_lead=1  
        ORDER BY new_sort ASC')
 5 APPPATH\Controllers\Leads.php(1030): App\Models\Clients_model->get_leads_kanban_details([...])
 6 SYSTEMPATH\CodeIgniter.php(932): App\Controllers\Leads->all_leads_kanban_data()
 7 SYSTEMPATH\CodeIgniter.php(497): CodeIgniter\CodeIgniter->runController(Object(App\Controllers\Leads))
 8 SYSTEMPATH\CodeIgniter.php(366): CodeIgniter\CodeIgniter->handleRequest(null, Object(Config\Cache), false)
 9 FCPATH\index.php(80): CodeIgniter\CodeIgniter->run()
CRITICAL - 2024-03-14 04:52:07 --> Undefined property: stdClass::$current_lead_status
in APPPATH\Controllers\Leads.php on line 632.
 1 APPPATH\Controllers\Leads.php(632): CodeIgniter\Debug\Exceptions->errorHandler(2, 'Undefined property: stdClass::$current_lead_status', 'D:\\projects\\visaalliance-crm\\app\\Controllers\\Leads.php', 632)
 2 SYSTEMPATH\CodeIgniter.php(932): App\Controllers\Leads->contact_profile('5')
 3 SYSTEMPATH\CodeIgniter.php(497): CodeIgniter\CodeIgniter->runController(Object(App\Controllers\Leads))
 4 SYSTEMPATH\CodeIgniter.php(366): CodeIgniter\CodeIgniter->handleRequest(null, Object(Config\Cache), false)
 5 FCPATH\index.php(80): CodeIgniter\CodeIgniter->run()
CRITICAL - 2024-03-14 06:35:33 --> Array to string conversion
in APPPATH\Views\leads\index.php on line 90.
 1 APPPATH\Views\leads\index.php(90): CodeIgniter\Debug\Exceptions->errorHandler(2, 'Array to string conversion', 'D:\\projects\\visaalliance-crm\\app\\Views\\leads\\index.php', 90)
 2 SYSTEMPATH\View\View.php(224): include('D:\\projects\\visaalliance-crm\\app\\Views\\leads\\index.php')
 3 SYSTEMPATH\View\View.php(227): CodeIgniter\View\View->CodeIgniter\View\{closure}()
 4 SYSTEMPATH\Common.php(1180): CodeIgniter\View\View->render('leads/index', [], true)
 5 APPPATH\Views\layout\index.php(62): view('leads/index')
 6 SYSTEMPATH\View\View.php(224): include('D:\\projects\\visaalliance-crm\\app\\Views\\layout\\index.php')
 7 SYSTEMPATH\View\View.php(227): CodeIgniter\View\View->CodeIgniter\View\{closure}()
 8 SYSTEMPATH\Common.php(1180): CodeIgniter\View\View->render('layout/index', [], true)
 9 APPPATH\Libraries\Template.php(42): view('layout/index', [...])
10 APPPATH\Libraries\Template.php(24): App\Libraries\Template->view('layout/index', [...])
11 APPPATH\Controllers\Leads.php(53): App\Libraries\Template->rander('leads/index', [...])
12 SYSTEMPATH\CodeIgniter.php(932): App\Controllers\Leads->index()
13 SYSTEMPATH\CodeIgniter.php(497): CodeIgniter\CodeIgniter->runController(Object(App\Controllers\Leads))
14 SYSTEMPATH\CodeIgniter.php(366): CodeIgniter\CodeIgniter->handleRequest(null, Object(Config\Cache), false)
15 FCPATH\index.php(80): CodeIgniter\CodeIgniter->run()
CRITICAL - 2024-03-14 06:41:11 --> Array to string conversion
in APPPATH\Views\includes\topbar.php on line 96.
 1 APPPATH\Views\includes\topbar.php(96): CodeIgniter\Debug\Exceptions->errorHandler(2, 'Array to string conversion', 'D:\\projects\\visaalliance-crm\\app\\Views\\includes\\topbar.php', 96)
 2 SYSTEMPATH\View\View.php(224): include('D:\\projects\\visaalliance-crm\\app\\Views\\includes\\topbar.php')
 3 SYSTEMPATH\View\View.php(227): CodeIgniter\View\View->CodeIgniter\View\{closure}()
 4 SYSTEMPATH\Common.php(1180): CodeIgniter\View\View->render('includes/topbar', [], true)
 5 APPPATH\Views\layout\index.php(18): view('includes/topbar', [...])
 6 SYSTEMPATH\View\View.php(224): include('D:\\projects\\visaalliance-crm\\app\\Views\\layout\\index.php')
 7 SYSTEMPATH\View\View.php(227): CodeIgniter\View\View->CodeIgniter\View\{closure}()
 8 SYSTEMPATH\Common.php(1180): CodeIgniter\View\View->render('layout/index', [], true)
 9 APPPATH\Libraries\Template.php(42): view('layout/index', [...])
10 APPPATH\Libraries\Template.php(24): App\Libraries\Template->view('layout/index', [...])
11 APPPATH\Controllers\Leads.php(54): App\Libraries\Template->rander('leads/index', [...])
12 SYSTEMPATH\CodeIgniter.php(932): App\Controllers\Leads->index()
13 SYSTEMPATH\CodeIgniter.php(497): CodeIgniter\CodeIgniter->runController(Object(App\Controllers\Leads))
14 SYSTEMPATH\CodeIgniter.php(366): CodeIgniter\CodeIgniter->handleRequest(null, Object(Config\Cache), false)
15 FCPATH\index.php(80): CodeIgniter\CodeIgniter->run()
CRITICAL - 2024-03-14 06:41:54 --> Array to string conversion
in APPPATH\Views\includes\topbar.php on line 96.
 1 APPPATH\Views\includes\topbar.php(96): CodeIgniter\Debug\Exceptions->errorHandler(2, 'Array to string conversion', 'D:\\projects\\visaalliance-crm\\app\\Views\\includes\\topbar.php', 96)
 2 SYSTEMPATH\View\View.php(224): include('D:\\projects\\visaalliance-crm\\app\\Views\\includes\\topbar.php')
 3 SYSTEMPATH\View\View.php(227): CodeIgniter\View\View->CodeIgniter\View\{closure}()
 4 SYSTEMPATH\Common.php(1180): CodeIgniter\View\View->render('includes/topbar', [], true)
 5 APPPATH\Views\layout\index.php(18): view('includes/topbar', [...])
 6 SYSTEMPATH\View\View.php(224): include('D:\\projects\\visaalliance-crm\\app\\Views\\layout\\index.php')
 7 SYSTEMPATH\View\View.php(227): CodeIgniter\View\View->CodeIgniter\View\{closure}()
 8 SYSTEMPATH\Common.php(1180): CodeIgniter\View\View->render('layout/index', [], true)
 9 APPPATH\Libraries\Template.php(42): view('layout/index', [...])
10 APPPATH\Libraries\Template.php(24): App\Libraries\Template->view('layout/index', [...])
11 APPPATH\Controllers\Leads.php(54): App\Libraries\Template->rander('leads/index', [...])
12 SYSTEMPATH\CodeIgniter.php(932): App\Controllers\Leads->index()
13 SYSTEMPATH\CodeIgniter.php(497): CodeIgniter\CodeIgniter->runController(Object(App\Controllers\Leads))
14 SYSTEMPATH\CodeIgniter.php(366): CodeIgniter\CodeIgniter->handleRequest(null, Object(Config\Cache), false)
15 FCPATH\index.php(80): CodeIgniter\CodeIgniter->run()
CRITICAL - 2024-03-14 06:42:48 --> Array to string conversion
in APPPATH\Views\includes\topbar.php on line 96.
 1 APPPATH\Views\includes\topbar.php(96): CodeIgniter\Debug\Exceptions->errorHandler(2, 'Array to string conversion', 'D:\\projects\\visaalliance-crm\\app\\Views\\includes\\topbar.php', 96)
 2 SYSTEMPATH\View\View.php(224): include('D:\\projects\\visaalliance-crm\\app\\Views\\includes\\topbar.php')
 3 SYSTEMPATH\View\View.php(227): CodeIgniter\View\View->CodeIgniter\View\{closure}()
 4 SYSTEMPATH\Common.php(1180): CodeIgniter\View\View->render('includes/topbar', [], true)
 5 APPPATH\Views\layout\index.php(18): view('includes/topbar', [...])
 6 SYSTEMPATH\View\View.php(224): include('D:\\projects\\visaalliance-crm\\app\\Views\\layout\\index.php')
 7 SYSTEMPATH\View\View.php(227): CodeIgniter\View\View->CodeIgniter\View\{closure}()
 8 SYSTEMPATH\Common.php(1180): CodeIgniter\View\View->render('layout/index', [], true)
 9 APPPATH\Libraries\Template.php(42): view('layout/index', [...])
10 APPPATH\Libraries\Template.php(24): App\Libraries\Template->view('layout/index', [...])
11 APPPATH\Controllers\Leads.php(54): App\Libraries\Template->rander('leads/index', [...])
12 SYSTEMPATH\CodeIgniter.php(932): App\Controllers\Leads->index()
13 SYSTEMPATH\CodeIgniter.php(497): CodeIgniter\CodeIgniter->runController(Object(App\Controllers\Leads))
14 SYSTEMPATH\CodeIgniter.php(366): CodeIgniter\CodeIgniter->handleRequest(null, Object(Config\Cache), false)
15 FCPATH\index.php(80): CodeIgniter\CodeIgniter->run()
CRITICAL - 2024-03-14 06:44:33 --> Array to string conversion
in APPPATH\Views\includes\topbar.php on line 95.
 1 APPPATH\Views\includes\topbar.php(95): CodeIgniter\Debug\Exceptions->errorHandler(2, 'Array to string conversion', 'D:\\projects\\visaalliance-crm\\app\\Views\\includes\\topbar.php', 95)
 2 SYSTEMPATH\View\View.php(224): include('D:\\projects\\visaalliance-crm\\app\\Views\\includes\\topbar.php')
 3 SYSTEMPATH\View\View.php(227): CodeIgniter\View\View->CodeIgniter\View\{closure}()
 4 SYSTEMPATH\Common.php(1180): CodeIgniter\View\View->render('includes/topbar', [], true)
 5 APPPATH\Views\layout\index.php(18): view('includes/topbar', [...])
 6 SYSTEMPATH\View\View.php(224): include('D:\\projects\\visaalliance-crm\\app\\Views\\layout\\index.php')
 7 SYSTEMPATH\View\View.php(227): CodeIgniter\View\View->CodeIgniter\View\{closure}()
 8 SYSTEMPATH\Common.php(1180): CodeIgniter\View\View->render('layout/index', [], true)
 9 APPPATH\Libraries\Template.php(42): view('layout/index', [...])
10 APPPATH\Libraries\Template.php(24): App\Libraries\Template->view('layout/index', [...])
11 APPPATH\Controllers\Leads.php(54): App\Libraries\Template->rander('leads/index', [...])
12 SYSTEMPATH\CodeIgniter.php(932): App\Controllers\Leads->index()
13 SYSTEMPATH\CodeIgniter.php(497): CodeIgniter\CodeIgniter->runController(Object(App\Controllers\Leads))
14 SYSTEMPATH\CodeIgniter.php(366): CodeIgniter\CodeIgniter->handleRequest(null, Object(Config\Cache), false)
15 FCPATH\index.php(80): CodeIgniter\CodeIgniter->run()
CRITICAL - 2024-03-14 06:44:50 --> Array to string conversion
in APPPATH\Views\includes\topbar.php on line 99.
 1 APPPATH\Views\includes\topbar.php(99): CodeIgniter\Debug\Exceptions->errorHandler(2, 'Array to string conversion', 'D:\\projects\\visaalliance-crm\\app\\Views\\includes\\topbar.php', 99)
 2 SYSTEMPATH\View\View.php(224): include('D:\\projects\\visaalliance-crm\\app\\Views\\includes\\topbar.php')
 3 SYSTEMPATH\View\View.php(227): CodeIgniter\View\View->CodeIgniter\View\{closure}()
 4 SYSTEMPATH\Common.php(1180): CodeIgniter\View\View->render('includes/topbar', [], true)
 5 APPPATH\Views\layout\index.php(18): view('includes/topbar', [...])
 6 SYSTEMPATH\View\View.php(224): include('D:\\projects\\visaalliance-crm\\app\\Views\\layout\\index.php')
 7 SYSTEMPATH\View\View.php(227): CodeIgniter\View\View->CodeIgniter\View\{closure}()
 8 SYSTEMPATH\Common.php(1180): CodeIgniter\View\View->render('layout/index', [], true)
 9 APPPATH\Libraries\Template.php(42): view('layout/index', [...])
10 APPPATH\Libraries\Template.php(24): App\Libraries\Template->view('layout/index', [...])
11 APPPATH\Controllers\Leads.php(54): App\Libraries\Template->rander('leads/index', [...])
12 SYSTEMPATH\CodeIgniter.php(932): App\Controllers\Leads->index()
13 SYSTEMPATH\CodeIgniter.php(497): CodeIgniter\CodeIgniter->runController(Object(App\Controllers\Leads))
14 SYSTEMPATH\CodeIgniter.php(366): CodeIgniter\CodeIgniter->handleRequest(null, Object(Config\Cache), false)
15 FCPATH\index.php(80): CodeIgniter\CodeIgniter->run()
CRITICAL - 2024-03-14 06:45:35 --> Array to string conversion
in APPPATH\Views\includes\topbar.php on line 96.
 1 APPPATH\Views\includes\topbar.php(96): CodeIgniter\Debug\Exceptions->errorHandler(2, 'Array to string conversion', 'D:\\projects\\visaalliance-crm\\app\\Views\\includes\\topbar.php', 96)
 2 SYSTEMPATH\View\View.php(224): include('D:\\projects\\visaalliance-crm\\app\\Views\\includes\\topbar.php')
 3 SYSTEMPATH\View\View.php(227): CodeIgniter\View\View->CodeIgniter\View\{closure}()
 4 SYSTEMPATH\Common.php(1180): CodeIgniter\View\View->render('includes/topbar', [], true)
 5 APPPATH\Views\layout\index.php(18): view('includes/topbar', [...])
 6 SYSTEMPATH\View\View.php(224): include('D:\\projects\\visaalliance-crm\\app\\Views\\layout\\index.php')
 7 SYSTEMPATH\View\View.php(227): CodeIgniter\View\View->CodeIgniter\View\{closure}()
 8 SYSTEMPATH\Common.php(1180): CodeIgniter\View\View->render('layout/index', [], true)
 9 APPPATH\Libraries\Template.php(42): view('layout/index', [...])
10 APPPATH\Libraries\Template.php(24): App\Libraries\Template->view('layout/index', [...])
11 APPPATH\Controllers\Leads.php(54): App\Libraries\Template->rander('leads/index', [...])
12 SYSTEMPATH\CodeIgniter.php(932): App\Controllers\Leads->index()
13 SYSTEMPATH\CodeIgniter.php(497): CodeIgniter\CodeIgniter->runController(Object(App\Controllers\Leads))
14 SYSTEMPATH\CodeIgniter.php(366): CodeIgniter\CodeIgniter->handleRequest(null, Object(Config\Cache), false)
15 FCPATH\index.php(80): CodeIgniter\CodeIgniter->run()
CRITICAL - 2024-03-14 07:38:50 --> Undefined variable $view_data
in APPPATH\Controllers\Notes.php on line 68.
 1 APPPATH\Controllers\Notes.php(68): CodeIgniter\Debug\Exceptions->errorHandler(2, 'Undefined variable $view_data', 'D:\\projects\\visaalliance-crm\\app\\Controllers\\Notes.php', 68)
 2 SYSTEMPATH\CodeIgniter.php(932): App\Controllers\Notes->modal_form()
 3 SYSTEMPATH\CodeIgniter.php(497): CodeIgniter\CodeIgniter->runController(Object(App\Controllers\Notes))
 4 SYSTEMPATH\CodeIgniter.php(366): CodeIgniter\CodeIgniter->handleRequest(null, Object(Config\Cache), false)
 5 FCPATH\index.php(80): CodeIgniter\CodeIgniter->run()
CRITICAL - 2024-03-14 08:12:51 --> Undefined variable $active_tab
in APPPATH\Views\leads\index.php on line 6.
 1 APPPATH\Views\leads\index.php(6): CodeIgniter\Debug\Exceptions->errorHandler(2, 'Undefined variable $active_tab', 'D:\\projects\\visaalliance-crm\\app\\Views\\leads\\index.php', 6)
 2 SYSTEMPATH\View\View.php(224): include('D:\\projects\\visaalliance-crm\\app\\Views\\leads\\index.php')
 3 SYSTEMPATH\View\View.php(227): CodeIgniter\View\View->CodeIgniter\View\{closure}()
 4 SYSTEMPATH\Common.php(1180): CodeIgniter\View\View->render('leads/index', [], true)
 5 APPPATH\Views\layout\index.php(62): view('leads/index')
 6 SYSTEMPATH\View\View.php(224): include('D:\\projects\\visaalliance-crm\\app\\Views\\layout\\index.php')
 7 SYSTEMPATH\View\View.php(227): CodeIgniter\View\View->CodeIgniter\View\{closure}()
 8 SYSTEMPATH\Common.php(1180): CodeIgniter\View\View->render('layout/index', [], true)
 9 APPPATH\Libraries\Template.php(42): view('layout/index', [...])
10 APPPATH\Libraries\Template.php(24): App\Libraries\Template->view('layout/index', [...])
11 APPPATH\Controllers\Leads.php(54): App\Libraries\Template->rander('leads/index', [...])
12 SYSTEMPATH\CodeIgniter.php(932): App\Controllers\Leads->index()
13 SYSTEMPATH\CodeIgniter.php(497): CodeIgniter\CodeIgniter->runController(Object(App\Controllers\Leads))
14 SYSTEMPATH\CodeIgniter.php(366): CodeIgniter\CodeIgniter->handleRequest(null, Object(Config\Cache), false)
15 FCPATH\index.php(80): CodeIgniter\CodeIgniter->run()
CRITICAL - 2024-03-14 10:30:39 --> Undefined variable $custom_field_headers
in APPPATH\Views\leads\cold_leads_list.php on line 51.
 1 APPPATH\Views\leads\cold_leads_list.php(51): CodeIgniter\Debug\Exceptions->errorHandler(2, 'Undefined variable $custom_field_headers', 'D:\\projects\\visaalliance-crm\\app\\Views\\leads\\cold_leads_list.php', 51)
 2 SYSTEMPATH\View\View.php(224): include('D:\\projects\\visaalliance-crm\\app\\Views\\leads\\cold_leads_list.php')
 3 SYSTEMPATH\View\View.php(227): CodeIgniter\View\View->CodeIgniter\View\{closure}()
 4 SYSTEMPATH\Common.php(1180): CodeIgniter\View\View->render('leads/cold_leads_list', [], true)
 5 APPPATH\Views\layout\index.php(62): view('leads/cold_leads_list')
 6 SYSTEMPATH\View\View.php(224): include('D:\\projects\\visaalliance-crm\\app\\Views\\layout\\index.php')
 7 SYSTEMPATH\View\View.php(227): CodeIgniter\View\View->CodeIgniter\View\{closure}()
 8 SYSTEMPATH\Common.php(1180): CodeIgniter\View\View->render('layout/index', [], true)
 9 APPPATH\Libraries\Template.php(42): view('layout/index', [...])
10 APPPATH\Libraries\Template.php(24): App\Libraries\Template->view('layout/index', [...])
11 APPPATH\Controllers\Leads.php(79): App\Libraries\Template->rander('leads/cold_leads_list', [])
12 SYSTEMPATH\CodeIgniter.php(932): App\Controllers\Leads->cold_leads()
13 SYSTEMPATH\CodeIgniter.php(497): CodeIgniter\CodeIgniter->runController(Object(App\Controllers\Leads))
14 SYSTEMPATH\CodeIgniter.php(366): CodeIgniter\CodeIgniter->handleRequest(null, Object(Config\Cache), false)
15 FCPATH\index.php(80): CodeIgniter\CodeIgniter->run()
CRITICAL - 2024-03-14 10:30:50 --> Undefined variable $custom_field_headers
in APPPATH\Views\leads\cold_leads_list.php on line 51.
 1 APPPATH\Views\leads\cold_leads_list.php(51): CodeIgniter\Debug\Exceptions->errorHandler(2, 'Undefined variable $custom_field_headers', 'D:\\projects\\visaalliance-crm\\app\\Views\\leads\\cold_leads_list.php', 51)
 2 SYSTEMPATH\View\View.php(224): include('D:\\projects\\visaalliance-crm\\app\\Views\\leads\\cold_leads_list.php')
 3 SYSTEMPATH\View\View.php(227): CodeIgniter\View\View->CodeIgniter\View\{closure}()
 4 SYSTEMPATH\Common.php(1180): CodeIgniter\View\View->render('leads/cold_leads_list', [], true)
 5 APPPATH\Views\layout\index.php(62): view('leads/cold_leads_list')
 6 SYSTEMPATH\View\View.php(224): include('D:\\projects\\visaalliance-crm\\app\\Views\\layout\\index.php')
 7 SYSTEMPATH\View\View.php(227): CodeIgniter\View\View->CodeIgniter\View\{closure}()
 8 SYSTEMPATH\Common.php(1180): CodeIgniter\View\View->render('layout/index', [], true)
 9 APPPATH\Libraries\Template.php(42): view('layout/index', [...])
10 APPPATH\Libraries\Template.php(24): App\Libraries\Template->view('layout/index', [...])
11 APPPATH\Controllers\Leads.php(91): App\Libraries\Template->rander('leads/cold_leads_list', [])
12 SYSTEMPATH\CodeIgniter.php(932): App\Controllers\Leads->cold_leads()
13 SYSTEMPATH\CodeIgniter.php(497): CodeIgniter\CodeIgniter->runController(Object(App\Controllers\Leads))
14 SYSTEMPATH\CodeIgniter.php(366): CodeIgniter\CodeIgniter->handleRequest(null, Object(Config\Cache), false)
15 FCPATH\index.php(80): CodeIgniter\CodeIgniter->run()
CRITICAL - 2024-03-14 10:31:01 --> Undefined variable $custom_field_headers
in APPPATH\Views\leads\cold_leads_list.php on line 51.
 1 APPPATH\Views\leads\cold_leads_list.php(51): CodeIgniter\Debug\Exceptions->errorHandler(2, 'Undefined variable $custom_field_headers', 'D:\\projects\\visaalliance-crm\\app\\Views\\leads\\cold_leads_list.php', 51)
 2 SYSTEMPATH\View\View.php(224): include('D:\\projects\\visaalliance-crm\\app\\Views\\leads\\cold_leads_list.php')
 3 SYSTEMPATH\View\View.php(227): CodeIgniter\View\View->CodeIgniter\View\{closure}()
 4 SYSTEMPATH\Common.php(1180): CodeIgniter\View\View->render('leads/cold_leads_list', [], true)
 5 APPPATH\Views\layout\index.php(62): view('leads/cold_leads_list')
 6 SYSTEMPATH\View\View.php(224): include('D:\\projects\\visaalliance-crm\\app\\Views\\layout\\index.php')
 7 SYSTEMPATH\View\View.php(227): CodeIgniter\View\View->CodeIgniter\View\{closure}()
 8 SYSTEMPATH\Common.php(1180): CodeIgniter\View\View->render('layout/index', [], true)
 9 APPPATH\Libraries\Template.php(42): view('layout/index', [...])
10 APPPATH\Libraries\Template.php(24): App\Libraries\Template->view('layout/index', [...])
11 APPPATH\Controllers\Leads.php(91): App\Libraries\Template->rander('leads/cold_leads_list', [])
12 SYSTEMPATH\CodeIgniter.php(932): App\Controllers\Leads->cold_leads()
13 SYSTEMPATH\CodeIgniter.php(497): CodeIgniter\CodeIgniter->runController(Object(App\Controllers\Leads))
14 SYSTEMPATH\CodeIgniter.php(366): CodeIgniter\CodeIgniter->handleRequest(null, Object(Config\Cache), false)
15 FCPATH\index.php(80): CodeIgniter\CodeIgniter->run()
CRITICAL - 2024-03-14 10:31:04 --> Undefined variable $custom_field_headers
in APPPATH\Views\leads\cold_leads_list.php on line 51.
 1 APPPATH\Views\leads\cold_leads_list.php(51): CodeIgniter\Debug\Exceptions->errorHandler(2, 'Undefined variable $custom_field_headers', 'D:\\projects\\visaalliance-crm\\app\\Views\\leads\\cold_leads_list.php', 51)
 2 SYSTEMPATH\View\View.php(224): include('D:\\projects\\visaalliance-crm\\app\\Views\\leads\\cold_leads_list.php')
 3 SYSTEMPATH\View\View.php(227): CodeIgniter\View\View->CodeIgniter\View\{closure}()
 4 SYSTEMPATH\Common.php(1180): CodeIgniter\View\View->render('leads/cold_leads_list', [], true)
 5 APPPATH\Views\layout\index.php(62): view('leads/cold_leads_list')
 6 SYSTEMPATH\View\View.php(224): include('D:\\projects\\visaalliance-crm\\app\\Views\\layout\\index.php')
 7 SYSTEMPATH\View\View.php(227): CodeIgniter\View\View->CodeIgniter\View\{closure}()
 8 SYSTEMPATH\Common.php(1180): CodeIgniter\View\View->render('layout/index', [], true)
 9 APPPATH\Libraries\Template.php(42): view('layout/index', [...])
10 APPPATH\Libraries\Template.php(24): App\Libraries\Template->view('layout/index', [...])
11 APPPATH\Controllers\Leads.php(91): App\Libraries\Template->rander('leads/cold_leads_list', [])
12 SYSTEMPATH\CodeIgniter.php(932): App\Controllers\Leads->cold_leads()
13 SYSTEMPATH\CodeIgniter.php(497): CodeIgniter\CodeIgniter->runController(Object(App\Controllers\Leads))
14 SYSTEMPATH\CodeIgniter.php(366): CodeIgniter\CodeIgniter->handleRequest(null, Object(Config\Cache), false)
15 FCPATH\index.php(80): CodeIgniter\CodeIgniter->run()
CRITICAL - 2024-03-14 10:32:05 --> Undefined variable $custom_field_headers
in APPPATH\Views\leads\cold_leads_list.php on line 51.
 1 APPPATH\Views\leads\cold_leads_list.php(51): CodeIgniter\Debug\Exceptions->errorHandler(2, 'Undefined variable $custom_field_headers', 'D:\\projects\\visaalliance-crm\\app\\Views\\leads\\cold_leads_list.php', 51)
 2 SYSTEMPATH\View\View.php(224): include('D:\\projects\\visaalliance-crm\\app\\Views\\leads\\cold_leads_list.php')
 3 SYSTEMPATH\View\View.php(227): CodeIgniter\View\View->CodeIgniter\View\{closure}()
 4 SYSTEMPATH\Common.php(1180): CodeIgniter\View\View->render('leads/cold_leads_list', [], true)
 5 APPPATH\Views\layout\index.php(62): view('leads/cold_leads_list')
 6 SYSTEMPATH\View\View.php(224): include('D:\\projects\\visaalliance-crm\\app\\Views\\layout\\index.php')
 7 SYSTEMPATH\View\View.php(227): CodeIgniter\View\View->CodeIgniter\View\{closure}()
 8 SYSTEMPATH\Common.php(1180): CodeIgniter\View\View->render('layout/index', [], true)
 9 APPPATH\Libraries\Template.php(42): view('layout/index', [...])
10 APPPATH\Libraries\Template.php(24): App\Libraries\Template->view('layout/index', [...])
11 APPPATH\Controllers\Leads.php(91): App\Libraries\Template->rander('leads/cold_leads_list', [])
12 SYSTEMPATH\CodeIgniter.php(932): App\Controllers\Leads->cold_leads()
13 SYSTEMPATH\CodeIgniter.php(497): CodeIgniter\CodeIgniter->runController(Object(App\Controllers\Leads))
14 SYSTEMPATH\CodeIgniter.php(366): CodeIgniter\CodeIgniter->handleRequest(null, Object(Config\Cache), false)
15 FCPATH\index.php(80): CodeIgniter\CodeIgniter->run()
CRITICAL - 2024-03-14 10:32:28 --> Undefined variable $custom_field_headers
in APPPATH\Views\leads\cold_leads_list.php on line 51.
 1 APPPATH\Views\leads\cold_leads_list.php(51): CodeIgniter\Debug\Exceptions->errorHandler(2, 'Undefined variable $custom_field_headers', 'D:\\projects\\visaalliance-crm\\app\\Views\\leads\\cold_leads_list.php', 51)
 2 SYSTEMPATH\View\View.php(224): include('D:\\projects\\visaalliance-crm\\app\\Views\\leads\\cold_leads_list.php')
 3 SYSTEMPATH\View\View.php(227): CodeIgniter\View\View->CodeIgniter\View\{closure}()
 4 SYSTEMPATH\Common.php(1180): CodeIgniter\View\View->render('leads/cold_leads_list', [], true)
 5 APPPATH\Views\layout\index.php(62): view('leads/cold_leads_list')
 6 SYSTEMPATH\View\View.php(224): include('D:\\projects\\visaalliance-crm\\app\\Views\\layout\\index.php')
 7 SYSTEMPATH\View\View.php(227): CodeIgniter\View\View->CodeIgniter\View\{closure}()
 8 SYSTEMPATH\Common.php(1180): CodeIgniter\View\View->render('layout/index', [], true)
 9 APPPATH\Libraries\Template.php(42): view('layout/index', [...])
10 APPPATH\Libraries\Template.php(24): App\Libraries\Template->view('layout/index', [...])
11 APPPATH\Controllers\Leads.php(91): App\Libraries\Template->rander('leads/cold_leads_list', [])
12 SYSTEMPATH\CodeIgniter.php(932): App\Controllers\Leads->cold_leads()
13 SYSTEMPATH\CodeIgniter.php(497): CodeIgniter\CodeIgniter->runController(Object(App\Controllers\Leads))
14 SYSTEMPATH\CodeIgniter.php(366): CodeIgniter\CodeIgniter->handleRequest(null, Object(Config\Cache), false)
15 FCPATH\index.php(80): CodeIgniter\CodeIgniter->run()
CRITICAL - 2024-03-14 10:33:35 --> Undefined variable $owners_dropdown
in APPPATH\Views\leads\cold_leads_list.php on line 60.
 1 APPPATH\Views\leads\cold_leads_list.php(60): CodeIgniter\Debug\Exceptions->errorHandler(2, 'Undefined variable $owners_dropdown', 'D:\\projects\\visaalliance-crm\\app\\Views\\leads\\cold_leads_list.php', 60)
 2 SYSTEMPATH\View\View.php(224): include('D:\\projects\\visaalliance-crm\\app\\Views\\leads\\cold_leads_list.php')
 3 SYSTEMPATH\View\View.php(227): CodeIgniter\View\View->CodeIgniter\View\{closure}()
 4 SYSTEMPATH\Common.php(1180): CodeIgniter\View\View->render('leads/cold_leads_list', [], true)
 5 APPPATH\Views\layout\index.php(62): view('leads/cold_leads_list')
 6 SYSTEMPATH\View\View.php(224): include('D:\\projects\\visaalliance-crm\\app\\Views\\layout\\index.php')
 7 SYSTEMPATH\View\View.php(227): CodeIgniter\View\View->CodeIgniter\View\{closure}()
 8 SYSTEMPATH\Common.php(1180): CodeIgniter\View\View->render('layout/index', [], true)
 9 APPPATH\Libraries\Template.php(42): view('layout/index', [...])
10 APPPATH\Libraries\Template.php(24): App\Libraries\Template->view('layout/index', [...])
11 APPPATH\Controllers\Leads.php(91): App\Libraries\Template->rander('leads/cold_leads_list', [])
12 SYSTEMPATH\CodeIgniter.php(932): App\Controllers\Leads->cold_leads()
13 SYSTEMPATH\CodeIgniter.php(497): CodeIgniter\CodeIgniter->runController(Object(App\Controllers\Leads))
14 SYSTEMPATH\CodeIgniter.php(366): CodeIgniter\CodeIgniter->handleRequest(null, Object(Config\Cache), false)
15 FCPATH\index.php(80): CodeIgniter\CodeIgniter->run()
CRITICAL - 2024-03-14 10:35:19 --> Undefined variable $owners_dropdown
in APPPATH\Views\leads\cold_leads_list.php on line 60.
 1 APPPATH\Views\leads\cold_leads_list.php(60): CodeIgniter\Debug\Exceptions->errorHandler(2, 'Undefined variable $owners_dropdown', 'D:\\projects\\visaalliance-crm\\app\\Views\\leads\\cold_leads_list.php', 60)
 2 SYSTEMPATH\View\View.php(224): include('D:\\projects\\visaalliance-crm\\app\\Views\\leads\\cold_leads_list.php')
 3 SYSTEMPATH\View\View.php(227): CodeIgniter\View\View->CodeIgniter\View\{closure}()
 4 SYSTEMPATH\Common.php(1180): CodeIgniter\View\View->render('leads/cold_leads_list', [], true)
 5 APPPATH\Views\layout\index.php(62): view('leads/cold_leads_list')
 6 SYSTEMPATH\View\View.php(224): include('D:\\projects\\visaalliance-crm\\app\\Views\\layout\\index.php')
 7 SYSTEMPATH\View\View.php(227): CodeIgniter\View\View->CodeIgniter\View\{closure}()
 8 SYSTEMPATH\Common.php(1180): CodeIgniter\View\View->render('layout/index', [], true)
 9 APPPATH\Libraries\Template.php(42): view('layout/index', [...])
10 APPPATH\Libraries\Template.php(24): App\Libraries\Template->view('layout/index', [...])
11 APPPATH\Controllers\Leads.php(91): App\Libraries\Template->rander('leads/cold_leads_list', [])
12 SYSTEMPATH\CodeIgniter.php(932): App\Controllers\Leads->cold_leads()
13 SYSTEMPATH\CodeIgniter.php(497): CodeIgniter\CodeIgniter->runController(Object(App\Controllers\Leads))
14 SYSTEMPATH\CodeIgniter.php(366): CodeIgniter\CodeIgniter->handleRequest(null, Object(Config\Cache), false)
15 FCPATH\index.php(80): CodeIgniter\CodeIgniter->run()
ERROR - 2024-03-14 21:44:43 --> Error connecting to the database: mysqli_sql_exception: Access denied for user 'visaalliance_crm'@'localhost' (using password: YES) in C:\xampp\htdocs\VA-latest\system\Database\MySQLi\Connection.php:173
Stack trace:
#0 C:\xampp\htdocs\VA-latest\system\Database\MySQLi\Connection.php(173): mysqli->real_connect('127.0.0.1', 'visaalliance_cr...', Object(SensitiveParameterValue), 'visaalliance_cr...', 3306, '', 0)
#1 C:\xampp\htdocs\VA-latest\system\Database\BaseConnection.php(391): CodeIgniter\Database\MySQLi\Connection->connect(false)
#2 C:\xampp\htdocs\VA-latest\system\Database\BaseConnection.php(574): CodeIgniter\Database\BaseConnection->initialize()
#3 C:\xampp\htdocs\VA-latest\app\Models\Crud_model.php(32): CodeIgniter\Database\BaseConnection->query('SET sql_mode = ...')
#4 C:\xampp\htdocs\VA-latest\app\Models\Settings_model.php(11): App\Models\Crud_model->__construct('settings')
#5 C:\xampp\htdocs\VA-latest\system\Config\Factories.php(113): App\Models\Settings_model->__construct(NULL)
#6 C:\xampp\htdocs\VA-latest\system\Common.php(825): CodeIgniter\Config\Factories::__callStatic('models', Array)
#7 C:\xampp\htdocs\VA-latest\app\Controllers\App_Controller.php(107): model('App\\Models\\Sett...')
#8 C:\xampp\htdocs\VA-latest\app\Controllers\Security_Controller.php(20): App\Controllers\App_Controller->__construct()
#9 C:\xampp\htdocs\VA-latest\app\Controllers\Dashboard.php(13): App\Controllers\Security_Controller->__construct()
#10 C:\xampp\htdocs\VA-latest\system\CodeIgniter.php(904): App\Controllers\Dashboard->__construct()
#11 C:\xampp\htdocs\VA-latest\system\CodeIgniter.php(488): CodeIgniter\CodeIgniter->createController()
#12 C:\xampp\htdocs\VA-latest\system\CodeIgniter.php(366): CodeIgniter\CodeIgniter->handleRequest(NULL, Object(Config\Cache), false)
#13 C:\xampp\htdocs\VA-latest\index.php(80): CodeIgniter\CodeIgniter->run()
#14 {main}

Next CodeIgniter\Database\Exceptions\DatabaseException: Access denied for user '****'@'localhost' (using password: YES) in C:\xampp\htdocs\VA-latest\system\Database\MySQLi\Connection.php:218
Stack trace:
#0 C:\xampp\htdocs\VA-latest\system\Database\BaseConnection.php(391): CodeIgniter\Database\MySQLi\Connection->connect(false)
#1 C:\xampp\htdocs\VA-latest\system\Database\BaseConnection.php(574): CodeIgniter\Database\BaseConnection->initialize()
#2 C:\xampp\htdocs\VA-latest\app\Models\Crud_model.php(32): CodeIgniter\Database\BaseConnection->query('SET sql_mode = ...')
#3 C:\xampp\htdocs\VA-latest\app\Models\Settings_model.php(11): App\Models\Crud_model->__construct('settings')
#4 C:\xampp\htdocs\VA-latest\system\Config\Factories.php(113): App\Models\Settings_model->__construct(NULL)
#5 C:\xampp\htdocs\VA-latest\system\Common.php(825): CodeIgniter\Config\Factories::__callStatic('models', Array)
#6 C:\xampp\htdocs\VA-latest\app\Controllers\App_Controller.php(107): model('App\\Models\\Sett...')
#7 C:\xampp\htdocs\VA-latest\app\Controllers\Security_Controller.php(20): App\Controllers\App_Controller->__construct()
#8 C:\xampp\htdocs\VA-latest\app\Controllers\Dashboard.php(13): App\Controllers\Security_Controller->__construct()
#9 C:\xampp\htdocs\VA-latest\system\CodeIgniter.php(904): App\Controllers\Dashboard->__construct()
#10 C:\xampp\htdocs\VA-latest\system\CodeIgniter.php(488): CodeIgniter\CodeIgniter->createController()
#11 C:\xampp\htdocs\VA-latest\system\CodeIgniter.php(366): CodeIgniter\CodeIgniter->handleRequest(NULL, Object(Config\Cache), false)
#12 C:\xampp\htdocs\VA-latest\index.php(80): CodeIgniter\CodeIgniter->run()
#13 {main}
CRITICAL - 2024-03-14 21:44:43 --> Unable to connect to the database.
Main connection [MySQLi]: Access denied for user '****'@'localhost' (using password: YES)
in SYSTEMPATH\Database\BaseConnection.php on line 427.
 1 SYSTEMPATH\Database\BaseConnection.php(574): CodeIgniter\Database\BaseConnection->initialize()
 2 APPPATH\Models\Crud_model.php(32): CodeIgniter\Database\BaseConnection->query('SET sql_mode = \'\'')
 3 APPPATH\Models\Settings_model.php(11): App\Models\Crud_model->__construct('settings')
 4 SYSTEMPATH\Config\Factories.php(113): App\Models\Settings_model->__construct(null)
 5 SYSTEMPATH\Common.php(825): CodeIgniter\Config\Factories::__callStatic('models', [...])
 6 APPPATH\Controllers\App_Controller.php(107): model('App\\Models\\Settings_model')
 7 APPPATH\Controllers\Security_Controller.php(20): App\Controllers\App_Controller->__construct()
 8 APPPATH\Controllers\Dashboard.php(13): App\Controllers\Security_Controller->__construct()
 9 SYSTEMPATH\CodeIgniter.php(904): App\Controllers\Dashboard->__construct()
10 SYSTEMPATH\CodeIgniter.php(488): CodeIgniter\CodeIgniter->createController()
11 SYSTEMPATH\CodeIgniter.php(366): CodeIgniter\CodeIgniter->handleRequest(null, Object(Config\Cache), false)
12 FCPATH\index.php(80): CodeIgniter\CodeIgniter->run()
WARNING - 2024-03-14 22:00:43 --> [DEPRECATED] preg_replace(): Passing null to parameter #3 ($subject) of type array|string is deprecated in APPPATH\Helpers\currency_helper.php on line 95.
 1 APPPATH\Helpers\currency_helper.php(95): preg_replace('/[^\\d,-\\.]/', '', null)
 2 APPPATH\Controllers\Projects.php(512): unformat_currency(null)
 3 SYSTEMPATH\CodeIgniter.php(932): App\Controllers\Projects->save()
 4 SYSTEMPATH\CodeIgniter.php(497): CodeIgniter\CodeIgniter->runController(Object(App\Controllers\Projects))
 5 SYSTEMPATH\CodeIgniter.php(366): CodeIgniter\CodeIgniter->handleRequest(null, Object(Config\Cache), false)
 6 FCPATH\index.php(80): CodeIgniter\CodeIgniter->run()
CRITICAL - 2024-03-14 22:03:17 --> Unsupported operand types: string - int
in APPPATH\Controllers\Projects.php on line 646.
 1 SYSTEMPATH\CodeIgniter.php(932): App\Controllers\Projects->previous_milestone('15')
 2 SYSTEMPATH\CodeIgniter.php(497): CodeIgniter\CodeIgniter->runController(Object(App\Controllers\Projects))
 3 SYSTEMPATH\CodeIgniter.php(366): CodeIgniter\CodeIgniter->handleRequest(null, Object(Config\Cache), false)
 4 FCPATH\index.php(80): CodeIgniter\CodeIgniter->run()
WARNING - 2024-03-14 22:11:09 --> [DEPRECATED] preg_replace(): Passing null to parameter #3 ($subject) of type array|string is deprecated in APPPATH\Helpers\currency_helper.php on line 95.
 1 APPPATH\Helpers\currency_helper.php(95): preg_replace('/[^\\d,-\\.]/', '', null)
 2 APPPATH\Controllers\Projects.php(512): unformat_currency(null)
 3 SYSTEMPATH\CodeIgniter.php(932): App\Controllers\Projects->save()
 4 SYSTEMPATH\CodeIgniter.php(497): CodeIgniter\CodeIgniter->runController(Object(App\Controllers\Projects))
 5 SYSTEMPATH\CodeIgniter.php(366): CodeIgniter\CodeIgniter->handleRequest(null, Object(Config\Cache), false)
 6 FCPATH\index.php(80): CodeIgniter\CodeIgniter->run()
WARNING - 2024-03-14 22:15:38 --> [DEPRECATED] preg_replace(): Passing null to parameter #3 ($subject) of type array|string is deprecated in APPPATH\Helpers\currency_helper.php on line 95.
 1 APPPATH\Helpers\currency_helper.php(95): preg_replace('/[^\\d,-\\.]/', '', null)
 2 APPPATH\Controllers\Projects.php(512): unformat_currency(null)
 3 SYSTEMPATH\CodeIgniter.php(932): App\Controllers\Projects->save()
 4 SYSTEMPATH\CodeIgniter.php(497): CodeIgniter\CodeIgniter->runController(Object(App\Controllers\Projects))
 5 SYSTEMPATH\CodeIgniter.php(366): CodeIgniter\CodeIgniter->handleRequest(null, Object(Config\Cache), false)
 6 FCPATH\index.php(80): CodeIgniter\CodeIgniter->run()
WARNING - 2024-03-14 22:16:02 --> [DEPRECATED] preg_replace(): Passing null to parameter #3 ($subject) of type array|string is deprecated in APPPATH\Helpers\currency_helper.php on line 95.
 1 APPPATH\Helpers\currency_helper.php(95): preg_replace('/[^\\d,-\\.]/', '', null)
 2 APPPATH\Controllers\Projects.php(512): unformat_currency(null)
 3 SYSTEMPATH\CodeIgniter.php(932): App\Controllers\Projects->save()
 4 SYSTEMPATH\CodeIgniter.php(497): CodeIgniter\CodeIgniter->runController(Object(App\Controllers\Projects))
 5 SYSTEMPATH\CodeIgniter.php(366): CodeIgniter\CodeIgniter->handleRequest(null, Object(Config\Cache), false)
 6 FCPATH\index.php(80): CodeIgniter\CodeIgniter->run()
ERROR - 2024-03-14 23:35:57 --> mysqli_sql_exception: Table 'visaalliance_crm.$' doesn't exist in C:\xampp\htdocs\VA-latest\system\Database\MySQLi\Connection.php:295
Stack trace:
#0 C:\xampp\htdocs\VA-latest\system\Database\MySQLi\Connection.php(295): mysqli->query('UPDATE $ SET ri...', 0)
#1 C:\xampp\htdocs\VA-latest\system\Database\BaseConnection.php(692): CodeIgniter\Database\MySQLi\Connection->execute('UPDATE $ SET ri...')
#2 C:\xampp\htdocs\VA-latest\system\Database\BaseConnection.php(606): CodeIgniter\Database\BaseConnection->simpleQuery('UPDATE $ SET ri...')
#3 C:\xampp\htdocs\VA-latest\app\Models\Clients_model.php(359): CodeIgniter\Database\BaseConnection->query('UPDATE $ SET ri...')
#4 C:\xampp\htdocs\VA-latest\app\Controllers\Leads.php(233): App\Models\Clients_model->delete_client_and_sub_items('24')
#5 C:\xampp\htdocs\VA-latest\system\CodeIgniter.php(932): App\Controllers\Leads->delete()
#6 C:\xampp\htdocs\VA-latest\system\CodeIgniter.php(497): CodeIgniter\CodeIgniter->runController(Object(App\Controllers\Leads))
#7 C:\xampp\htdocs\VA-latest\system\CodeIgniter.php(366): CodeIgniter\CodeIgniter->handleRequest(NULL, Object(Config\Cache), false)
#8 C:\xampp\htdocs\VA-latest\index.php(80): CodeIgniter\CodeIgniter->run()
#9 {main}
CRITICAL - 2024-03-14 23:35:57 --> Table 'visaalliance_crm.$' doesn't exist
in SYSTEMPATH\Database\MySQLi\Connection.php on line 295.
 1 SYSTEMPATH\Database\MySQLi\Connection.php(295): mysqli->query('UPDATE $ SET rise_projects.deleted=1 WHERE rise_projects.client_id=24; ', 0)
 2 SYSTEMPATH\Database\BaseConnection.php(692): CodeIgniter\Database\MySQLi\Connection->execute('UPDATE $ SET rise_projects.deleted=1 WHERE rise_projects.client_id=24; ')
 3 SYSTEMPATH\Database\BaseConnection.php(606): CodeIgniter\Database\BaseConnection->simpleQuery('UPDATE $ SET rise_projects.deleted=1 WHERE rise_projects.client_id=24; ')
 4 APPPATH\Models\Clients_model.php(359): CodeIgniter\Database\BaseConnection->query('UPDATE $ SET rise_projects.deleted=1 WHERE rise_projects.client_id=24; ')
 5 APPPATH\Controllers\Leads.php(233): App\Models\Clients_model->delete_client_and_sub_items('24')
 6 SYSTEMPATH\CodeIgniter.php(932): App\Controllers\Leads->delete()
 7 SYSTEMPATH\CodeIgniter.php(497): CodeIgniter\CodeIgniter->runController(Object(App\Controllers\Leads))
 8 SYSTEMPATH\CodeIgniter.php(366): CodeIgniter\CodeIgniter->handleRequest(null, Object(Config\Cache), false)
 9 FCPATH\index.php(80): CodeIgniter\CodeIgniter->run()
CRITICAL - 2024-03-14 23:40:24 --> syntax error, unexpected double-quoted string "value", expecting ")"
in APPPATH\Views\leads\lead_form_fields.php on line 47.
 1 SYSTEMPATH\View\View.php(227): CodeIgniter\View\View->CodeIgniter\View\{closure}()
 2 SYSTEMPATH\Common.php(1180): CodeIgniter\View\View->render('leads/lead_form_fields', [], true)
 3 APPPATH\Views\leads\modal_form.php(4): view('leads/lead_form_fields')
 4 SYSTEMPATH\View\View.php(224): include('C:\\xampp\\htdocs\\VA-latest\\app\\Views\\leads\\modal_form.php')
 5 SYSTEMPATH\View\View.php(227): CodeIgniter\View\View->CodeIgniter\View\{closure}()
 6 SYSTEMPATH\Common.php(1180): CodeIgniter\View\View->render('leads/modal_form', [], true)
 7 APPPATH\Libraries\Template.php(42): view('leads/modal_form', [...])
 8 APPPATH\Controllers\Leads.php(101): App\Libraries\Template->view('leads/modal_form', [...])
 9 SYSTEMPATH\CodeIgniter.php(932): App\Controllers\Leads->modal_form()
10 SYSTEMPATH\CodeIgniter.php(497): CodeIgniter\CodeIgniter->runController(Object(App\Controllers\Leads))
11 SYSTEMPATH\CodeIgniter.php(366): CodeIgniter\CodeIgniter->handleRequest(null, Object(Config\Cache), false)
12 FCPATH\index.php(80): CodeIgniter\CodeIgniter->run()
CRITICAL - 2024-03-14 23:51:18 --> The action you requested is not allowed.
in SYSTEMPATH\Security\Security.php on line 306.
 1 SYSTEMPATH\Security\Security.php(306): CodeIgniter\Security\Exceptions\SecurityException::forDisallowedAction()
 2 SYSTEMPATH\Filters\CSRF.php(55): CodeIgniter\Security\Security->verify(Object(CodeIgniter\HTTP\IncomingRequest))
 3 SYSTEMPATH\Filters\Filters.php(173): CodeIgniter\Filters\CSRF->before(Object(CodeIgniter\HTTP\IncomingRequest), null)
 4 SYSTEMPATH\CodeIgniter.php(471): CodeIgniter\Filters\Filters->run('leads/modal_form', 'before')
 5 SYSTEMPATH\CodeIgniter.php(366): CodeIgniter\CodeIgniter->handleRequest(null, Object(Config\Cache), false)
 6 FCPATH\index.php(80): CodeIgniter\CodeIgniter->run()
CRITICAL - 2024-03-14 23:51:20 --> Undefined array key "value"
in APPPATH\Controllers\Leads.php on line 249.
 1 APPPATH\Controllers\Leads.php(249): CodeIgniter\Debug\Exceptions->errorHandler(2, 'Undefined array key "value"', 'C:\\xampp\\htdocs\\VA-latest\\app\\Controllers\\Leads.php', 249)
 2 SYSTEMPATH\CodeIgniter.php(932): App\Controllers\Leads->list_data()
 3 SYSTEMPATH\CodeIgniter.php(497): CodeIgniter\CodeIgniter->runController(Object(App\Controllers\Leads))
 4 SYSTEMPATH\CodeIgniter.php(366): CodeIgniter\CodeIgniter->handleRequest(null, Object(Config\Cache), false)
 5 FCPATH\index.php(80): CodeIgniter\CodeIgniter->run()
CRITICAL - 2024-03-14 23:51:43 --> Undefined array key "value"
in APPPATH\Controllers\Leads.php on line 249.
 1 APPPATH\Controllers\Leads.php(249): CodeIgniter\Debug\Exceptions->errorHandler(2, 'Undefined array key "value"', 'C:\\xampp\\htdocs\\VA-latest\\app\\Controllers\\Leads.php', 249)
 2 SYSTEMPATH\CodeIgniter.php(932): App\Controllers\Leads->list_data()
 3 SYSTEMPATH\CodeIgniter.php(497): CodeIgniter\CodeIgniter->runController(Object(App\Controllers\Leads))
 4 SYSTEMPATH\CodeIgniter.php(366): CodeIgniter\CodeIgniter->handleRequest(null, Object(Config\Cache), false)
 5 FCPATH\index.php(80): CodeIgniter\CodeIgniter->run()
