CRITICAL - 2024-04-16 04:07:37 --> Undefined variable $4100
in APPPATH\Controllers\Projects.php on line 4797.
 1 APPPATH\Controllers\Projects.php(4797): CodeIgniter\Debug\Exceptions->errorHandler(2, 'Undefined variable $4100', 'D:\\projects\\visaalliance-crm\\app\\Controllers\\Projects.php', 4797)
 2 SYSTEMPATH\CodeIgniter.php(932): App\Controllers\Projects->save_project_fees()
 3 SYSTEMPATH\CodeIgniter.php(497): CodeIgniter\CodeIgniter->runController(Object(App\Controllers\Projects))
 4 SYSTEMPATH\CodeIgniter.php(366): CodeIgniter\CodeIgniter->handleRequest(null, Object(Config\Cache), false)
 5 FCPATH\index.php(80): CodeIgniter\CodeIgniter->run()
CRITICAL - 2024-04-16 04:07:44 --> Undefined variable $4100
in APPPATH\Controllers\Projects.php on line 4797.
 1 APPPATH\Controllers\Projects.php(4797): CodeIgniter\Debug\Exceptions->errorHandler(2, 'Undefined variable $4100', 'D:\\projects\\visaalliance-crm\\app\\Controllers\\Projects.php', 4797)
 2 SYSTEMPATH\CodeIgniter.php(932): App\Controllers\Projects->save_project_fees()
 3 SYSTEMPATH\CodeIgniter.php(497): CodeIgniter\CodeIgniter->runController(Object(App\Controllers\Projects))
 4 SYSTEMPATH\CodeIgniter.php(366): CodeIgniter\CodeIgniter->handleRequest(null, Object(Config\Cache), false)
 5 FCPATH\index.php(80): CodeIgniter\CodeIgniter->run()
CRITICAL - 2024-04-16 06:24:40 --> Undefined property: stdClass::$is_admin
in APPPATH\Controllers\Security_Controller.php on line 684.
 1 APPPATH\Controllers\Security_Controller.php(684): CodeIgniter\Debug\Exceptions->errorHandler(2, 'Undefined property: stdClass::$is_admin', 'D:\\projects\\visaalliance-crm\\app\\Controllers\\Security_Controller.php', 684)
 2 APPPATH\Controllers\Security_Controller.php(53): App\Controllers\Security_Controller->make_locations_dropdown()
 3 APPPATH\Helpers\activity_logs_helper.php(166): App\Controllers\Security_Controller->__construct(false)
 4 APPPATH\Helpers\activity_logs_helper.php(286): get_change_logs_of_custom_fields('status_id', true)
 5 APPPATH\Controllers\Notification_processor.php(159): get_change_logs_array([...], 'task', 'updated', true)
 6 APPPATH\Controllers\Notification_processor.php(91): App\Controllers\Notification_processor->_clasified_task_modification('project_task_updated', [...], '301')
 7 SYSTEMPATH\CodeIgniter.php(932): App\Controllers\Notification_processor->create_notification()
 8 SYSTEMPATH\CodeIgniter.php(497): CodeIgniter\CodeIgniter->runController(Object(App\Controllers\Notification_processor))
 9 SYSTEMPATH\CodeIgniter.php(366): CodeIgniter\CodeIgniter->handleRequest(null, Object(Config\Cache), false)
10 FCPATH\index.php(80): CodeIgniter\CodeIgniter->run()
CRITICAL - 2024-04-16 11:20:12 --> Failed to parse time string (2024-06-23-undefined-2024-06-23) at position 10 (-): Unexpected character
in APPPATH\Helpers\date_time_helper.php on line 316.
 1 APPPATH\Helpers\date_time_helper.php(316): DateTime->__construct('2024-06-23-undefined-2024-06-23')
 2 APPPATH\Helpers\activity_logs_helper.php(129): format_to_date('2024-06-23-undefined-2024-06-23', false)
 3 APPPATH\Helpers\activity_logs_helper.php(288): get_change_logs('milestone', 'due_date', [...])
 4 APPPATH\Views\activity_logs\milestone_activity_logs_widget.php(58): get_change_logs_array([...], 'milestone', 'updated')
 5 SYSTEMPATH\View\View.php(224): include('D:\\projects\\visaalliance-crm\\app\\Views\\activity_logs\\milestone_activity_logs_widget.php')
 6 SYSTEMPATH\View\View.php(227): CodeIgniter\View\View->CodeIgniter\View\{closure}()
 7 SYSTEMPATH\Common.php(1180): CodeIgniter\View\View->render('activity_logs/milestone_activity_logs_widget', [], true)
 8 APPPATH\Helpers\widget_helper.php(98): view('activity_logs/milestone_activity_logs_widget', [...])
 9 APPPATH\Views\projects\history\index.php(9): milestone_activity_logs_widget([...], [...], 0)
10 SYSTEMPATH\View\View.php(224): include('D:\\projects\\visaalliance-crm\\app\\Views\\projects\\history\\index.php')
11 SYSTEMPATH\View\View.php(227): CodeIgniter\View\View->CodeIgniter\View\{closure}()
12 SYSTEMPATH\Common.php(1180): CodeIgniter\View\View->render('projects/history/index', [], true)
13 APPPATH\Views\projects\history\overview_tabs.php(22): view('projects/history/index')
14 SYSTEMPATH\View\View.php(224): include('D:\\projects\\visaalliance-crm\\app\\Views\\projects\\history\\overview_tabs.php')
15 SYSTEMPATH\View\View.php(227): CodeIgniter\View\View->CodeIgniter\View\{closure}()
16 SYSTEMPATH\Common.php(1180): CodeIgniter\View\View->render('projects/history/overview_tabs', [], true)
17 APPPATH\Views\projects\overview.php(17): view('projects/history/overview_tabs')
18 SYSTEMPATH\View\View.php(224): include('D:\\projects\\visaalliance-crm\\app\\Views\\projects\\overview.php')
19 SYSTEMPATH\View\View.php(227): CodeIgniter\View\View->CodeIgniter\View\{closure}()
20 SYSTEMPATH\Common.php(1180): CodeIgniter\View\View->render('projects/overview', [], true)
21 APPPATH\Libraries\Template.php(42): view('projects/overview', [...])
22 APPPATH\Controllers\Projects.php(1612): App\Libraries\Template->view('projects/overview', [...])
23 SYSTEMPATH\CodeIgniter.php(932): App\Controllers\Projects->overview('16')
24 SYSTEMPATH\CodeIgniter.php(497): CodeIgniter\CodeIgniter->runController(Object(App\Controllers\Projects))
25 SYSTEMPATH\CodeIgniter.php(366): CodeIgniter\CodeIgniter->handleRequest(null, Object(Config\Cache), false)
26 FCPATH\index.php(80): CodeIgniter\CodeIgniter->run()
CRITICAL - 2024-04-16 11:20:17 --> Failed to parse time string (2024-06-23-undefined-2024-06-23) at position 10 (-): Unexpected character
in APPPATH\Helpers\date_time_helper.php on line 316.
 1 APPPATH\Helpers\date_time_helper.php(316): DateTime->__construct('2024-06-23-undefined-2024-06-23')
 2 APPPATH\Helpers\activity_logs_helper.php(129): format_to_date('2024-06-23-undefined-2024-06-23', false)
 3 APPPATH\Helpers\activity_logs_helper.php(288): get_change_logs('milestone', 'due_date', [...])
 4 APPPATH\Views\activity_logs\milestone_activity_logs_widget.php(58): get_change_logs_array([...], 'milestone', 'updated')
 5 SYSTEMPATH\View\View.php(224): include('D:\\projects\\visaalliance-crm\\app\\Views\\activity_logs\\milestone_activity_logs_widget.php')
 6 SYSTEMPATH\View\View.php(227): CodeIgniter\View\View->CodeIgniter\View\{closure}()
 7 SYSTEMPATH\Common.php(1180): CodeIgniter\View\View->render('activity_logs/milestone_activity_logs_widget', [], true)
 8 APPPATH\Helpers\widget_helper.php(98): view('activity_logs/milestone_activity_logs_widget', [...])
 9 APPPATH\Views\projects\history\index.php(9): milestone_activity_logs_widget([...], [...], 0)
10 SYSTEMPATH\View\View.php(224): include('D:\\projects\\visaalliance-crm\\app\\Views\\projects\\history\\index.php')
11 SYSTEMPATH\View\View.php(227): CodeIgniter\View\View->CodeIgniter\View\{closure}()
12 SYSTEMPATH\Common.php(1180): CodeIgniter\View\View->render('projects/history/index', [], true)
13 APPPATH\Views\projects\history\overview_tabs.php(22): view('projects/history/index')
14 SYSTEMPATH\View\View.php(224): include('D:\\projects\\visaalliance-crm\\app\\Views\\projects\\history\\overview_tabs.php')
15 SYSTEMPATH\View\View.php(227): CodeIgniter\View\View->CodeIgniter\View\{closure}()
16 SYSTEMPATH\Common.php(1180): CodeIgniter\View\View->render('projects/history/overview_tabs', [], true)
17 APPPATH\Views\projects\overview.php(17): view('projects/history/overview_tabs')
18 SYSTEMPATH\View\View.php(224): include('D:\\projects\\visaalliance-crm\\app\\Views\\projects\\overview.php')
19 SYSTEMPATH\View\View.php(227): CodeIgniter\View\View->CodeIgniter\View\{closure}()
20 SYSTEMPATH\Common.php(1180): CodeIgniter\View\View->render('projects/overview', [], true)
21 APPPATH\Libraries\Template.php(42): view('projects/overview', [...])
22 APPPATH\Controllers\Projects.php(1612): App\Libraries\Template->view('projects/overview', [...])
23 SYSTEMPATH\CodeIgniter.php(932): App\Controllers\Projects->overview('16')
24 SYSTEMPATH\CodeIgniter.php(497): CodeIgniter\CodeIgniter->runController(Object(App\Controllers\Projects))
25 SYSTEMPATH\CodeIgniter.php(366): CodeIgniter\CodeIgniter->handleRequest(null, Object(Config\Cache), false)
26 FCPATH\index.php(80): CodeIgniter\CodeIgniter->run()
CRITICAL - 2024-04-16 11:20:28 --> Failed to parse time string (2024-06-23-undefined-2024-06-23) at position 10 (-): Unexpected character
in APPPATH\Helpers\date_time_helper.php on line 316.
 1 APPPATH\Helpers\date_time_helper.php(316): DateTime->__construct('2024-06-23-undefined-2024-06-23')
 2 APPPATH\Helpers\activity_logs_helper.php(129): format_to_date('2024-06-23-undefined-2024-06-23', false)
 3 APPPATH\Helpers\activity_logs_helper.php(288): get_change_logs('milestone', 'due_date', [...])
 4 APPPATH\Views\activity_logs\milestone_activity_logs_widget.php(58): get_change_logs_array([...], 'milestone', 'updated')
 5 SYSTEMPATH\View\View.php(224): include('D:\\projects\\visaalliance-crm\\app\\Views\\activity_logs\\milestone_activity_logs_widget.php')
 6 SYSTEMPATH\View\View.php(227): CodeIgniter\View\View->CodeIgniter\View\{closure}()
 7 SYSTEMPATH\Common.php(1180): CodeIgniter\View\View->render('activity_logs/milestone_activity_logs_widget', [], true)
 8 APPPATH\Helpers\widget_helper.php(98): view('activity_logs/milestone_activity_logs_widget', [...])
 9 APPPATH\Views\projects\history\index.php(9): milestone_activity_logs_widget([...], [...], 0)
10 SYSTEMPATH\View\View.php(224): include('D:\\projects\\visaalliance-crm\\app\\Views\\projects\\history\\index.php')
11 SYSTEMPATH\View\View.php(227): CodeIgniter\View\View->CodeIgniter\View\{closure}()
12 SYSTEMPATH\Common.php(1180): CodeIgniter\View\View->render('projects/history/index', [], true)
13 APPPATH\Views\projects\history\overview_tabs.php(22): view('projects/history/index')
14 SYSTEMPATH\View\View.php(224): include('D:\\projects\\visaalliance-crm\\app\\Views\\projects\\history\\overview_tabs.php')
15 SYSTEMPATH\View\View.php(227): CodeIgniter\View\View->CodeIgniter\View\{closure}()
16 SYSTEMPATH\Common.php(1180): CodeIgniter\View\View->render('projects/history/overview_tabs', [], true)
17 APPPATH\Views\projects\overview.php(17): view('projects/history/overview_tabs')
18 SYSTEMPATH\View\View.php(224): include('D:\\projects\\visaalliance-crm\\app\\Views\\projects\\overview.php')
19 SYSTEMPATH\View\View.php(227): CodeIgniter\View\View->CodeIgniter\View\{closure}()
20 SYSTEMPATH\Common.php(1180): CodeIgniter\View\View->render('projects/overview', [], true)
21 APPPATH\Libraries\Template.php(42): view('projects/overview', [...])
22 APPPATH\Controllers\Projects.php(1612): App\Libraries\Template->view('projects/overview', [...])
23 SYSTEMPATH\CodeIgniter.php(932): App\Controllers\Projects->overview('16')
24 SYSTEMPATH\CodeIgniter.php(497): CodeIgniter\CodeIgniter->runController(Object(App\Controllers\Projects))
25 SYSTEMPATH\CodeIgniter.php(366): CodeIgniter\CodeIgniter->handleRequest(null, Object(Config\Cache), false)
26 FCPATH\index.php(80): CodeIgniter\CodeIgniter->run()
CRITICAL - 2024-04-16 11:25:19 --> Failed to parse time string (2024-06-30-undefined-2024-06-30) at position 10 (-): Unexpected character
in APPPATH\Helpers\date_time_helper.php on line 316.
 1 APPPATH\Helpers\date_time_helper.php(316): DateTime->__construct('2024-06-30-undefined-2024-06-30')
 2 APPPATH\Helpers\activity_logs_helper.php(129): format_to_date('2024-06-30-undefined-2024-06-30', false)
 3 APPPATH\Helpers\activity_logs_helper.php(288): get_change_logs('milestone', 'due_date', [...])
 4 APPPATH\Views\activity_logs\milestone_activity_logs_widget.php(58): get_change_logs_array([...], 'milestone', 'updated')
 5 SYSTEMPATH\View\View.php(224): include('D:\\projects\\visaalliance-crm\\app\\Views\\activity_logs\\milestone_activity_logs_widget.php')
 6 SYSTEMPATH\View\View.php(227): CodeIgniter\View\View->CodeIgniter\View\{closure}()
 7 SYSTEMPATH\Common.php(1180): CodeIgniter\View\View->render('activity_logs/milestone_activity_logs_widget', [], true)
 8 APPPATH\Helpers\widget_helper.php(98): view('activity_logs/milestone_activity_logs_widget', [...])
 9 APPPATH\Views\projects\history\index.php(9): milestone_activity_logs_widget([...], [...], 0)
10 SYSTEMPATH\View\View.php(224): include('D:\\projects\\visaalliance-crm\\app\\Views\\projects\\history\\index.php')
11 SYSTEMPATH\View\View.php(227): CodeIgniter\View\View->CodeIgniter\View\{closure}()
12 SYSTEMPATH\Common.php(1180): CodeIgniter\View\View->render('projects/history/index', [], true)
13 APPPATH\Views\projects\history\overview_tabs.php(22): view('projects/history/index')
14 SYSTEMPATH\View\View.php(224): include('D:\\projects\\visaalliance-crm\\app\\Views\\projects\\history\\overview_tabs.php')
15 SYSTEMPATH\View\View.php(227): CodeIgniter\View\View->CodeIgniter\View\{closure}()
16 SYSTEMPATH\Common.php(1180): CodeIgniter\View\View->render('projects/history/overview_tabs', [], true)
17 APPPATH\Views\projects\overview.php(17): view('projects/history/overview_tabs')
18 SYSTEMPATH\View\View.php(224): include('D:\\projects\\visaalliance-crm\\app\\Views\\projects\\overview.php')
19 SYSTEMPATH\View\View.php(227): CodeIgniter\View\View->CodeIgniter\View\{closure}()
20 SYSTEMPATH\Common.php(1180): CodeIgniter\View\View->render('projects/overview', [], true)
21 APPPATH\Libraries\Template.php(42): view('projects/overview', [...])
22 APPPATH\Controllers\Projects.php(1612): App\Libraries\Template->view('projects/overview', [...])
23 SYSTEMPATH\CodeIgniter.php(932): App\Controllers\Projects->overview('16')
24 SYSTEMPATH\CodeIgniter.php(497): CodeIgniter\CodeIgniter->runController(Object(App\Controllers\Projects))
25 SYSTEMPATH\CodeIgniter.php(366): CodeIgniter\CodeIgniter->handleRequest(null, Object(Config\Cache), false)
26 FCPATH\index.php(80): CodeIgniter\CodeIgniter->run()
CRITICAL - 2024-04-16 11:49:01 --> Failed to parse time string (2024-06-30-undefined-2024-06-30) at position 10 (-): Unexpected character
in APPPATH\Helpers\date_time_helper.php on line 316.
 1 APPPATH\Helpers\date_time_helper.php(316): DateTime->__construct('2024-06-30-undefined-2024-06-30')
 2 APPPATH\Helpers\activity_logs_helper.php(129): format_to_date('2024-06-30-undefined-2024-06-30', false)
 3 APPPATH\Helpers\activity_logs_helper.php(288): get_change_logs('milestone', 'due_date', [...])
 4 APPPATH\Views\activity_logs\milestone_activity_logs_widget.php(58): get_change_logs_array([...], 'milestone', 'updated')
 5 SYSTEMPATH\View\View.php(224): include('D:\\projects\\visaalliance-crm\\app\\Views\\activity_logs\\milestone_activity_logs_widget.php')
 6 SYSTEMPATH\View\View.php(227): CodeIgniter\View\View->CodeIgniter\View\{closure}()
 7 SYSTEMPATH\Common.php(1180): CodeIgniter\View\View->render('activity_logs/milestone_activity_logs_widget', [], true)
 8 APPPATH\Helpers\widget_helper.php(98): view('activity_logs/milestone_activity_logs_widget', [...])
 9 APPPATH\Views\projects\history\index.php(9): milestone_activity_logs_widget([...], [...], 0)
10 SYSTEMPATH\View\View.php(224): include('D:\\projects\\visaalliance-crm\\app\\Views\\projects\\history\\index.php')
11 SYSTEMPATH\View\View.php(227): CodeIgniter\View\View->CodeIgniter\View\{closure}()
12 SYSTEMPATH\Common.php(1180): CodeIgniter\View\View->render('projects/history/index', [], true)
13 APPPATH\Views\projects\history\overview_tabs.php(22): view('projects/history/index')
14 SYSTEMPATH\View\View.php(224): include('D:\\projects\\visaalliance-crm\\app\\Views\\projects\\history\\overview_tabs.php')
15 SYSTEMPATH\View\View.php(227): CodeIgniter\View\View->CodeIgniter\View\{closure}()
16 SYSTEMPATH\Common.php(1180): CodeIgniter\View\View->render('projects/history/overview_tabs', [], true)
17 APPPATH\Views\projects\overview.php(17): view('projects/history/overview_tabs')
18 SYSTEMPATH\View\View.php(224): include('D:\\projects\\visaalliance-crm\\app\\Views\\projects\\overview.php')
19 SYSTEMPATH\View\View.php(227): CodeIgniter\View\View->CodeIgniter\View\{closure}()
20 SYSTEMPATH\Common.php(1180): CodeIgniter\View\View->render('projects/overview', [], true)
21 APPPATH\Libraries\Template.php(42): view('projects/overview', [...])
22 APPPATH\Controllers\Projects.php(1612): App\Libraries\Template->view('projects/overview', [...])
23 SYSTEMPATH\CodeIgniter.php(932): App\Controllers\Projects->overview('16')
24 SYSTEMPATH\CodeIgniter.php(497): CodeIgniter\CodeIgniter->runController(Object(App\Controllers\Projects))
25 SYSTEMPATH\CodeIgniter.php(366): CodeIgniter\CodeIgniter->handleRequest(null, Object(Config\Cache), false)
26 FCPATH\index.php(80): CodeIgniter\CodeIgniter->run()
CRITICAL - 2024-04-16 11:55:04 --> Failed to parse time string (2024-06-28-undefined-2024-06-28) at position 10 (-): Unexpected character
in APPPATH\Helpers\date_time_helper.php on line 316.
 1 APPPATH\Helpers\date_time_helper.php(316): DateTime->__construct('2024-06-28-undefined-2024-06-28')
 2 APPPATH\Helpers\activity_logs_helper.php(129): format_to_date('2024-06-28-undefined-2024-06-28', false)
 3 APPPATH\Helpers\activity_logs_helper.php(288): get_change_logs('milestone', 'due_date', [...])
 4 APPPATH\Views\activity_logs\milestone_activity_logs_widget.php(58): get_change_logs_array([...], 'milestone', 'updated')
 5 SYSTEMPATH\View\View.php(224): include('D:\\projects\\visaalliance-crm\\app\\Views\\activity_logs\\milestone_activity_logs_widget.php')
 6 SYSTEMPATH\View\View.php(227): CodeIgniter\View\View->CodeIgniter\View\{closure}()
 7 SYSTEMPATH\Common.php(1180): CodeIgniter\View\View->render('activity_logs/milestone_activity_logs_widget', [], true)
 8 APPPATH\Helpers\widget_helper.php(98): view('activity_logs/milestone_activity_logs_widget', [...])
 9 APPPATH\Views\projects\history\index.php(9): milestone_activity_logs_widget([...], [...], 0)
10 SYSTEMPATH\View\View.php(224): include('D:\\projects\\visaalliance-crm\\app\\Views\\projects\\history\\index.php')
11 SYSTEMPATH\View\View.php(227): CodeIgniter\View\View->CodeIgniter\View\{closure}()
12 SYSTEMPATH\Common.php(1180): CodeIgniter\View\View->render('projects/history/index', [], true)
13 APPPATH\Views\projects\history\overview_tabs.php(22): view('projects/history/index')
14 SYSTEMPATH\View\View.php(224): include('D:\\projects\\visaalliance-crm\\app\\Views\\projects\\history\\overview_tabs.php')
15 SYSTEMPATH\View\View.php(227): CodeIgniter\View\View->CodeIgniter\View\{closure}()
16 SYSTEMPATH\Common.php(1180): CodeIgniter\View\View->render('projects/history/overview_tabs', [], true)
17 APPPATH\Views\projects\overview.php(17): view('projects/history/overview_tabs')
18 SYSTEMPATH\View\View.php(224): include('D:\\projects\\visaalliance-crm\\app\\Views\\projects\\overview.php')
19 SYSTEMPATH\View\View.php(227): CodeIgniter\View\View->CodeIgniter\View\{closure}()
20 SYSTEMPATH\Common.php(1180): CodeIgniter\View\View->render('projects/overview', [], true)
21 APPPATH\Libraries\Template.php(42): view('projects/overview', [...])
22 APPPATH\Controllers\Projects.php(1612): App\Libraries\Template->view('projects/overview', [...])
23 SYSTEMPATH\CodeIgniter.php(932): App\Controllers\Projects->overview('16')
24 SYSTEMPATH\CodeIgniter.php(497): CodeIgniter\CodeIgniter->runController(Object(App\Controllers\Projects))
25 SYSTEMPATH\CodeIgniter.php(366): CodeIgniter\CodeIgniter->handleRequest(null, Object(Config\Cache), false)
26 FCPATH\index.php(80): CodeIgniter\CodeIgniter->run()
CRITICAL - 2024-04-16 11:58:53 --> Failed to parse time string (2024-06-30-undefined-2024-06-30) at position 10 (-): Unexpected character
in APPPATH\Helpers\date_time_helper.php on line 316.
 1 APPPATH\Helpers\date_time_helper.php(316): DateTime->__construct('2024-06-30-undefined-2024-06-30')
 2 APPPATH\Helpers\activity_logs_helper.php(129): format_to_date('2024-06-30-undefined-2024-06-30', false)
 3 APPPATH\Helpers\activity_logs_helper.php(288): get_change_logs('milestone', 'due_date', [...])
 4 APPPATH\Views\activity_logs\milestone_activity_logs_widget.php(58): get_change_logs_array([...], 'milestone', 'updated')
 5 SYSTEMPATH\View\View.php(224): include('D:\\projects\\visaalliance-crm\\app\\Views\\activity_logs\\milestone_activity_logs_widget.php')
 6 SYSTEMPATH\View\View.php(227): CodeIgniter\View\View->CodeIgniter\View\{closure}()
 7 SYSTEMPATH\Common.php(1180): CodeIgniter\View\View->render('activity_logs/milestone_activity_logs_widget', [], true)
 8 APPPATH\Helpers\widget_helper.php(98): view('activity_logs/milestone_activity_logs_widget', [...])
 9 APPPATH\Views\projects\history\index.php(9): milestone_activity_logs_widget([...], [...], 0)
10 SYSTEMPATH\View\View.php(224): include('D:\\projects\\visaalliance-crm\\app\\Views\\projects\\history\\index.php')
11 SYSTEMPATH\View\View.php(227): CodeIgniter\View\View->CodeIgniter\View\{closure}()
12 SYSTEMPATH\Common.php(1180): CodeIgniter\View\View->render('projects/history/index', [], true)
13 APPPATH\Views\projects\history\overview_tabs.php(22): view('projects/history/index')
14 SYSTEMPATH\View\View.php(224): include('D:\\projects\\visaalliance-crm\\app\\Views\\projects\\history\\overview_tabs.php')
15 SYSTEMPATH\View\View.php(227): CodeIgniter\View\View->CodeIgniter\View\{closure}()
16 SYSTEMPATH\Common.php(1180): CodeIgniter\View\View->render('projects/history/overview_tabs', [], true)
17 APPPATH\Views\projects\overview.php(17): view('projects/history/overview_tabs')
18 SYSTEMPATH\View\View.php(224): include('D:\\projects\\visaalliance-crm\\app\\Views\\projects\\overview.php')
19 SYSTEMPATH\View\View.php(227): CodeIgniter\View\View->CodeIgniter\View\{closure}()
20 SYSTEMPATH\Common.php(1180): CodeIgniter\View\View->render('projects/overview', [], true)
21 APPPATH\Libraries\Template.php(42): view('projects/overview', [...])
22 APPPATH\Controllers\Projects.php(1612): App\Libraries\Template->view('projects/overview', [...])
23 SYSTEMPATH\CodeIgniter.php(932): App\Controllers\Projects->overview('16')
24 SYSTEMPATH\CodeIgniter.php(497): CodeIgniter\CodeIgniter->runController(Object(App\Controllers\Projects))
25 SYSTEMPATH\CodeIgniter.php(366): CodeIgniter\CodeIgniter->handleRequest(null, Object(Config\Cache), false)
26 FCPATH\index.php(80): CodeIgniter\CodeIgniter->run()
CRITICAL - 2024-04-16 13:09:40 --> The action you requested is not allowed.
in SYSTEMPATH\Security\Security.php on line 306.
 1 SYSTEMPATH\Security\Security.php(306): CodeIgniter\Security\Exceptions\SecurityException::forDisallowedAction()
 2 SYSTEMPATH\Filters\CSRF.php(55): CodeIgniter\Security\Security->verify(Object(CodeIgniter\HTTP\IncomingRequest))
 3 SYSTEMPATH\Filters\Filters.php(173): CodeIgniter\Filters\CSRF->before(Object(CodeIgniter\HTTP\IncomingRequest), null)
 4 SYSTEMPATH\CodeIgniter.php(471): CodeIgniter\Filters\Filters->run('settings/save_invoice_settings', 'before')
 5 SYSTEMPATH\CodeIgniter.php(366): CodeIgniter\CodeIgniter->handleRequest(null, Object(Config\Cache), false)
 6 FCPATH\index.php(80): CodeIgniter\CodeIgniter->run()
CRITICAL - 2024-04-16 13:09:51 --> The action you requested is not allowed.
in SYSTEMPATH\Security\Security.php on line 306.
 1 SYSTEMPATH\Security\Security.php(306): CodeIgniter\Security\Exceptions\SecurityException::forDisallowedAction()
 2 SYSTEMPATH\Filters\CSRF.php(55): CodeIgniter\Security\Security->verify(Object(CodeIgniter\HTTP\IncomingRequest))
 3 SYSTEMPATH\Filters\Filters.php(173): CodeIgniter\Filters\CSRF->before(Object(CodeIgniter\HTTP\IncomingRequest), null)
 4 SYSTEMPATH\CodeIgniter.php(471): CodeIgniter\Filters\Filters->run('projects/timelog_modal_form', 'before')
 5 SYSTEMPATH\CodeIgniter.php(366): CodeIgniter\CodeIgniter->handleRequest(null, Object(Config\Cache), false)
 6 FCPATH\index.php(80): CodeIgniter\CodeIgniter->run()
