CRITICAL - 2024-03-16 00:00:18 --> The route for "http://localhost/va-latest/index.php/clients/view/36" cannot be found.
in SYSTEMPATH\HTTP\RedirectResponse.php on line 60.
 1 SYSTEMPATH\HTTP\RedirectResponse.php(60): CodeIgniter\HTTP\Exceptions\HTTPException::forInvalidRedirectRoute('http://localhost/va-latest/index.php/clients/view/36')
 2 SYSTEMPATH\Common.php(876): CodeIgniter\HTTP\RedirectResponse->route(false)
 3 APPPATH\Controllers\Leads.php(1156): redirect('http://localhost/va-latest/index.php/clients/view/36')
 4 SYSTEMPATH\CodeIgniter.php(932): App\Controllers\Leads->update_lead_to_client('36')
 5 SYSTEMPATH\CodeIgniter.php(497): CodeIgniter\CodeIgniter->runController(Object(App\Controllers\Leads))
 6 SYSTEMPATH\CodeIgniter.php(366): CodeIgniter\CodeIgniter->handleRequest(null, Object(Config\Cache), false)
 7 FCPATH\index.php(80): CodeIgniter\CodeIgniter->run()
CRITICAL - 2024-03-16 00:02:41 --> The route for "http://localhost/va-latest/index.php/clients/view/36" cannot be found.
in SYSTEMPATH\HTTP\RedirectResponse.php on line 60.
 1 SYSTEMPATH\HTTP\RedirectResponse.php(60): CodeIgniter\HTTP\Exceptions\HTTPException::forInvalidRedirectRoute('http://localhost/va-latest/index.php/clients/view/36')
 2 SYSTEMPATH\Common.php(876): CodeIgniter\HTTP\RedirectResponse->route(false)
 3 APPPATH\Controllers\Leads.php(1156): redirect('http://localhost/va-latest/index.php/clients/view/36')
 4 SYSTEMPATH\CodeIgniter.php(932): App\Controllers\Leads->update_lead_to_client('36')
 5 SYSTEMPATH\CodeIgniter.php(497): CodeIgniter\CodeIgniter->runController(Object(App\Controllers\Leads))
 6 SYSTEMPATH\CodeIgniter.php(366): CodeIgniter\CodeIgniter->handleRequest(null, Object(Config\Cache), false)
 7 FCPATH\index.php(80): CodeIgniter\CodeIgniter->run()
CRITICAL - 2024-03-16 00:02:45 --> Undefined property: stdClass::$client_migration_date
in APPPATH\Views\clients\view.php on line 23.
 1 APPPATH\Views\clients\view.php(23): CodeIgniter\Debug\Exceptions->errorHandler(2, 'Undefined property: stdClass::$client_migration_date', 'C:\\xampp\\htdocs\\VA-latest\\app\\Views\\clients\\view.php', 23)
 2 SYSTEMPATH\View\View.php(224): include('C:\\xampp\\htdocs\\VA-latest\\app\\Views\\clients\\view.php')
 3 SYSTEMPATH\View\View.php(227): CodeIgniter\View\View->CodeIgniter\View\{closure}()
 4 SYSTEMPATH\Common.php(1180): CodeIgniter\View\View->render('clients/view', [], true)
 5 APPPATH\Views\layout\index.php(62): view('clients/view')
 6 SYSTEMPATH\View\View.php(224): include('C:\\xampp\\htdocs\\VA-latest\\app\\Views\\layout\\index.php')
 7 SYSTEMPATH\View\View.php(227): CodeIgniter\View\View->CodeIgniter\View\{closure}()
 8 SYSTEMPATH\Common.php(1180): CodeIgniter\View\View->render('layout/index', [], true)
 9 APPPATH\Libraries\Template.php(42): view('layout/index', [...])
10 APPPATH\Libraries\Template.php(24): App\Libraries\Template->view('layout/index', [...])
11 APPPATH\Controllers\Clients.php(350): App\Libraries\Template->rander('clients/view', [...])
12 SYSTEMPATH\CodeIgniter.php(932): App\Controllers\Clients->view('36')
13 SYSTEMPATH\CodeIgniter.php(497): CodeIgniter\CodeIgniter->runController(Object(App\Controllers\Clients))
14 SYSTEMPATH\CodeIgniter.php(366): CodeIgniter\CodeIgniter->handleRequest(null, Object(Config\Cache), false)
15 FCPATH\index.php(80): CodeIgniter\CodeIgniter->run()
CRITICAL - 2024-03-16 00:09:34 --> The route for "http://localhost/va-latest/index.php/clients/view/36" cannot be found.
in SYSTEMPATH\HTTP\RedirectResponse.php on line 60.
 1 SYSTEMPATH\HTTP\RedirectResponse.php(60): CodeIgniter\HTTP\Exceptions\HTTPException::forInvalidRedirectRoute('http://localhost/va-latest/index.php/clients/view/36')
 2 SYSTEMPATH\Common.php(876): CodeIgniter\HTTP\RedirectResponse->route(false)
 3 APPPATH\Controllers\Leads.php(1156): redirect('http://localhost/va-latest/index.php/clients/view/36', 'location')
 4 SYSTEMPATH\CodeIgniter.php(932): App\Controllers\Leads->update_lead_to_client('36')
 5 SYSTEMPATH\CodeIgniter.php(497): CodeIgniter\CodeIgniter->runController(Object(App\Controllers\Leads))
 6 SYSTEMPATH\CodeIgniter.php(366): CodeIgniter\CodeIgniter->handleRequest(null, Object(Config\Cache), false)
 7 FCPATH\index.php(80): CodeIgniter\CodeIgniter->run()
CRITICAL - 2024-03-16 00:10:25 --> CodeIgniter\HTTP\RedirectResponse::to(): Argument #2 ($code) must be of type ?int, string given, called in C:\xampp\htdocs\VA-latest\app\Controllers\Leads.php on line 1156
in SYSTEMPATH\HTTP\RedirectResponse.php on line 32.
 1 APPPATH\Controllers\Leads.php(1156): CodeIgniter\HTTP\RedirectResponse->to('http://localhost/va-latest/index.php/clients/view/36', 'location')
 2 SYSTEMPATH\CodeIgniter.php(932): App\Controllers\Leads->update_lead_to_client('36')
 3 SYSTEMPATH\CodeIgniter.php(497): CodeIgniter\CodeIgniter->runController(Object(App\Controllers\Leads))
 4 SYSTEMPATH\CodeIgniter.php(366): CodeIgniter\CodeIgniter->handleRequest(null, Object(Config\Cache), false)
 5 FCPATH\index.php(80): CodeIgniter\CodeIgniter->run()
CRITICAL - 2024-03-16 00:10:39 --> Undefined property: stdClass::$client_migration_date
in APPPATH\Views\clients\view.php on line 23.
 1 APPPATH\Views\clients\view.php(23): CodeIgniter\Debug\Exceptions->errorHandler(2, 'Undefined property: stdClass::$client_migration_date', 'C:\\xampp\\htdocs\\VA-latest\\app\\Views\\clients\\view.php', 23)
 2 SYSTEMPATH\View\View.php(224): include('C:\\xampp\\htdocs\\VA-latest\\app\\Views\\clients\\view.php')
 3 SYSTEMPATH\View\View.php(227): CodeIgniter\View\View->CodeIgniter\View\{closure}()
 4 SYSTEMPATH\Common.php(1180): CodeIgniter\View\View->render('clients/view', [], true)
 5 APPPATH\Views\layout\index.php(62): view('clients/view')
 6 SYSTEMPATH\View\View.php(224): include('C:\\xampp\\htdocs\\VA-latest\\app\\Views\\layout\\index.php')
 7 SYSTEMPATH\View\View.php(227): CodeIgniter\View\View->CodeIgniter\View\{closure}()
 8 SYSTEMPATH\Common.php(1180): CodeIgniter\View\View->render('layout/index', [], true)
 9 APPPATH\Libraries\Template.php(42): view('layout/index', [...])
10 APPPATH\Libraries\Template.php(24): App\Libraries\Template->view('layout/index', [...])
11 APPPATH\Controllers\Clients.php(350): App\Libraries\Template->rander('clients/view', [...])
12 SYSTEMPATH\CodeIgniter.php(932): App\Controllers\Clients->view('36')
13 SYSTEMPATH\CodeIgniter.php(497): CodeIgniter\CodeIgniter->runController(Object(App\Controllers\Clients))
14 SYSTEMPATH\CodeIgniter.php(366): CodeIgniter\CodeIgniter->handleRequest(null, Object(Config\Cache), false)
15 FCPATH\index.php(80): CodeIgniter\CodeIgniter->run()
CRITICAL - 2024-03-16 01:10:03 --> Undefined property: stdClass::$client_migration_date
in APPPATH\Views\students\view.php on line 23.
 1 APPPATH\Views\students\view.php(23): CodeIgniter\Debug\Exceptions->errorHandler(2, 'Undefined property: stdClass::$client_migration_date', 'C:\\xampp\\htdocs\\VA-latest\\app\\Views\\students\\view.php', 23)
 2 SYSTEMPATH\View\View.php(224): include('C:\\xampp\\htdocs\\VA-latest\\app\\Views\\students\\view.php')
 3 SYSTEMPATH\View\View.php(227): CodeIgniter\View\View->CodeIgniter\View\{closure}()
 4 SYSTEMPATH\Common.php(1180): CodeIgniter\View\View->render('students/view', [], true)
 5 APPPATH\Views\layout\index.php(62): view('students/view')
 6 SYSTEMPATH\View\View.php(224): include('C:\\xampp\\htdocs\\VA-latest\\app\\Views\\layout\\index.php')
 7 SYSTEMPATH\View\View.php(227): CodeIgniter\View\View->CodeIgniter\View\{closure}()
 8 SYSTEMPATH\Common.php(1180): CodeIgniter\View\View->render('layout/index', [], true)
 9 APPPATH\Libraries\Template.php(42): view('layout/index', [...])
10 APPPATH\Libraries\Template.php(24): App\Libraries\Template->view('layout/index', [...])
11 APPPATH\Controllers\Students.php(423): App\Libraries\Template->rander('students/view', [...])
12 SYSTEMPATH\CodeIgniter.php(932): App\Controllers\Students->view('36')
13 SYSTEMPATH\CodeIgniter.php(497): CodeIgniter\CodeIgniter->runController(Object(App\Controllers\Students))
14 SYSTEMPATH\CodeIgniter.php(366): CodeIgniter\CodeIgniter->handleRequest(null, Object(Config\Cache), false)
15 FCPATH\index.php(80): CodeIgniter\CodeIgniter->run()
WARNING - 2024-03-16 02:03:21 --> [DEPRECATED] preg_replace(): Passing null to parameter #3 ($subject) of type array|string is deprecated in APPPATH\Helpers\currency_helper.php on line 95.
 1 APPPATH\Helpers\currency_helper.php(95): preg_replace('/[^\\d,-\\.]/', '', null)
 2 APPPATH\Controllers\Projects.php(512): unformat_currency(null)
 3 SYSTEMPATH\CodeIgniter.php(932): App\Controllers\Projects->save()
 4 SYSTEMPATH\CodeIgniter.php(497): CodeIgniter\CodeIgniter->runController(Object(App\Controllers\Projects))
 5 SYSTEMPATH\CodeIgniter.php(366): CodeIgniter\CodeIgniter->handleRequest(null, Object(Config\Cache), false)
 6 FCPATH\index.php(80): CodeIgniter\CodeIgniter->run()
WARNING - 2024-03-16 02:24:09 --> [DEPRECATED] Optional parameter $client_id declared before required parameter $location_id is implicitly treated as a required parameter in APPPATH\Controllers\Check_in.php on line 248.
 1 SYSTEMPATH\Autoloader\Autoloader.php(312): include_once('C:\\xampp\\htdocs\\VA-latest\\system\\Debug\\Exceptions.php')
 2 SYSTEMPATH\Autoloader\Autoloader.php(289): CodeIgniter\Autoloader\Autoloader->includeFile('C:\\xampp\\htdocs\\VA-latest\\app\\Controllers\\Check_in.php')
 3 SYSTEMPATH\Autoloader\Autoloader.php(267): CodeIgniter\Autoloader\Autoloader->loadInNamespace('App\\Controllers\\Check_in')
 4 [internal function]: CodeIgniter\Autoloader\Autoloader->loadClass('App\\Controllers\\Check_in')
 5 SYSTEMPATH\CodeIgniter.php(890): class_exists('\\App\\Controllers\\Check_in', true)
 6 SYSTEMPATH\CodeIgniter.php(484): CodeIgniter\CodeIgniter->startController()
 7 SYSTEMPATH\CodeIgniter.php(366): CodeIgniter\CodeIgniter->handleRequest(null, Object(Config\Cache), false)
 8 FCPATH\index.php(80): CodeIgniter\CodeIgniter->run()
WARNING - 2024-03-16 02:24:11 --> [DEPRECATED] Optional parameter $client_id declared before required parameter $location_id is implicitly treated as a required parameter in APPPATH\Controllers\Check_in.php on line 248.
 1 SYSTEMPATH\Autoloader\Autoloader.php(312): include_once('C:\\xampp\\htdocs\\VA-latest\\system\\Debug\\Exceptions.php')
 2 SYSTEMPATH\Autoloader\Autoloader.php(289): CodeIgniter\Autoloader\Autoloader->includeFile('C:\\xampp\\htdocs\\VA-latest\\app\\Controllers\\Check_in.php')
 3 SYSTEMPATH\Autoloader\Autoloader.php(267): CodeIgniter\Autoloader\Autoloader->loadInNamespace('App\\Controllers\\Check_in')
 4 [internal function]: CodeIgniter\Autoloader\Autoloader->loadClass('App\\Controllers\\Check_in')
 5 SYSTEMPATH\CodeIgniter.php(890): class_exists('\\App\\Controllers\\Check_in', true)
 6 SYSTEMPATH\CodeIgniter.php(484): CodeIgniter\CodeIgniter->startController()
 7 SYSTEMPATH\CodeIgniter.php(366): CodeIgniter\CodeIgniter->handleRequest(null, Object(Config\Cache), false)
 8 FCPATH\index.php(80): CodeIgniter\CodeIgniter->run()
WARNING - 2024-03-16 02:24:12 --> [DEPRECATED] Optional parameter $client_id declared before required parameter $location_id is implicitly treated as a required parameter in APPPATH\Controllers\Check_in.php on line 248.
 1 SYSTEMPATH\Autoloader\Autoloader.php(312): include_once('C:\\xampp\\htdocs\\VA-latest\\system\\Debug\\Exceptions.php')
 2 SYSTEMPATH\Autoloader\Autoloader.php(289): CodeIgniter\Autoloader\Autoloader->includeFile('C:\\xampp\\htdocs\\VA-latest\\app\\Controllers\\Check_in.php')
 3 SYSTEMPATH\Autoloader\Autoloader.php(267): CodeIgniter\Autoloader\Autoloader->loadInNamespace('App\\Controllers\\Check_in')
 4 [internal function]: CodeIgniter\Autoloader\Autoloader->loadClass('App\\Controllers\\Check_in')
 5 SYSTEMPATH\CodeIgniter.php(890): class_exists('\\App\\Controllers\\Check_in', true)
 6 SYSTEMPATH\CodeIgniter.php(484): CodeIgniter\CodeIgniter->startController()
 7 SYSTEMPATH\CodeIgniter.php(366): CodeIgniter\CodeIgniter->handleRequest(null, Object(Config\Cache), false)
 8 FCPATH\index.php(80): CodeIgniter\CodeIgniter->run()
CRITICAL - 2024-03-16 04:07:26 --> Invalid file: "leads.php"
in SYSTEMPATH\Exceptions\FrameworkException.php on line 33.
 1 SYSTEMPATH\View\View.php(212): CodeIgniter\Exceptions\FrameworkException::forInvalidFile('leads.php')
 2 SYSTEMPATH\Common.php(1180): CodeIgniter\View\View->render('leads', [], true)
 3 APPPATH\Libraries\Template.php(42): view('leads', [...])
 4 APPPATH\Helpers\widget_helper.php(1294): App\Libraries\Template->view('leads', [...])
 5 APPPATH\Views\students\overview\index.php(4): total_clients_leads(false, [], [...])
 6 SYSTEMPATH\View\View.php(224): include('C:\\xampp\\htdocs\\VA-latest\\app\\Views\\students\\overview\\index.php')
 7 SYSTEMPATH\View\View.php(227): CodeIgniter\View\View->CodeIgniter\View\{closure}()
 8 SYSTEMPATH\Common.php(1180): CodeIgniter\View\View->render('students/overview/index', [], true)
 9 APPPATH\Views\students\index.php(21): view('students/overview/index')
10 SYSTEMPATH\View\View.php(224): include('C:\\xampp\\htdocs\\VA-latest\\app\\Views\\students\\index.php')
11 SYSTEMPATH\View\View.php(227): CodeIgniter\View\View->CodeIgniter\View\{closure}()
12 SYSTEMPATH\Common.php(1180): CodeIgniter\View\View->render('students/index', [], true)
13 APPPATH\Views\layout\index.php(62): view('students/index')
14 SYSTEMPATH\View\View.php(224): include('C:\\xampp\\htdocs\\VA-latest\\app\\Views\\layout\\index.php')
15 SYSTEMPATH\View\View.php(227): CodeIgniter\View\View->CodeIgniter\View\{closure}()
16 SYSTEMPATH\Common.php(1180): CodeIgniter\View\View->render('layout/index', [], true)
17 APPPATH\Libraries\Template.php(42): view('layout/index', [...])
18 APPPATH\Libraries\Template.php(24): App\Libraries\Template->view('layout/index', [...])
19 APPPATH\Controllers\Students.php(46): App\Libraries\Template->rander('students/index', [...])
20 SYSTEMPATH\CodeIgniter.php(932): App\Controllers\Students->index()
21 SYSTEMPATH\CodeIgniter.php(497): CodeIgniter\CodeIgniter->runController(Object(App\Controllers\Students))
22 SYSTEMPATH\CodeIgniter.php(366): CodeIgniter\CodeIgniter->handleRequest(null, Object(Config\Cache), false)
23 FCPATH\index.php(80): CodeIgniter\CodeIgniter->run()
CRITICAL - 2024-03-16 05:48:07 --> Call to undefined function total_clients_leads_cancel()
in APPPATH\Views\students\overview\index.php on line 4.
 1 SYSTEMPATH\View\View.php(224): include()
 2 SYSTEMPATH\View\View.php(227): CodeIgniter\View\View->CodeIgniter\View\{closure}()
 3 SYSTEMPATH\Common.php(1180): CodeIgniter\View\View->render('students/overview/index', [], true)
 4 APPPATH\Views\students\index.php(21): view('students/overview/index')
 5 SYSTEMPATH\View\View.php(224): include('C:\\xampp\\htdocs\\VA-latest\\app\\Views\\students\\index.php')
 6 SYSTEMPATH\View\View.php(227): CodeIgniter\View\View->CodeIgniter\View\{closure}()
 7 SYSTEMPATH\Common.php(1180): CodeIgniter\View\View->render('students/index', [], true)
 8 APPPATH\Views\layout\index.php(62): view('students/index')
 9 SYSTEMPATH\View\View.php(224): include('C:\\xampp\\htdocs\\VA-latest\\app\\Views\\layout\\index.php')
10 SYSTEMPATH\View\View.php(227): CodeIgniter\View\View->CodeIgniter\View\{closure}()
11 SYSTEMPATH\Common.php(1180): CodeIgniter\View\View->render('layout/index', [], true)
12 APPPATH\Libraries\Template.php(42): view('layout/index', [...])
13 APPPATH\Libraries\Template.php(24): App\Libraries\Template->view('layout/index', [...])
14 APPPATH\Controllers\Students.php(46): App\Libraries\Template->rander('students/index', [...])
15 SYSTEMPATH\CodeIgniter.php(932): App\Controllers\Students->index()
16 SYSTEMPATH\CodeIgniter.php(497): CodeIgniter\CodeIgniter->runController(Object(App\Controllers\Students))
17 SYSTEMPATH\CodeIgniter.php(366): CodeIgniter\CodeIgniter->handleRequest(null, Object(Config\Cache), false)
18 FCPATH\index.php(80): CodeIgniter\CodeIgniter->run()
