CRITICAL - 2024-03-17 18:42:33 --> Undefined variable $tab
in APPPATH\Views\leads\index.php on line 32.
 1 APPPATH\Views\leads\index.php(32): CodeIgniter\Debug\Exceptions->errorHandler(2, 'Undefined variable $tab', 'C:\\xampp\\htdocs\\VA-latest\\app\\Views\\leads\\index.php', 32)
 2 SYSTEMPATH\View\View.php(224): include('C:\\xampp\\htdocs\\VA-latest\\app\\Views\\leads\\index.php')
 3 SYSTEMPATH\View\View.php(227): CodeIgniter\View\View->CodeIgniter\View\{closure}()
 4 SYSTEMPATH\Common.php(1180): CodeIgniter\View\View->render('leads/index', [], true)
 5 APPPATH\Views\layout\index.php(62): view('leads/index')
 6 SYSTEMPATH\View\View.php(224): include('C:\\xampp\\htdocs\\VA-latest\\app\\Views\\layout\\index.php')
 7 SYSTEMPATH\View\View.php(227): CodeIgniter\View\View->CodeIgniter\View\{closure}()
 8 SYSTEMPATH\Common.php(1180): CodeIgniter\View\View->render('layout/index', [], true)
 9 APPPATH\Libraries\Template.php(42): view('layout/index', [...])
10 APPPATH\Libraries\Template.php(24): App\Libraries\Template->view('layout/index', [...])
11 APPPATH\Controllers\Leads.php(54): App\Libraries\Template->rander('leads/index', [...])
12 SYSTEMPATH\CodeIgniter.php(932): App\Controllers\Leads->index()
13 SYSTEMPATH\CodeIgniter.php(497): CodeIgniter\CodeIgniter->runController(Object(App\Controllers\Leads))
14 SYSTEMPATH\CodeIgniter.php(366): CodeIgniter\CodeIgniter->handleRequest(null, Object(Config\Cache), false)
15 FCPATH\index.php(80): CodeIgniter\CodeIgniter->run()
CRITICAL - 2024-03-17 18:50:18 --> Undefined variable $tab
in APPPATH\Views\leads\index.php on line 32.
 1 APPPATH\Views\leads\index.php(32): CodeIgniter\Debug\Exceptions->errorHandler(2, 'Undefined variable $tab', 'C:\\xampp\\htdocs\\VA-latest\\app\\Views\\leads\\index.php', 32)
 2 SYSTEMPATH\View\View.php(224): include('C:\\xampp\\htdocs\\VA-latest\\app\\Views\\leads\\index.php')
 3 SYSTEMPATH\View\View.php(227): CodeIgniter\View\View->CodeIgniter\View\{closure}()
 4 SYSTEMPATH\Common.php(1180): CodeIgniter\View\View->render('leads/index', [], true)
 5 APPPATH\Views\layout\index.php(62): view('leads/index')
 6 SYSTEMPATH\View\View.php(224): include('C:\\xampp\\htdocs\\VA-latest\\app\\Views\\layout\\index.php')
 7 SYSTEMPATH\View\View.php(227): CodeIgniter\View\View->CodeIgniter\View\{closure}()
 8 SYSTEMPATH\Common.php(1180): CodeIgniter\View\View->render('layout/index', [], true)
 9 APPPATH\Libraries\Template.php(42): view('layout/index', [...])
10 APPPATH\Libraries\Template.php(24): App\Libraries\Template->view('layout/index', [...])
11 APPPATH\Controllers\Leads.php(54): App\Libraries\Template->rander('leads/index', [...])
12 SYSTEMPATH\CodeIgniter.php(932): App\Controllers\Leads->index()
13 SYSTEMPATH\CodeIgniter.php(497): CodeIgniter\CodeIgniter->runController(Object(App\Controllers\Leads))
14 SYSTEMPATH\CodeIgniter.php(366): CodeIgniter\CodeIgniter->handleRequest(null, Object(Config\Cache), false)
15 FCPATH\index.php(80): CodeIgniter\CodeIgniter->run()
CRITICAL - 2024-03-17 18:50:43 --> Undefined variable $tab
in APPPATH\Views\leads\index.php on line 32.
 1 APPPATH\Views\leads\index.php(32): CodeIgniter\Debug\Exceptions->errorHandler(2, 'Undefined variable $tab', 'C:\\xampp\\htdocs\\VA-latest\\app\\Views\\leads\\index.php', 32)
 2 SYSTEMPATH\View\View.php(224): include('C:\\xampp\\htdocs\\VA-latest\\app\\Views\\leads\\index.php')
 3 SYSTEMPATH\View\View.php(227): CodeIgniter\View\View->CodeIgniter\View\{closure}()
 4 SYSTEMPATH\Common.php(1180): CodeIgniter\View\View->render('leads/index', [], true)
 5 APPPATH\Views\layout\index.php(62): view('leads/index')
 6 SYSTEMPATH\View\View.php(224): include('C:\\xampp\\htdocs\\VA-latest\\app\\Views\\layout\\index.php')
 7 SYSTEMPATH\View\View.php(227): CodeIgniter\View\View->CodeIgniter\View\{closure}()
 8 SYSTEMPATH\Common.php(1180): CodeIgniter\View\View->render('layout/index', [], true)
 9 APPPATH\Libraries\Template.php(42): view('layout/index', [...])
10 APPPATH\Libraries\Template.php(24): App\Libraries\Template->view('layout/index', [...])
11 APPPATH\Controllers\Leads.php(54): App\Libraries\Template->rander('leads/index', [...])
12 SYSTEMPATH\CodeIgniter.php(932): App\Controllers\Leads->index()
13 SYSTEMPATH\CodeIgniter.php(497): CodeIgniter\CodeIgniter->runController(Object(App\Controllers\Leads))
14 SYSTEMPATH\CodeIgniter.php(366): CodeIgniter\CodeIgniter->handleRequest(null, Object(Config\Cache), false)
15 FCPATH\index.php(80): CodeIgniter\CodeIgniter->run()
CRITICAL - 2024-03-17 19:04:29 --> syntax error, unexpected token ";", expecting ")"
in APPPATH\Helpers\widget_helper.php on line 1244.
 1 APPPATH\Controllers\App_Controller.php(103): helper([...])
 2 APPPATH\Controllers\Security_Controller.php(20): App\Controllers\App_Controller->__construct()
 3 APPPATH\Controllers\Messages.php(8): App\Controllers\Security_Controller->__construct()
 4 SYSTEMPATH\CodeIgniter.php(904): App\Controllers\Messages->__construct()
 5 SYSTEMPATH\CodeIgniter.php(488): CodeIgniter\CodeIgniter->createController()
 6 SYSTEMPATH\CodeIgniter.php(366): CodeIgniter\CodeIgniter->handleRequest(null, Object(Config\Cache), false)
 7 FCPATH\index.php(80): CodeIgniter\CodeIgniter->run()
WARNING - 2024-03-17 21:21:58 --> [DEPRECATED] Optional parameter $client_id declared before required parameter $location_id is implicitly treated as a required parameter in APPPATH\Controllers\Check_in.php on line 248.
 1 SYSTEMPATH\Autoloader\Autoloader.php(312): include_once('C:\\xampp\\htdocs\\VA-latest\\system\\Debug\\Exceptions.php')
 2 SYSTEMPATH\Autoloader\Autoloader.php(289): CodeIgniter\Autoloader\Autoloader->includeFile('C:\\xampp\\htdocs\\VA-latest\\app\\Controllers\\Check_in.php')
 3 SYSTEMPATH\Autoloader\Autoloader.php(267): CodeIgniter\Autoloader\Autoloader->loadInNamespace('App\\Controllers\\Check_in')
 4 [internal function]: CodeIgniter\Autoloader\Autoloader->loadClass('App\\Controllers\\Check_in')
 5 SYSTEMPATH\CodeIgniter.php(890): class_exists('\\App\\Controllers\\Check_in', true)
 6 SYSTEMPATH\CodeIgniter.php(484): CodeIgniter\CodeIgniter->startController()
 7 SYSTEMPATH\CodeIgniter.php(366): CodeIgniter\CodeIgniter->handleRequest(null, Object(Config\Cache), false)
 8 FCPATH\index.php(80): CodeIgniter\CodeIgniter->run()
WARNING - 2024-03-17 21:22:02 --> [DEPRECATED] Optional parameter $client_id declared before required parameter $location_id is implicitly treated as a required parameter in APPPATH\Controllers\Check_in.php on line 248.
 1 SYSTEMPATH\Autoloader\Autoloader.php(312): include_once('C:\\xampp\\htdocs\\VA-latest\\system\\Debug\\Exceptions.php')
 2 SYSTEMPATH\Autoloader\Autoloader.php(289): CodeIgniter\Autoloader\Autoloader->includeFile('C:\\xampp\\htdocs\\VA-latest\\app\\Controllers\\Check_in.php')
 3 SYSTEMPATH\Autoloader\Autoloader.php(267): CodeIgniter\Autoloader\Autoloader->loadInNamespace('App\\Controllers\\Check_in')
 4 [internal function]: CodeIgniter\Autoloader\Autoloader->loadClass('App\\Controllers\\Check_in')
 5 SYSTEMPATH\CodeIgniter.php(890): class_exists('\\App\\Controllers\\Check_in', true)
 6 SYSTEMPATH\CodeIgniter.php(484): CodeIgniter\CodeIgniter->startController()
 7 SYSTEMPATH\CodeIgniter.php(366): CodeIgniter\CodeIgniter->handleRequest(null, Object(Config\Cache), false)
 8 FCPATH\index.php(80): CodeIgniter\CodeIgniter->run()
WARNING - 2024-03-17 21:22:02 --> [DEPRECATED] Optional parameter $client_id declared before required parameter $location_id is implicitly treated as a required parameter in APPPATH\Controllers\Check_in.php on line 248.
 1 SYSTEMPATH\Autoloader\Autoloader.php(312): include_once('C:\\xampp\\htdocs\\VA-latest\\system\\Debug\\Exceptions.php')
 2 SYSTEMPATH\Autoloader\Autoloader.php(289): CodeIgniter\Autoloader\Autoloader->includeFile('C:\\xampp\\htdocs\\VA-latest\\app\\Controllers\\Check_in.php')
 3 SYSTEMPATH\Autoloader\Autoloader.php(267): CodeIgniter\Autoloader\Autoloader->loadInNamespace('App\\Controllers\\Check_in')
 4 [internal function]: CodeIgniter\Autoloader\Autoloader->loadClass('App\\Controllers\\Check_in')
 5 SYSTEMPATH\CodeIgniter.php(890): class_exists('\\App\\Controllers\\Check_in', true)
 6 SYSTEMPATH\CodeIgniter.php(484): CodeIgniter\CodeIgniter->startController()
 7 SYSTEMPATH\CodeIgniter.php(366): CodeIgniter\CodeIgniter->handleRequest(null, Object(Config\Cache), false)
 8 FCPATH\index.php(80): CodeIgniter\CodeIgniter->run()
WARNING - 2024-03-17 21:22:06 --> [DEPRECATED] Optional parameter $client_id declared before required parameter $location_id is implicitly treated as a required parameter in APPPATH\Controllers\Check_in.php on line 248.
 1 SYSTEMPATH\Autoloader\Autoloader.php(312): include_once('C:\\xampp\\htdocs\\VA-latest\\system\\Debug\\Exceptions.php')
 2 SYSTEMPATH\Autoloader\Autoloader.php(289): CodeIgniter\Autoloader\Autoloader->includeFile('C:\\xampp\\htdocs\\VA-latest\\app\\Controllers\\Check_in.php')
 3 SYSTEMPATH\Autoloader\Autoloader.php(267): CodeIgniter\Autoloader\Autoloader->loadInNamespace('App\\Controllers\\Check_in')
 4 [internal function]: CodeIgniter\Autoloader\Autoloader->loadClass('App\\Controllers\\Check_in')
 5 SYSTEMPATH\CodeIgniter.php(890): class_exists('\\App\\Controllers\\Check_in', true)
 6 SYSTEMPATH\CodeIgniter.php(484): CodeIgniter\CodeIgniter->startController()
 7 SYSTEMPATH\CodeIgniter.php(366): CodeIgniter\CodeIgniter->handleRequest(null, Object(Config\Cache), false)
 8 FCPATH\index.php(80): CodeIgniter\CodeIgniter->run()
