CRITICAL - 2024-04-15 05:44:50 --> Undefined property: stdClass::$partner_type
in APPPATH\Controllers\Projects.php on line 2087.
 1 APPPATH\Controllers\Projects.php(2087): CodeIgniter\Debug\Exceptions->errorHandler(2, 'Undefined property: stdClass::$partner_type', 'D:\\projects\\visaalliance-crm\\app\\Controllers\\Projects.php', 2087)
 2 APPPATH\Controllers\Projects.php(2004): App\Controllers\Projects->_make_project_partner_row(Object(stdClass), false)
 3 SYSTEMPATH\CodeIgniter.php(932): App\Controllers\Projects->project_partner_list_data('18')
 4 SYSTEMPATH\CodeIgniter.php(497): CodeIgniter\CodeIgniter->runController(Object(App\Controllers\Projects))
 5 SYSTEMPATH\CodeIgniter.php(366): CodeIgniter\CodeIgniter->handleRequest(null, Object(Config\Cache), false)
 6 FCPATH\index.php(80): CodeIgniter\CodeIgniter->run()
CRITICAL - 2024-04-15 05:46:26 --> Undefined property: stdClass::$partner_type
in APPPATH\Controllers\Projects.php on line 2087.
 1 APPPATH\Controllers\Projects.php(2087): CodeIgniter\Debug\Exceptions->errorHandler(2, 'Undefined property: stdClass::$partner_type', 'D:\\projects\\visaalliance-crm\\app\\Controllers\\Projects.php', 2087)
 2 APPPATH\Controllers\Projects.php(2004): App\Controllers\Projects->_make_project_partner_row(Object(stdClass), false)
 3 SYSTEMPATH\CodeIgniter.php(932): App\Controllers\Projects->project_partner_list_data('18')
 4 SYSTEMPATH\CodeIgniter.php(497): CodeIgniter\CodeIgniter->runController(Object(App\Controllers\Projects))
 5 SYSTEMPATH\CodeIgniter.php(366): CodeIgniter\CodeIgniter->handleRequest(null, Object(Config\Cache), false)
 6 FCPATH\index.php(80): CodeIgniter\CodeIgniter->run()
CRITICAL - 2024-04-15 06:50:39 --> The action you requested is not allowed.
in SYSTEMPATH\Security\Security.php on line 306.
 1 SYSTEMPATH\Security\Security.php(306): CodeIgniter\Security\Exceptions\SecurityException::forDisallowedAction()
 2 SYSTEMPATH\Filters\CSRF.php(55): CodeIgniter\Security\Security->verify(Object(CodeIgniter\HTTP\IncomingRequest))
 3 SYSTEMPATH\Filters\Filters.php(173): CodeIgniter\Filters\CSRF->before(Object(CodeIgniter\HTTP\IncomingRequest), null)
 4 SYSTEMPATH\CodeIgniter.php(471): CodeIgniter\Filters\Filters->run('projects/delete_project_partner', 'before')
 5 SYSTEMPATH\CodeIgniter.php(366): CodeIgniter\CodeIgniter->handleRequest(null, Object(Config\Cache), false)
 6 FCPATH\index.php(80): CodeIgniter\CodeIgniter->run()
