CRITICAL - 2024-02-01 02:34:13 --> Undefined variable $page_view
in APPPATH\Views\workflows\index.php on line 1.
 1 APPPATH\Views\workflows\index.php(1): CodeIgniter\Debug\Exceptions->errorHandler(2, 'Undefined variable $page_view', 'D:\\projects\\visaalliance-crm\\app\\Views\\workflows\\index.php', 1)
 2 SYSTEMPATH\View\View.php(224): include('D:\\projects\\visaalliance-crm\\app\\Views\\workflows\\index.php')
 3 SYSTEMPATH\View\View.php(227): CodeIgniter\View\View->CodeIgniter\View\{closure}()
 4 SYSTEMPATH\Common.php(1180): CodeIgniter\View\View->render('workflows/index', [], true)
 5 APPPATH\Views\layout\index.php(59): view('workflows/index')
 6 SYSTEMPATH\View\View.php(224): include('D:\\projects\\visaalliance-crm\\app\\Views\\layout\\index.php')
 7 SYSTEMPATH\View\View.php(227): CodeIgniter\View\View->CodeIgniter\View\{closure}()
 8 SYSTEMPATH\Common.php(1180): CodeIgniter\View\View->render('layout/index', [], true)
 9 APPPATH\Libraries\Template.php(38): view('layout/index', [...])
10 APPPATH\Libraries\Template.php(22): App\Libraries\Template->view('layout/index', [...])
11 APPPATH\Controllers\Settings.php(1285): App\Libraries\Template->rander('workflows/index', [])
12 SYSTEMPATH\CodeIgniter.php(932): App\Controllers\Settings->workflows()
13 SYSTEMPATH\CodeIgniter.php(497): CodeIgniter\CodeIgniter->runController(Object(App\Controllers\Settings))
14 SYSTEMPATH\CodeIgniter.php(366): CodeIgniter\CodeIgniter->handleRequest(null, Object(Config\Cache), false)
15 FCPATH\index.php(80): CodeIgniter\CodeIgniter->run()
CRITICAL - 2024-02-01 02:37:04 --> Undefined variable $client_id
in APPPATH\Views\workflows\index.php on line 10.
 1 APPPATH\Views\workflows\index.php(10): CodeIgniter\Debug\Exceptions->errorHandler(2, 'Undefined variable $client_id', 'D:\\projects\\visaalliance-crm\\app\\Views\\workflows\\index.php', 10)
 2 SYSTEMPATH\View\View.php(224): include('D:\\projects\\visaalliance-crm\\app\\Views\\workflows\\index.php')
 3 SYSTEMPATH\View\View.php(227): CodeIgniter\View\View->CodeIgniter\View\{closure}()
 4 SYSTEMPATH\Common.php(1180): CodeIgniter\View\View->render('workflows/index', [], true)
 5 APPPATH\Views\layout\index.php(59): view('workflows/index')
 6 SYSTEMPATH\View\View.php(224): include('D:\\projects\\visaalliance-crm\\app\\Views\\layout\\index.php')
 7 SYSTEMPATH\View\View.php(227): CodeIgniter\View\View->CodeIgniter\View\{closure}()
 8 SYSTEMPATH\Common.php(1180): CodeIgniter\View\View->render('layout/index', [], true)
 9 APPPATH\Libraries\Template.php(38): view('layout/index', [...])
10 APPPATH\Libraries\Template.php(22): App\Libraries\Template->view('layout/index', [...])
11 APPPATH\Controllers\Settings.php(1285): App\Libraries\Template->rander('workflows/index', [])
12 SYSTEMPATH\CodeIgniter.php(932): App\Controllers\Settings->workflows()
13 SYSTEMPATH\CodeIgniter.php(497): CodeIgniter\CodeIgniter->runController(Object(App\Controllers\Settings))
14 SYSTEMPATH\CodeIgniter.php(366): CodeIgniter\CodeIgniter->handleRequest(null, Object(Config\Cache), false)
15 FCPATH\index.php(80): CodeIgniter\CodeIgniter->run()
CRITICAL - 2024-02-01 05:42:05 --> Undefined variable $widgets
in APPPATH\Views\workflows\edit\widgets.php on line 9.
 1 APPPATH\Views\workflows\edit\widgets.php(9): CodeIgniter\Debug\Exceptions->errorHandler(2, 'Undefined variable $widgets', 'D:\\projects\\visaalliance-crm\\app\\Views\\workflows\\edit\\widgets.php', 9)
 2 SYSTEMPATH\View\View.php(224): include('D:\\projects\\visaalliance-crm\\app\\Views\\workflows\\edit\\widgets.php')
 3 SYSTEMPATH\View\View.php(227): CodeIgniter\View\View->CodeIgniter\View\{closure}()
 4 SYSTEMPATH\Common.php(1180): CodeIgniter\View\View->render('workflows/edit/widgets', [], true)
 5 APPPATH\Views\workflows\edit\index.php(5): view('workflows/edit/widgets')
 6 SYSTEMPATH\View\View.php(224): include('D:\\projects\\visaalliance-crm\\app\\Views\\workflows\\edit\\index.php')
 7 SYSTEMPATH\View\View.php(227): CodeIgniter\View\View->CodeIgniter\View\{closure}()
 8 SYSTEMPATH\Common.php(1180): CodeIgniter\View\View->render('workflows/edit/index', [], true)
 9 APPPATH\Views\layout\index.php(59): view('workflows/edit/index')
10 SYSTEMPATH\View\View.php(224): include('D:\\projects\\visaalliance-crm\\app\\Views\\layout\\index.php')
11 SYSTEMPATH\View\View.php(227): CodeIgniter\View\View->CodeIgniter\View\{closure}()
12 SYSTEMPATH\Common.php(1180): CodeIgniter\View\View->render('layout/index', [], true)
13 APPPATH\Libraries\Template.php(38): view('layout/index', [...])
14 APPPATH\Libraries\Template.php(22): App\Libraries\Template->view('layout/index', [...])
15 APPPATH\Controllers\Settings.php(1304): App\Libraries\Template->rander('workflows/edit/index', [])
16 SYSTEMPATH\CodeIgniter.php(932): App\Controllers\Settings->edit_workflow()
17 SYSTEMPATH\CodeIgniter.php(497): CodeIgniter\CodeIgniter->runController(Object(App\Controllers\Settings))
18 SYSTEMPATH\CodeIgniter.php(366): CodeIgniter\CodeIgniter->handleRequest(null, Object(Config\Cache), false)
19 FCPATH\index.php(80): CodeIgniter\CodeIgniter->run()
CRITICAL - 2024-02-01 05:42:51 --> Undefined variable $dashboard_info
in APPPATH\Views\workflows\edit\index.php on line 14.
 1 APPPATH\Views\workflows\edit\index.php(14): CodeIgniter\Debug\Exceptions->errorHandler(2, 'Undefined variable $dashboard_info', 'D:\\projects\\visaalliance-crm\\app\\Views\\workflows\\edit\\index.php', 14)
 2 SYSTEMPATH\View\View.php(224): include('D:\\projects\\visaalliance-crm\\app\\Views\\workflows\\edit\\index.php')
 3 SYSTEMPATH\View\View.php(227): CodeIgniter\View\View->CodeIgniter\View\{closure}()
 4 SYSTEMPATH\Common.php(1180): CodeIgniter\View\View->render('workflows/edit/index', [], true)
 5 APPPATH\Views\layout\index.php(59): view('workflows/edit/index')
 6 SYSTEMPATH\View\View.php(224): include('D:\\projects\\visaalliance-crm\\app\\Views\\layout\\index.php')
 7 SYSTEMPATH\View\View.php(227): CodeIgniter\View\View->CodeIgniter\View\{closure}()
 8 SYSTEMPATH\Common.php(1180): CodeIgniter\View\View->render('layout/index', [], true)
 9 APPPATH\Libraries\Template.php(38): view('layout/index', [...])
10 APPPATH\Libraries\Template.php(22): App\Libraries\Template->view('layout/index', [...])
11 APPPATH\Controllers\Settings.php(1305): App\Libraries\Template->rander('workflows/edit/index', [...])
12 SYSTEMPATH\CodeIgniter.php(932): App\Controllers\Settings->edit_workflow()
13 SYSTEMPATH\CodeIgniter.php(497): CodeIgniter\CodeIgniter->runController(Object(App\Controllers\Settings))
14 SYSTEMPATH\CodeIgniter.php(366): CodeIgniter\CodeIgniter->handleRequest(null, Object(Config\Cache), false)
15 FCPATH\index.php(80): CodeIgniter\CodeIgniter->run()
CRITICAL - 2024-02-01 05:43:22 --> Undefined property: stdClass::$id
in APPPATH\Views\workflows\edit\index.php on line 14.
 1 APPPATH\Views\workflows\edit\index.php(14): CodeIgniter\Debug\Exceptions->errorHandler(2, 'Undefined property: stdClass::$id', 'D:\\projects\\visaalliance-crm\\app\\Views\\workflows\\edit\\index.php', 14)
 2 SYSTEMPATH\View\View.php(224): include('D:\\projects\\visaalliance-crm\\app\\Views\\workflows\\edit\\index.php')
 3 SYSTEMPATH\View\View.php(227): CodeIgniter\View\View->CodeIgniter\View\{closure}()
 4 SYSTEMPATH\Common.php(1180): CodeIgniter\View\View->render('workflows/edit/index', [], true)
 5 APPPATH\Views\layout\index.php(59): view('workflows/edit/index')
 6 SYSTEMPATH\View\View.php(224): include('D:\\projects\\visaalliance-crm\\app\\Views\\layout\\index.php')
 7 SYSTEMPATH\View\View.php(227): CodeIgniter\View\View->CodeIgniter\View\{closure}()
 8 SYSTEMPATH\Common.php(1180): CodeIgniter\View\View->render('layout/index', [], true)
 9 APPPATH\Libraries\Template.php(38): view('layout/index', [...])
10 APPPATH\Libraries\Template.php(22): App\Libraries\Template->view('layout/index', [...])
11 APPPATH\Controllers\Settings.php(1307): App\Libraries\Template->rander('workflows/edit/index', [...])
12 SYSTEMPATH\CodeIgniter.php(932): App\Controllers\Settings->edit_workflow()
13 SYSTEMPATH\CodeIgniter.php(497): CodeIgniter\CodeIgniter->runController(Object(App\Controllers\Settings))
14 SYSTEMPATH\CodeIgniter.php(366): CodeIgniter\CodeIgniter->handleRequest(null, Object(Config\Cache), false)
15 FCPATH\index.php(80): CodeIgniter\CodeIgniter->run()
