CRITICAL - 2024-02-14 00:22:30 --> Undefined property: stdClass::$is_admin
in APPPATH\Controllers\Security_Controller.php on line 495.
 1 APPPATH\Controllers\Security_Controller.php(495): CodeIgniter\Debug\Exceptions->errorHandler(2, 'Undefined property: stdClass::$is_admin', 'D:\\projects\\visaalliance-crm\\app\\Controllers\\Security_Controller.php', 495)
 2 APPPATH\Controllers\Security_Controller.php(53): App\Controllers\Security_Controller->make_locations_dropdown()
 3 APPPATH\Helpers\activity_logs_helper.php(165): App\Controllers\Security_Controller->__construct(false)
 4 APPPATH\Helpers\activity_logs_helper.php(285): get_change_logs_of_custom_fields('status_id', true)
 5 APPPATH\Controllers\Notification_processor.php(159): get_change_logs_array([...], 'task', 'updated', true)
 6 APPPATH\Controllers\Notification_processor.php(91): App\Controllers\Notification_processor->_clasified_task_modification('project_task_updated', [...], '6')
 7 SYSTEMPATH\CodeIgniter.php(932): App\Controllers\Notification_processor->create_notification()
 8 SYSTEMPATH\CodeIgniter.php(497): CodeIgniter\CodeIgniter->runController(Object(App\Controllers\Notification_processor))
 9 SYSTEMPATH\CodeIgniter.php(366): CodeIgniter\CodeIgniter->handleRequest(null, Object(Config\Cache), false)
10 FCPATH\index.php(80): CodeIgniter\CodeIgniter->run()
CRITICAL - 2024-02-14 00:23:19 --> Undefined property: stdClass::$is_admin
in APPPATH\Controllers\Security_Controller.php on line 495.
 1 APPPATH\Controllers\Security_Controller.php(495): CodeIgniter\Debug\Exceptions->errorHandler(2, 'Undefined property: stdClass::$is_admin', 'D:\\projects\\visaalliance-crm\\app\\Controllers\\Security_Controller.php', 495)
 2 APPPATH\Controllers\Security_Controller.php(53): App\Controllers\Security_Controller->make_locations_dropdown()
 3 APPPATH\Helpers\activity_logs_helper.php(165): App\Controllers\Security_Controller->__construct(false)
 4 APPPATH\Helpers\activity_logs_helper.php(285): get_change_logs_of_custom_fields('status_id', true)
 5 APPPATH\Controllers\Notification_processor.php(159): get_change_logs_array([...], 'task', 'updated', true)
 6 APPPATH\Controllers\Notification_processor.php(91): App\Controllers\Notification_processor->_clasified_task_modification('project_task_updated', [...], '8')
 7 SYSTEMPATH\CodeIgniter.php(932): App\Controllers\Notification_processor->create_notification()
 8 SYSTEMPATH\CodeIgniter.php(497): CodeIgniter\CodeIgniter->runController(Object(App\Controllers\Notification_processor))
 9 SYSTEMPATH\CodeIgniter.php(366): CodeIgniter\CodeIgniter->handleRequest(null, Object(Config\Cache), false)
10 FCPATH\index.php(80): CodeIgniter\CodeIgniter->run()
CRITICAL - 2024-02-14 00:24:21 --> Undefined property: stdClass::$is_admin
in APPPATH\Controllers\Security_Controller.php on line 495.
 1 APPPATH\Controllers\Security_Controller.php(495): CodeIgniter\Debug\Exceptions->errorHandler(2, 'Undefined property: stdClass::$is_admin', 'D:\\projects\\visaalliance-crm\\app\\Controllers\\Security_Controller.php', 495)
 2 APPPATH\Controllers\Security_Controller.php(53): App\Controllers\Security_Controller->make_locations_dropdown()
 3 APPPATH\Helpers\activity_logs_helper.php(165): App\Controllers\Security_Controller->__construct(false)
 4 APPPATH\Helpers\activity_logs_helper.php(285): get_change_logs_of_custom_fields('milestone_id', true)
 5 APPPATH\Controllers\Notification_processor.php(159): get_change_logs_array([...], 'task', 'updated', true)
 6 APPPATH\Controllers\Notification_processor.php(91): App\Controllers\Notification_processor->_clasified_task_modification('project_task_updated', [...], '9')
 7 SYSTEMPATH\CodeIgniter.php(932): App\Controllers\Notification_processor->create_notification()
 8 SYSTEMPATH\CodeIgniter.php(497): CodeIgniter\CodeIgniter->runController(Object(App\Controllers\Notification_processor))
 9 SYSTEMPATH\CodeIgniter.php(366): CodeIgniter\CodeIgniter->handleRequest(null, Object(Config\Cache), false)
10 FCPATH\index.php(80): CodeIgniter\CodeIgniter->run()
CRITICAL - 2024-02-14 00:26:22 --> Undefined property: stdClass::$is_admin
in APPPATH\Controllers\Security_Controller.php on line 495.
 1 APPPATH\Controllers\Security_Controller.php(495): CodeIgniter\Debug\Exceptions->errorHandler(2, 'Undefined property: stdClass::$is_admin', 'D:\\projects\\visaalliance-crm\\app\\Controllers\\Security_Controller.php', 495)
 2 APPPATH\Controllers\Security_Controller.php(53): App\Controllers\Security_Controller->make_locations_dropdown()
 3 APPPATH\Helpers\activity_logs_helper.php(165): App\Controllers\Security_Controller->__construct(false)
 4 APPPATH\Helpers\activity_logs_helper.php(285): get_change_logs_of_custom_fields('sort', true)
 5 APPPATH\Controllers\Notification_processor.php(159): get_change_logs_array([...], 'task', 'updated', true)
 6 APPPATH\Controllers\Notification_processor.php(91): App\Controllers\Notification_processor->_clasified_task_modification('project_task_updated', [...], '10')
 7 SYSTEMPATH\CodeIgniter.php(932): App\Controllers\Notification_processor->create_notification()
 8 SYSTEMPATH\CodeIgniter.php(497): CodeIgniter\CodeIgniter->runController(Object(App\Controllers\Notification_processor))
 9 SYSTEMPATH\CodeIgniter.php(366): CodeIgniter\CodeIgniter->handleRequest(null, Object(Config\Cache), false)
10 FCPATH\index.php(80): CodeIgniter\CodeIgniter->run()
WARNING - 2024-02-14 01:25:47 --> [DEPRECATED] preg_replace(): Passing null to parameter #3 ($subject) of type array|string is deprecated in APPPATH\Helpers\currency_helper.php on line 95.
 1 APPPATH\Helpers\currency_helper.php(95): preg_replace('/[^\\d,-\\.]/', '', null)
 2 APPPATH\Controllers\Projects.php(339): unformat_currency(null)
 3 SYSTEMPATH\CodeIgniter.php(932): App\Controllers\Projects->save()
 4 SYSTEMPATH\CodeIgniter.php(497): CodeIgniter\CodeIgniter->runController(Object(App\Controllers\Projects))
 5 SYSTEMPATH\CodeIgniter.php(366): CodeIgniter\CodeIgniter->handleRequest(null, Object(Config\Cache), false)
 6 FCPATH\index.php(80): CodeIgniter\CodeIgniter->run()
CRITICAL - 2024-02-14 02:02:41 --> The action you requested is not allowed.
in SYSTEMPATH\Security\Security.php on line 306.
 1 SYSTEMPATH\Security\Security.php(306): CodeIgniter\Security\Exceptions\SecurityException::forDisallowedAction()
 2 SYSTEMPATH\Filters\CSRF.php(55): CodeIgniter\Security\Security->verify(Object(CodeIgniter\HTTP\IncomingRequest))
 3 SYSTEMPATH\Filters\Filters.php(173): CodeIgniter\Filters\CSRF->before(Object(CodeIgniter\HTTP\IncomingRequest), null)
 4 SYSTEMPATH\CodeIgniter.php(471): CodeIgniter\Filters\Filters->run('messages/get_notifications', 'before')
 5 SYSTEMPATH\CodeIgniter.php(366): CodeIgniter\CodeIgniter->handleRequest(null, Object(Config\Cache), false)
 6 FCPATH\index.php(80): CodeIgniter\CodeIgniter->run()
CRITICAL - 2024-02-14 04:08:44 --> The action you requested is not allowed.
in SYSTEMPATH\Security\Security.php on line 306.
 1 SYSTEMPATH\Security\Security.php(306): CodeIgniter\Security\Exceptions\SecurityException::forDisallowedAction()
 2 SYSTEMPATH\Filters\CSRF.php(55): CodeIgniter\Security\Security->verify(Object(CodeIgniter\HTTP\IncomingRequest))
 3 SYSTEMPATH\Filters\Filters.php(173): CodeIgniter\Filters\CSRF->before(Object(CodeIgniter\HTTP\IncomingRequest), null)
 4 SYSTEMPATH\CodeIgniter.php(471): CodeIgniter\Filters\Filters->run('notes/modal_form', 'before')
 5 SYSTEMPATH\CodeIgniter.php(366): CodeIgniter\CodeIgniter->handleRequest(null, Object(Config\Cache), false)
 6 FCPATH\index.php(80): CodeIgniter\CodeIgniter->run()
CRITICAL - 2024-02-14 04:49:10 --> Undefined variable $milestone_id
in APPPATH\Views\projects\comments\comment_form.php on line 30.
 1 APPPATH\Views\projects\comments\comment_form.php(30): CodeIgniter\Debug\Exceptions->errorHandler(2, 'Undefined variable $milestone_id', 'D:\\projects\\visaalliance-crm\\app\\Views\\projects\\comments\\comment_form.php', 30)
 2 SYSTEMPATH\View\View.php(224): include('D:\\projects\\visaalliance-crm\\app\\Views\\projects\\comments\\comment_form.php')
 3 SYSTEMPATH\View\View.php(227): CodeIgniter\View\View->CodeIgniter\View\{closure}()
 4 SYSTEMPATH\Common.php(1180): CodeIgniter\View\View->render('projects/comments/comment_form', [], true)
 5 APPPATH\Views\projects\comments\index.php(3): view('projects/comments/comment_form')
 6 SYSTEMPATH\View\View.php(224): include('D:\\projects\\visaalliance-crm\\app\\Views\\projects\\comments\\index.php')
 7 SYSTEMPATH\View\View.php(227): CodeIgniter\View\View->CodeIgniter\View\{closure}()
 8 SYSTEMPATH\Common.php(1180): CodeIgniter\View\View->render('projects/comments/index', [], true)
 9 APPPATH\Libraries\Template.php(42): view('projects/comments/index', [...])
10 APPPATH\Controllers\Projects.php(2369): App\Libraries\Template->view('projects/comments/index', [...])
11 SYSTEMPATH\CodeIgniter.php(932): App\Controllers\Projects->customer_feedback('2')
12 SYSTEMPATH\CodeIgniter.php(497): CodeIgniter\CodeIgniter->runController(Object(App\Controllers\Projects))
13 SYSTEMPATH\CodeIgniter.php(366): CodeIgniter\CodeIgniter->handleRequest(null, Object(Config\Cache), false)
14 FCPATH\index.php(80): CodeIgniter\CodeIgniter->run()
CRITICAL - 2024-02-14 04:49:12 --> Undefined variable $milestone_id
in APPPATH\Views\projects\comments\comment_form.php on line 30.
 1 APPPATH\Views\projects\comments\comment_form.php(30): CodeIgniter\Debug\Exceptions->errorHandler(2, 'Undefined variable $milestone_id', 'D:\\projects\\visaalliance-crm\\app\\Views\\projects\\comments\\comment_form.php', 30)
 2 SYSTEMPATH\View\View.php(224): include('D:\\projects\\visaalliance-crm\\app\\Views\\projects\\comments\\comment_form.php')
 3 SYSTEMPATH\View\View.php(227): CodeIgniter\View\View->CodeIgniter\View\{closure}()
 4 SYSTEMPATH\Common.php(1180): CodeIgniter\View\View->render('projects/comments/comment_form', [], true)
 5 APPPATH\Views\projects\comments\index.php(3): view('projects/comments/comment_form')
 6 SYSTEMPATH\View\View.php(224): include('D:\\projects\\visaalliance-crm\\app\\Views\\projects\\comments\\index.php')
 7 SYSTEMPATH\View\View.php(227): CodeIgniter\View\View->CodeIgniter\View\{closure}()
 8 SYSTEMPATH\Common.php(1180): CodeIgniter\View\View->render('projects/comments/index', [], true)
 9 APPPATH\Libraries\Template.php(42): view('projects/comments/index', [...])
10 APPPATH\Controllers\Projects.php(2369): App\Libraries\Template->view('projects/comments/index', [...])
11 SYSTEMPATH\CodeIgniter.php(932): App\Controllers\Projects->customer_feedback('2')
12 SYSTEMPATH\CodeIgniter.php(497): CodeIgniter\CodeIgniter->runController(Object(App\Controllers\Projects))
13 SYSTEMPATH\CodeIgniter.php(366): CodeIgniter\CodeIgniter->handleRequest(null, Object(Config\Cache), false)
14 FCPATH\index.php(80): CodeIgniter\CodeIgniter->run()
CRITICAL - 2024-02-14 04:49:22 --> Undefined variable $milestone_id
in APPPATH\Views\projects\comments\comment_form.php on line 30.
 1 APPPATH\Views\projects\comments\comment_form.php(30): CodeIgniter\Debug\Exceptions->errorHandler(2, 'Undefined variable $milestone_id', 'D:\\projects\\visaalliance-crm\\app\\Views\\projects\\comments\\comment_form.php', 30)
 2 SYSTEMPATH\View\View.php(224): include('D:\\projects\\visaalliance-crm\\app\\Views\\projects\\comments\\comment_form.php')
 3 SYSTEMPATH\View\View.php(227): CodeIgniter\View\View->CodeIgniter\View\{closure}()
 4 SYSTEMPATH\Common.php(1180): CodeIgniter\View\View->render('projects/comments/comment_form', [], true)
 5 APPPATH\Views\projects\comments\index.php(3): view('projects/comments/comment_form')
 6 SYSTEMPATH\View\View.php(224): include('D:\\projects\\visaalliance-crm\\app\\Views\\projects\\comments\\index.php')
 7 SYSTEMPATH\View\View.php(227): CodeIgniter\View\View->CodeIgniter\View\{closure}()
 8 SYSTEMPATH\Common.php(1180): CodeIgniter\View\View->render('projects/comments/index', [], true)
 9 APPPATH\Libraries\Template.php(42): view('projects/comments/index', [...])
10 APPPATH\Controllers\Projects.php(2369): App\Libraries\Template->view('projects/comments/index', [...])
11 SYSTEMPATH\CodeIgniter.php(932): App\Controllers\Projects->customer_feedback('2')
12 SYSTEMPATH\CodeIgniter.php(497): CodeIgniter\CodeIgniter->runController(Object(App\Controllers\Projects))
13 SYSTEMPATH\CodeIgniter.php(366): CodeIgniter\CodeIgniter->handleRequest(null, Object(Config\Cache), false)
14 FCPATH\index.php(80): CodeIgniter\CodeIgniter->run()
CRITICAL - 2024-02-14 04:49:55 --> Undefined variable $milestone_id
in APPPATH\Views\projects\comments\comment_form.php on line 30.
 1 APPPATH\Views\projects\comments\comment_form.php(30): CodeIgniter\Debug\Exceptions->errorHandler(2, 'Undefined variable $milestone_id', 'D:\\projects\\visaalliance-crm\\app\\Views\\projects\\comments\\comment_form.php', 30)
 2 SYSTEMPATH\View\View.php(224): include('D:\\projects\\visaalliance-crm\\app\\Views\\projects\\comments\\comment_form.php')
 3 SYSTEMPATH\View\View.php(227): CodeIgniter\View\View->CodeIgniter\View\{closure}()
 4 SYSTEMPATH\Common.php(1180): CodeIgniter\View\View->render('projects/comments/comment_form', [], true)
 5 APPPATH\Views\projects\comments\index.php(3): view('projects/comments/comment_form')
 6 SYSTEMPATH\View\View.php(224): include('D:\\projects\\visaalliance-crm\\app\\Views\\projects\\comments\\index.php')
 7 SYSTEMPATH\View\View.php(227): CodeIgniter\View\View->CodeIgniter\View\{closure}()
 8 SYSTEMPATH\Common.php(1180): CodeIgniter\View\View->render('projects/comments/index', [], true)
 9 APPPATH\Libraries\Template.php(42): view('projects/comments/index', [...])
10 APPPATH\Controllers\Projects.php(2370): App\Libraries\Template->view('projects/comments/index', [...])
11 SYSTEMPATH\CodeIgniter.php(932): App\Controllers\Projects->customer_feedback('2')
12 SYSTEMPATH\CodeIgniter.php(497): CodeIgniter\CodeIgniter->runController(Object(App\Controllers\Projects))
13 SYSTEMPATH\CodeIgniter.php(366): CodeIgniter\CodeIgniter->handleRequest(null, Object(Config\Cache), false)
14 FCPATH\index.php(80): CodeIgniter\CodeIgniter->run()
CRITICAL - 2024-02-14 05:03:59 --> anchor(): Argument #2 ($title) must be of type string, null given, called in D:\projects\visaalliance-crm\app\Controllers\Contracts.php on line 386
in SYSTEMPATH\Helpers\url_helper.php on line 258.
 1 APPPATH\Controllers\Contracts.php(386): anchor('http://localhost/visaalliance-crm/index.php/clients/view/2', null)
 2 APPPATH\Controllers\Contracts.php(364): App\Controllers\Contracts->_make_row(Object(stdClass), [])
 3 APPPATH\Controllers\Contracts.php(228): App\Controllers\Contracts->_row_data(1)
 4 SYSTEMPATH\CodeIgniter.php(932): App\Controllers\Contracts->save()
 5 SYSTEMPATH\CodeIgniter.php(497): CodeIgniter\CodeIgniter->runController(Object(App\Controllers\Contracts))
 6 SYSTEMPATH\CodeIgniter.php(366): CodeIgniter\CodeIgniter->handleRequest(null, Object(Config\Cache), false)
 7 FCPATH\index.php(80): CodeIgniter\CodeIgniter->run()
CRITICAL - 2024-02-14 05:08:46 --> Undefined property: stdClass::$first_name
in APPPATH\Controllers\Contracts.php on line 400.
 1 APPPATH\Controllers\Contracts.php(400): CodeIgniter\Debug\Exceptions->errorHandler(2, 'Undefined property: stdClass::$first_name', 'D:\\projects\\visaalliance-crm\\app\\Controllers\\Contracts.php', 400)
 2 APPPATH\Controllers\Contracts.php(1014): App\Controllers\Contracts->_make_row(Object(stdClass), [])
 3 SYSTEMPATH\CodeIgniter.php(932): App\Controllers\Contracts->contract_list_data_of_project('2')
 4 SYSTEMPATH\CodeIgniter.php(497): CodeIgniter\CodeIgniter->runController(Object(App\Controllers\Contracts))
 5 SYSTEMPATH\CodeIgniter.php(366): CodeIgniter\CodeIgniter->handleRequest(null, Object(Config\Cache), false)
 6 FCPATH\index.php(80): CodeIgniter\CodeIgniter->run()
CRITICAL - 2024-02-14 05:34:17 --> Undefined property: stdClass::$vat_number
in APPPATH\Views\contracts\contract_parts\contract_to.php on line 24.
 1 APPPATH\Views\contracts\contract_parts\contract_to.php(24): CodeIgniter\Debug\Exceptions->errorHandler(2, 'Undefined property: stdClass::$vat_number', 'D:\\projects\\visaalliance-crm\\app\\Views\\contracts\\contract_parts\\contract_to.php', 24)
 2 SYSTEMPATH\View\View.php(224): include('D:\\projects\\visaalliance-crm\\app\\Views\\contracts\\contract_parts\\contract_to.php')
 3 SYSTEMPATH\View\View.php(227): CodeIgniter\View\View->CodeIgniter\View\{closure}()
 4 SYSTEMPATH\Common.php(1180): CodeIgniter\View\View->render('contracts/contract_parts/contract_to', [], true)
 5 APPPATH\Views\contracts\contract_parts\header_style_1.php(15): view('contracts/contract_parts/contract_to', [...])
 6 SYSTEMPATH\View\View.php(224): include('D:\\projects\\visaalliance-crm\\app\\Views\\contracts\\contract_parts\\header_style_1.php')
 7 SYSTEMPATH\View\View.php(227): CodeIgniter\View\View->CodeIgniter\View\{closure}()
 8 SYSTEMPATH\Common.php(1180): CodeIgniter\View\View->render('contracts/contract_parts/header_style_1.php', [], true)
 9 APPPATH\Views\contracts\details.php(40): view('contracts/contract_parts/header_style_1.php', [...])
10 SYSTEMPATH\View\View.php(224): include('D:\\projects\\visaalliance-crm\\app\\Views\\contracts\\details.php')
11 SYSTEMPATH\View\View.php(227): CodeIgniter\View\View->CodeIgniter\View\{closure}()
12 SYSTEMPATH\Common.php(1180): CodeIgniter\View\View->render('contracts/details', [], true)
13 APPPATH\Views\contracts\view.php(82): view('contracts/details')
14 SYSTEMPATH\View\View.php(224): include('D:\\projects\\visaalliance-crm\\app\\Views\\contracts\\view.php')
15 SYSTEMPATH\View\View.php(227): CodeIgniter\View\View->CodeIgniter\View\{closure}()
16 SYSTEMPATH\Common.php(1180): CodeIgniter\View\View->render('contracts/view', [], true)
17 APPPATH\Views\layout\index.php(62): view('contracts/view')
18 SYSTEMPATH\View\View.php(224): include('D:\\projects\\visaalliance-crm\\app\\Views\\layout\\index.php')
19 SYSTEMPATH\View\View.php(227): CodeIgniter\View\View->CodeIgniter\View\{closure}()
20 SYSTEMPATH\Common.php(1180): CodeIgniter\View\View->render('layout/index', [], true)
21 APPPATH\Libraries\Template.php(42): view('layout/index', [...])
22 APPPATH\Libraries\Template.php(24): App\Libraries\Template->view('layout/index', [...])
23 APPPATH\Controllers\Contracts.php(493): App\Libraries\Template->rander('contracts/view', [...])
24 SYSTEMPATH\CodeIgniter.php(932): App\Controllers\Contracts->view('1')
25 SYSTEMPATH\CodeIgniter.php(497): CodeIgniter\CodeIgniter->runController(Object(App\Controllers\Contracts))
26 SYSTEMPATH\CodeIgniter.php(366): CodeIgniter\CodeIgniter->handleRequest(null, Object(Config\Cache), false)
27 FCPATH\index.php(80): CodeIgniter\CodeIgniter->run()
CRITICAL - 2024-02-14 05:34:33 --> Undefined property: stdClass::$vat_number
in APPPATH\Views\contracts\contract_parts\contract_to.php on line 24.
 1 APPPATH\Views\contracts\contract_parts\contract_to.php(24): CodeIgniter\Debug\Exceptions->errorHandler(2, 'Undefined property: stdClass::$vat_number', 'D:\\projects\\visaalliance-crm\\app\\Views\\contracts\\contract_parts\\contract_to.php', 24)
 2 SYSTEMPATH\View\View.php(224): include('D:\\projects\\visaalliance-crm\\app\\Views\\contracts\\contract_parts\\contract_to.php')
 3 SYSTEMPATH\View\View.php(227): CodeIgniter\View\View->CodeIgniter\View\{closure}()
 4 SYSTEMPATH\Common.php(1180): CodeIgniter\View\View->render('contracts/contract_parts/contract_to', [], true)
 5 APPPATH\Helpers\general_helper.php(1977): view('contracts/contract_parts/contract_to', [...])
 6 APPPATH\Controllers\Contracts.php(771): prepare_contract_view([...])
 7 SYSTEMPATH\CodeIgniter.php(932): App\Controllers\Contracts->preview('1', '0', '1')
 8 SYSTEMPATH\CodeIgniter.php(497): CodeIgniter\CodeIgniter->runController(Object(App\Controllers\Contracts))
 9 SYSTEMPATH\CodeIgniter.php(366): CodeIgniter\CodeIgniter->handleRequest(null, Object(Config\Cache), false)
10 FCPATH\index.php(80): CodeIgniter\CodeIgniter->run()
CRITICAL - 2024-02-14 05:36:44 --> anchor(): Argument #2 ($title) must be of type string, null given, called in D:\projects\visaalliance-crm\app\Views\contracts\contract_status_bar.php on line 8
in SYSTEMPATH\Helpers\url_helper.php on line 258.
 1 APPPATH\Views\contracts\contract_status_bar.php(8): anchor('http://localhost/visaalliance-crm/index.php/clients/view/2', null)
 2 SYSTEMPATH\View\View.php(224): include('D:\\projects\\visaalliance-crm\\app\\Views\\contracts\\contract_status_bar.php')
 3 SYSTEMPATH\View\View.php(227): CodeIgniter\View\View->CodeIgniter\View\{closure}()
 4 SYSTEMPATH\Common.php(1180): CodeIgniter\View\View->render('contracts/contract_status_bar', [], true)
 5 APPPATH\Views\contracts\details.php(99): view('contracts/contract_status_bar')
 6 SYSTEMPATH\View\View.php(224): include('D:\\projects\\visaalliance-crm\\app\\Views\\contracts\\details.php')
 7 SYSTEMPATH\View\View.php(227): CodeIgniter\View\View->CodeIgniter\View\{closure}()
 8 SYSTEMPATH\Common.php(1180): CodeIgniter\View\View->render('contracts/details', [], true)
 9 APPPATH\Views\contracts\view.php(82): view('contracts/details')
10 SYSTEMPATH\View\View.php(224): include('D:\\projects\\visaalliance-crm\\app\\Views\\contracts\\view.php')
11 SYSTEMPATH\View\View.php(227): CodeIgniter\View\View->CodeIgniter\View\{closure}()
12 SYSTEMPATH\Common.php(1180): CodeIgniter\View\View->render('contracts/view', [], true)
13 APPPATH\Views\layout\index.php(62): view('contracts/view')
14 SYSTEMPATH\View\View.php(224): include('D:\\projects\\visaalliance-crm\\app\\Views\\layout\\index.php')
15 SYSTEMPATH\View\View.php(227): CodeIgniter\View\View->CodeIgniter\View\{closure}()
16 SYSTEMPATH\Common.php(1180): CodeIgniter\View\View->render('layout/index', [], true)
17 APPPATH\Libraries\Template.php(42): view('layout/index', [...])
18 APPPATH\Libraries\Template.php(24): App\Libraries\Template->view('layout/index', [...])
19 APPPATH\Controllers\Contracts.php(493): App\Libraries\Template->rander('contracts/view', [...])
20 SYSTEMPATH\CodeIgniter.php(932): App\Controllers\Contracts->view('1')
21 SYSTEMPATH\CodeIgniter.php(497): CodeIgniter\CodeIgniter->runController(Object(App\Controllers\Contracts))
22 SYSTEMPATH\CodeIgniter.php(366): CodeIgniter\CodeIgniter->handleRequest(null, Object(Config\Cache), false)
23 FCPATH\index.php(80): CodeIgniter\CodeIgniter->run()
CRITICAL - 2024-02-14 05:38:03 --> Object of class stdClass could not be converted to string
in APPPATH\Views\contracts\contract_status_bar.php on line 8.
 1 SYSTEMPATH\View\View.php(224): include()
 2 SYSTEMPATH\View\View.php(227): CodeIgniter\View\View->CodeIgniter\View\{closure}()
 3 SYSTEMPATH\Common.php(1180): CodeIgniter\View\View->render('contracts/contract_status_bar', [], true)
 4 APPPATH\Views\contracts\details.php(99): view('contracts/contract_status_bar')
 5 SYSTEMPATH\View\View.php(224): include('D:\\projects\\visaalliance-crm\\app\\Views\\contracts\\details.php')
 6 SYSTEMPATH\View\View.php(227): CodeIgniter\View\View->CodeIgniter\View\{closure}()
 7 SYSTEMPATH\Common.php(1180): CodeIgniter\View\View->render('contracts/details', [], true)
 8 APPPATH\Views\contracts\view.php(82): view('contracts/details')
 9 SYSTEMPATH\View\View.php(224): include('D:\\projects\\visaalliance-crm\\app\\Views\\contracts\\view.php')
10 SYSTEMPATH\View\View.php(227): CodeIgniter\View\View->CodeIgniter\View\{closure}()
11 SYSTEMPATH\Common.php(1180): CodeIgniter\View\View->render('contracts/view', [], true)
12 APPPATH\Views\layout\index.php(62): view('contracts/view')
13 SYSTEMPATH\View\View.php(224): include('D:\\projects\\visaalliance-crm\\app\\Views\\layout\\index.php')
14 SYSTEMPATH\View\View.php(227): CodeIgniter\View\View->CodeIgniter\View\{closure}()
15 SYSTEMPATH\Common.php(1180): CodeIgniter\View\View->render('layout/index', [], true)
16 APPPATH\Libraries\Template.php(42): view('layout/index', [...])
17 APPPATH\Libraries\Template.php(24): App\Libraries\Template->view('layout/index', [...])
18 APPPATH\Controllers\Contracts.php(493): App\Libraries\Template->rander('contracts/view', [...])
19 SYSTEMPATH\CodeIgniter.php(932): App\Controllers\Contracts->view('1')
20 SYSTEMPATH\CodeIgniter.php(497): CodeIgniter\CodeIgniter->runController(Object(App\Controllers\Contracts))
21 SYSTEMPATH\CodeIgniter.php(366): CodeIgniter\CodeIgniter->handleRequest(null, Object(Config\Cache), false)
22 FCPATH\index.php(80): CodeIgniter\CodeIgniter->run()
CRITICAL - 2024-02-14 05:42:01 --> Object of class stdClass could not be converted to string
in APPPATH\Views\contracts\contract_status_bar.php on line 3.
 1 SYSTEMPATH\View\View.php(224): include()
 2 SYSTEMPATH\View\View.php(227): CodeIgniter\View\View->CodeIgniter\View\{closure}()
 3 SYSTEMPATH\Common.php(1180): CodeIgniter\View\View->render('contracts/contract_status_bar', [], true)
 4 APPPATH\Views\contracts\details.php(99): view('contracts/contract_status_bar')
 5 SYSTEMPATH\View\View.php(224): include('D:\\projects\\visaalliance-crm\\app\\Views\\contracts\\details.php')
 6 SYSTEMPATH\View\View.php(227): CodeIgniter\View\View->CodeIgniter\View\{closure}()
 7 SYSTEMPATH\Common.php(1180): CodeIgniter\View\View->render('contracts/details', [], true)
 8 APPPATH\Views\contracts\view.php(82): view('contracts/details')
 9 SYSTEMPATH\View\View.php(224): include('D:\\projects\\visaalliance-crm\\app\\Views\\contracts\\view.php')
10 SYSTEMPATH\View\View.php(227): CodeIgniter\View\View->CodeIgniter\View\{closure}()
11 SYSTEMPATH\Common.php(1180): CodeIgniter\View\View->render('contracts/view', [], true)
12 APPPATH\Views\layout\index.php(62): view('contracts/view')
13 SYSTEMPATH\View\View.php(224): include('D:\\projects\\visaalliance-crm\\app\\Views\\layout\\index.php')
14 SYSTEMPATH\View\View.php(227): CodeIgniter\View\View->CodeIgniter\View\{closure}()
15 SYSTEMPATH\Common.php(1180): CodeIgniter\View\View->render('layout/index', [], true)
16 APPPATH\Libraries\Template.php(42): view('layout/index', [...])
17 APPPATH\Libraries\Template.php(24): App\Libraries\Template->view('layout/index', [...])
18 APPPATH\Controllers\Contracts.php(493): App\Libraries\Template->rander('contracts/view', [...])
19 SYSTEMPATH\CodeIgniter.php(932): App\Controllers\Contracts->view('1')
20 SYSTEMPATH\CodeIgniter.php(497): CodeIgniter\CodeIgniter->runController(Object(App\Controllers\Contracts))
21 SYSTEMPATH\CodeIgniter.php(366): CodeIgniter\CodeIgniter->handleRequest(null, Object(Config\Cache), false)
22 FCPATH\index.php(80): CodeIgniter\CodeIgniter->run()
