ERROR - 2024-05-07 08:06:39 --> mysqli_sql_exception: Unknown column 'partner_id' in 'field list' in D:\projects\visaalliance-crm\system\Database\MySQLi\Connection.php:295
Stack trace:
#0 D:\projects\visaalliance-crm\system\Database\MySQLi\Connection.php(295): mysqli->query('INSERT INTO `ri...', 0)
#1 D:\projects\visaalliance-crm\system\Database\BaseConnection.php(692): CodeIgniter\Database\MySQLi\Connection->execute('INSERT INTO `ri...')
#2 D:\projects\visaalliance-crm\system\Database\BaseConnection.php(606): CodeIgniter\Database\BaseConnection->simpleQuery('INSERT INTO `ri...')
#3 D:\projects\visaalliance-crm\system\Database\BaseBuilder.php(2309): CodeIgniter\Database\BaseConnection->query('INSERT INTO `ri...', Array, false)
#4 D:\projects\visaalliance-crm\app\Models\Crud_model.php(261): CodeIgniter\Database\BaseBuilder->insert(Array)
#5 D:\projects\visaalliance-crm\app\Controllers\Import.php(194): App\Models\Crud_model->ci_save(Array)
#6 D:\projects\visaalliance-crm\system\CodeIgniter.php(932): App\Controllers\Import->run()
#7 D:\projects\visaalliance-crm\system\CodeIgniter.php(497): CodeIgniter\CodeIgniter->runController(Object(App\Controllers\Import))
#8 D:\projects\visaalliance-crm\system\CodeIgniter.php(366): CodeIgniter\CodeIgniter->handleRequest(NULL, Object(Config\Cache), false)
#9 D:\projects\visaalliance-crm\index.php(80): CodeIgniter\CodeIgniter->run()
#10 {main}
CRITICAL - 2024-05-07 08:06:39 --> Unknown column 'partner_id' in 'field list'
in SYSTEMPATH\Database\MySQLi\Connection.php on line 295.
 1 SYSTEMPATH\Database\MySQLi\Connection.php(295): mysqli->query('INSERT INTO `rise_projects` (`client_id`, `workflow_id`, `partner_id`, `temp_product_id`, `status_id`, `status`, `created_date`, `temp_applic_id`, `start_date`, `deadline`, `location_id`, `title`) VALUES (0, \'41\', \'3033\', \'15383\', 2, \'open\', \'2023-09-20\', \'3692\', \'2024-01-15\', \'2024-02-28\', (2), \'Application 850669\')', 0)
 2 SYSTEMPATH\Database\BaseConnection.php(692): CodeIgniter\Database\MySQLi\Connection->execute('INSERT INTO `rise_projects` (`client_id`, `workflow_id`, `partner_id`, `temp_product_id`, `status_id`, `status`, `created_date`, `temp_applic_id`, `start_date`, `deadline`, `location_id`, `title`) VALUES (0, \'41\', \'3033\', \'15383\', 2, \'open\', \'2023-09-20\', \'3692\', \'2024-01-15\', \'2024-02-28\', (2), \'Application 850669\')')
 3 SYSTEMPATH\Database\BaseConnection.php(606): CodeIgniter\Database\BaseConnection->simpleQuery('INSERT INTO `rise_projects` (`client_id`, `workflow_id`, `partner_id`, `temp_product_id`, `status_id`, `status`, `created_date`, `temp_applic_id`, `start_date`, `deadline`, `location_id`, `title`) VALUES (0, \'41\', \'3033\', \'15383\', 2, \'open\', \'2023-09-20\', \'3692\', \'2024-01-15\', \'2024-02-28\', (2), \'Application 850669\')')
 4 SYSTEMPATH\Database\BaseBuilder.php(2309): CodeIgniter\Database\BaseConnection->query('INSERT INTO `rise_projects` (`client_id`, `workflow_id`, `partner_id`, `temp_product_id`, `status_id`, `status`, `created_date`, `temp_applic_id`, `start_date`, `deadline`, `location_id`, `title`) VALUES (:client_id:, :workflow_id:, :partner_id:, :temp_product_id:, :status_id:, :status:, :created_date:, :temp_applic_id:, :start_date:, :deadline:, :location_id:, :title:)', [...], false)
 5 APPPATH\Models\Crud_model.php(261): CodeIgniter\Database\BaseBuilder->insert([...])
 6 APPPATH\Controllers\Import.php(194): App\Models\Crud_model->ci_save([...])
 7 SYSTEMPATH\CodeIgniter.php(932): App\Controllers\Import->run()
 8 SYSTEMPATH\CodeIgniter.php(497): CodeIgniter\CodeIgniter->runController(Object(App\Controllers\Import))
 9 SYSTEMPATH\CodeIgniter.php(366): CodeIgniter\CodeIgniter->handleRequest(null, Object(Config\Cache), false)
10 FCPATH\index.php(80): CodeIgniter\CodeIgniter->run()
