CRITICAL - 2024-02-15 01:27:34 --> anchor(): Argument #2 ($title) must be of type string, null given, called in D:\projects\visaalliance-crm\app\Controllers\Invoices.php on line 697
in SYSTEMPATH\Helpers\url_helper.php on line 258.
 1 APPPATH\Controllers\Invoices.php(697): anchor('http://localhost/visaalliance-crm/index.php/clients/view/2', null)
 2 APPPATH\Controllers\Invoices.php(639): App\Controllers\Invoices->_make_row(Object(stdClass), [])
 3 APPPATH\Controllers\Invoices.php(308): App\Controllers\Invoices->_row_data(1)
 4 SYSTEMPATH\CodeIgniter.php(932): App\Controllers\Invoices->save()
 5 SYSTEMPATH\CodeIgniter.php(497): CodeIgniter\CodeIgniter->runController(Object(App\Controllers\Invoices))
 6 SYSTEMPATH\CodeIgniter.php(366): CodeIgniter\CodeIgniter->handleRequest(null, Object(Config\Cache), false)
 7 FCPATH\index.php(80): CodeIgniter\CodeIgniter->run()
CRITICAL - 2024-02-15 01:28:01 --> anchor(): Argument #2 ($title) must be of type string, null given, called in D:\projects\visaalliance-crm\app\Controllers\Invoices.php on line 697
in SYSTEMPATH\Helpers\url_helper.php on line 258.
 1 APPPATH\Controllers\Invoices.php(697): anchor('http://localhost/visaalliance-crm/index.php/clients/view/2', null)
 2 APPPATH\Controllers\Invoices.php(639): App\Controllers\Invoices->_make_row(Object(stdClass), [])
 3 APPPATH\Controllers\Invoices.php(308): App\Controllers\Invoices->_row_data(2)
 4 SYSTEMPATH\CodeIgniter.php(932): App\Controllers\Invoices->save()
 5 SYSTEMPATH\CodeIgniter.php(497): CodeIgniter\CodeIgniter->runController(Object(App\Controllers\Invoices))
 6 SYSTEMPATH\CodeIgniter.php(366): CodeIgniter\CodeIgniter->handleRequest(null, Object(Config\Cache), false)
 7 FCPATH\index.php(80): CodeIgniter\CodeIgniter->run()
CRITICAL - 2024-02-15 01:33:56 --> anchor(): Argument #2 ($title) must be of type string, null given, called in D:\projects\visaalliance-crm\app\Views\invoices\invoice_status_bar.php on line 4
in SYSTEMPATH\Helpers\url_helper.php on line 258.
 1 APPPATH\Views\invoices\invoice_status_bar.php(4): anchor('http://localhost/visaalliance-crm/index.php/clients/view/2', null)
 2 SYSTEMPATH\View\View.php(224): include('D:\\projects\\visaalliance-crm\\app\\Views\\invoices\\invoice_status_bar.php')
 3 SYSTEMPATH\View\View.php(227): CodeIgniter\View\View->CodeIgniter\View\{closure}()
 4 SYSTEMPATH\Common.php(1180): CodeIgniter\View\View->render('invoices/invoice_status_bar', [], true)
 5 APPPATH\Views\invoices\details.php(80): view('invoices/invoice_status_bar')
 6 SYSTEMPATH\View\View.php(224): include('D:\\projects\\visaalliance-crm\\app\\Views\\invoices\\details.php')
 7 SYSTEMPATH\View\View.php(227): CodeIgniter\View\View->CodeIgniter\View\{closure}()
 8 SYSTEMPATH\Common.php(1180): CodeIgniter\View\View->render('invoices/details', [], true)
 9 APPPATH\Libraries\Template.php(42): view('invoices/details', [...])
10 APPPATH\Controllers\Invoices.php(1664): App\Libraries\Template->view('invoices/details', [...])
11 SYSTEMPATH\CodeIgniter.php(932): App\Controllers\Invoices->details('2')
12 SYSTEMPATH\CodeIgniter.php(497): CodeIgniter\CodeIgniter->runController(Object(App\Controllers\Invoices))
13 SYSTEMPATH\CodeIgniter.php(366): CodeIgniter\CodeIgniter->handleRequest(null, Object(Config\Cache), false)
14 FCPATH\index.php(80): CodeIgniter\CodeIgniter->run()
WARNING - 2024-02-15 04:17:33 --> [DEPRECATED] preg_replace(): Passing null to parameter #3 ($subject) of type array|string is deprecated in APPPATH\Helpers\currency_helper.php on line 95.
 1 APPPATH\Helpers\currency_helper.php(95): preg_replace('/[^\\d,-\\.]/', '', null)
 2 APPPATH\Controllers\Projects.php(339): unformat_currency(null)
 3 SYSTEMPATH\CodeIgniter.php(932): App\Controllers\Projects->save()
 4 SYSTEMPATH\CodeIgniter.php(497): CodeIgniter\CodeIgniter->runController(Object(App\Controllers\Projects))
 5 SYSTEMPATH\CodeIgniter.php(366): CodeIgniter\CodeIgniter->handleRequest(null, Object(Config\Cache), false)
 6 FCPATH\index.php(80): CodeIgniter\CodeIgniter->run()
CRITICAL - 2024-02-15 04:31:39 --> Undefined property: stdClass::$is_admin
in APPPATH\Controllers\Security_Controller.php on line 507.
 1 APPPATH\Controllers\Security_Controller.php(507): CodeIgniter\Debug\Exceptions->errorHandler(2, 'Undefined property: stdClass::$is_admin', 'D:\\projects\\visaalliance-crm\\app\\Controllers\\Security_Controller.php', 507)
 2 APPPATH\Controllers\Security_Controller.php(53): App\Controllers\Security_Controller->make_locations_dropdown()
 3 APPPATH\Helpers\activity_logs_helper.php(165): App\Controllers\Security_Controller->__construct(false)
 4 APPPATH\Helpers\activity_logs_helper.php(285): get_change_logs_of_custom_fields('status_id', true)
 5 APPPATH\Controllers\Notification_processor.php(159): get_change_logs_array([...], 'task', 'updated', true)
 6 APPPATH\Controllers\Notification_processor.php(91): App\Controllers\Notification_processor->_clasified_task_modification('project_task_updated', [...], '24')
 7 SYSTEMPATH\CodeIgniter.php(932): App\Controllers\Notification_processor->create_notification()
 8 SYSTEMPATH\CodeIgniter.php(497): CodeIgniter\CodeIgniter->runController(Object(App\Controllers\Notification_processor))
 9 SYSTEMPATH\CodeIgniter.php(366): CodeIgniter\CodeIgniter->handleRequest(null, Object(Config\Cache), false)
10 FCPATH\index.php(80): CodeIgniter\CodeIgniter->run()
CRITICAL - 2024-02-15 04:31:41 --> Undefined property: stdClass::$is_admin
in APPPATH\Controllers\Security_Controller.php on line 507.
 1 APPPATH\Controllers\Security_Controller.php(507): CodeIgniter\Debug\Exceptions->errorHandler(2, 'Undefined property: stdClass::$is_admin', 'D:\\projects\\visaalliance-crm\\app\\Controllers\\Security_Controller.php', 507)
 2 APPPATH\Controllers\Security_Controller.php(53): App\Controllers\Security_Controller->make_locations_dropdown()
 3 APPPATH\Helpers\activity_logs_helper.php(165): App\Controllers\Security_Controller->__construct(false)
 4 APPPATH\Helpers\activity_logs_helper.php(285): get_change_logs_of_custom_fields('status_id', true)
 5 APPPATH\Controllers\Notification_processor.php(159): get_change_logs_array([...], 'task', 'updated', true)
 6 APPPATH\Controllers\Notification_processor.php(91): App\Controllers\Notification_processor->_clasified_task_modification('project_task_updated', [...], '25')
 7 SYSTEMPATH\CodeIgniter.php(932): App\Controllers\Notification_processor->create_notification()
 8 SYSTEMPATH\CodeIgniter.php(497): CodeIgniter\CodeIgniter->runController(Object(App\Controllers\Notification_processor))
 9 SYSTEMPATH\CodeIgniter.php(366): CodeIgniter\CodeIgniter->handleRequest(null, Object(Config\Cache), false)
10 FCPATH\index.php(80): CodeIgniter\CodeIgniter->run()
CRITICAL - 2024-02-15 05:23:25 --> Undefined variable $next_container_id
in APPPATH\Views\activity_logs\milestone_activity_logs_widget.php on line 147.
 1 APPPATH\Views\activity_logs\milestone_activity_logs_widget.php(147): CodeIgniter\Debug\Exceptions->errorHandler(2, 'Undefined variable $next_container_id', 'D:\\projects\\visaalliance-crm\\app\\Views\\activity_logs\\milestone_activity_logs_widget.php', 147)
 2 SYSTEMPATH\View\View.php(224): include('D:\\projects\\visaalliance-crm\\app\\Views\\activity_logs\\milestone_activity_logs_widget.php')
 3 SYSTEMPATH\View\View.php(227): CodeIgniter\View\View->CodeIgniter\View\{closure}()
 4 SYSTEMPATH\Common.php(1180): CodeIgniter\View\View->render('activity_logs/milestone_activity_logs_widget', [], true)
 5 APPPATH\Helpers\widget_helper.php(97): view('activity_logs/milestone_activity_logs_widget', [...])
 6 APPPATH\Views\projects\history\index.php(9): milestone_activity_logs_widget([...], [...])
 7 SYSTEMPATH\View\View.php(224): include('D:\\projects\\visaalliance-crm\\app\\Views\\projects\\history\\index.php')
 8 SYSTEMPATH\View\View.php(227): CodeIgniter\View\View->CodeIgniter\View\{closure}()
 9 SYSTEMPATH\Common.php(1180): CodeIgniter\View\View->render('projects/history/index', [], true)
10 APPPATH\Views\projects\overview.php(21): view('projects/history/index')
11 SYSTEMPATH\View\View.php(224): include('D:\\projects\\visaalliance-crm\\app\\Views\\projects\\overview.php')
12 SYSTEMPATH\View\View.php(227): CodeIgniter\View\View->CodeIgniter\View\{closure}()
13 SYSTEMPATH\Common.php(1180): CodeIgniter\View\View->render('projects/overview', [], true)
14 APPPATH\Libraries\Template.php(42): view('projects/overview', [...])
15 APPPATH\Controllers\Projects.php(1209): App\Libraries\Template->view('projects/overview', [...])
16 SYSTEMPATH\CodeIgniter.php(932): App\Controllers\Projects->overview('2')
17 SYSTEMPATH\CodeIgniter.php(497): CodeIgniter\CodeIgniter->runController(Object(App\Controllers\Projects))
18 SYSTEMPATH\CodeIgniter.php(366): CodeIgniter\CodeIgniter->handleRequest(null, Object(Config\Cache), false)
19 FCPATH\index.php(80): CodeIgniter\CodeIgniter->run()
CRITICAL - 2024-02-15 05:23:37 --> Undefined variable $next_container_id
in APPPATH\Views\activity_logs\milestone_activity_logs_widget.php on line 147.
 1 APPPATH\Views\activity_logs\milestone_activity_logs_widget.php(147): CodeIgniter\Debug\Exceptions->errorHandler(2, 'Undefined variable $next_container_id', 'D:\\projects\\visaalliance-crm\\app\\Views\\activity_logs\\milestone_activity_logs_widget.php', 147)
 2 SYSTEMPATH\View\View.php(224): include('D:\\projects\\visaalliance-crm\\app\\Views\\activity_logs\\milestone_activity_logs_widget.php')
 3 SYSTEMPATH\View\View.php(227): CodeIgniter\View\View->CodeIgniter\View\{closure}()
 4 SYSTEMPATH\Common.php(1180): CodeIgniter\View\View->render('activity_logs/milestone_activity_logs_widget', [], true)
 5 APPPATH\Helpers\widget_helper.php(97): view('activity_logs/milestone_activity_logs_widget', [...])
 6 APPPATH\Views\projects\history\index.php(9): milestone_activity_logs_widget([...], [...])
 7 SYSTEMPATH\View\View.php(224): include('D:\\projects\\visaalliance-crm\\app\\Views\\projects\\history\\index.php')
 8 SYSTEMPATH\View\View.php(227): CodeIgniter\View\View->CodeIgniter\View\{closure}()
 9 SYSTEMPATH\Common.php(1180): CodeIgniter\View\View->render('projects/history/index', [], true)
10 APPPATH\Views\projects\overview.php(21): view('projects/history/index')
11 SYSTEMPATH\View\View.php(224): include('D:\\projects\\visaalliance-crm\\app\\Views\\projects\\overview.php')
12 SYSTEMPATH\View\View.php(227): CodeIgniter\View\View->CodeIgniter\View\{closure}()
13 SYSTEMPATH\Common.php(1180): CodeIgniter\View\View->render('projects/overview', [], true)
14 APPPATH\Libraries\Template.php(42): view('projects/overview', [...])
15 APPPATH\Controllers\Projects.php(1209): App\Libraries\Template->view('projects/overview', [...])
16 SYSTEMPATH\CodeIgniter.php(932): App\Controllers\Projects->overview('2')
17 SYSTEMPATH\CodeIgniter.php(497): CodeIgniter\CodeIgniter->runController(Object(App\Controllers\Projects))
18 SYSTEMPATH\CodeIgniter.php(366): CodeIgniter\CodeIgniter->handleRequest(null, Object(Config\Cache), false)
19 FCPATH\index.php(80): CodeIgniter\CodeIgniter->run()
CRITICAL - 2024-02-15 05:38:51 --> The action you requested is not allowed.
in SYSTEMPATH\Security\Security.php on line 306.
 1 SYSTEMPATH\Security\Security.php(306): CodeIgniter\Security\Exceptions\SecurityException::forDisallowedAction()
 2 SYSTEMPATH\Filters\CSRF.php(55): CodeIgniter\Security\Security->verify(Object(CodeIgniter\HTTP\IncomingRequest))
 3 SYSTEMPATH\Filters\Filters.php(173): CodeIgniter\Filters\CSRF->before(Object(CodeIgniter\HTTP\IncomingRequest), null)
 4 SYSTEMPATH\CodeIgniter.php(471): CodeIgniter\Filters\Filters->run('projects/project_member_list_data/2', 'before')
 5 SYSTEMPATH\CodeIgniter.php(366): CodeIgniter\CodeIgniter->handleRequest(null, Object(Config\Cache), false)
 6 FCPATH\index.php(80): CodeIgniter\CodeIgniter->run()
CRITICAL - 2024-02-15 06:54:41 --> Undefined variable $invoice_info
in APPPATH\Views\projects\overview.php on line 20.
 1 APPPATH\Views\projects\overview.php(20): CodeIgniter\Debug\Exceptions->errorHandler(2, 'Undefined variable $invoice_info', 'D:\\projects\\visaalliance-crm\\app\\Views\\projects\\overview.php', 20)
 2 SYSTEMPATH\View\View.php(224): include('D:\\projects\\visaalliance-crm\\app\\Views\\projects\\overview.php')
 3 SYSTEMPATH\View\View.php(227): CodeIgniter\View\View->CodeIgniter\View\{closure}()
 4 SYSTEMPATH\Common.php(1180): CodeIgniter\View\View->render('projects/overview', [], true)
 5 APPPATH\Libraries\Template.php(42): view('projects/overview', [...])
 6 APPPATH\Controllers\Projects.php(1209): App\Libraries\Template->view('projects/overview', [...])
 7 SYSTEMPATH\CodeIgniter.php(932): App\Controllers\Projects->overview('2')
 8 SYSTEMPATH\CodeIgniter.php(497): CodeIgniter\CodeIgniter->runController(Object(App\Controllers\Projects))
 9 SYSTEMPATH\CodeIgniter.php(366): CodeIgniter\CodeIgniter->handleRequest(null, Object(Config\Cache), false)
10 FCPATH\index.php(80): CodeIgniter\CodeIgniter->run()
CRITICAL - 2024-02-15 06:54:43 --> Undefined variable $invoice_info
in APPPATH\Views\projects\overview.php on line 20.
 1 APPPATH\Views\projects\overview.php(20): CodeIgniter\Debug\Exceptions->errorHandler(2, 'Undefined variable $invoice_info', 'D:\\projects\\visaalliance-crm\\app\\Views\\projects\\overview.php', 20)
 2 SYSTEMPATH\View\View.php(224): include('D:\\projects\\visaalliance-crm\\app\\Views\\projects\\overview.php')
 3 SYSTEMPATH\View\View.php(227): CodeIgniter\View\View->CodeIgniter\View\{closure}()
 4 SYSTEMPATH\Common.php(1180): CodeIgniter\View\View->render('projects/overview', [], true)
 5 APPPATH\Libraries\Template.php(42): view('projects/overview', [...])
 6 APPPATH\Controllers\Projects.php(1209): App\Libraries\Template->view('projects/overview', [...])
 7 SYSTEMPATH\CodeIgniter.php(932): App\Controllers\Projects->overview('2')
 8 SYSTEMPATH\CodeIgniter.php(497): CodeIgniter\CodeIgniter->runController(Object(App\Controllers\Projects))
 9 SYSTEMPATH\CodeIgniter.php(366): CodeIgniter\CodeIgniter->handleRequest(null, Object(Config\Cache), false)
10 FCPATH\index.php(80): CodeIgniter\CodeIgniter->run()
