CRITICAL - 2024-03-22 22:06:08 --> Undefined variable $account_types_filter_dropdown
in APPPATH\Views\leads\lead_form_fields.php on line 9.
 1 APPPATH\Views\leads\lead_form_fields.php(9): CodeIgniter\Debug\Exceptions->errorHandler(2, 'Undefined variable $account_types_filter_dropdown', 'C:\\xampp\\htdocs\\VA-latest\\app\\Views\\leads\\lead_form_fields.php', 9)
 2 SYSTEMPATH\View\View.php(224): include('C:\\xampp\\htdocs\\VA-latest\\app\\Views\\leads\\lead_form_fields.php')
 3 SYSTEMPATH\View\View.php(227): CodeIgniter\View\View->CodeIgniter\View\{closure}()
 4 SYSTEMPATH\Common.php(1180): CodeIgniter\View\View->render('leads/lead_form_fields', [], true)
 5 APPPATH\Views\leads\contacts\company_info_tab.php(8): view('leads/lead_form_fields')
 6 SYSTEMPATH\View\View.php(224): include('C:\\xampp\\htdocs\\VA-latest\\app\\Views\\leads\\contacts\\company_info_tab.php')
 7 SYSTEMPATH\View\View.php(227): CodeIgniter\View\View->CodeIgniter\View\{closure}()
 8 SYSTEMPATH\Common.php(1180): CodeIgniter\View\View->render('leads/contacts/company_info_tab', [], true)
 9 APPPATH\Libraries\Template.php(42): view('leads/contacts/company_info_tab', [...])
10 APPPATH\Controllers\Leads.php(771): App\Libraries\Template->view('leads/contacts/company_info_tab', [...])
11 SYSTEMPATH\CodeIgniter.php(932): App\Controllers\Leads->company_info_tab('48')
12 SYSTEMPATH\CodeIgniter.php(497): CodeIgniter\CodeIgniter->runController(Object(App\Controllers\Leads))
13 SYSTEMPATH\CodeIgniter.php(366): CodeIgniter\CodeIgniter->handleRequest(null, Object(Config\Cache), false)
14 FCPATH\index.php(80): CodeIgniter\CodeIgniter->run()
CRITICAL - 2024-03-22 22:06:30 --> Undefined variable $account_types_filter_dropdown
in APPPATH\Views\leads\lead_form_fields.php on line 9.
 1 APPPATH\Views\leads\lead_form_fields.php(9): CodeIgniter\Debug\Exceptions->errorHandler(2, 'Undefined variable $account_types_filter_dropdown', 'C:\\xampp\\htdocs\\VA-latest\\app\\Views\\leads\\lead_form_fields.php', 9)
 2 SYSTEMPATH\View\View.php(224): include('C:\\xampp\\htdocs\\VA-latest\\app\\Views\\leads\\lead_form_fields.php')
 3 SYSTEMPATH\View\View.php(227): CodeIgniter\View\View->CodeIgniter\View\{closure}()
 4 SYSTEMPATH\Common.php(1180): CodeIgniter\View\View->render('leads/lead_form_fields', [], true)
 5 APPPATH\Views\leads\contacts\company_info_tab.php(8): view('leads/lead_form_fields')
 6 SYSTEMPATH\View\View.php(224): include('C:\\xampp\\htdocs\\VA-latest\\app\\Views\\leads\\contacts\\company_info_tab.php')
 7 SYSTEMPATH\View\View.php(227): CodeIgniter\View\View->CodeIgniter\View\{closure}()
 8 SYSTEMPATH\Common.php(1180): CodeIgniter\View\View->render('leads/contacts/company_info_tab', [], true)
 9 APPPATH\Libraries\Template.php(42): view('leads/contacts/company_info_tab', [...])
10 APPPATH\Controllers\Leads.php(771): App\Libraries\Template->view('leads/contacts/company_info_tab', [...])
11 SYSTEMPATH\CodeIgniter.php(932): App\Controllers\Leads->company_info_tab('48')
12 SYSTEMPATH\CodeIgniter.php(497): CodeIgniter\CodeIgniter->runController(Object(App\Controllers\Leads))
13 SYSTEMPATH\CodeIgniter.php(366): CodeIgniter\CodeIgniter->handleRequest(null, Object(Config\Cache), false)
14 FCPATH\index.php(80): CodeIgniter\CodeIgniter->run()
CRITICAL - 2024-03-22 22:06:40 --> Undefined variable $view_data
in APPPATH\Controllers\Notes.php on line 68.
 1 APPPATH\Controllers\Notes.php(68): CodeIgniter\Debug\Exceptions->errorHandler(2, 'Undefined variable $view_data', 'C:\\xampp\\htdocs\\VA-latest\\app\\Controllers\\Notes.php', 68)
 2 SYSTEMPATH\CodeIgniter.php(932): App\Controllers\Notes->modal_form()
 3 SYSTEMPATH\CodeIgniter.php(497): CodeIgniter\CodeIgniter->runController(Object(App\Controllers\Notes))
 4 SYSTEMPATH\CodeIgniter.php(366): CodeIgniter\CodeIgniter->handleRequest(null, Object(Config\Cache), false)
 5 FCPATH\index.php(80): CodeIgniter\CodeIgniter->run()
CRITICAL - 2024-03-22 22:11:43 --> Undefined variable $account_types_filter_dropdown
in APPPATH\Views\leads\lead_form_fields.php on line 9.
 1 APPPATH\Views\leads\lead_form_fields.php(9): CodeIgniter\Debug\Exceptions->errorHandler(2, 'Undefined variable $account_types_filter_dropdown', 'C:\\xampp\\htdocs\\VA-latest\\app\\Views\\leads\\lead_form_fields.php', 9)
 2 SYSTEMPATH\View\View.php(224): include('C:\\xampp\\htdocs\\VA-latest\\app\\Views\\leads\\lead_form_fields.php')
 3 SYSTEMPATH\View\View.php(227): CodeIgniter\View\View->CodeIgniter\View\{closure}()
 4 SYSTEMPATH\Common.php(1180): CodeIgniter\View\View->render('leads/lead_form_fields', [], true)
 5 APPPATH\Views\leads\contacts\company_info_tab.php(8): view('leads/lead_form_fields')
 6 SYSTEMPATH\View\View.php(224): include('C:\\xampp\\htdocs\\VA-latest\\app\\Views\\leads\\contacts\\company_info_tab.php')
 7 SYSTEMPATH\View\View.php(227): CodeIgniter\View\View->CodeIgniter\View\{closure}()
 8 SYSTEMPATH\Common.php(1180): CodeIgniter\View\View->render('leads/contacts/company_info_tab', [], true)
 9 APPPATH\Libraries\Template.php(42): view('leads/contacts/company_info_tab', [...])
10 APPPATH\Controllers\Leads.php(771): App\Libraries\Template->view('leads/contacts/company_info_tab', [...])
11 SYSTEMPATH\CodeIgniter.php(932): App\Controllers\Leads->company_info_tab('48')
12 SYSTEMPATH\CodeIgniter.php(497): CodeIgniter\CodeIgniter->runController(Object(App\Controllers\Leads))
13 SYSTEMPATH\CodeIgniter.php(366): CodeIgniter\CodeIgniter->handleRequest(null, Object(Config\Cache), false)
14 FCPATH\index.php(80): CodeIgniter\CodeIgniter->run()
CRITICAL - 2024-03-22 22:14:09 --> Undefined variable $account_types_filter_dropdown
in APPPATH\Views\leads\lead_form_fields.php on line 9.
 1 APPPATH\Views\leads\lead_form_fields.php(9): CodeIgniter\Debug\Exceptions->errorHandler(2, 'Undefined variable $account_types_filter_dropdown', 'C:\\xampp\\htdocs\\VA-latest\\app\\Views\\leads\\lead_form_fields.php', 9)
 2 SYSTEMPATH\View\View.php(224): include('C:\\xampp\\htdocs\\VA-latest\\app\\Views\\leads\\lead_form_fields.php')
 3 SYSTEMPATH\View\View.php(227): CodeIgniter\View\View->CodeIgniter\View\{closure}()
 4 SYSTEMPATH\Common.php(1180): CodeIgniter\View\View->render('leads/lead_form_fields', [], true)
 5 APPPATH\Views\leads\contacts\company_info_tab.php(8): view('leads/lead_form_fields')
 6 SYSTEMPATH\View\View.php(224): include('C:\\xampp\\htdocs\\VA-latest\\app\\Views\\leads\\contacts\\company_info_tab.php')
 7 SYSTEMPATH\View\View.php(227): CodeIgniter\View\View->CodeIgniter\View\{closure}()
 8 SYSTEMPATH\Common.php(1180): CodeIgniter\View\View->render('leads/contacts/company_info_tab', [], true)
 9 APPPATH\Libraries\Template.php(42): view('leads/contacts/company_info_tab', [...])
10 APPPATH\Controllers\Leads.php(771): App\Libraries\Template->view('leads/contacts/company_info_tab', [...])
11 SYSTEMPATH\CodeIgniter.php(932): App\Controllers\Leads->company_info_tab('48')
12 SYSTEMPATH\CodeIgniter.php(497): CodeIgniter\CodeIgniter->runController(Object(App\Controllers\Leads))
13 SYSTEMPATH\CodeIgniter.php(366): CodeIgniter\CodeIgniter->handleRequest(null, Object(Config\Cache), false)
14 FCPATH\index.php(80): CodeIgniter\CodeIgniter->run()
CRITICAL - 2024-03-22 22:15:58 --> Undefined variable $account_types_filter_dropdown
in APPPATH\Views\leads\lead_form_fields.php on line 9.
 1 APPPATH\Views\leads\lead_form_fields.php(9): CodeIgniter\Debug\Exceptions->errorHandler(2, 'Undefined variable $account_types_filter_dropdown', 'C:\\xampp\\htdocs\\VA-latest\\app\\Views\\leads\\lead_form_fields.php', 9)
 2 SYSTEMPATH\View\View.php(224): include('C:\\xampp\\htdocs\\VA-latest\\app\\Views\\leads\\lead_form_fields.php')
 3 SYSTEMPATH\View\View.php(227): CodeIgniter\View\View->CodeIgniter\View\{closure}()
 4 SYSTEMPATH\Common.php(1180): CodeIgniter\View\View->render('leads/lead_form_fields', [], true)
 5 APPPATH\Views\leads\contacts\company_info_tab.php(8): view('leads/lead_form_fields')
 6 SYSTEMPATH\View\View.php(224): include('C:\\xampp\\htdocs\\VA-latest\\app\\Views\\leads\\contacts\\company_info_tab.php')
 7 SYSTEMPATH\View\View.php(227): CodeIgniter\View\View->CodeIgniter\View\{closure}()
 8 SYSTEMPATH\Common.php(1180): CodeIgniter\View\View->render('leads/contacts/company_info_tab', [], true)
 9 APPPATH\Libraries\Template.php(42): view('leads/contacts/company_info_tab', [...])
10 APPPATH\Controllers\Leads.php(772): App\Libraries\Template->view('leads/contacts/company_info_tab', [...])
11 SYSTEMPATH\CodeIgniter.php(932): App\Controllers\Leads->company_info_tab('48')
12 SYSTEMPATH\CodeIgniter.php(497): CodeIgniter\CodeIgniter->runController(Object(App\Controllers\Leads))
13 SYSTEMPATH\CodeIgniter.php(366): CodeIgniter\CodeIgniter->handleRequest(null, Object(Config\Cache), false)
14 FCPATH\index.php(80): CodeIgniter\CodeIgniter->run()
CRITICAL - 2024-03-22 22:17:13 --> Undefined variable $account_types_filter_dropdown
in APPPATH\Views\leads\lead_form_fields.php on line 9.
 1 APPPATH\Views\leads\lead_form_fields.php(9): CodeIgniter\Debug\Exceptions->errorHandler(2, 'Undefined variable $account_types_filter_dropdown', 'C:\\xampp\\htdocs\\VA-latest\\app\\Views\\leads\\lead_form_fields.php', 9)
 2 SYSTEMPATH\View\View.php(224): include('C:\\xampp\\htdocs\\VA-latest\\app\\Views\\leads\\lead_form_fields.php')
 3 SYSTEMPATH\View\View.php(227): CodeIgniter\View\View->CodeIgniter\View\{closure}()
 4 SYSTEMPATH\Common.php(1180): CodeIgniter\View\View->render('leads/lead_form_fields', [], true)
 5 APPPATH\Views\leads\contacts\company_info_tab.php(8): view('leads/lead_form_fields')
 6 SYSTEMPATH\View\View.php(224): include('C:\\xampp\\htdocs\\VA-latest\\app\\Views\\leads\\contacts\\company_info_tab.php')
 7 SYSTEMPATH\View\View.php(227): CodeIgniter\View\View->CodeIgniter\View\{closure}()
 8 SYSTEMPATH\Common.php(1180): CodeIgniter\View\View->render('leads/contacts/company_info_tab', [], true)
 9 APPPATH\Libraries\Template.php(42): view('leads/contacts/company_info_tab', [...])
10 APPPATH\Controllers\Leads.php(772): App\Libraries\Template->view('leads/contacts/company_info_tab', [...])
11 SYSTEMPATH\CodeIgniter.php(932): App\Controllers\Leads->company_info_tab('48')
12 SYSTEMPATH\CodeIgniter.php(497): CodeIgniter\CodeIgniter->runController(Object(App\Controllers\Leads))
13 SYSTEMPATH\CodeIgniter.php(366): CodeIgniter\CodeIgniter->handleRequest(null, Object(Config\Cache), false)
14 FCPATH\index.php(80): CodeIgniter\CodeIgniter->run()
CRITICAL - 2024-03-22 22:19:06 --> Undefined variable $view_data
in APPPATH\Controllers\Notes.php on line 68.
 1 APPPATH\Controllers\Notes.php(68): CodeIgniter\Debug\Exceptions->errorHandler(2, 'Undefined variable $view_data', 'C:\\xampp\\htdocs\\VA-latest\\app\\Controllers\\Notes.php', 68)
 2 SYSTEMPATH\CodeIgniter.php(932): App\Controllers\Notes->modal_form()
 3 SYSTEMPATH\CodeIgniter.php(497): CodeIgniter\CodeIgniter->runController(Object(App\Controllers\Notes))
 4 SYSTEMPATH\CodeIgniter.php(366): CodeIgniter\CodeIgniter->handleRequest(null, Object(Config\Cache), false)
 5 FCPATH\index.php(80): CodeIgniter\CodeIgniter->run()
CRITICAL - 2024-03-22 22:21:41 --> Undefined array key "model_info"
in APPPATH\Controllers\Notes.php on line 69.
 1 APPPATH\Controllers\Notes.php(69): CodeIgniter\Debug\Exceptions->errorHandler(2, 'Undefined array key "model_info"', 'C:\\xampp\\htdocs\\VA-latest\\app\\Controllers\\Notes.php', 69)
 2 SYSTEMPATH\CodeIgniter.php(932): App\Controllers\Notes->modal_form()
 3 SYSTEMPATH\CodeIgniter.php(497): CodeIgniter\CodeIgniter->runController(Object(App\Controllers\Notes))
 4 SYSTEMPATH\CodeIgniter.php(366): CodeIgniter\CodeIgniter->handleRequest(null, Object(Config\Cache), false)
 5 FCPATH\index.php(80): CodeIgniter\CodeIgniter->run()
