CRITICAL - 2024-01-25 02:09:03 --> The action you requested is not allowed.
in SYSTEMPATH\Security\Security.php on line 306.
 1 SYSTEMPATH\Security\Security.php(306): CodeIgniter\Security\Exceptions\SecurityException::forDisallowedAction()
 2 SYSTEMPATH\Filters\CSRF.php(55): CodeIgniter\Security\Security->verify(Object(CodeIgniter\HTTP\IncomingRequest))
 3 SYSTEMPATH\Filters\Filters.php(173): CodeIgniter\Filters\CSRF->before(Object(CodeIgniter\HTTP\IncomingRequest), null)
 4 SYSTEMPATH\CodeIgniter.php(471): CodeIgniter\Filters\Filters->run('messages/get_notifications', 'before')
 5 SYSTEMPATH\CodeIgniter.php(366): CodeIgniter\CodeIgniter->handleRequest(null, Object(Config\Cache), false)
 6 FCPATH\index.php(80): CodeIgniter\CodeIgniter->run()
CRITICAL - 2024-01-25 03:19:58 --> The action you requested is not allowed.
in SYSTEMPATH\Security\Security.php on line 306.
 1 SYSTEMPATH\Security\Security.php(306): CodeIgniter\Security\Exceptions\SecurityException::forDisallowedAction()
 2 SYSTEMPATH\Filters\CSRF.php(55): CodeIgniter\Security\Security->verify(Object(CodeIgniter\HTTP\IncomingRequest))
 3 SYSTEMPATH\Filters\Filters.php(173): CodeIgniter\Filters\CSRF->before(Object(CodeIgniter\HTTP\IncomingRequest), null)
 4 SYSTEMPATH\CodeIgniter.php(471): CodeIgniter\Filters\Filters->run('projects/projects_list_data_of_client/6', 'before')
 5 SYSTEMPATH\CodeIgniter.php(366): CodeIgniter\CodeIgniter->handleRequest(null, Object(Config\Cache), false)
 6 FCPATH\index.php(80): CodeIgniter\CodeIgniter->run()
CRITICAL - 2024-01-25 03:20:03 --> The action you requested is not allowed.
in SYSTEMPATH\Security\Security.php on line 306.
 1 SYSTEMPATH\Security\Security.php(306): CodeIgniter\Security\Exceptions\SecurityException::forDisallowedAction()
 2 SYSTEMPATH\Filters\CSRF.php(55): CodeIgniter\Security\Security->verify(Object(CodeIgniter\HTTP\IncomingRequest))
 3 SYSTEMPATH\Filters\Filters.php(173): CodeIgniter\Filters\CSRF->before(Object(CodeIgniter\HTTP\IncomingRequest), null)
 4 SYSTEMPATH\CodeIgniter.php(471): CodeIgniter\Filters\Filters->run('projects/modal_form', 'before')
 5 SYSTEMPATH\CodeIgniter.php(366): CodeIgniter\CodeIgniter->handleRequest(null, Object(Config\Cache), false)
 6 FCPATH\index.php(80): CodeIgniter\CodeIgniter->run()
CRITICAL - 2024-01-25 03:21:55 --> Call to a member function get_details() on null
in APPPATH\Controllers\Partners.php on line 922.
 1 SYSTEMPATH\CodeIgniter.php(932): App\Controllers\Partners->activity('6')
 2 SYSTEMPATH\CodeIgniter.php(497): CodeIgniter\CodeIgniter->runController(Object(App\Controllers\Partners))
 3 SYSTEMPATH\CodeIgniter.php(366): CodeIgniter\CodeIgniter->handleRequest(null, Object(Config\Cache), false)
 4 FCPATH\index.php(80): CodeIgniter\CodeIgniter->run()
CRITICAL - 2024-01-25 04:17:57 --> Call to a member function get_details() on null
in APPPATH\Controllers\Students.php on line 929.
 1 SYSTEMPATH\CodeIgniter.php(932): App\Controllers\Students->activity('11')
 2 SYSTEMPATH\CodeIgniter.php(497): CodeIgniter\CodeIgniter->runController(Object(App\Controllers\Students))
 3 SYSTEMPATH\CodeIgniter.php(366): CodeIgniter\CodeIgniter->handleRequest(null, Object(Config\Cache), false)
 4 FCPATH\index.php(80): CodeIgniter\CodeIgniter->run()
CRITICAL - 2024-01-25 04:18:11 --> Call to a member function ci_save() on null
in APPPATH\Controllers\Students.php on line 619.
 1 SYSTEMPATH\CodeIgniter.php(932): App\Controllers\Students->save_file()
 2 SYSTEMPATH\CodeIgniter.php(497): CodeIgniter\CodeIgniter->runController(Object(App\Controllers\Students))
 3 SYSTEMPATH\CodeIgniter.php(366): CodeIgniter\CodeIgniter->handleRequest(null, Object(Config\Cache), false)
 4 FCPATH\index.php(80): CodeIgniter\CodeIgniter->run()
CRITICAL - 2024-01-25 04:18:49 --> Call to a member function ci_save() on null
in APPPATH\Controllers\Students.php on line 619.
 1 SYSTEMPATH\CodeIgniter.php(932): App\Controllers\Students->save_file()
 2 SYSTEMPATH\CodeIgniter.php(497): CodeIgniter\CodeIgniter->runController(Object(App\Controllers\Students))
 3 SYSTEMPATH\CodeIgniter.php(366): CodeIgniter\CodeIgniter->handleRequest(null, Object(Config\Cache), false)
 4 FCPATH\index.php(80): CodeIgniter\CodeIgniter->run()
CRITICAL - 2024-01-25 04:20:16 --> Call to a member function ci_save() on null
in APPPATH\Controllers\Students.php on line 619.
 1 SYSTEMPATH\CodeIgniter.php(932): App\Controllers\Students->save_file()
 2 SYSTEMPATH\CodeIgniter.php(497): CodeIgniter\CodeIgniter->runController(Object(App\Controllers\Students))
 3 SYSTEMPATH\CodeIgniter.php(366): CodeIgniter\CodeIgniter->handleRequest(null, Object(Config\Cache), false)
 4 FCPATH\index.php(80): CodeIgniter\CodeIgniter->run()
CRITICAL - 2024-01-25 04:21:15 --> Call to a member function ci_save() on null
in APPPATH\Controllers\Students.php on line 619.
 1 SYSTEMPATH\CodeIgniter.php(932): App\Controllers\Students->save_file()
 2 SYSTEMPATH\CodeIgniter.php(497): CodeIgniter\CodeIgniter->runController(Object(App\Controllers\Students))
 3 SYSTEMPATH\CodeIgniter.php(366): CodeIgniter\CodeIgniter->handleRequest(null, Object(Config\Cache), false)
 4 FCPATH\index.php(80): CodeIgniter\CodeIgniter->run()
CRITICAL - 2024-01-25 04:22:54 --> Call to a member function ci_save() on null
in APPPATH\Controllers\Students.php on line 619.
 1 SYSTEMPATH\CodeIgniter.php(932): App\Controllers\Students->save_file()
 2 SYSTEMPATH\CodeIgniter.php(497): CodeIgniter\CodeIgniter->runController(Object(App\Controllers\Students))
 3 SYSTEMPATH\CodeIgniter.php(366): CodeIgniter\CodeIgniter->handleRequest(null, Object(Config\Cache), false)
 4 FCPATH\index.php(80): CodeIgniter\CodeIgniter->run()
CRITICAL - 2024-01-25 04:23:14 --> Call to a member function ci_save() on null
in APPPATH\Controllers\Students.php on line 619.
 1 SYSTEMPATH\CodeIgniter.php(932): App\Controllers\Students->save_file()
 2 SYSTEMPATH\CodeIgniter.php(497): CodeIgniter\CodeIgniter->runController(Object(App\Controllers\Students))
 3 SYSTEMPATH\CodeIgniter.php(366): CodeIgniter\CodeIgniter->handleRequest(null, Object(Config\Cache), false)
 4 FCPATH\index.php(80): CodeIgniter\CodeIgniter->run()
CRITICAL - 2024-01-25 04:49:15 --> Call to a member function ci_save() on null
in APPPATH\Controllers\Students.php on line 619.
 1 SYSTEMPATH\CodeIgniter.php(932): App\Controllers\Students->save_file()
 2 SYSTEMPATH\CodeIgniter.php(497): CodeIgniter\CodeIgniter->runController(Object(App\Controllers\Students))
 3 SYSTEMPATH\CodeIgniter.php(366): CodeIgniter\CodeIgniter->handleRequest(null, Object(Config\Cache), false)
 4 FCPATH\index.php(80): CodeIgniter\CodeIgniter->run()
CRITICAL - 2024-01-25 04:50:08 --> Call to a member function ci_save() on null
in APPPATH\Controllers\Students.php on line 619.
 1 SYSTEMPATH\CodeIgniter.php(932): App\Controllers\Students->save_file()
 2 SYSTEMPATH\CodeIgniter.php(497): CodeIgniter\CodeIgniter->runController(Object(App\Controllers\Students))
 3 SYSTEMPATH\CodeIgniter.php(366): CodeIgniter\CodeIgniter->handleRequest(null, Object(Config\Cache), false)
 4 FCPATH\index.php(80): CodeIgniter\CodeIgniter->run()
CRITICAL - 2024-01-25 05:04:22 --> Call to a member function ci_save() on null
in APPPATH\Controllers\Students.php on line 619.
 1 SYSTEMPATH\CodeIgniter.php(932): App\Controllers\Students->save_file()
 2 SYSTEMPATH\CodeIgniter.php(497): CodeIgniter\CodeIgniter->runController(Object(App\Controllers\Students))
 3 SYSTEMPATH\CodeIgniter.php(366): CodeIgniter\CodeIgniter->handleRequest(null, Object(Config\Cache), false)
 4 FCPATH\index.php(80): CodeIgniter\CodeIgniter->run()
CRITICAL - 2024-01-25 05:05:33 --> Call to a member function ci_save() on null
in APPPATH\Controllers\Students.php on line 619.
 1 SYSTEMPATH\CodeIgniter.php(932): App\Controllers\Students->save_file()
 2 SYSTEMPATH\CodeIgniter.php(497): CodeIgniter\CodeIgniter->runController(Object(App\Controllers\Students))
 3 SYSTEMPATH\CodeIgniter.php(366): CodeIgniter\CodeIgniter->handleRequest(null, Object(Config\Cache), false)
 4 FCPATH\index.php(80): CodeIgniter\CodeIgniter->run()
CRITICAL - 2024-01-25 05:12:45 --> App\Models\Crud_model::ci_save(): Argument #1 ($data) cannot be passed by reference
in APPPATH\Controllers\Students.php on line 622.
 1 SYSTEMPATH\CodeIgniter.php(932): App\Controllers\Students->save_file()
 2 SYSTEMPATH\CodeIgniter.php(497): CodeIgniter\CodeIgniter->runController(Object(App\Controllers\Students))
 3 SYSTEMPATH\CodeIgniter.php(366): CodeIgniter\CodeIgniter->handleRequest(null, Object(Config\Cache), false)
 4 FCPATH\index.php(80): CodeIgniter\CodeIgniter->run()
CRITICAL - 2024-01-25 05:17:19 --> App\Models\Crud_model::ci_save(): Argument #1 ($data) cannot be passed by reference
in APPPATH\Controllers\Students.php on line 622.
 1 SYSTEMPATH\CodeIgniter.php(932): App\Controllers\Students->save_file()
 2 SYSTEMPATH\CodeIgniter.php(497): CodeIgniter\CodeIgniter->runController(Object(App\Controllers\Students))
 3 SYSTEMPATH\CodeIgniter.php(366): CodeIgniter\CodeIgniter->handleRequest(null, Object(Config\Cache), false)
 4 FCPATH\index.php(80): CodeIgniter\CodeIgniter->run()
CRITICAL - 2024-01-25 06:02:17 --> Object of class CodeIgniter\Database\MySQLi\Result could not be converted to string
in APPPATH\Views\students\activity\index.php on line 98.
 1 SYSTEMPATH\View\View.php(224): include()
 2 SYSTEMPATH\View\View.php(227): CodeIgniter\View\View->CodeIgniter\View\{closure}()
 3 SYSTEMPATH\Common.php(1180): CodeIgniter\View\View->render('students/activity/index', [], true)
 4 APPPATH\Libraries\Template.php(38): view('students/activity/index', [...])
 5 APPPATH\Controllers\Students.php(933): App\Libraries\Template->view('students/activity/index', [...])
 6 SYSTEMPATH\CodeIgniter.php(932): App\Controllers\Students->activity('11')
 7 SYSTEMPATH\CodeIgniter.php(497): CodeIgniter\CodeIgniter->runController(Object(App\Controllers\Students))
 8 SYSTEMPATH\CodeIgniter.php(366): CodeIgniter\CodeIgniter->handleRequest(null, Object(Config\Cache), false)
 9 FCPATH\index.php(80): CodeIgniter\CodeIgniter->run()
CRITICAL - 2024-01-25 06:11:59 --> date_format(): Argument #1 ($object) must be of type DateTimeInterface, string given
in APPPATH\Views\students\activity\index.php on line 120.
 1 APPPATH\Views\students\activity\index.php(120): date_format('2024-01-25 16:22:25', 'D M Y')
 2 SYSTEMPATH\View\View.php(224): include('D:\\projects\\visaalliance-crm\\app\\Views\\students\\activity\\index.php')
 3 SYSTEMPATH\View\View.php(227): CodeIgniter\View\View->CodeIgniter\View\{closure}()
 4 SYSTEMPATH\Common.php(1180): CodeIgniter\View\View->render('students/activity/index', [], true)
 5 APPPATH\Libraries\Template.php(38): view('students/activity/index', [...])
 6 APPPATH\Controllers\Students.php(933): App\Libraries\Template->view('students/activity/index', [...])
 7 SYSTEMPATH\CodeIgniter.php(932): App\Controllers\Students->activity('11')
 8 SYSTEMPATH\CodeIgniter.php(497): CodeIgniter\CodeIgniter->runController(Object(App\Controllers\Students))
 9 SYSTEMPATH\CodeIgniter.php(366): CodeIgniter\CodeIgniter->handleRequest(null, Object(Config\Cache), false)
10 FCPATH\index.php(80): CodeIgniter\CodeIgniter->run()
CRITICAL - 2024-01-25 06:30:14 --> Undefined property: mysqli::$title
in APPPATH\Views\migration_clients\activity\index.php on line 113.
 1 APPPATH\Views\migration_clients\activity\index.php(113): CodeIgniter\Debug\Exceptions->errorHandler(2, 'Undefined property: mysqli::$title', 'D:\\projects\\visaalliance-crm\\app\\Views\\migration_clients\\activity\\index.php', 113)
 2 SYSTEMPATH\View\View.php(224): include('D:\\projects\\visaalliance-crm\\app\\Views\\migration_clients\\activity\\index.php')
 3 SYSTEMPATH\View\View.php(227): CodeIgniter\View\View->CodeIgniter\View\{closure}()
 4 SYSTEMPATH\Common.php(1180): CodeIgniter\View\View->render('migration_clients/activity/index', [], true)
 5 APPPATH\Libraries\Template.php(38): view('migration_clients/activity/index', [...])
 6 APPPATH\Controllers\Migration_clients.php(941): App\Libraries\Template->view('migration_clients/activity/index', [...])
 7 SYSTEMPATH\CodeIgniter.php(932): App\Controllers\Migration_clients->activity('4')
 8 SYSTEMPATH\CodeIgniter.php(497): CodeIgniter\CodeIgniter->runController(Object(App\Controllers\Migration_clients))
 9 SYSTEMPATH\CodeIgniter.php(366): CodeIgniter\CodeIgniter->handleRequest(null, Object(Config\Cache), false)
10 FCPATH\index.php(80): CodeIgniter\CodeIgniter->run()
ERROR - 2024-01-25 06:30:30 --> mysqli_sql_exception: Unknown column 'description' in 'field list' in D:\projects\visaalliance-crm\system\Database\MySQLi\Connection.php:295
Stack trace:
#0 D:\projects\visaalliance-crm\system\Database\MySQLi\Connection.php(295): mysqli->query('INSERT INTO `ri...', 0)
#1 D:\projects\visaalliance-crm\system\Database\BaseConnection.php(692): CodeIgniter\Database\MySQLi\Connection->execute('INSERT INTO `ri...')
#2 D:\projects\visaalliance-crm\system\Database\BaseConnection.php(606): CodeIgniter\Database\BaseConnection->simpleQuery('INSERT INTO `ri...')
#3 D:\projects\visaalliance-crm\system\Database\BaseBuilder.php(2309): CodeIgniter\Database\BaseConnection->query('INSERT INTO `ri...', Array, false)
#4 D:\projects\visaalliance-crm\app\Models\Crud_model.php(208): CodeIgniter\Database\BaseBuilder->insert(Array)
#5 D:\projects\visaalliance-crm\app\Controllers\Migration_clients.php(630): App\Models\Crud_model->ci_save(Array)
#6 D:\projects\visaalliance-crm\system\CodeIgniter.php(932): App\Controllers\Migration_clients->save_file()
#7 D:\projects\visaalliance-crm\system\CodeIgniter.php(497): CodeIgniter\CodeIgniter->runController(Object(App\Controllers\Migration_clients))
#8 D:\projects\visaalliance-crm\system\CodeIgniter.php(366): CodeIgniter\CodeIgniter->handleRequest(NULL, Object(Config\Cache), false)
#9 D:\projects\visaalliance-crm\index.php(80): CodeIgniter\CodeIgniter->run()
#10 {main}
CRITICAL - 2024-01-25 06:30:30 --> Unknown column 'description' in 'field list'
in SYSTEMPATH\Database\MySQLi\Connection.php on line 295.
 1 SYSTEMPATH\Database\MySQLi\Connection.php(295): mysqli->query('INSERT INTO `rise_timeline` (`client_id`, `title`, `description`) VALUES (\'4\', \'Document uploaded by Basanta Kharel\', \'Certificates or records of attendance for workshops, seminars, or training programs related to migration laws and procedures.\')', 0)
 2 SYSTEMPATH\Database\BaseConnection.php(692): CodeIgniter\Database\MySQLi\Connection->execute('INSERT INTO `rise_timeline` (`client_id`, `title`, `description`) VALUES (\'4\', \'Document uploaded by Basanta Kharel\', \'Certificates or records of attendance for workshops, seminars, or training programs related to migration laws and procedures.\')')
 3 SYSTEMPATH\Database\BaseConnection.php(606): CodeIgniter\Database\BaseConnection->simpleQuery('INSERT INTO `rise_timeline` (`client_id`, `title`, `description`) VALUES (\'4\', \'Document uploaded by Basanta Kharel\', \'Certificates or records of attendance for workshops, seminars, or training programs related to migration laws and procedures.\')')
 4 SYSTEMPATH\Database\BaseBuilder.php(2309): CodeIgniter\Database\BaseConnection->query('INSERT INTO `rise_timeline` (`client_id`, `title`, `description`) VALUES (:client_id:, :title:, :description:)', [...], false)
 5 APPPATH\Models\Crud_model.php(208): CodeIgniter\Database\BaseBuilder->insert([...])
 6 APPPATH\Controllers\Migration_clients.php(630): App\Models\Crud_model->ci_save([...])
 7 SYSTEMPATH\CodeIgniter.php(932): App\Controllers\Migration_clients->save_file()
 8 SYSTEMPATH\CodeIgniter.php(497): CodeIgniter\CodeIgniter->runController(Object(App\Controllers\Migration_clients))
 9 SYSTEMPATH\CodeIgniter.php(366): CodeIgniter\CodeIgniter->handleRequest(null, Object(Config\Cache), false)
10 FCPATH\index.php(80): CodeIgniter\CodeIgniter->run()
CRITICAL - 2024-01-25 06:33:48 --> Undefined property: mysqli::$title
in APPPATH\Views\migration_clients\activity\index.php on line 113.
 1 APPPATH\Views\migration_clients\activity\index.php(113): CodeIgniter\Debug\Exceptions->errorHandler(2, 'Undefined property: mysqli::$title', 'D:\\projects\\visaalliance-crm\\app\\Views\\migration_clients\\activity\\index.php', 113)
 2 SYSTEMPATH\View\View.php(224): include('D:\\projects\\visaalliance-crm\\app\\Views\\migration_clients\\activity\\index.php')
 3 SYSTEMPATH\View\View.php(227): CodeIgniter\View\View->CodeIgniter\View\{closure}()
 4 SYSTEMPATH\Common.php(1180): CodeIgniter\View\View->render('migration_clients/activity/index', [], true)
 5 APPPATH\Libraries\Template.php(38): view('migration_clients/activity/index', [...])
 6 APPPATH\Controllers\Migration_clients.php(941): App\Libraries\Template->view('migration_clients/activity/index', [...])
 7 SYSTEMPATH\CodeIgniter.php(932): App\Controllers\Migration_clients->activity('4')
 8 SYSTEMPATH\CodeIgniter.php(497): CodeIgniter\CodeIgniter->runController(Object(App\Controllers\Migration_clients))
 9 SYSTEMPATH\CodeIgniter.php(366): CodeIgniter\CodeIgniter->handleRequest(null, Object(Config\Cache), false)
10 FCPATH\index.php(80): CodeIgniter\CodeIgniter->run()
CRITICAL - 2024-01-25 06:39:19 --> Undefined property: mysqli::$title
in APPPATH\Views\migration_clients\activity\index.php on line 113.
 1 APPPATH\Views\migration_clients\activity\index.php(113): CodeIgniter\Debug\Exceptions->errorHandler(2, 'Undefined property: mysqli::$title', 'D:\\projects\\visaalliance-crm\\app\\Views\\migration_clients\\activity\\index.php', 113)
 2 SYSTEMPATH\View\View.php(224): include('D:\\projects\\visaalliance-crm\\app\\Views\\migration_clients\\activity\\index.php')
 3 SYSTEMPATH\View\View.php(227): CodeIgniter\View\View->CodeIgniter\View\{closure}()
 4 SYSTEMPATH\Common.php(1180): CodeIgniter\View\View->render('migration_clients/activity/index', [], true)
 5 APPPATH\Libraries\Template.php(38): view('migration_clients/activity/index', [...])
 6 APPPATH\Controllers\Migration_clients.php(941): App\Libraries\Template->view('migration_clients/activity/index', [...])
 7 SYSTEMPATH\CodeIgniter.php(932): App\Controllers\Migration_clients->activity('4')
 8 SYSTEMPATH\CodeIgniter.php(497): CodeIgniter\CodeIgniter->runController(Object(App\Controllers\Migration_clients))
 9 SYSTEMPATH\CodeIgniter.php(366): CodeIgniter\CodeIgniter->handleRequest(null, Object(Config\Cache), false)
10 FCPATH\index.php(80): CodeIgniter\CodeIgniter->run()
CRITICAL - 2024-01-25 06:39:41 --> Undefined property: mysqli::$title
in APPPATH\Views\migration_clients\activity\index.php on line 113.
 1 APPPATH\Views\migration_clients\activity\index.php(113): CodeIgniter\Debug\Exceptions->errorHandler(2, 'Undefined property: mysqli::$title', 'D:\\projects\\visaalliance-crm\\app\\Views\\migration_clients\\activity\\index.php', 113)
 2 SYSTEMPATH\View\View.php(224): include('D:\\projects\\visaalliance-crm\\app\\Views\\migration_clients\\activity\\index.php')
 3 SYSTEMPATH\View\View.php(227): CodeIgniter\View\View->CodeIgniter\View\{closure}()
 4 SYSTEMPATH\Common.php(1180): CodeIgniter\View\View->render('migration_clients/activity/index', [], true)
 5 APPPATH\Libraries\Template.php(38): view('migration_clients/activity/index', [...])
 6 APPPATH\Controllers\Migration_clients.php(941): App\Libraries\Template->view('migration_clients/activity/index', [...])
 7 SYSTEMPATH\CodeIgniter.php(932): App\Controllers\Migration_clients->activity('4')
 8 SYSTEMPATH\CodeIgniter.php(497): CodeIgniter\CodeIgniter->runController(Object(App\Controllers\Migration_clients))
 9 SYSTEMPATH\CodeIgniter.php(366): CodeIgniter\CodeIgniter->handleRequest(null, Object(Config\Cache), false)
10 FCPATH\index.php(80): CodeIgniter\CodeIgniter->run()
