CRITICAL - 2023-12-30 01:13:40 --> Undefined variable $show_own_clients_only_user_id
in APPPATH\Views\students\overview\index.php on line 4.
 1 APPPATH\Views\students\overview\index.php(4): CodeIgniter\Debug\Exceptions->errorHandler(2, 'Undefined variable $show_own_clients_only_user_id', 'D:\\projects\\visaalliance-crm\\app\\Views\\students\\overview\\index.php', 4)
 2 SYSTEMPATH\View\View.php(224): include('D:\\projects\\visaalliance-crm\\app\\Views\\students\\overview\\index.php')
 3 SYSTEMPATH\View\View.php(227): CodeIgniter\View\View->CodeIgniter\View\{closure}()
 4 SYSTEMPATH\Common.php(1180): CodeIgniter\View\View->render('students/overview/index', [], true)
 5 APPPATH\Views\check_in\index.php(21): view('students/overview/index')
 6 SYSTEMPATH\View\View.php(224): include('D:\\projects\\visaalliance-crm\\app\\Views\\check_in\\index.php')
 7 SYSTEMPATH\View\View.php(227): CodeIgniter\View\View->CodeIgniter\View\{closure}()
 8 SYSTEMPATH\Common.php(1180): CodeIgniter\View\View->render('check_in/index', [], true)
 9 APPPATH\Views\layout\index.php(59): view('check_in/index')
10 SYSTEMPATH\View\View.php(224): include('D:\\projects\\visaalliance-crm\\app\\Views\\layout\\index.php')
11 SYSTEMPATH\View\View.php(227): CodeIgniter\View\View->CodeIgniter\View\{closure}()
12 SYSTEMPATH\Common.php(1180): CodeIgniter\View\View->render('layout/index', [], true)
13 APPPATH\Libraries\Template.php(38): view('layout/index', [...])
14 APPPATH\Libraries\Template.php(22): App\Libraries\Template->view('layout/index', [...])
15 APPPATH\Controllers\Check_in.php(22): App\Libraries\Template->rander('check_in/index', [...])
16 SYSTEMPATH\CodeIgniter.php(932): App\Controllers\Check_in->index()
17 SYSTEMPATH\CodeIgniter.php(497): CodeIgniter\CodeIgniter->runController(Object(App\Controllers\Check_in))
18 SYSTEMPATH\CodeIgniter.php(366): CodeIgniter\CodeIgniter->handleRequest(null, Object(Config\Cache), false)
19 FCPATH\index.php(80): CodeIgniter\CodeIgniter->run()
CRITICAL - 2023-12-30 01:14:00 --> Undefined variable $show_own_clients_only_user_id
in APPPATH\Views\students\overview\index.php on line 4.
 1 APPPATH\Views\students\overview\index.php(4): CodeIgniter\Debug\Exceptions->errorHandler(2, 'Undefined variable $show_own_clients_only_user_id', 'D:\\projects\\visaalliance-crm\\app\\Views\\students\\overview\\index.php', 4)
 2 SYSTEMPATH\View\View.php(224): include('D:\\projects\\visaalliance-crm\\app\\Views\\students\\overview\\index.php')
 3 SYSTEMPATH\View\View.php(227): CodeIgniter\View\View->CodeIgniter\View\{closure}()
 4 SYSTEMPATH\Common.php(1180): CodeIgniter\View\View->render('students/overview/index', [], true)
 5 APPPATH\Views\check_in\index.php(21): view('students/overview/index')
 6 SYSTEMPATH\View\View.php(224): include('D:\\projects\\visaalliance-crm\\app\\Views\\check_in\\index.php')
 7 SYSTEMPATH\View\View.php(227): CodeIgniter\View\View->CodeIgniter\View\{closure}()
 8 SYSTEMPATH\Common.php(1180): CodeIgniter\View\View->render('check_in/index', [], true)
 9 APPPATH\Views\layout\index.php(59): view('check_in/index')
10 SYSTEMPATH\View\View.php(224): include('D:\\projects\\visaalliance-crm\\app\\Views\\layout\\index.php')
11 SYSTEMPATH\View\View.php(227): CodeIgniter\View\View->CodeIgniter\View\{closure}()
12 SYSTEMPATH\Common.php(1180): CodeIgniter\View\View->render('layout/index', [], true)
13 APPPATH\Libraries\Template.php(38): view('layout/index', [...])
14 APPPATH\Libraries\Template.php(22): App\Libraries\Template->view('layout/index', [...])
15 APPPATH\Controllers\Check_in.php(22): App\Libraries\Template->rander('check_in/index', [...])
16 SYSTEMPATH\CodeIgniter.php(932): App\Controllers\Check_in->index()
17 SYSTEMPATH\CodeIgniter.php(497): CodeIgniter\CodeIgniter->runController(Object(App\Controllers\Check_in))
18 SYSTEMPATH\CodeIgniter.php(366): CodeIgniter\CodeIgniter->handleRequest(null, Object(Config\Cache), false)
19 FCPATH\index.php(80): CodeIgniter\CodeIgniter->run()
CRITICAL - 2023-12-30 01:14:30 --> Undefined variable $show_own_clients_only_user_id
in APPPATH\Views\students\overview\index.php on line 4.
 1 APPPATH\Views\students\overview\index.php(4): CodeIgniter\Debug\Exceptions->errorHandler(2, 'Undefined variable $show_own_clients_only_user_id', 'D:\\projects\\visaalliance-crm\\app\\Views\\students\\overview\\index.php', 4)
 2 SYSTEMPATH\View\View.php(224): include('D:\\projects\\visaalliance-crm\\app\\Views\\students\\overview\\index.php')
 3 SYSTEMPATH\View\View.php(227): CodeIgniter\View\View->CodeIgniter\View\{closure}()
 4 SYSTEMPATH\Common.php(1180): CodeIgniter\View\View->render('students/overview/index', [], true)
 5 APPPATH\Views\check_in\index.php(21): view('students/overview/index')
 6 SYSTEMPATH\View\View.php(224): include('D:\\projects\\visaalliance-crm\\app\\Views\\check_in\\index.php')
 7 SYSTEMPATH\View\View.php(227): CodeIgniter\View\View->CodeIgniter\View\{closure}()
 8 SYSTEMPATH\Common.php(1180): CodeIgniter\View\View->render('check_in/index', [], true)
 9 APPPATH\Views\layout\index.php(59): view('check_in/index')
10 SYSTEMPATH\View\View.php(224): include('D:\\projects\\visaalliance-crm\\app\\Views\\layout\\index.php')
11 SYSTEMPATH\View\View.php(227): CodeIgniter\View\View->CodeIgniter\View\{closure}()
12 SYSTEMPATH\Common.php(1180): CodeIgniter\View\View->render('layout/index', [], true)
13 APPPATH\Libraries\Template.php(38): view('layout/index', [...])
14 APPPATH\Libraries\Template.php(22): App\Libraries\Template->view('layout/index', [...])
15 APPPATH\Controllers\Check_in.php(22): App\Libraries\Template->rander('check_in/index', [...])
16 SYSTEMPATH\CodeIgniter.php(932): App\Controllers\Check_in->index()
17 SYSTEMPATH\CodeIgniter.php(497): CodeIgniter\CodeIgniter->runController(Object(App\Controllers\Check_in))
18 SYSTEMPATH\CodeIgniter.php(366): CodeIgniter\CodeIgniter->handleRequest(null, Object(Config\Cache), false)
19 FCPATH\index.php(80): CodeIgniter\CodeIgniter->run()
CRITICAL - 2023-12-30 01:21:11 --> Undefined variable $can_edit_clients
in APPPATH\Views\check_in\index.php on line 10.
 1 APPPATH\Views\check_in\index.php(10): CodeIgniter\Debug\Exceptions->errorHandler(2, 'Undefined variable $can_edit_clients', 'D:\\projects\\visaalliance-crm\\app\\Views\\check_in\\index.php', 10)
 2 SYSTEMPATH\View\View.php(224): include('D:\\projects\\visaalliance-crm\\app\\Views\\check_in\\index.php')
 3 SYSTEMPATH\View\View.php(227): CodeIgniter\View\View->CodeIgniter\View\{closure}()
 4 SYSTEMPATH\Common.php(1180): CodeIgniter\View\View->render('check_in/index', [], true)
 5 APPPATH\Views\layout\index.php(59): view('check_in/index')
 6 SYSTEMPATH\View\View.php(224): include('D:\\projects\\visaalliance-crm\\app\\Views\\layout\\index.php')
 7 SYSTEMPATH\View\View.php(227): CodeIgniter\View\View->CodeIgniter\View\{closure}()
 8 SYSTEMPATH\Common.php(1180): CodeIgniter\View\View->render('layout/index', [], true)
 9 APPPATH\Libraries\Template.php(38): view('layout/index', [...])
10 APPPATH\Libraries\Template.php(22): App\Libraries\Template->view('layout/index', [...])
11 APPPATH\Controllers\Check_in.php(22): App\Libraries\Template->rander('check_in/index', [...])
12 SYSTEMPATH\CodeIgniter.php(932): App\Controllers\Check_in->index()
13 SYSTEMPATH\CodeIgniter.php(497): CodeIgniter\CodeIgniter->runController(Object(App\Controllers\Check_in))
14 SYSTEMPATH\CodeIgniter.php(366): CodeIgniter\CodeIgniter->handleRequest(null, Object(Config\Cache), false)
15 FCPATH\index.php(80): CodeIgniter\CodeIgniter->run()
CRITICAL - 2023-12-30 01:21:46 --> Undefined variable $show_own_clients_only_user_id
in APPPATH\Views\students\overview\index.php on line 4.
 1 APPPATH\Views\students\overview\index.php(4): CodeIgniter\Debug\Exceptions->errorHandler(2, 'Undefined variable $show_own_clients_only_user_id', 'D:\\projects\\visaalliance-crm\\app\\Views\\students\\overview\\index.php', 4)
 2 SYSTEMPATH\View\View.php(224): include('D:\\projects\\visaalliance-crm\\app\\Views\\students\\overview\\index.php')
 3 SYSTEMPATH\View\View.php(227): CodeIgniter\View\View->CodeIgniter\View\{closure}()
 4 SYSTEMPATH\Common.php(1180): CodeIgniter\View\View->render('students/overview/index', [], true)
 5 APPPATH\Views\check_in\index.php(19): view('students/overview/index')
 6 SYSTEMPATH\View\View.php(224): include('D:\\projects\\visaalliance-crm\\app\\Views\\check_in\\index.php')
 7 SYSTEMPATH\View\View.php(227): CodeIgniter\View\View->CodeIgniter\View\{closure}()
 8 SYSTEMPATH\Common.php(1180): CodeIgniter\View\View->render('check_in/index', [], true)
 9 APPPATH\Views\layout\index.php(59): view('check_in/index')
10 SYSTEMPATH\View\View.php(224): include('D:\\projects\\visaalliance-crm\\app\\Views\\layout\\index.php')
11 SYSTEMPATH\View\View.php(227): CodeIgniter\View\View->CodeIgniter\View\{closure}()
12 SYSTEMPATH\Common.php(1180): CodeIgniter\View\View->render('layout/index', [], true)
13 APPPATH\Libraries\Template.php(38): view('layout/index', [...])
14 APPPATH\Libraries\Template.php(22): App\Libraries\Template->view('layout/index', [...])
15 APPPATH\Controllers\Check_in.php(22): App\Libraries\Template->rander('check_in/index', [...])
16 SYSTEMPATH\CodeIgniter.php(932): App\Controllers\Check_in->index()
17 SYSTEMPATH\CodeIgniter.php(497): CodeIgniter\CodeIgniter->runController(Object(App\Controllers\Check_in))
18 SYSTEMPATH\CodeIgniter.php(366): CodeIgniter\CodeIgniter->handleRequest(null, Object(Config\Cache), false)
19 FCPATH\index.php(80): CodeIgniter\CodeIgniter->run()
CRITICAL - 2023-12-30 01:31:04 --> Undefined variable $can_edit_clients
in APPPATH\Views\check_in\index.php on line 9.
 1 APPPATH\Views\check_in\index.php(9): CodeIgniter\Debug\Exceptions->errorHandler(2, 'Undefined variable $can_edit_clients', 'D:\\projects\\visaalliance-crm\\app\\Views\\check_in\\index.php', 9)
 2 SYSTEMPATH\View\View.php(224): include('D:\\projects\\visaalliance-crm\\app\\Views\\check_in\\index.php')
 3 SYSTEMPATH\View\View.php(227): CodeIgniter\View\View->CodeIgniter\View\{closure}()
 4 SYSTEMPATH\Common.php(1180): CodeIgniter\View\View->render('check_in/index', [], true)
 5 APPPATH\Views\layout\index.php(59): view('check_in/index')
 6 SYSTEMPATH\View\View.php(224): include('D:\\projects\\visaalliance-crm\\app\\Views\\layout\\index.php')
 7 SYSTEMPATH\View\View.php(227): CodeIgniter\View\View->CodeIgniter\View\{closure}()
 8 SYSTEMPATH\Common.php(1180): CodeIgniter\View\View->render('layout/index', [], true)
 9 APPPATH\Libraries\Template.php(38): view('layout/index', [...])
10 APPPATH\Libraries\Template.php(22): App\Libraries\Template->view('layout/index', [...])
11 APPPATH\Controllers\Check_in.php(22): App\Libraries\Template->rander('check_in/index', [...])
12 SYSTEMPATH\CodeIgniter.php(932): App\Controllers\Check_in->index()
13 SYSTEMPATH\CodeIgniter.php(497): CodeIgniter\CodeIgniter->runController(Object(App\Controllers\Check_in))
14 SYSTEMPATH\CodeIgniter.php(366): CodeIgniter\CodeIgniter->handleRequest(null, Object(Config\Cache), false)
15 FCPATH\index.php(80): CodeIgniter\CodeIgniter->run()
CRITICAL - 2023-12-30 01:35:57 --> Undefined variable $show_own_clients_only_user_id
in APPPATH\Views\check_in\overview\index.php on line 4.
 1 APPPATH\Views\check_in\overview\index.php(4): CodeIgniter\Debug\Exceptions->errorHandler(2, 'Undefined variable $show_own_clients_only_user_id', 'D:\\projects\\visaalliance-crm\\app\\Views\\check_in\\overview\\index.php', 4)
 2 SYSTEMPATH\View\View.php(224): include('D:\\projects\\visaalliance-crm\\app\\Views\\check_in\\overview\\index.php')
 3 SYSTEMPATH\View\View.php(227): CodeIgniter\View\View->CodeIgniter\View\{closure}()
 4 SYSTEMPATH\Common.php(1180): CodeIgniter\View\View->render('check_in/overview/index', [], true)
 5 APPPATH\Views\check_in\index.php(18): view('check_in/overview/index')
 6 SYSTEMPATH\View\View.php(224): include('D:\\projects\\visaalliance-crm\\app\\Views\\check_in\\index.php')
 7 SYSTEMPATH\View\View.php(227): CodeIgniter\View\View->CodeIgniter\View\{closure}()
 8 SYSTEMPATH\Common.php(1180): CodeIgniter\View\View->render('check_in/index', [], true)
 9 APPPATH\Views\layout\index.php(59): view('check_in/index')
10 SYSTEMPATH\View\View.php(224): include('D:\\projects\\visaalliance-crm\\app\\Views\\layout\\index.php')
11 SYSTEMPATH\View\View.php(227): CodeIgniter\View\View->CodeIgniter\View\{closure}()
12 SYSTEMPATH\Common.php(1180): CodeIgniter\View\View->render('layout/index', [], true)
13 APPPATH\Libraries\Template.php(38): view('layout/index', [...])
14 APPPATH\Libraries\Template.php(22): App\Libraries\Template->view('layout/index', [...])
15 APPPATH\Controllers\Check_in.php(22): App\Libraries\Template->rander('check_in/index', [...])
16 SYSTEMPATH\CodeIgniter.php(932): App\Controllers\Check_in->index()
17 SYSTEMPATH\CodeIgniter.php(497): CodeIgniter\CodeIgniter->runController(Object(App\Controllers\Check_in))
18 SYSTEMPATH\CodeIgniter.php(366): CodeIgniter\CodeIgniter->handleRequest(null, Object(Config\Cache), false)
19 FCPATH\index.php(80): CodeIgniter\CodeIgniter->run()
CRITICAL - 2023-12-30 01:48:05 --> Undefined variable $show_own_clients_only_user_id
in APPPATH\Views\check_in\overview\index.php on line 4.
 1 APPPATH\Views\check_in\overview\index.php(4): CodeIgniter\Debug\Exceptions->errorHandler(2, 'Undefined variable $show_own_clients_only_user_id', 'D:\\projects\\visaalliance-crm\\app\\Views\\check_in\\overview\\index.php', 4)
 2 SYSTEMPATH\View\View.php(224): include('D:\\projects\\visaalliance-crm\\app\\Views\\check_in\\overview\\index.php')
 3 SYSTEMPATH\View\View.php(227): CodeIgniter\View\View->CodeIgniter\View\{closure}()
 4 SYSTEMPATH\Common.php(1180): CodeIgniter\View\View->render('check_in/overview/index', [], true)
 5 APPPATH\Views\check_in\index.php(21): view('check_in/overview/index')
 6 SYSTEMPATH\View\View.php(224): include('D:\\projects\\visaalliance-crm\\app\\Views\\check_in\\index.php')
 7 SYSTEMPATH\View\View.php(227): CodeIgniter\View\View->CodeIgniter\View\{closure}()
 8 SYSTEMPATH\Common.php(1180): CodeIgniter\View\View->render('check_in/index', [], true)
 9 APPPATH\Views\layout\index.php(59): view('check_in/index')
10 SYSTEMPATH\View\View.php(224): include('D:\\projects\\visaalliance-crm\\app\\Views\\layout\\index.php')
11 SYSTEMPATH\View\View.php(227): CodeIgniter\View\View->CodeIgniter\View\{closure}()
12 SYSTEMPATH\Common.php(1180): CodeIgniter\View\View->render('layout/index', [], true)
13 APPPATH\Libraries\Template.php(38): view('layout/index', [...])
14 APPPATH\Libraries\Template.php(22): App\Libraries\Template->view('layout/index', [...])
15 APPPATH\Controllers\Check_in.php(22): App\Libraries\Template->rander('check_in/index', [...])
16 SYSTEMPATH\CodeIgniter.php(932): App\Controllers\Check_in->index()
17 SYSTEMPATH\CodeIgniter.php(497): CodeIgniter\CodeIgniter->runController(Object(App\Controllers\Check_in))
18 SYSTEMPATH\CodeIgniter.php(366): CodeIgniter\CodeIgniter->handleRequest(null, Object(Config\Cache), false)
19 FCPATH\index.php(80): CodeIgniter\CodeIgniter->run()
CRITICAL - 2023-12-30 01:51:40 --> Undefined variable $tab
in APPPATH\Views\check_in\index.php on line 32.
 1 APPPATH\Views\check_in\index.php(32): CodeIgniter\Debug\Exceptions->errorHandler(2, 'Undefined variable $tab', 'D:\\projects\\visaalliance-crm\\app\\Views\\check_in\\index.php', 32)
 2 SYSTEMPATH\View\View.php(224): include('D:\\projects\\visaalliance-crm\\app\\Views\\check_in\\index.php')
 3 SYSTEMPATH\View\View.php(227): CodeIgniter\View\View->CodeIgniter\View\{closure}()
 4 SYSTEMPATH\Common.php(1180): CodeIgniter\View\View->render('check_in/index', [], true)
 5 APPPATH\Views\layout\index.php(59): view('check_in/index')
 6 SYSTEMPATH\View\View.php(224): include('D:\\projects\\visaalliance-crm\\app\\Views\\layout\\index.php')
 7 SYSTEMPATH\View\View.php(227): CodeIgniter\View\View->CodeIgniter\View\{closure}()
 8 SYSTEMPATH\Common.php(1180): CodeIgniter\View\View->render('layout/index', [], true)
 9 APPPATH\Libraries\Template.php(38): view('layout/index', [...])
10 APPPATH\Libraries\Template.php(22): App\Libraries\Template->view('layout/index', [...])
11 APPPATH\Controllers\Check_in.php(22): App\Libraries\Template->rander('check_in/index', [...])
12 SYSTEMPATH\CodeIgniter.php(932): App\Controllers\Check_in->index()
13 SYSTEMPATH\CodeIgniter.php(497): CodeIgniter\CodeIgniter->runController(Object(App\Controllers\Check_in))
14 SYSTEMPATH\CodeIgniter.php(366): CodeIgniter\CodeIgniter->handleRequest(null, Object(Config\Cache), false)
15 FCPATH\index.php(80): CodeIgniter\CodeIgniter->run()
CRITICAL - 2023-12-30 01:52:34 --> Undefined variable $tab
in APPPATH\Views\check_in\index.php on line 32.
 1 APPPATH\Views\check_in\index.php(32): CodeIgniter\Debug\Exceptions->errorHandler(2, 'Undefined variable $tab', 'D:\\projects\\visaalliance-crm\\app\\Views\\check_in\\index.php', 32)
 2 SYSTEMPATH\View\View.php(224): include('D:\\projects\\visaalliance-crm\\app\\Views\\check_in\\index.php')
 3 SYSTEMPATH\View\View.php(227): CodeIgniter\View\View->CodeIgniter\View\{closure}()
 4 SYSTEMPATH\Common.php(1180): CodeIgniter\View\View->render('check_in/index', [], true)
 5 APPPATH\Views\layout\index.php(59): view('check_in/index')
 6 SYSTEMPATH\View\View.php(224): include('D:\\projects\\visaalliance-crm\\app\\Views\\layout\\index.php')
 7 SYSTEMPATH\View\View.php(227): CodeIgniter\View\View->CodeIgniter\View\{closure}()
 8 SYSTEMPATH\Common.php(1180): CodeIgniter\View\View->render('layout/index', [], true)
 9 APPPATH\Libraries\Template.php(38): view('layout/index', [...])
10 APPPATH\Libraries\Template.php(22): App\Libraries\Template->view('layout/index', [...])
11 APPPATH\Controllers\Check_in.php(22): App\Libraries\Template->rander('check_in/index', [...])
12 SYSTEMPATH\CodeIgniter.php(932): App\Controllers\Check_in->index()
13 SYSTEMPATH\CodeIgniter.php(497): CodeIgniter\CodeIgniter->runController(Object(App\Controllers\Check_in))
14 SYSTEMPATH\CodeIgniter.php(366): CodeIgniter\CodeIgniter->handleRequest(null, Object(Config\Cache), false)
15 FCPATH\index.php(80): CodeIgniter\CodeIgniter->run()
CRITICAL - 2023-12-30 02:26:54 --> Undefined variable $team_members_dropdown
in APPPATH\Views\check_in\waiting_list.php on line 41.
 1 APPPATH\Views\check_in\waiting_list.php(41): CodeIgniter\Debug\Exceptions->errorHandler(2, 'Undefined variable $team_members_dropdown', 'D:\\projects\\visaalliance-crm\\app\\Views\\check_in\\waiting_list.php', 41)
 2 SYSTEMPATH\View\View.php(224): include('D:\\projects\\visaalliance-crm\\app\\Views\\check_in\\waiting_list.php')
 3 SYSTEMPATH\View\View.php(227): CodeIgniter\View\View->CodeIgniter\View\{closure}()
 4 SYSTEMPATH\Common.php(1180): CodeIgniter\View\View->render('check_in/waiting_list', [], true)
 5 APPPATH\Views\check_in\index.php(20): view('check_in/waiting_list')
 6 SYSTEMPATH\View\View.php(224): include('D:\\projects\\visaalliance-crm\\app\\Views\\check_in\\index.php')
 7 SYSTEMPATH\View\View.php(227): CodeIgniter\View\View->CodeIgniter\View\{closure}()
 8 SYSTEMPATH\Common.php(1180): CodeIgniter\View\View->render('check_in/index', [], true)
 9 APPPATH\Views\layout\index.php(59): view('check_in/index')
10 SYSTEMPATH\View\View.php(224): include('D:\\projects\\visaalliance-crm\\app\\Views\\layout\\index.php')
11 SYSTEMPATH\View\View.php(227): CodeIgniter\View\View->CodeIgniter\View\{closure}()
12 SYSTEMPATH\Common.php(1180): CodeIgniter\View\View->render('layout/index', [], true)
13 APPPATH\Libraries\Template.php(38): view('layout/index', [...])
14 APPPATH\Libraries\Template.php(22): App\Libraries\Template->view('layout/index', [...])
15 APPPATH\Controllers\Check_in.php(46): App\Libraries\Template->rander('check_in/index', [...])
16 SYSTEMPATH\CodeIgniter.php(932): App\Controllers\Check_in->index()
17 SYSTEMPATH\CodeIgniter.php(497): CodeIgniter\CodeIgniter->runController(Object(App\Controllers\Check_in))
18 SYSTEMPATH\CodeIgniter.php(366): CodeIgniter\CodeIgniter->handleRequest(null, Object(Config\Cache), false)
19 FCPATH\index.php(80): CodeIgniter\CodeIgniter->run()
CRITICAL - 2023-12-30 02:27:31 --> Undefined variable $team_members_dropdown
in APPPATH\Views\check_in\waiting_list.php on line 41.
 1 APPPATH\Views\check_in\waiting_list.php(41): CodeIgniter\Debug\Exceptions->errorHandler(2, 'Undefined variable $team_members_dropdown', 'D:\\projects\\visaalliance-crm\\app\\Views\\check_in\\waiting_list.php', 41)
 2 SYSTEMPATH\View\View.php(224): include('D:\\projects\\visaalliance-crm\\app\\Views\\check_in\\waiting_list.php')
 3 SYSTEMPATH\View\View.php(227): CodeIgniter\View\View->CodeIgniter\View\{closure}()
 4 SYSTEMPATH\Common.php(1180): CodeIgniter\View\View->render('check_in/waiting_list', [], true)
 5 APPPATH\Views\check_in\index.php(20): view('check_in/waiting_list')
 6 SYSTEMPATH\View\View.php(224): include('D:\\projects\\visaalliance-crm\\app\\Views\\check_in\\index.php')
 7 SYSTEMPATH\View\View.php(227): CodeIgniter\View\View->CodeIgniter\View\{closure}()
 8 SYSTEMPATH\Common.php(1180): CodeIgniter\View\View->render('check_in/index', [], true)
 9 APPPATH\Views\layout\index.php(59): view('check_in/index')
10 SYSTEMPATH\View\View.php(224): include('D:\\projects\\visaalliance-crm\\app\\Views\\layout\\index.php')
11 SYSTEMPATH\View\View.php(227): CodeIgniter\View\View->CodeIgniter\View\{closure}()
12 SYSTEMPATH\Common.php(1180): CodeIgniter\View\View->render('layout/index', [], true)
13 APPPATH\Libraries\Template.php(38): view('layout/index', [...])
14 APPPATH\Libraries\Template.php(22): App\Libraries\Template->view('layout/index', [...])
15 APPPATH\Controllers\Check_in.php(46): App\Libraries\Template->rander('check_in/index', [...])
16 SYSTEMPATH\CodeIgniter.php(932): App\Controllers\Check_in->index()
17 SYSTEMPATH\CodeIgniter.php(497): CodeIgniter\CodeIgniter->runController(Object(App\Controllers\Check_in))
18 SYSTEMPATH\CodeIgniter.php(366): CodeIgniter\CodeIgniter->handleRequest(null, Object(Config\Cache), false)
19 FCPATH\index.php(80): CodeIgniter\CodeIgniter->run()
CRITICAL - 2023-12-30 02:30:16 --> Undefined variable $team_members_dropdown
in APPPATH\Views\check_in\waiting_list.php on line 41.
 1 APPPATH\Views\check_in\waiting_list.php(41): CodeIgniter\Debug\Exceptions->errorHandler(2, 'Undefined variable $team_members_dropdown', 'D:\\projects\\visaalliance-crm\\app\\Views\\check_in\\waiting_list.php', 41)
 2 SYSTEMPATH\View\View.php(224): include('D:\\projects\\visaalliance-crm\\app\\Views\\check_in\\waiting_list.php')
 3 SYSTEMPATH\View\View.php(227): CodeIgniter\View\View->CodeIgniter\View\{closure}()
 4 SYSTEMPATH\Common.php(1180): CodeIgniter\View\View->render('check_in/waiting_list', [], true)
 5 APPPATH\Views\check_in\index.php(20): view('check_in/waiting_list')
 6 SYSTEMPATH\View\View.php(224): include('D:\\projects\\visaalliance-crm\\app\\Views\\check_in\\index.php')
 7 SYSTEMPATH\View\View.php(227): CodeIgniter\View\View->CodeIgniter\View\{closure}()
 8 SYSTEMPATH\Common.php(1180): CodeIgniter\View\View->render('check_in/index', [], true)
 9 APPPATH\Views\layout\index.php(59): view('check_in/index')
10 SYSTEMPATH\View\View.php(224): include('D:\\projects\\visaalliance-crm\\app\\Views\\layout\\index.php')
11 SYSTEMPATH\View\View.php(227): CodeIgniter\View\View->CodeIgniter\View\{closure}()
12 SYSTEMPATH\Common.php(1180): CodeIgniter\View\View->render('layout/index', [], true)
13 APPPATH\Libraries\Template.php(38): view('layout/index', [...])
14 APPPATH\Libraries\Template.php(22): App\Libraries\Template->view('layout/index', [...])
15 APPPATH\Controllers\Check_in.php(46): App\Libraries\Template->rander('check_in/index', [...])
16 SYSTEMPATH\CodeIgniter.php(932): App\Controllers\Check_in->index()
17 SYSTEMPATH\CodeIgniter.php(497): CodeIgniter\CodeIgniter->runController(Object(App\Controllers\Check_in))
18 SYSTEMPATH\CodeIgniter.php(366): CodeIgniter\CodeIgniter->handleRequest(null, Object(Config\Cache), false)
19 FCPATH\index.php(80): CodeIgniter\CodeIgniter->run()
CRITICAL - 2023-12-30 04:09:08 --> foreach() argument must be of type array|object, null given
in APPPATH\Views\check_in\client_form_fields.php on line 109.
 1 APPPATH\Views\check_in\client_form_fields.php(109): CodeIgniter\Debug\Exceptions->errorHandler(2, 'foreach() argument must be of type array|object, null given', 'D:\\projects\\visaalliance-crm\\app\\Views\\check_in\\client_form_fields.php', 109)
 2 SYSTEMPATH\View\View.php(224): include('D:\\projects\\visaalliance-crm\\app\\Views\\check_in\\client_form_fields.php')
 3 SYSTEMPATH\View\View.php(227): CodeIgniter\View\View->CodeIgniter\View\{closure}()
 4 SYSTEMPATH\Common.php(1180): CodeIgniter\View\View->render('check_in/client_form_fields', [], true)
 5 APPPATH\Views\check_in\contacts\company_info_tab.php(12): view('check_in/client_form_fields')
 6 SYSTEMPATH\View\View.php(224): include('D:\\projects\\visaalliance-crm\\app\\Views\\check_in\\contacts\\company_info_tab.php')
 7 SYSTEMPATH\View\View.php(227): CodeIgniter\View\View->CodeIgniter\View\{closure}()
 8 SYSTEMPATH\Common.php(1180): CodeIgniter\View\View->render('check_in/contacts/company_info_tab', [], true)
 9 APPPATH\Libraries\Template.php(38): view('check_in/contacts/company_info_tab', [...])
10 APPPATH\Controllers\Check_in.php(1040): App\Libraries\Template->view('check_in/contacts/company_info_tab', [...])
11 SYSTEMPATH\CodeIgniter.php(932): App\Controllers\Check_in->company_info_tab('1')
12 SYSTEMPATH\CodeIgniter.php(497): CodeIgniter\CodeIgniter->runController(Object(App\Controllers\Check_in))
13 SYSTEMPATH\CodeIgniter.php(366): CodeIgniter\CodeIgniter->handleRequest(null, Object(Config\Cache), false)
14 FCPATH\index.php(80): CodeIgniter\CodeIgniter->run()
CRITICAL - 2023-12-30 04:09:12 --> foreach() argument must be of type array|object, null given
in APPPATH\Views\check_in\client_form_fields.php on line 109.
 1 APPPATH\Views\check_in\client_form_fields.php(109): CodeIgniter\Debug\Exceptions->errorHandler(2, 'foreach() argument must be of type array|object, null given', 'D:\\projects\\visaalliance-crm\\app\\Views\\check_in\\client_form_fields.php', 109)
 2 SYSTEMPATH\View\View.php(224): include('D:\\projects\\visaalliance-crm\\app\\Views\\check_in\\client_form_fields.php')
 3 SYSTEMPATH\View\View.php(227): CodeIgniter\View\View->CodeIgniter\View\{closure}()
 4 SYSTEMPATH\Common.php(1180): CodeIgniter\View\View->render('check_in/client_form_fields', [], true)
 5 APPPATH\Views\check_in\contacts\company_info_tab.php(12): view('check_in/client_form_fields')
 6 SYSTEMPATH\View\View.php(224): include('D:\\projects\\visaalliance-crm\\app\\Views\\check_in\\contacts\\company_info_tab.php')
 7 SYSTEMPATH\View\View.php(227): CodeIgniter\View\View->CodeIgniter\View\{closure}()
 8 SYSTEMPATH\Common.php(1180): CodeIgniter\View\View->render('check_in/contacts/company_info_tab', [], true)
 9 APPPATH\Libraries\Template.php(38): view('check_in/contacts/company_info_tab', [...])
10 APPPATH\Controllers\Check_in.php(1040): App\Libraries\Template->view('check_in/contacts/company_info_tab', [...])
11 SYSTEMPATH\CodeIgniter.php(932): App\Controllers\Check_in->company_info_tab('1')
12 SYSTEMPATH\CodeIgniter.php(497): CodeIgniter\CodeIgniter->runController(Object(App\Controllers\Check_in))
13 SYSTEMPATH\CodeIgniter.php(366): CodeIgniter\CodeIgniter->handleRequest(null, Object(Config\Cache), false)
14 FCPATH\index.php(80): CodeIgniter\CodeIgniter->run()
CRITICAL - 2023-12-30 04:09:44 --> foreach() argument must be of type array|object, null given
in APPPATH\Views\check_in\client_form_fields.php on line 109.
 1 APPPATH\Views\check_in\client_form_fields.php(109): CodeIgniter\Debug\Exceptions->errorHandler(2, 'foreach() argument must be of type array|object, null given', 'D:\\projects\\visaalliance-crm\\app\\Views\\check_in\\client_form_fields.php', 109)
 2 SYSTEMPATH\View\View.php(224): include('D:\\projects\\visaalliance-crm\\app\\Views\\check_in\\client_form_fields.php')
 3 SYSTEMPATH\View\View.php(227): CodeIgniter\View\View->CodeIgniter\View\{closure}()
 4 SYSTEMPATH\Common.php(1180): CodeIgniter\View\View->render('check_in/client_form_fields', [], true)
 5 APPPATH\Views\check_in\contacts\company_info_tab.php(12): view('check_in/client_form_fields')
 6 SYSTEMPATH\View\View.php(224): include('D:\\projects\\visaalliance-crm\\app\\Views\\check_in\\contacts\\company_info_tab.php')
 7 SYSTEMPATH\View\View.php(227): CodeIgniter\View\View->CodeIgniter\View\{closure}()
 8 SYSTEMPATH\Common.php(1180): CodeIgniter\View\View->render('check_in/contacts/company_info_tab', [], true)
 9 APPPATH\Libraries\Template.php(38): view('check_in/contacts/company_info_tab', [...])
10 APPPATH\Controllers\Check_in.php(1040): App\Libraries\Template->view('check_in/contacts/company_info_tab', [...])
11 SYSTEMPATH\CodeIgniter.php(932): App\Controllers\Check_in->company_info_tab('1')
12 SYSTEMPATH\CodeIgniter.php(497): CodeIgniter\CodeIgniter->runController(Object(App\Controllers\Check_in))
13 SYSTEMPATH\CodeIgniter.php(366): CodeIgniter\CodeIgniter->handleRequest(null, Object(Config\Cache), false)
14 FCPATH\index.php(80): CodeIgniter\CodeIgniter->run()
CRITICAL - 2023-12-30 04:13:14 --> foreach() argument must be of type array|object, null given
in APPPATH\Views\check_in\client_form_fields.php on line 109.
 1 APPPATH\Views\check_in\client_form_fields.php(109): CodeIgniter\Debug\Exceptions->errorHandler(2, 'foreach() argument must be of type array|object, null given', 'D:\\projects\\visaalliance-crm\\app\\Views\\check_in\\client_form_fields.php', 109)
 2 SYSTEMPATH\View\View.php(224): include('D:\\projects\\visaalliance-crm\\app\\Views\\check_in\\client_form_fields.php')
 3 SYSTEMPATH\View\View.php(227): CodeIgniter\View\View->CodeIgniter\View\{closure}()
 4 SYSTEMPATH\Common.php(1180): CodeIgniter\View\View->render('check_in/client_form_fields', [], true)
 5 APPPATH\Views\check_in\contacts\company_info_tab.php(12): view('check_in/client_form_fields')
 6 SYSTEMPATH\View\View.php(224): include('D:\\projects\\visaalliance-crm\\app\\Views\\check_in\\contacts\\company_info_tab.php')
 7 SYSTEMPATH\View\View.php(227): CodeIgniter\View\View->CodeIgniter\View\{closure}()
 8 SYSTEMPATH\Common.php(1180): CodeIgniter\View\View->render('check_in/contacts/company_info_tab', [], true)
 9 APPPATH\Libraries\Template.php(38): view('check_in/contacts/company_info_tab', [...])
10 APPPATH\Controllers\Check_in.php(1040): App\Libraries\Template->view('check_in/contacts/company_info_tab', [...])
11 SYSTEMPATH\CodeIgniter.php(932): App\Controllers\Check_in->company_info_tab('1')
12 SYSTEMPATH\CodeIgniter.php(497): CodeIgniter\CodeIgniter->runController(Object(App\Controllers\Check_in))
13 SYSTEMPATH\CodeIgniter.php(366): CodeIgniter\CodeIgniter->handleRequest(null, Object(Config\Cache), false)
14 FCPATH\index.php(80): CodeIgniter\CodeIgniter->run()
WARNING - 2023-12-30 04:13:28 --> [DEPRECATED] substr(): Passing null to parameter #1 ($string) of type string is deprecated in APPPATH\Helpers\date_time_helper.php on line 581.
 1 APPPATH\Helpers\date_time_helper.php(581): substr(null, 0, 10)
 2 APPPATH\Controllers\Tasks.php(3230): get_date_from_datetime(null)
 3 SYSTEMPATH\CodeIgniter.php(932): App\Controllers\Tasks->update_task_info('1', 'assigned_to')
 4 SYSTEMPATH\CodeIgniter.php(497): CodeIgniter\CodeIgniter->runController(Object(App\Controllers\Tasks))
 5 SYSTEMPATH\CodeIgniter.php(366): CodeIgniter\CodeIgniter->handleRequest(null, Object(Config\Cache), false)
 6 FCPATH\index.php(80): CodeIgniter\CodeIgniter->run()
WARNING - 2023-12-30 04:13:28 --> [DEPRECATED] substr(): Passing null to parameter #1 ($string) of type string is deprecated in APPPATH\Helpers\date_time_helper.php on line 581.
 1 APPPATH\Helpers\date_time_helper.php(581): substr(null, 0, 10)
 2 APPPATH\Controllers\Tasks.php(3231): get_date_from_datetime(null)
 3 SYSTEMPATH\CodeIgniter.php(932): App\Controllers\Tasks->update_task_info('1', 'assigned_to')
 4 SYSTEMPATH\CodeIgniter.php(497): CodeIgniter\CodeIgniter->runController(Object(App\Controllers\Tasks))
 5 SYSTEMPATH\CodeIgniter.php(366): CodeIgniter\CodeIgniter->handleRequest(null, Object(Config\Cache), false)
 6 FCPATH\index.php(80): CodeIgniter\CodeIgniter->run()
WARNING - 2023-12-30 04:13:28 --> [DEPRECATED] substr(): Passing null to parameter #1 ($string) of type string is deprecated in APPPATH\Helpers\date_time_helper.php on line 596.
 1 APPPATH\Helpers\date_time_helper.php(596): substr(null, 11)
 2 APPPATH\Controllers\Tasks.php(3232): get_time_from_datetime(null)
 3 SYSTEMPATH\CodeIgniter.php(932): App\Controllers\Tasks->update_task_info('1', 'assigned_to')
 4 SYSTEMPATH\CodeIgniter.php(497): CodeIgniter\CodeIgniter->runController(Object(App\Controllers\Tasks))
 5 SYSTEMPATH\CodeIgniter.php(366): CodeIgniter\CodeIgniter->handleRequest(null, Object(Config\Cache), false)
 6 FCPATH\index.php(80): CodeIgniter\CodeIgniter->run()
WARNING - 2023-12-30 04:13:28 --> [DEPRECATED] substr(): Passing null to parameter #1 ($string) of type string is deprecated in APPPATH\Helpers\date_time_helper.php on line 596.
 1 APPPATH\Helpers\date_time_helper.php(596): substr(null, 11)
 2 APPPATH\Controllers\Tasks.php(3233): get_time_from_datetime(null)
 3 SYSTEMPATH\CodeIgniter.php(932): App\Controllers\Tasks->update_task_info('1', 'assigned_to')
 4 SYSTEMPATH\CodeIgniter.php(497): CodeIgniter\CodeIgniter->runController(Object(App\Controllers\Tasks))
 5 SYSTEMPATH\CodeIgniter.php(366): CodeIgniter\CodeIgniter->handleRequest(null, Object(Config\Cache), false)
 6 FCPATH\index.php(80): CodeIgniter\CodeIgniter->run()
WARNING - 2023-12-30 04:13:33 --> [DEPRECATED] substr(): Passing null to parameter #1 ($string) of type string is deprecated in APPPATH\Helpers\date_time_helper.php on line 581.
 1 APPPATH\Helpers\date_time_helper.php(581): substr(null, 0, 10)
 2 APPPATH\Controllers\Tasks.php(3230): get_date_from_datetime(null)
 3 SYSTEMPATH\CodeIgniter.php(932): App\Controllers\Tasks->update_task_info('1', 'assigned_to')
 4 SYSTEMPATH\CodeIgniter.php(497): CodeIgniter\CodeIgniter->runController(Object(App\Controllers\Tasks))
 5 SYSTEMPATH\CodeIgniter.php(366): CodeIgniter\CodeIgniter->handleRequest(null, Object(Config\Cache), false)
 6 FCPATH\index.php(80): CodeIgniter\CodeIgniter->run()
WARNING - 2023-12-30 04:13:33 --> [DEPRECATED] substr(): Passing null to parameter #1 ($string) of type string is deprecated in APPPATH\Helpers\date_time_helper.php on line 581.
 1 APPPATH\Helpers\date_time_helper.php(581): substr(null, 0, 10)
 2 APPPATH\Controllers\Tasks.php(3231): get_date_from_datetime(null)
 3 SYSTEMPATH\CodeIgniter.php(932): App\Controllers\Tasks->update_task_info('1', 'assigned_to')
 4 SYSTEMPATH\CodeIgniter.php(497): CodeIgniter\CodeIgniter->runController(Object(App\Controllers\Tasks))
 5 SYSTEMPATH\CodeIgniter.php(366): CodeIgniter\CodeIgniter->handleRequest(null, Object(Config\Cache), false)
 6 FCPATH\index.php(80): CodeIgniter\CodeIgniter->run()
WARNING - 2023-12-30 04:13:33 --> [DEPRECATED] substr(): Passing null to parameter #1 ($string) of type string is deprecated in APPPATH\Helpers\date_time_helper.php on line 596.
 1 APPPATH\Helpers\date_time_helper.php(596): substr(null, 11)
 2 APPPATH\Controllers\Tasks.php(3232): get_time_from_datetime(null)
 3 SYSTEMPATH\CodeIgniter.php(932): App\Controllers\Tasks->update_task_info('1', 'assigned_to')
 4 SYSTEMPATH\CodeIgniter.php(497): CodeIgniter\CodeIgniter->runController(Object(App\Controllers\Tasks))
 5 SYSTEMPATH\CodeIgniter.php(366): CodeIgniter\CodeIgniter->handleRequest(null, Object(Config\Cache), false)
 6 FCPATH\index.php(80): CodeIgniter\CodeIgniter->run()
WARNING - 2023-12-30 04:13:33 --> [DEPRECATED] substr(): Passing null to parameter #1 ($string) of type string is deprecated in APPPATH\Helpers\date_time_helper.php on line 596.
 1 APPPATH\Helpers\date_time_helper.php(596): substr(null, 11)
 2 APPPATH\Controllers\Tasks.php(3233): get_time_from_datetime(null)
 3 SYSTEMPATH\CodeIgniter.php(932): App\Controllers\Tasks->update_task_info('1', 'assigned_to')
 4 SYSTEMPATH\CodeIgniter.php(497): CodeIgniter\CodeIgniter->runController(Object(App\Controllers\Tasks))
 5 SYSTEMPATH\CodeIgniter.php(366): CodeIgniter\CodeIgniter->handleRequest(null, Object(Config\Cache), false)
 6 FCPATH\index.php(80): CodeIgniter\CodeIgniter->run()
CRITICAL - 2023-12-30 05:20:02 --> foreach() argument must be of type array|object, null given
in APPPATH\Views\check_in\client_form_fields.php on line 171.
 1 APPPATH\Views\check_in\client_form_fields.php(171): CodeIgniter\Debug\Exceptions->errorHandler(2, 'foreach() argument must be of type array|object, null given', 'D:\\projects\\visaalliance-crm\\app\\Views\\check_in\\client_form_fields.php', 171)
 2 SYSTEMPATH\View\View.php(224): include('D:\\projects\\visaalliance-crm\\app\\Views\\check_in\\client_form_fields.php')
 3 SYSTEMPATH\View\View.php(227): CodeIgniter\View\View->CodeIgniter\View\{closure}()
 4 SYSTEMPATH\Common.php(1180): CodeIgniter\View\View->render('check_in/client_form_fields', [], true)
 5 APPPATH\Views\check_in\modal_form.php(21): view('check_in/client_form_fields')
 6 SYSTEMPATH\View\View.php(224): include('D:\\projects\\visaalliance-crm\\app\\Views\\check_in\\modal_form.php')
 7 SYSTEMPATH\View\View.php(227): CodeIgniter\View\View->CodeIgniter\View\{closure}()
 8 SYSTEMPATH\Common.php(1180): CodeIgniter\View\View->render('check_in/modal_form', [], true)
 9 APPPATH\Libraries\Template.php(38): view('check_in/modal_form', [...])
10 APPPATH\Controllers\Check_in.php(113): App\Libraries\Template->view('check_in/modal_form', [...])
11 SYSTEMPATH\CodeIgniter.php(932): App\Controllers\Check_in->modal_form()
12 SYSTEMPATH\CodeIgniter.php(497): CodeIgniter\CodeIgniter->runController(Object(App\Controllers\Check_in))
13 SYSTEMPATH\CodeIgniter.php(366): CodeIgniter\CodeIgniter->handleRequest(null, Object(Config\Cache), false)
14 FCPATH\index.php(80): CodeIgniter\CodeIgniter->run()
CRITICAL - 2023-12-30 05:20:10 --> foreach() argument must be of type array|object, null given
in APPPATH\Views\check_in\client_form_fields.php on line 171.
 1 APPPATH\Views\check_in\client_form_fields.php(171): CodeIgniter\Debug\Exceptions->errorHandler(2, 'foreach() argument must be of type array|object, null given', 'D:\\projects\\visaalliance-crm\\app\\Views\\check_in\\client_form_fields.php', 171)
 2 SYSTEMPATH\View\View.php(224): include('D:\\projects\\visaalliance-crm\\app\\Views\\check_in\\client_form_fields.php')
 3 SYSTEMPATH\View\View.php(227): CodeIgniter\View\View->CodeIgniter\View\{closure}()
 4 SYSTEMPATH\Common.php(1180): CodeIgniter\View\View->render('check_in/client_form_fields', [], true)
 5 APPPATH\Views\check_in\modal_form.php(21): view('check_in/client_form_fields')
 6 SYSTEMPATH\View\View.php(224): include('D:\\projects\\visaalliance-crm\\app\\Views\\check_in\\modal_form.php')
 7 SYSTEMPATH\View\View.php(227): CodeIgniter\View\View->CodeIgniter\View\{closure}()
 8 SYSTEMPATH\Common.php(1180): CodeIgniter\View\View->render('check_in/modal_form', [], true)
 9 APPPATH\Libraries\Template.php(38): view('check_in/modal_form', [...])
10 APPPATH\Controllers\Check_in.php(113): App\Libraries\Template->view('check_in/modal_form', [...])
11 SYSTEMPATH\CodeIgniter.php(932): App\Controllers\Check_in->modal_form()
12 SYSTEMPATH\CodeIgniter.php(497): CodeIgniter\CodeIgniter->runController(Object(App\Controllers\Check_in))
13 SYSTEMPATH\CodeIgniter.php(366): CodeIgniter\CodeIgniter->handleRequest(null, Object(Config\Cache), false)
14 FCPATH\index.php(80): CodeIgniter\CodeIgniter->run()
