ERROR - 2024-07-02 00:43:54 --> Error connecting to the database: mysqli_sql_exception: No connection could be made because the target machine actively refused it in D:\projects\visaalliance-crm\system\Database\MySQLi\Connection.php:174
Stack trace:
#0 D:\projects\visaalliance-crm\system\Database\MySQLi\Connection.php(174): mysqli->real_connect('127.0.0.1', 'root', '', 'visaalliance_cr...', 3306, '', 0)
#1 D:\projects\visaalliance-crm\system\Database\BaseConnection.php(391): CodeIgniter\Database\MySQLi\Connection->connect(false)
#2 D:\projects\visaalliance-crm\system\Database\BaseConnection.php(574): CodeIgniter\Database\BaseConnection->initialize()
#3 D:\projects\visaalliance-crm\app\Models\Crud_model.php(32): CodeIgniter\Database\BaseConnection->query('SET sql_mode = ...')
#4 D:\projects\visaalliance-crm\app\Models\Settings_model.php(11): App\Models\Crud_model->__construct('settings')
#5 D:\projects\visaalliance-crm\system\Config\Factories.php(113): App\Models\Settings_model->__construct(NULL)
#6 D:\projects\visaalliance-crm\system\Common.php(825): CodeIgniter\Config\Factories::__callStatic('models', Array)
#7 D:\projects\visaalliance-crm\app\Controllers\App_Controller.php(114): model('App\\Models\\Sett...')
#8 D:\projects\visaalliance-crm\app\Controllers\Security_Controller.php(20): App\Controllers\App_Controller->__construct()
#9 D:\projects\visaalliance-crm\app\Controllers\Messages.php(8): App\Controllers\Security_Controller->__construct()
#10 D:\projects\visaalliance-crm\system\CodeIgniter.php(904): App\Controllers\Messages->__construct()
#11 D:\projects\visaalliance-crm\system\CodeIgniter.php(488): CodeIgniter\CodeIgniter->createController()
#12 D:\projects\visaalliance-crm\system\CodeIgniter.php(366): CodeIgniter\CodeIgniter->handleRequest(NULL, Object(Config\Cache), false)
#13 D:\projects\visaalliance-crm\index.php(84): CodeIgniter\CodeIgniter->run()
#14 {main}

Next CodeIgniter\Database\Exceptions\DatabaseException: No connection could be made because the target machine actively refused it in D:\projects\visaalliance-crm\system\Database\MySQLi\Connection.php:218
Stack trace:
#0 D:\projects\visaalliance-crm\system\Database\BaseConnection.php(391): CodeIgniter\Database\MySQLi\Connection->connect(false)
#1 D:\projects\visaalliance-crm\system\Database\BaseConnection.php(574): CodeIgniter\Database\BaseConnection->initialize()
#2 D:\projects\visaalliance-crm\app\Models\Crud_model.php(32): CodeIgniter\Database\BaseConnection->query('SET sql_mode = ...')
#3 D:\projects\visaalliance-crm\app\Models\Settings_model.php(11): App\Models\Crud_model->__construct('settings')
#4 D:\projects\visaalliance-crm\system\Config\Factories.php(113): App\Models\Settings_model->__construct(NULL)
#5 D:\projects\visaalliance-crm\system\Common.php(825): CodeIgniter\Config\Factories::__callStatic('models', Array)
#6 D:\projects\visaalliance-crm\app\Controllers\App_Controller.php(114): model('App\\Models\\Sett...')
#7 D:\projects\visaalliance-crm\app\Controllers\Security_Controller.php(20): App\Controllers\App_Controller->__construct()
#8 D:\projects\visaalliance-crm\app\Controllers\Messages.php(8): App\Controllers\Security_Controller->__construct()
#9 D:\projects\visaalliance-crm\system\CodeIgniter.php(904): App\Controllers\Messages->__construct()
#10 D:\projects\visaalliance-crm\system\CodeIgniter.php(488): CodeIgniter\CodeIgniter->createController()
#11 D:\projects\visaalliance-crm\system\CodeIgniter.php(366): CodeIgniter\CodeIgniter->handleRequest(NULL, Object(Config\Cache), false)
#12 D:\projects\visaalliance-crm\index.php(84): CodeIgniter\CodeIgniter->run()
#13 {main}
CRITICAL - 2024-07-02 00:43:54 --> Unable to connect to the database.
Main connection [MySQLi]: No connection could be made because the target machine actively refused it
in SYSTEMPATH\Database\BaseConnection.php on line 427.
 1 SYSTEMPATH\Database\BaseConnection.php(574): CodeIgniter\Database\BaseConnection->initialize()
 2 APPPATH\Models\Crud_model.php(32): CodeIgniter\Database\BaseConnection->query('SET sql_mode = \'\'')
 3 APPPATH\Models\Settings_model.php(11): App\Models\Crud_model->__construct('settings')
 4 SYSTEMPATH\Config\Factories.php(113): App\Models\Settings_model->__construct(null)
 5 SYSTEMPATH\Common.php(825): CodeIgniter\Config\Factories::__callStatic('models', [...])
 6 APPPATH\Controllers\App_Controller.php(114): model('App\\Models\\Settings_model')
 7 APPPATH\Controllers\Security_Controller.php(20): App\Controllers\App_Controller->__construct()
 8 APPPATH\Controllers\Messages.php(8): App\Controllers\Security_Controller->__construct()
 9 SYSTEMPATH\CodeIgniter.php(904): App\Controllers\Messages->__construct()
10 SYSTEMPATH\CodeIgniter.php(488): CodeIgniter\CodeIgniter->createController()
11 SYSTEMPATH\CodeIgniter.php(366): CodeIgniter\CodeIgniter->handleRequest(null, Object(Config\Cache), false)
12 FCPATH\index.php(84): CodeIgniter\CodeIgniter->run()
ERROR - 2024-07-02 00:44:15 --> Error connecting to the database: mysqli_sql_exception: No connection could be made because the target machine actively refused it in D:\projects\visaalliance-crm\system\Database\MySQLi\Connection.php:174
Stack trace:
#0 D:\projects\visaalliance-crm\system\Database\MySQLi\Connection.php(174): mysqli->real_connect('127.0.0.1', 'root', '', 'visaalliance_cr...', 3306, '', 0)
#1 D:\projects\visaalliance-crm\system\Database\BaseConnection.php(391): CodeIgniter\Database\MySQLi\Connection->connect(false)
#2 D:\projects\visaalliance-crm\system\Database\BaseConnection.php(574): CodeIgniter\Database\BaseConnection->initialize()
#3 D:\projects\visaalliance-crm\app\Models\Crud_model.php(32): CodeIgniter\Database\BaseConnection->query('SET sql_mode = ...')
#4 D:\projects\visaalliance-crm\app\Models\Settings_model.php(11): App\Models\Crud_model->__construct('settings')
#5 D:\projects\visaalliance-crm\system\Config\Factories.php(113): App\Models\Settings_model->__construct(NULL)
#6 D:\projects\visaalliance-crm\system\Common.php(825): CodeIgniter\Config\Factories::__callStatic('models', Array)
#7 D:\projects\visaalliance-crm\app\Controllers\App_Controller.php(114): model('App\\Models\\Sett...')
#8 D:\projects\visaalliance-crm\app\Controllers\Security_Controller.php(20): App\Controllers\App_Controller->__construct()
#9 D:\projects\visaalliance-crm\app\Controllers\Notifications.php(8): App\Controllers\Security_Controller->__construct()
#10 D:\projects\visaalliance-crm\system\CodeIgniter.php(904): App\Controllers\Notifications->__construct()
#11 D:\projects\visaalliance-crm\system\CodeIgniter.php(488): CodeIgniter\CodeIgniter->createController()
#12 D:\projects\visaalliance-crm\system\CodeIgniter.php(366): CodeIgniter\CodeIgniter->handleRequest(NULL, Object(Config\Cache), false)
#13 D:\projects\visaalliance-crm\index.php(84): CodeIgniter\CodeIgniter->run()
#14 {main}

Next CodeIgniter\Database\Exceptions\DatabaseException: No connection could be made because the target machine actively refused it in D:\projects\visaalliance-crm\system\Database\MySQLi\Connection.php:218
Stack trace:
#0 D:\projects\visaalliance-crm\system\Database\BaseConnection.php(391): CodeIgniter\Database\MySQLi\Connection->connect(false)
#1 D:\projects\visaalliance-crm\system\Database\BaseConnection.php(574): CodeIgniter\Database\BaseConnection->initialize()
#2 D:\projects\visaalliance-crm\app\Models\Crud_model.php(32): CodeIgniter\Database\BaseConnection->query('SET sql_mode = ...')
#3 D:\projects\visaalliance-crm\app\Models\Settings_model.php(11): App\Models\Crud_model->__construct('settings')
#4 D:\projects\visaalliance-crm\system\Config\Factories.php(113): App\Models\Settings_model->__construct(NULL)
#5 D:\projects\visaalliance-crm\system\Common.php(825): CodeIgniter\Config\Factories::__callStatic('models', Array)
#6 D:\projects\visaalliance-crm\app\Controllers\App_Controller.php(114): model('App\\Models\\Sett...')
#7 D:\projects\visaalliance-crm\app\Controllers\Security_Controller.php(20): App\Controllers\App_Controller->__construct()
#8 D:\projects\visaalliance-crm\app\Controllers\Notifications.php(8): App\Controllers\Security_Controller->__construct()
#9 D:\projects\visaalliance-crm\system\CodeIgniter.php(904): App\Controllers\Notifications->__construct()
#10 D:\projects\visaalliance-crm\system\CodeIgniter.php(488): CodeIgniter\CodeIgniter->createController()
#11 D:\projects\visaalliance-crm\system\CodeIgniter.php(366): CodeIgniter\CodeIgniter->handleRequest(NULL, Object(Config\Cache), false)
#12 D:\projects\visaalliance-crm\index.php(84): CodeIgniter\CodeIgniter->run()
#13 {main}
CRITICAL - 2024-07-02 00:44:15 --> Unable to connect to the database.
Main connection [MySQLi]: No connection could be made because the target machine actively refused it
in SYSTEMPATH\Database\BaseConnection.php on line 427.
 1 SYSTEMPATH\Database\BaseConnection.php(574): CodeIgniter\Database\BaseConnection->initialize()
 2 APPPATH\Models\Crud_model.php(32): CodeIgniter\Database\BaseConnection->query('SET sql_mode = \'\'')
 3 APPPATH\Models\Settings_model.php(11): App\Models\Crud_model->__construct('settings')
 4 SYSTEMPATH\Config\Factories.php(113): App\Models\Settings_model->__construct(null)
 5 SYSTEMPATH\Common.php(825): CodeIgniter\Config\Factories::__callStatic('models', [...])
 6 APPPATH\Controllers\App_Controller.php(114): model('App\\Models\\Settings_model')
 7 APPPATH\Controllers\Security_Controller.php(20): App\Controllers\App_Controller->__construct()
 8 APPPATH\Controllers\Notifications.php(8): App\Controllers\Security_Controller->__construct()
 9 SYSTEMPATH\CodeIgniter.php(904): App\Controllers\Notifications->__construct()
10 SYSTEMPATH\CodeIgniter.php(488): CodeIgniter\CodeIgniter->createController()
11 SYSTEMPATH\CodeIgniter.php(366): CodeIgniter\CodeIgniter->handleRequest(null, Object(Config\Cache), false)
12 FCPATH\index.php(84): CodeIgniter\CodeIgniter->run()
CRITICAL - 2024-07-02 01:37:25 --> Cannot access offset of type string on string
in APPPATH\Controllers\Contracts.php on line 840.
 1 [internal function]: App\Controllers\Contracts->App\Controllers\{closure}('-', '')
 2 APPPATH\Controllers\Contracts.php(841): array_filter([...], Object(Closure), 1)
 3 APPPATH\Controllers\Contracts.php(853): App\Controllers\Contracts->get_contracts_dropdown(true)
 4 SYSTEMPATH\CodeIgniter.php(932): App\Controllers\Contracts->send_project_contract_modal_form('3')
 5 SYSTEMPATH\CodeIgniter.php(497): CodeIgniter\CodeIgniter->runController(Object(App\Controllers\Contracts))
 6 SYSTEMPATH\CodeIgniter.php(366): CodeIgniter\CodeIgniter->handleRequest(null, Object(Config\Cache), false)
 7 FCPATH\index.php(84): CodeIgniter\CodeIgniter->run()
CRITICAL - 2024-07-02 01:37:31 --> Cannot access offset of type string on string
in APPPATH\Controllers\Contracts.php on line 840.
 1 [internal function]: App\Controllers\Contracts->App\Controllers\{closure}('-', '')
 2 APPPATH\Controllers\Contracts.php(841): array_filter([...], Object(Closure), 1)
 3 APPPATH\Controllers\Contracts.php(853): App\Controllers\Contracts->get_contracts_dropdown(true)
 4 SYSTEMPATH\CodeIgniter.php(932): App\Controllers\Contracts->send_project_contract_modal_form('3')
 5 SYSTEMPATH\CodeIgniter.php(497): CodeIgniter\CodeIgniter->runController(Object(App\Controllers\Contracts))
 6 SYSTEMPATH\CodeIgniter.php(366): CodeIgniter\CodeIgniter->handleRequest(null, Object(Config\Cache), false)
 7 FCPATH\index.php(84): CodeIgniter\CodeIgniter->run()
CRITICAL - 2024-07-02 01:38:42 --> Undefined variable $view_data
in APPPATH\Controllers\Contracts.php on line 846.
 1 APPPATH\Controllers\Contracts.php(846): CodeIgniter\Debug\Exceptions->errorHandler(2, 'Undefined variable $view_data', 'D:\\projects\\visaalliance-crm\\app\\Controllers\\Contracts.php', 846)
 2 APPPATH\Controllers\Contracts.php(853): App\Controllers\Contracts->get_contracts_dropdown(true)
 3 SYSTEMPATH\CodeIgniter.php(932): App\Controllers\Contracts->send_project_contract_modal_form('3')
 4 SYSTEMPATH\CodeIgniter.php(497): CodeIgniter\CodeIgniter->runController(Object(App\Controllers\Contracts))
 5 SYSTEMPATH\CodeIgniter.php(366): CodeIgniter\CodeIgniter->handleRequest(null, Object(Config\Cache), false)
 6 FCPATH\index.php(84): CodeIgniter\CodeIgniter->run()
WARNING - 2024-07-02 02:44:05 --> [DEPRECATED] preg_replace(): Passing null to parameter #3 ($subject) of type array|string is deprecated in APPPATH\Helpers\currency_helper.php on line 96.
 1 APPPATH\Helpers\currency_helper.php(96): preg_replace('/[^\\d,-\\.]/', '', null)
 2 APPPATH\Controllers\Projects.php(657): unformat_currency(null)
 3 SYSTEMPATH\CodeIgniter.php(932): App\Controllers\Projects->save()
 4 SYSTEMPATH\CodeIgniter.php(497): CodeIgniter\CodeIgniter->runController(Object(App\Controllers\Projects))
 5 SYSTEMPATH\CodeIgniter.php(366): CodeIgniter\CodeIgniter->handleRequest(null, Object(Config\Cache), false)
 6 FCPATH\index.php(84): CodeIgniter\CodeIgniter->run()
CRITICAL - 2024-07-02 04:44:58 --> The action you requested is not allowed.
in SYSTEMPATH\Security\Security.php on line 306.
 1 SYSTEMPATH\Security\Security.php(306): CodeIgniter\Security\Exceptions\SecurityException::forDisallowedAction()
 2 SYSTEMPATH\Filters\CSRF.php(55): CodeIgniter\Security\Security->verify(Object(CodeIgniter\HTTP\IncomingRequest))
 3 SYSTEMPATH\Filters\Filters.php(173): CodeIgniter\Filters\CSRF->before(Object(CodeIgniter\HTTP\IncomingRequest), null)
 4 SYSTEMPATH\CodeIgniter.php(471): CodeIgniter\Filters\Filters->run('contracts/send_project_contract_modal_form/3098', 'before')
 5 SYSTEMPATH\CodeIgniter.php(366): CodeIgniter\CodeIgniter->handleRequest(null, Object(Config\Cache), false)
 6 FCPATH\index.php(84): CodeIgniter\CodeIgniter->run()
