CRITICAL - 2024-04-05 00:24:07 --> The action you requested is not allowed.
in SYSTEMPATH\Security\Security.php on line 306.
 1 SYSTEMPATH\Security\Security.php(306): CodeIgniter\Security\Exceptions\SecurityException::forDisallowedAction()
 2 SYSTEMPATH\Filters\CSRF.php(55): CodeIgniter\Security\Security->verify(Object(CodeIgniter\HTTP\IncomingRequest))
 3 SYSTEMPATH\Filters\Filters.php(173): CodeIgniter\Filters\CSRF->before(Object(CodeIgniter\HTTP\IncomingRequest), null)
 4 SYSTEMPATH\CodeIgniter.php(471): CodeIgniter\Filters\Filters->run('projects/project_fees_modal_form', 'before')
 5 SYSTEMPATH\CodeIgniter.php(366): CodeIgniter\CodeIgniter->handleRequest(null, Object(Config\Cache), false)
 6 FCPATH\index.php(80): CodeIgniter\CodeIgniter->run()
ERROR - 2024-04-05 00:25:27 --> mysqli_sql_exception: Column 'fee_option_name' cannot be null in D:\projects\visaalliance-crm\system\Database\MySQLi\Connection.php:295
Stack trace:
#0 D:\projects\visaalliance-crm\system\Database\MySQLi\Connection.php(295): mysqli->query('INSERT INTO `ri...', 0)
#1 D:\projects\visaalliance-crm\system\Database\BaseConnection.php(692): CodeIgniter\Database\MySQLi\Connection->execute('INSERT INTO `ri...')
#2 D:\projects\visaalliance-crm\system\Database\BaseConnection.php(606): CodeIgniter\Database\BaseConnection->simpleQuery('INSERT INTO `ri...')
#3 D:\projects\visaalliance-crm\system\Database\BaseBuilder.php(2309): CodeIgniter\Database\BaseConnection->query('INSERT INTO `ri...', Array, false)
#4 D:\projects\visaalliance-crm\app\Models\Crud_model.php(262): CodeIgniter\Database\BaseBuilder->insert(Array)
#5 D:\projects\visaalliance-crm\app\Controllers\Projects.php(4535): App\Models\Crud_model->ci_save(Array)
#6 D:\projects\visaalliance-crm\system\CodeIgniter.php(932): App\Controllers\Projects->save_project_fees()
#7 D:\projects\visaalliance-crm\system\CodeIgniter.php(497): CodeIgniter\CodeIgniter->runController(Object(App\Controllers\Projects))
#8 D:\projects\visaalliance-crm\system\CodeIgniter.php(366): CodeIgniter\CodeIgniter->handleRequest(NULL, Object(Config\Cache), false)
#9 D:\projects\visaalliance-crm\index.php(80): CodeIgniter\CodeIgniter->run()
#10 {main}
CRITICAL - 2024-04-05 00:25:27 --> Column 'fee_option_name' cannot be null
in SYSTEMPATH\Database\MySQLi\Connection.php on line 295.
 1 SYSTEMPATH\Database\MySQLi\Connection.php(295): mysqli->query('INSERT INTO `rise_project_fees` (`project_id`, `amount_title`, `installments_title`, `claimable_title`, `rows_count`, `fee_option_name`, `country_of_residency`, `installment_type`, `discount`, `discount_installments`, `discount_total`, `net_total`, `created_date`, `fees`) VALUES (\'18\', \'Per Month Amount\', \'No. of Month(s)\', \'Claimable Month(s)\', \'3\', NULL, NULL, \'Per Month\', \'100\', \'2\', \'200.00\', \'4000.00\', \'2024-04-05 05:25:27\', \'a:3:{i:0;a:6:{s:3:\\"key\\";i:1;s:10:\\"fee_type_1\\";s:22:\\"Application Review Fee\\";s:8:\\"amount_1\\";s:4:\\"1200\\";s:14:\\"installments_1\\";s:1:\\"3\\";s:24:\\"claimable_installments_1\\";s:1:\\"0\\";s:11:\\"row_total_1\\";i:3600;}i:1;a:6:{s:3:\\"key\\";i:2;s:10:\\"fee_type_2\\";s:4:\\"Bond\\";s:8:\\"amount_2\\";s:3:\\"250\\";s:14:\\"installments_2\\";s:1:\\"2\\";s:24:\\"claimable_installments_2\\";s:1:\\"0\\";s:11:\\"row_total_2\\";i:500;}i:2;a:6:{s:3:\\"key\\";i:3;s:10:\\"fee_type_3\\";s:18:\\"Administration Fee\\";s:8:\\"amount_3\\";s:3:\\"100\\";s:14:\\"installments_3\\";s:1:\\"1\\";s:24:\\"claimable_installments_3\\";s:1:\\"0\\";s:11:\\"row_total_3\\";i:100;}}\')', 0)
 2 SYSTEMPATH\Database\BaseConnection.php(692): CodeIgniter\Database\MySQLi\Connection->execute('INSERT INTO `rise_project_fees` (`project_id`, `amount_title`, `installments_title`, `claimable_title`, `rows_count`, `fee_option_name`, `country_of_residency`, `installment_type`, `discount`, `discount_installments`, `discount_total`, `net_total`, `created_date`, `fees`) VALUES (\'18\', \'Per Month Amount\', \'No. of Month(s)\', \'Claimable Month(s)\', \'3\', NULL, NULL, \'Per Month\', \'100\', \'2\', \'200.00\', \'4000.00\', \'2024-04-05 05:25:27\', \'a:3:{i:0;a:6:{s:3:\\"key\\";i:1;s:10:\\"fee_type_1\\";s:22:\\"Application Review Fee\\";s:8:\\"amount_1\\";s:4:\\"1200\\";s:14:\\"installments_1\\";s:1:\\"3\\";s:24:\\"claimable_installments_1\\";s:1:\\"0\\";s:11:\\"row_total_1\\";i:3600;}i:1;a:6:{s:3:\\"key\\";i:2;s:10:\\"fee_type_2\\";s:4:\\"Bond\\";s:8:\\"amount_2\\";s:3:\\"250\\";s:14:\\"installments_2\\";s:1:\\"2\\";s:24:\\"claimable_installments_2\\";s:1:\\"0\\";s:11:\\"row_total_2\\";i:500;}i:2;a:6:{s:3:\\"key\\";i:3;s:10:\\"fee_type_3\\";s:18:\\"Administration Fee\\";s:8:\\"amount_3\\";s:3:\\"100\\";s:14:\\"installments_3\\";s:1:\\"1\\";s:24:\\"claimable_installments_3\\";s:1:\\"0\\";s:11:\\"row_total_3\\";i:100;}}\')')
 3 SYSTEMPATH\Database\BaseConnection.php(606): CodeIgniter\Database\BaseConnection->simpleQuery('INSERT INTO `rise_project_fees` (`project_id`, `amount_title`, `installments_title`, `claimable_title`, `rows_count`, `fee_option_name`, `country_of_residency`, `installment_type`, `discount`, `discount_installments`, `discount_total`, `net_total`, `created_date`, `fees`) VALUES (\'18\', \'Per Month Amount\', \'No. of Month(s)\', \'Claimable Month(s)\', \'3\', NULL, NULL, \'Per Month\', \'100\', \'2\', \'200.00\', \'4000.00\', \'2024-04-05 05:25:27\', \'a:3:{i:0;a:6:{s:3:\\"key\\";i:1;s:10:\\"fee_type_1\\";s:22:\\"Application Review Fee\\";s:8:\\"amount_1\\";s:4:\\"1200\\";s:14:\\"installments_1\\";s:1:\\"3\\";s:24:\\"claimable_installments_1\\";s:1:\\"0\\";s:11:\\"row_total_1\\";i:3600;}i:1;a:6:{s:3:\\"key\\";i:2;s:10:\\"fee_type_2\\";s:4:\\"Bond\\";s:8:\\"amount_2\\";s:3:\\"250\\";s:14:\\"installments_2\\";s:1:\\"2\\";s:24:\\"claimable_installments_2\\";s:1:\\"0\\";s:11:\\"row_total_2\\";i:500;}i:2;a:6:{s:3:\\"key\\";i:3;s:10:\\"fee_type_3\\";s:18:\\"Administration Fee\\";s:8:\\"amount_3\\";s:3:\\"100\\";s:14:\\"installments_3\\";s:1:\\"1\\";s:24:\\"claimable_installments_3\\";s:1:\\"0\\";s:11:\\"row_total_3\\";i:100;}}\')')
 4 SYSTEMPATH\Database\BaseBuilder.php(2309): CodeIgniter\Database\BaseConnection->query('INSERT INTO `rise_project_fees` (`project_id`, `amount_title`, `installments_title`, `claimable_title`, `rows_count`, `fee_option_name`, `country_of_residency`, `installment_type`, `discount`, `discount_installments`, `discount_total`, `net_total`, `created_date`, `fees`) VALUES (:project_id:, :amount_title:, :installments_title:, :claimable_title:, :rows_count:, :fee_option_name:, :country_of_residency:, :installment_type:, :discount:, :discount_installments:, :discount_total:, :net_total:, :created_date:, :fees:)', [...], false)
 5 APPPATH\Models\Crud_model.php(262): CodeIgniter\Database\BaseBuilder->insert([...])
 6 APPPATH\Controllers\Projects.php(4535): App\Models\Crud_model->ci_save([...])
 7 SYSTEMPATH\CodeIgniter.php(932): App\Controllers\Projects->save_project_fees()
 8 SYSTEMPATH\CodeIgniter.php(497): CodeIgniter\CodeIgniter->runController(Object(App\Controllers\Projects))
 9 SYSTEMPATH\CodeIgniter.php(366): CodeIgniter\CodeIgniter->handleRequest(null, Object(Config\Cache), false)
10 FCPATH\index.php(80): CodeIgniter\CodeIgniter->run()
CRITICAL - 2024-04-05 00:44:02 --> Array to string conversion
in APPPATH\Views\projects\project_fee_modal_form.php on line 487.
 1 APPPATH\Views\projects\project_fee_modal_form.php(487): CodeIgniter\Debug\Exceptions->errorHandler(2, 'Array to string conversion', 'D:\\projects\\visaalliance-crm\\app\\Views\\projects\\project_fee_modal_form.php', 487)
 2 SYSTEMPATH\View\View.php(224): include('D:\\projects\\visaalliance-crm\\app\\Views\\projects\\project_fee_modal_form.php')
 3 SYSTEMPATH\View\View.php(227): CodeIgniter\View\View->CodeIgniter\View\{closure}()
 4 SYSTEMPATH\Common.php(1180): CodeIgniter\View\View->render('projects/project_fee_modal_form', [], true)
 5 APPPATH\Libraries\Template.php(42): view('projects/project_fee_modal_form', [...])
 6 APPPATH\Controllers\Projects.php(4483): App\Libraries\Template->view('projects/project_fee_modal_form', [...])
 7 SYSTEMPATH\CodeIgniter.php(932): App\Controllers\Projects->project_fees_modal_form()
 8 SYSTEMPATH\CodeIgniter.php(497): CodeIgniter\CodeIgniter->runController(Object(App\Controllers\Projects))
 9 SYSTEMPATH\CodeIgniter.php(366): CodeIgniter\CodeIgniter->handleRequest(null, Object(Config\Cache), false)
10 FCPATH\index.php(80): CodeIgniter\CodeIgniter->run()
CRITICAL - 2024-04-05 00:44:40 --> Array to string conversion
in APPPATH\Views\projects\project_fee_modal_form.php on line 487.
 1 APPPATH\Views\projects\project_fee_modal_form.php(487): CodeIgniter\Debug\Exceptions->errorHandler(2, 'Array to string conversion', 'D:\\projects\\visaalliance-crm\\app\\Views\\projects\\project_fee_modal_form.php', 487)
 2 SYSTEMPATH\View\View.php(224): include('D:\\projects\\visaalliance-crm\\app\\Views\\projects\\project_fee_modal_form.php')
 3 SYSTEMPATH\View\View.php(227): CodeIgniter\View\View->CodeIgniter\View\{closure}()
 4 SYSTEMPATH\Common.php(1180): CodeIgniter\View\View->render('projects/project_fee_modal_form', [], true)
 5 APPPATH\Libraries\Template.php(42): view('projects/project_fee_modal_form', [...])
 6 APPPATH\Controllers\Projects.php(4483): App\Libraries\Template->view('projects/project_fee_modal_form', [...])
 7 SYSTEMPATH\CodeIgniter.php(932): App\Controllers\Projects->project_fees_modal_form()
 8 SYSTEMPATH\CodeIgniter.php(497): CodeIgniter\CodeIgniter->runController(Object(App\Controllers\Projects))
 9 SYSTEMPATH\CodeIgniter.php(366): CodeIgniter\CodeIgniter->handleRequest(null, Object(Config\Cache), false)
10 FCPATH\index.php(80): CodeIgniter\CodeIgniter->run()
ERROR - 2024-04-05 01:41:14 --> mysqli_sql_exception: Unknown column 'total_fee' in 'field list' in D:\projects\visaalliance-crm\system\Database\MySQLi\Connection.php:295
Stack trace:
#0 D:\projects\visaalliance-crm\system\Database\MySQLi\Connection.php(295): mysqli->query('UPDATE `rise_pr...', 0)
#1 D:\projects\visaalliance-crm\system\Database\BaseConnection.php(692): CodeIgniter\Database\MySQLi\Connection->execute('UPDATE `rise_pr...')
#2 D:\projects\visaalliance-crm\system\Database\BaseConnection.php(606): CodeIgniter\Database\BaseConnection->simpleQuery('UPDATE `rise_pr...')
#3 D:\projects\visaalliance-crm\system\Database\BaseBuilder.php(2476): CodeIgniter\Database\BaseConnection->query('UPDATE `rise_pr...', Array, false)
#4 D:\projects\visaalliance-crm\app\Models\Crud_model.php(364): CodeIgniter\Database\BaseBuilder->update(Array, Array)
#5 D:\projects\visaalliance-crm\app\Models\Crud_model.php(157): App\Models\Crud_model->update_where(Array, Array)
#6 D:\projects\visaalliance-crm\app\Controllers\Projects.php(4544): App\Models\Crud_model->ci_save(Array, '3')
#7 D:\projects\visaalliance-crm\system\CodeIgniter.php(932): App\Controllers\Projects->save_project_fees()
#8 D:\projects\visaalliance-crm\system\CodeIgniter.php(497): CodeIgniter\CodeIgniter->runController(Object(App\Controllers\Projects))
#9 D:\projects\visaalliance-crm\system\CodeIgniter.php(366): CodeIgniter\CodeIgniter->handleRequest(NULL, Object(Config\Cache), false)
#10 D:\projects\visaalliance-crm\index.php(80): CodeIgniter\CodeIgniter->run()
#11 {main}
CRITICAL - 2024-04-05 01:41:14 --> Unknown column 'total_fee' in 'field list'
in SYSTEMPATH\Database\MySQLi\Connection.php on line 295.
 1 SYSTEMPATH\Database\MySQLi\Connection.php(295): mysqli->query('UPDATE `rise_project_fees` SET `project_id` = \'18\', `amount_title` = \'Per Month Amount\', `installments_title` = \'No. of Month(s)\', `claimable_title` = \'Claimable Month(s)\', `rows_count` = \'3\', `fee_option_name` = \'Default Fee\', `country_of_residency` = \'All Countries\', `installment_type` = \'Per Month\', `discount` = \'50\', `discount_installments` = \'4\', `discount_total` = 200, `created_date` = \'2024-04-05 06:41:14\', `fees` = \'a:3:{i:0;a:6:{s:3:\\"key\\";i:1;s:8:\\"fee_type\\";s:15:\\"Application Fee\\";s:6:\\"amount\\";s:4:\\"1200\\";s:12:\\"installments\\";s:1:\\"4\\";s:22:\\"claimable_installments\\";s:1:\\"3\\";s:9:\\"row_total\\";i:4800;}i:1;a:6:{s:3:\\"key\\";i:2;s:8:\\"fee_type\\";s:4:\\"Bond\\";s:6:\\"amount\\";s:3:\\"250\\";s:12:\\"installments\\";s:1:\\"2\\";s:22:\\"claimable_installments\\";s:1:\\"2\\";s:9:\\"row_total\\";i:500;}i:2;a:6:{s:3:\\"key\\";i:3;s:8:\\"fee_type\\";s:18:\\"Administration Fee\\";s:6:\\"amount\\";s:3:\\"100\\";s:12:\\"installments\\";s:1:\\"1\\";s:22:\\"claimable_installments\\";s:1:\\"0\\";s:9:\\"row_total\\";i:100;}}\', `total_fee` = 5400, `net_total` = 5200
WHERE `id` = \'3\'', 0)
 2 SYSTEMPATH\Database\BaseConnection.php(692): CodeIgniter\Database\MySQLi\Connection->execute('UPDATE `rise_project_fees` SET `project_id` = \'18\', `amount_title` = \'Per Month Amount\', `installments_title` = \'No. of Month(s)\', `claimable_title` = \'Claimable Month(s)\', `rows_count` = \'3\', `fee_option_name` = \'Default Fee\', `country_of_residency` = \'All Countries\', `installment_type` = \'Per Month\', `discount` = \'50\', `discount_installments` = \'4\', `discount_total` = 200, `created_date` = \'2024-04-05 06:41:14\', `fees` = \'a:3:{i:0;a:6:{s:3:\\"key\\";i:1;s:8:\\"fee_type\\";s:15:\\"Application Fee\\";s:6:\\"amount\\";s:4:\\"1200\\";s:12:\\"installments\\";s:1:\\"4\\";s:22:\\"claimable_installments\\";s:1:\\"3\\";s:9:\\"row_total\\";i:4800;}i:1;a:6:{s:3:\\"key\\";i:2;s:8:\\"fee_type\\";s:4:\\"Bond\\";s:6:\\"amount\\";s:3:\\"250\\";s:12:\\"installments\\";s:1:\\"2\\";s:22:\\"claimable_installments\\";s:1:\\"2\\";s:9:\\"row_total\\";i:500;}i:2;a:6:{s:3:\\"key\\";i:3;s:8:\\"fee_type\\";s:18:\\"Administration Fee\\";s:6:\\"amount\\";s:3:\\"100\\";s:12:\\"installments\\";s:1:\\"1\\";s:22:\\"claimable_installments\\";s:1:\\"0\\";s:9:\\"row_total\\";i:100;}}\', `total_fee` = 5400, `net_total` = 5200
WHERE `id` = \'3\'')
 3 SYSTEMPATH\Database\BaseConnection.php(606): CodeIgniter\Database\BaseConnection->simpleQuery('UPDATE `rise_project_fees` SET `project_id` = \'18\', `amount_title` = \'Per Month Amount\', `installments_title` = \'No. of Month(s)\', `claimable_title` = \'Claimable Month(s)\', `rows_count` = \'3\', `fee_option_name` = \'Default Fee\', `country_of_residency` = \'All Countries\', `installment_type` = \'Per Month\', `discount` = \'50\', `discount_installments` = \'4\', `discount_total` = 200, `created_date` = \'2024-04-05 06:41:14\', `fees` = \'a:3:{i:0;a:6:{s:3:\\"key\\";i:1;s:8:\\"fee_type\\";s:15:\\"Application Fee\\";s:6:\\"amount\\";s:4:\\"1200\\";s:12:\\"installments\\";s:1:\\"4\\";s:22:\\"claimable_installments\\";s:1:\\"3\\";s:9:\\"row_total\\";i:4800;}i:1;a:6:{s:3:\\"key\\";i:2;s:8:\\"fee_type\\";s:4:\\"Bond\\";s:6:\\"amount\\";s:3:\\"250\\";s:12:\\"installments\\";s:1:\\"2\\";s:22:\\"claimable_installments\\";s:1:\\"2\\";s:9:\\"row_total\\";i:500;}i:2;a:6:{s:3:\\"key\\";i:3;s:8:\\"fee_type\\";s:18:\\"Administration Fee\\";s:6:\\"amount\\";s:3:\\"100\\";s:12:\\"installments\\";s:1:\\"1\\";s:22:\\"claimable_installments\\";s:1:\\"0\\";s:9:\\"row_total\\";i:100;}}\', `total_fee` = 5400, `net_total` = 5200
WHERE `id` = \'3\'')
 4 SYSTEMPATH\Database\BaseBuilder.php(2476): CodeIgniter\Database\BaseConnection->query('UPDATE `rise_project_fees` SET `project_id` = :project_id:, `amount_title` = :amount_title:, `installments_title` = :installments_title:, `claimable_title` = :claimable_title:, `rows_count` = :rows_count:, `fee_option_name` = :fee_option_name:, `country_of_residency` = :country_of_residency:, `installment_type` = :installment_type:, `discount` = :discount:, `discount_installments` = :discount_installments:, `discount_total` = :discount_total:, `created_date` = :created_date:, `fees` = :fees:, `total_fee` = :total_fee:, `net_total` = :net_total:
WHERE `id` = :id:', [...], false)
 5 APPPATH\Models\Crud_model.php(364): CodeIgniter\Database\BaseBuilder->update([...], [...])
 6 APPPATH\Models\Crud_model.php(157): App\Models\Crud_model->update_where([...], [...])
 7 APPPATH\Controllers\Projects.php(4544): App\Models\Crud_model->ci_save([...], '3')
 8 SYSTEMPATH\CodeIgniter.php(932): App\Controllers\Projects->save_project_fees()
 9 SYSTEMPATH\CodeIgniter.php(497): CodeIgniter\CodeIgniter->runController(Object(App\Controllers\Projects))
10 SYSTEMPATH\CodeIgniter.php(366): CodeIgniter\CodeIgniter->handleRequest(null, Object(Config\Cache), false)
11 FCPATH\index.php(80): CodeIgniter\CodeIgniter->run()
CRITICAL - 2024-04-05 02:53:00 --> The action you requested is not allowed.
in SYSTEMPATH\Security\Security.php on line 306.
 1 SYSTEMPATH\Security\Security.php(306): CodeIgniter\Security\Exceptions\SecurityException::forDisallowedAction()
 2 SYSTEMPATH\Filters\CSRF.php(55): CodeIgniter\Security\Security->verify(Object(CodeIgniter\HTTP\IncomingRequest))
 3 SYSTEMPATH\Filters\Filters.php(173): CodeIgniter\Filters\CSRF->before(Object(CodeIgniter\HTTP\IncomingRequest), null)
 4 SYSTEMPATH\CodeIgniter.php(471): CodeIgniter\Filters\Filters->run('projects/save_project_fees', 'before')
 5 SYSTEMPATH\CodeIgniter.php(366): CodeIgniter\CodeIgniter->handleRequest(null, Object(Config\Cache), false)
 6 FCPATH\index.php(80): CodeIgniter\CodeIgniter->run()
CRITICAL - 2024-04-05 02:53:32 --> Undefined variable $project_id
in APPPATH\Controllers\Projects.php on line 4491.
 1 APPPATH\Controllers\Projects.php(4491): CodeIgniter\Debug\Exceptions->errorHandler(2, 'Undefined variable $project_id', 'D:\\projects\\visaalliance-crm\\app\\Controllers\\Projects.php', 4491)
 2 SYSTEMPATH\CodeIgniter.php(932): App\Controllers\Projects->save_project_fees()
 3 SYSTEMPATH\CodeIgniter.php(497): CodeIgniter\CodeIgniter->runController(Object(App\Controllers\Projects))
 4 SYSTEMPATH\CodeIgniter.php(366): CodeIgniter\CodeIgniter->handleRequest(null, Object(Config\Cache), false)
 5 FCPATH\index.php(80): CodeIgniter\CodeIgniter->run()
CRITICAL - 2024-04-05 07:08:30 --> Array to string conversion
in APPPATH\Views\projects\project_partners_revenue_overview.php on line 16.
 1 APPPATH\Views\projects\project_partners_revenue_overview.php(16): CodeIgniter\Debug\Exceptions->errorHandler(2, 'Array to string conversion', 'D:\\projects\\visaalliance-crm\\app\\Views\\projects\\project_partners_revenue_overview.php', 16)
 2 SYSTEMPATH\View\View.php(224): include('D:\\projects\\visaalliance-crm\\app\\Views\\projects\\project_partners_revenue_overview.php')
 3 SYSTEMPATH\View\View.php(227): CodeIgniter\View\View->CodeIgniter\View\{closure}()
 4 SYSTEMPATH\Common.php(1180): CodeIgniter\View\View->render('projects/project_partners_revenue_overview', [], true)
 5 APPPATH\Libraries\Template.php(42): view('projects/project_partners_revenue_overview', [...])
 6 APPPATH\Controllers\Projects.php(4490): App\Libraries\Template->view('projects/project_partners_revenue_overview', [...])
 7 SYSTEMPATH\CodeIgniter.php(932): App\Controllers\Projects->project_partners_revenue_overview()
 8 SYSTEMPATH\CodeIgniter.php(497): CodeIgniter\CodeIgniter->runController(Object(App\Controllers\Projects))
 9 SYSTEMPATH\CodeIgniter.php(366): CodeIgniter\CodeIgniter->handleRequest(null, Object(Config\Cache), false)
10 FCPATH\index.php(80): CodeIgniter\CodeIgniter->run()
CRITICAL - 2024-04-05 07:08:32 --> Array to string conversion
in APPPATH\Views\projects\project_partners_revenue_overview.php on line 16.
 1 APPPATH\Views\projects\project_partners_revenue_overview.php(16): CodeIgniter\Debug\Exceptions->errorHandler(2, 'Array to string conversion', 'D:\\projects\\visaalliance-crm\\app\\Views\\projects\\project_partners_revenue_overview.php', 16)
 2 SYSTEMPATH\View\View.php(224): include('D:\\projects\\visaalliance-crm\\app\\Views\\projects\\project_partners_revenue_overview.php')
 3 SYSTEMPATH\View\View.php(227): CodeIgniter\View\View->CodeIgniter\View\{closure}()
 4 SYSTEMPATH\Common.php(1180): CodeIgniter\View\View->render('projects/project_partners_revenue_overview', [], true)
 5 APPPATH\Libraries\Template.php(42): view('projects/project_partners_revenue_overview', [...])
 6 APPPATH\Controllers\Projects.php(4490): App\Libraries\Template->view('projects/project_partners_revenue_overview', [...])
 7 SYSTEMPATH\CodeIgniter.php(932): App\Controllers\Projects->project_partners_revenue_overview()
 8 SYSTEMPATH\CodeIgniter.php(497): CodeIgniter\CodeIgniter->runController(Object(App\Controllers\Projects))
 9 SYSTEMPATH\CodeIgniter.php(366): CodeIgniter\CodeIgniter->handleRequest(null, Object(Config\Cache), false)
10 FCPATH\index.php(80): CodeIgniter\CodeIgniter->run()
CRITICAL - 2024-04-05 07:09:48 --> The action you requested is not allowed.
in SYSTEMPATH\Security\Security.php on line 306.
 1 SYSTEMPATH\Security\Security.php(306): CodeIgniter\Security\Exceptions\SecurityException::forDisallowedAction()
 2 SYSTEMPATH\Filters\CSRF.php(55): CodeIgniter\Security\Security->verify(Object(CodeIgniter\HTTP\IncomingRequest))
 3 SYSTEMPATH\Filters\Filters.php(173): CodeIgniter\Filters\CSRF->before(Object(CodeIgniter\HTTP\IncomingRequest), null)
 4 SYSTEMPATH\CodeIgniter.php(471): CodeIgniter\Filters\Filters->run('projects/project_partners_revenue_overview', 'before')
 5 SYSTEMPATH\CodeIgniter.php(366): CodeIgniter\CodeIgniter->handleRequest(null, Object(Config\Cache), false)
 6 FCPATH\index.php(80): CodeIgniter\CodeIgniter->run()
CRITICAL - 2024-04-05 07:33:01 --> Attempt to read property "fee_type" on array
in APPPATH\Views\projects\project_partners_revenue_overview.php on line 48.
 1 APPPATH\Views\projects\project_partners_revenue_overview.php(48): CodeIgniter\Debug\Exceptions->errorHandler(2, 'Attempt to read property "fee_type" on array', 'D:\\projects\\visaalliance-crm\\app\\Views\\projects\\project_partners_revenue_overview.php', 48)
 2 SYSTEMPATH\View\View.php(224): include('D:\\projects\\visaalliance-crm\\app\\Views\\projects\\project_partners_revenue_overview.php')
 3 SYSTEMPATH\View\View.php(227): CodeIgniter\View\View->CodeIgniter\View\{closure}()
 4 SYSTEMPATH\Common.php(1180): CodeIgniter\View\View->render('projects/project_partners_revenue_overview', [], true)
 5 APPPATH\Libraries\Template.php(42): view('projects/project_partners_revenue_overview', [...])
 6 APPPATH\Controllers\Projects.php(4490): App\Libraries\Template->view('projects/project_partners_revenue_overview', [...])
 7 SYSTEMPATH\CodeIgniter.php(932): App\Controllers\Projects->project_partners_revenue_overview()
 8 SYSTEMPATH\CodeIgniter.php(497): CodeIgniter\CodeIgniter->runController(Object(App\Controllers\Projects))
 9 SYSTEMPATH\CodeIgniter.php(366): CodeIgniter\CodeIgniter->handleRequest(null, Object(Config\Cache), false)
10 FCPATH\index.php(80): CodeIgniter\CodeIgniter->run()
CRITICAL - 2024-04-05 07:33:34 --> Undefined array key "fee_type"
in APPPATH\Views\projects\project_partners_revenue_overview.php on line 48.
 1 APPPATH\Views\projects\project_partners_revenue_overview.php(48): CodeIgniter\Debug\Exceptions->errorHandler(2, 'Undefined array key "fee_type"', 'D:\\projects\\visaalliance-crm\\app\\Views\\projects\\project_partners_revenue_overview.php', 48)
 2 SYSTEMPATH\View\View.php(224): include('D:\\projects\\visaalliance-crm\\app\\Views\\projects\\project_partners_revenue_overview.php')
 3 SYSTEMPATH\View\View.php(227): CodeIgniter\View\View->CodeIgniter\View\{closure}()
 4 SYSTEMPATH\Common.php(1180): CodeIgniter\View\View->render('projects/project_partners_revenue_overview', [], true)
 5 APPPATH\Libraries\Template.php(42): view('projects/project_partners_revenue_overview', [...])
 6 APPPATH\Controllers\Projects.php(4490): App\Libraries\Template->view('projects/project_partners_revenue_overview', [...])
 7 SYSTEMPATH\CodeIgniter.php(932): App\Controllers\Projects->project_partners_revenue_overview()
 8 SYSTEMPATH\CodeIgniter.php(497): CodeIgniter\CodeIgniter->runController(Object(App\Controllers\Projects))
 9 SYSTEMPATH\CodeIgniter.php(366): CodeIgniter\CodeIgniter->handleRequest(null, Object(Config\Cache), false)
10 FCPATH\index.php(80): CodeIgniter\CodeIgniter->run()
CRITICAL - 2024-04-05 07:34:25 --> Undefined array key "fee_type"
in APPPATH\Views\projects\project_partners_revenue_overview.php on line 49.
 1 APPPATH\Views\projects\project_partners_revenue_overview.php(49): CodeIgniter\Debug\Exceptions->errorHandler(2, 'Undefined array key "fee_type"', 'D:\\projects\\visaalliance-crm\\app\\Views\\projects\\project_partners_revenue_overview.php', 49)
 2 SYSTEMPATH\View\View.php(224): include('D:\\projects\\visaalliance-crm\\app\\Views\\projects\\project_partners_revenue_overview.php')
 3 SYSTEMPATH\View\View.php(227): CodeIgniter\View\View->CodeIgniter\View\{closure}()
 4 SYSTEMPATH\Common.php(1180): CodeIgniter\View\View->render('projects/project_partners_revenue_overview', [], true)
 5 APPPATH\Libraries\Template.php(42): view('projects/project_partners_revenue_overview', [...])
 6 APPPATH\Controllers\Projects.php(4490): App\Libraries\Template->view('projects/project_partners_revenue_overview', [...])
 7 SYSTEMPATH\CodeIgniter.php(932): App\Controllers\Projects->project_partners_revenue_overview()
 8 SYSTEMPATH\CodeIgniter.php(497): CodeIgniter\CodeIgniter->runController(Object(App\Controllers\Projects))
 9 SYSTEMPATH\CodeIgniter.php(366): CodeIgniter\CodeIgniter->handleRequest(null, Object(Config\Cache), false)
10 FCPATH\index.php(80): CodeIgniter\CodeIgniter->run()
CRITICAL - 2024-04-05 10:03:03 --> Undefined array key "amount"
in APPPATH\Views\projects\project_partners_revenue_overview.php on line 120.
 1 APPPATH\Views\projects\project_partners_revenue_overview.php(120): CodeIgniter\Debug\Exceptions->errorHandler(2, 'Undefined array key "amount"', 'D:\\projects\\visaalliance-crm\\app\\Views\\projects\\project_partners_revenue_overview.php', 120)
 2 SYSTEMPATH\View\View.php(224): include('D:\\projects\\visaalliance-crm\\app\\Views\\projects\\project_partners_revenue_overview.php')
 3 SYSTEMPATH\View\View.php(227): CodeIgniter\View\View->CodeIgniter\View\{closure}()
 4 SYSTEMPATH\Common.php(1180): CodeIgniter\View\View->render('projects/project_partners_revenue_overview', [], true)
 5 APPPATH\Libraries\Template.php(42): view('projects/project_partners_revenue_overview', [...])
 6 APPPATH\Controllers\Projects.php(4490): App\Libraries\Template->view('projects/project_partners_revenue_overview', [...])
 7 SYSTEMPATH\CodeIgniter.php(932): App\Controllers\Projects->project_partners_revenue_overview()
 8 SYSTEMPATH\CodeIgniter.php(497): CodeIgniter\CodeIgniter->runController(Object(App\Controllers\Projects))
 9 SYSTEMPATH\CodeIgniter.php(366): CodeIgniter\CodeIgniter->handleRequest(null, Object(Config\Cache), false)
10 FCPATH\index.php(80): CodeIgniter\CodeIgniter->run()
CRITICAL - 2024-04-05 10:27:30 --> Undefined variable $revenues
in APPPATH\Views\projects\project_partners_revenue_overview.php on line 118.
 1 APPPATH\Views\projects\project_partners_revenue_overview.php(118): CodeIgniter\Debug\Exceptions->errorHandler(2, 'Undefined variable $revenues', 'D:\\projects\\visaalliance-crm\\app\\Views\\projects\\project_partners_revenue_overview.php', 118)
 2 SYSTEMPATH\View\View.php(224): include('D:\\projects\\visaalliance-crm\\app\\Views\\projects\\project_partners_revenue_overview.php')
 3 SYSTEMPATH\View\View.php(227): CodeIgniter\View\View->CodeIgniter\View\{closure}()
 4 SYSTEMPATH\Common.php(1180): CodeIgniter\View\View->render('projects/project_partners_revenue_overview', [], true)
 5 APPPATH\Libraries\Template.php(42): view('projects/project_partners_revenue_overview', [...])
 6 APPPATH\Controllers\Projects.php(4490): App\Libraries\Template->view('projects/project_partners_revenue_overview', [...])
 7 SYSTEMPATH\CodeIgniter.php(932): App\Controllers\Projects->project_partners_revenue_overview()
 8 SYSTEMPATH\CodeIgniter.php(497): CodeIgniter\CodeIgniter->runController(Object(App\Controllers\Projects))
 9 SYSTEMPATH\CodeIgniter.php(366): CodeIgniter\CodeIgniter->handleRequest(null, Object(Config\Cache), false)
10 FCPATH\index.php(80): CodeIgniter\CodeIgniter->run()
CRITICAL - 2024-04-05 12:34:40 --> Call to undefined method App\Models\Project_fees_model::get_where
in SYSTEMPATH\Model.php on line 838.
 1 APPPATH\Controllers\Projects.php(4511): CodeIgniter\Model->__call('get_where', [...])
 2 SYSTEMPATH\CodeIgniter.php(932): App\Controllers\Projects->project_fees_modal_form()
 3 SYSTEMPATH\CodeIgniter.php(497): CodeIgniter\CodeIgniter->runController(Object(App\Controllers\Projects))
 4 SYSTEMPATH\CodeIgniter.php(366): CodeIgniter\CodeIgniter->handleRequest(null, Object(Config\Cache), false)
 5 FCPATH\index.php(80): CodeIgniter\CodeIgniter->run()
ERROR - 2024-04-05 12:36:28 --> mysqli_sql_exception: You have an error in your SQL syntax; check the manual that corresponds to your MariaDB server version for the right syntax to use near ':0:
AND 1 = :1:
 LIMIT 1' at line 3 in D:\projects\visaalliance-crm\system\Database\MySQLi\Connection.php:295
Stack trace:
#0 D:\projects\visaalliance-crm\system\Database\MySQLi\Connection.php(295): mysqli->query('SELECT *\nFROM `...', 0)
#1 D:\projects\visaalliance-crm\system\Database\BaseConnection.php(692): CodeIgniter\Database\MySQLi\Connection->execute('SELECT *\nFROM `...')
#2 D:\projects\visaalliance-crm\system\Database\BaseConnection.php(606): CodeIgniter\Database\BaseConnection->simpleQuery('SELECT *\nFROM `...')
#3 D:\projects\visaalliance-crm\system\Database\BaseBuilder.php(1749): CodeIgniter\Database\BaseConnection->query('SELECT *\nFROM `...', Array, false)
#4 D:\projects\visaalliance-crm\app\Models\Crud_model.php(72): CodeIgniter\Database\BaseBuilder->getWhere(Array, 1)
#5 D:\projects\visaalliance-crm\app\Controllers\Projects.php(4511): App\Models\Crud_model->get_one_where(Array)
#6 D:\projects\visaalliance-crm\system\CodeIgniter.php(932): App\Controllers\Projects->project_fees_modal_form()
#7 D:\projects\visaalliance-crm\system\CodeIgniter.php(497): CodeIgniter\CodeIgniter->runController(Object(App\Controllers\Projects))
#8 D:\projects\visaalliance-crm\system\CodeIgniter.php(366): CodeIgniter\CodeIgniter->handleRequest(NULL, Object(Config\Cache), false)
#9 D:\projects\visaalliance-crm\index.php(80): CodeIgniter\CodeIgniter->run()
#10 {main}
CRITICAL - 2024-04-05 12:36:28 --> You have an error in your SQL syntax; check the manual that corresponds to your MariaDB server version for the right syntax to use near ':0:
AND 1 = :1:
 LIMIT 1' at line 3
in SYSTEMPATH\Database\MySQLi\Connection.php on line 295.
 1 SYSTEMPATH\Database\MySQLi\Connection.php(295): mysqli->query('SELECT *
FROM `rise_project_fees`
WHERE 0 = :0:
AND 1 = :1:
 LIMIT 1', 0)
 2 SYSTEMPATH\Database\BaseConnection.php(692): CodeIgniter\Database\MySQLi\Connection->execute('SELECT *
FROM `rise_project_fees`
WHERE 0 = :0:
AND 1 = :1:
 LIMIT 1')
 3 SYSTEMPATH\Database\BaseConnection.php(606): CodeIgniter\Database\BaseConnection->simpleQuery('SELECT *
FROM `rise_project_fees`
WHERE 0 = :0:
AND 1 = :1:
 LIMIT 1')
 4 SYSTEMPATH\Database\BaseBuilder.php(1749): CodeIgniter\Database\BaseConnection->query('SELECT *
FROM `rise_project_fees`
WHERE 0 = :0:
AND 1 = :1:
 LIMIT 1', [...], false)
 5 APPPATH\Models\Crud_model.php(72): CodeIgniter\Database\BaseBuilder->getWhere([...], 1)
 6 APPPATH\Controllers\Projects.php(4511): App\Models\Crud_model->get_one_where([...])
 7 SYSTEMPATH\CodeIgniter.php(932): App\Controllers\Projects->project_fees_modal_form()
 8 SYSTEMPATH\CodeIgniter.php(497): CodeIgniter\CodeIgniter->runController(Object(App\Controllers\Projects))
 9 SYSTEMPATH\CodeIgniter.php(366): CodeIgniter\CodeIgniter->handleRequest(null, Object(Config\Cache), false)
10 FCPATH\index.php(80): CodeIgniter\CodeIgniter->run()
