CRITICAL - 2024-03-01 00:58:31 --> Undefined property: stdClass::$is_admin
in APPPATH\Controllers\Security_Controller.php on line 561.
 1 APPPATH\Controllers\Security_Controller.php(561): CodeIgniter\Debug\Exceptions->errorHandler(2, 'Undefined property: stdClass::$is_admin', 'D:\\projects\\visaalliance-crm\\app\\Controllers\\Security_Controller.php', 561)
 2 APPPATH\Controllers\Security_Controller.php(53): App\Controllers\Security_Controller->make_locations_dropdown()
 3 APPPATH\Helpers\activity_logs_helper.php(166): App\Controllers\Security_Controller->__construct(false)
 4 APPPATH\Helpers\activity_logs_helper.php(286): get_change_logs_of_custom_fields('status_id', true)
 5 APPPATH\Controllers\Notification_processor.php(159): get_change_logs_array([...], 'task', 'updated', true)
 6 APPPATH\Controllers\Notification_processor.php(91): App\Controllers\Notification_processor->_clasified_task_modification('project_task_updated', [...], '207')
 7 SYSTEMPATH\CodeIgniter.php(932): App\Controllers\Notification_processor->create_notification()
 8 SYSTEMPATH\CodeIgniter.php(497): CodeIgniter\CodeIgniter->runController(Object(App\Controllers\Notification_processor))
 9 SYSTEMPATH\CodeIgniter.php(366): CodeIgniter\CodeIgniter->handleRequest(null, Object(Config\Cache), false)
10 FCPATH\index.php(80): CodeIgniter\CodeIgniter->run()
CRITICAL - 2024-03-01 00:58:35 --> Undefined property: stdClass::$is_admin
in APPPATH\Controllers\Security_Controller.php on line 561.
 1 APPPATH\Controllers\Security_Controller.php(561): CodeIgniter\Debug\Exceptions->errorHandler(2, 'Undefined property: stdClass::$is_admin', 'D:\\projects\\visaalliance-crm\\app\\Controllers\\Security_Controller.php', 561)
 2 APPPATH\Controllers\Security_Controller.php(53): App\Controllers\Security_Controller->make_locations_dropdown()
 3 APPPATH\Helpers\activity_logs_helper.php(166): App\Controllers\Security_Controller->__construct(false)
 4 APPPATH\Helpers\activity_logs_helper.php(286): get_change_logs_of_custom_fields('status_id', true)
 5 APPPATH\Controllers\Notification_processor.php(159): get_change_logs_array([...], 'task', 'updated', true)
 6 APPPATH\Controllers\Notification_processor.php(91): App\Controllers\Notification_processor->_clasified_task_modification('project_task_updated', [...], '208')
 7 SYSTEMPATH\CodeIgniter.php(932): App\Controllers\Notification_processor->create_notification()
 8 SYSTEMPATH\CodeIgniter.php(497): CodeIgniter\CodeIgniter->runController(Object(App\Controllers\Notification_processor))
 9 SYSTEMPATH\CodeIgniter.php(366): CodeIgniter\CodeIgniter->handleRequest(null, Object(Config\Cache), false)
10 FCPATH\index.php(80): CodeIgniter\CodeIgniter->run()
CRITICAL - 2024-03-01 01:04:34 --> Undefined property: stdClass::$is_admin
in APPPATH\Controllers\Security_Controller.php on line 561.
 1 APPPATH\Controllers\Security_Controller.php(561): CodeIgniter\Debug\Exceptions->errorHandler(2, 'Undefined property: stdClass::$is_admin', 'D:\\projects\\visaalliance-crm\\app\\Controllers\\Security_Controller.php', 561)
 2 APPPATH\Controllers\Security_Controller.php(53): App\Controllers\Security_Controller->make_locations_dropdown()
 3 APPPATH\Helpers\activity_logs_helper.php(166): App\Controllers\Security_Controller->__construct(false)
 4 APPPATH\Helpers\activity_logs_helper.php(286): get_change_logs_of_custom_fields('status_id', true)
 5 APPPATH\Controllers\Notification_processor.php(159): get_change_logs_array([...], 'task', 'updated', true)
 6 APPPATH\Controllers\Notification_processor.php(91): App\Controllers\Notification_processor->_clasified_task_modification('project_task_updated', [...], '211')
 7 SYSTEMPATH\CodeIgniter.php(932): App\Controllers\Notification_processor->create_notification()
 8 SYSTEMPATH\CodeIgniter.php(497): CodeIgniter\CodeIgniter->runController(Object(App\Controllers\Notification_processor))
 9 SYSTEMPATH\CodeIgniter.php(366): CodeIgniter\CodeIgniter->handleRequest(null, Object(Config\Cache), false)
10 FCPATH\index.php(80): CodeIgniter\CodeIgniter->run()
CRITICAL - 2024-03-01 01:04:36 --> Undefined property: stdClass::$is_admin
in APPPATH\Controllers\Security_Controller.php on line 561.
 1 APPPATH\Controllers\Security_Controller.php(561): CodeIgniter\Debug\Exceptions->errorHandler(2, 'Undefined property: stdClass::$is_admin', 'D:\\projects\\visaalliance-crm\\app\\Controllers\\Security_Controller.php', 561)
 2 APPPATH\Controllers\Security_Controller.php(53): App\Controllers\Security_Controller->make_locations_dropdown()
 3 APPPATH\Helpers\activity_logs_helper.php(166): App\Controllers\Security_Controller->__construct(false)
 4 APPPATH\Helpers\activity_logs_helper.php(286): get_change_logs_of_custom_fields('status_id', true)
 5 APPPATH\Controllers\Notification_processor.php(159): get_change_logs_array([...], 'task', 'updated', true)
 6 APPPATH\Controllers\Notification_processor.php(91): App\Controllers\Notification_processor->_clasified_task_modification('project_task_updated', [...], '212')
 7 SYSTEMPATH\CodeIgniter.php(932): App\Controllers\Notification_processor->create_notification()
 8 SYSTEMPATH\CodeIgniter.php(497): CodeIgniter\CodeIgniter->runController(Object(App\Controllers\Notification_processor))
 9 SYSTEMPATH\CodeIgniter.php(366): CodeIgniter\CodeIgniter->handleRequest(null, Object(Config\Cache), false)
10 FCPATH\index.php(80): CodeIgniter\CodeIgniter->run()
CRITICAL - 2024-03-01 01:04:39 --> Undefined property: stdClass::$is_admin
in APPPATH\Controllers\Security_Controller.php on line 561.
 1 APPPATH\Controllers\Security_Controller.php(561): CodeIgniter\Debug\Exceptions->errorHandler(2, 'Undefined property: stdClass::$is_admin', 'D:\\projects\\visaalliance-crm\\app\\Controllers\\Security_Controller.php', 561)
 2 APPPATH\Controllers\Security_Controller.php(53): App\Controllers\Security_Controller->make_locations_dropdown()
 3 APPPATH\Helpers\activity_logs_helper.php(166): App\Controllers\Security_Controller->__construct(false)
 4 APPPATH\Helpers\activity_logs_helper.php(286): get_change_logs_of_custom_fields('status_id', true)
 5 APPPATH\Controllers\Notification_processor.php(159): get_change_logs_array([...], 'task', 'updated', true)
 6 APPPATH\Controllers\Notification_processor.php(91): App\Controllers\Notification_processor->_clasified_task_modification('project_task_updated', [...], '213')
 7 SYSTEMPATH\CodeIgniter.php(932): App\Controllers\Notification_processor->create_notification()
 8 SYSTEMPATH\CodeIgniter.php(497): CodeIgniter\CodeIgniter->runController(Object(App\Controllers\Notification_processor))
 9 SYSTEMPATH\CodeIgniter.php(366): CodeIgniter\CodeIgniter->handleRequest(null, Object(Config\Cache), false)
10 FCPATH\index.php(80): CodeIgniter\CodeIgniter->run()
