WARNING - 2024-05-01 02:59:54 --> [DEPRECATED] Optional parameter $parseables declared before required parameter $label_context is implicitly treated as a required parameter in APPPATH\Controllers\Import.php on line 210.
 1 SYSTEMPATH\Autoloader\Autoloader.php(312): include_once('D:\\projects\\visaalliance-crm\\system\\Debug\\Exceptions.php')
 2 SYSTEMPATH\Autoloader\Autoloader.php(289): CodeIgniter\Autoloader\Autoloader->includeFile('D:\\projects\\visaalliance-crm\\app\\Controllers\\Import.php')
 3 SYSTEMPATH\Autoloader\Autoloader.php(267): CodeIgniter\Autoloader\Autoloader->loadInNamespace('App\\Controllers\\Import')
 4 [internal function]: CodeIgniter\Autoloader\Autoloader->loadClass('App\\Controllers\\Import')
 5 SYSTEMPATH\CodeIgniter.php(890): class_exists('\\App\\Controllers\\Import', true)
 6 SYSTEMPATH\CodeIgniter.php(484): CodeIgniter\CodeIgniter->startController()
 7 SYSTEMPATH\CodeIgniter.php(366): CodeIgniter\CodeIgniter->handleRequest(null, Object(Config\Cache), false)
 8 FCPATH\index.php(80): CodeIgniter\CodeIgniter->run()
WARNING - 2024-05-01 02:59:57 --> [DEPRECATED] Optional parameter $parseables declared before required parameter $label_context is implicitly treated as a required parameter in APPPATH\Controllers\Import.php on line 210.
 1 SYSTEMPATH\Autoloader\Autoloader.php(312): include_once('D:\\projects\\visaalliance-crm\\system\\Debug\\Exceptions.php')
 2 SYSTEMPATH\Autoloader\Autoloader.php(289): CodeIgniter\Autoloader\Autoloader->includeFile('D:\\projects\\visaalliance-crm\\app\\Controllers\\Import.php')
 3 SYSTEMPATH\Autoloader\Autoloader.php(267): CodeIgniter\Autoloader\Autoloader->loadInNamespace('App\\Controllers\\Import')
 4 [internal function]: CodeIgniter\Autoloader\Autoloader->loadClass('App\\Controllers\\Import')
 5 SYSTEMPATH\CodeIgniter.php(890): class_exists('\\App\\Controllers\\Import', true)
 6 SYSTEMPATH\CodeIgniter.php(484): CodeIgniter\CodeIgniter->startController()
 7 SYSTEMPATH\CodeIgniter.php(366): CodeIgniter\CodeIgniter->handleRequest(null, Object(Config\Cache), false)
 8 FCPATH\index.php(80): CodeIgniter\CodeIgniter->run()
WARNING - 2024-05-01 03:01:21 --> [DEPRECATED] Optional parameter $parseables declared before required parameter $label_context is implicitly treated as a required parameter in APPPATH\Controllers\Import.php on line 210.
 1 SYSTEMPATH\Autoloader\Autoloader.php(312): include_once('D:\\projects\\visaalliance-crm\\system\\Debug\\Exceptions.php')
 2 SYSTEMPATH\Autoloader\Autoloader.php(289): CodeIgniter\Autoloader\Autoloader->includeFile('D:\\projects\\visaalliance-crm\\app\\Controllers\\Import.php')
 3 SYSTEMPATH\Autoloader\Autoloader.php(267): CodeIgniter\Autoloader\Autoloader->loadInNamespace('App\\Controllers\\Import')
 4 [internal function]: CodeIgniter\Autoloader\Autoloader->loadClass('App\\Controllers\\Import')
 5 SYSTEMPATH\CodeIgniter.php(890): class_exists('\\App\\Controllers\\Import', true)
 6 SYSTEMPATH\CodeIgniter.php(484): CodeIgniter\CodeIgniter->startController()
 7 SYSTEMPATH\CodeIgniter.php(366): CodeIgniter\CodeIgniter->handleRequest(null, Object(Config\Cache), false)
 8 FCPATH\index.php(80): CodeIgniter\CodeIgniter->run()
WARNING - 2024-05-01 03:01:27 --> [DEPRECATED] Optional parameter $parseables declared before required parameter $label_context is implicitly treated as a required parameter in APPPATH\Controllers\Import.php on line 210.
 1 SYSTEMPATH\Autoloader\Autoloader.php(312): include_once('D:\\projects\\visaalliance-crm\\system\\Debug\\Exceptions.php')
 2 SYSTEMPATH\Autoloader\Autoloader.php(289): CodeIgniter\Autoloader\Autoloader->includeFile('D:\\projects\\visaalliance-crm\\app\\Controllers\\Import.php')
 3 SYSTEMPATH\Autoloader\Autoloader.php(267): CodeIgniter\Autoloader\Autoloader->loadInNamespace('App\\Controllers\\Import')
 4 [internal function]: CodeIgniter\Autoloader\Autoloader->loadClass('App\\Controllers\\Import')
 5 SYSTEMPATH\CodeIgniter.php(890): class_exists('\\App\\Controllers\\Import', true)
 6 SYSTEMPATH\CodeIgniter.php(484): CodeIgniter\CodeIgniter->startController()
 7 SYSTEMPATH\CodeIgniter.php(366): CodeIgniter\CodeIgniter->handleRequest(null, Object(Config\Cache), false)
 8 FCPATH\index.php(80): CodeIgniter\CodeIgniter->run()
WARNING - 2024-05-01 03:03:08 --> [DEPRECATED] Optional parameter $parseables declared before required parameter $label_context is implicitly treated as a required parameter in APPPATH\Controllers\Import.php on line 210.
 1 SYSTEMPATH\Autoloader\Autoloader.php(312): include_once('D:\\projects\\visaalliance-crm\\system\\Debug\\Exceptions.php')
 2 SYSTEMPATH\Autoloader\Autoloader.php(289): CodeIgniter\Autoloader\Autoloader->includeFile('D:\\projects\\visaalliance-crm\\app\\Controllers\\Import.php')
 3 SYSTEMPATH\Autoloader\Autoloader.php(267): CodeIgniter\Autoloader\Autoloader->loadInNamespace('App\\Controllers\\Import')
 4 [internal function]: CodeIgniter\Autoloader\Autoloader->loadClass('App\\Controllers\\Import')
 5 SYSTEMPATH\CodeIgniter.php(890): class_exists('\\App\\Controllers\\Import', true)
 6 SYSTEMPATH\CodeIgniter.php(484): CodeIgniter\CodeIgniter->startController()
 7 SYSTEMPATH\CodeIgniter.php(366): CodeIgniter\CodeIgniter->handleRequest(null, Object(Config\Cache), false)
 8 FCPATH\index.php(80): CodeIgniter\CodeIgniter->run()
WARNING - 2024-05-01 03:03:12 --> [DEPRECATED] Optional parameter $parseables declared before required parameter $label_context is implicitly treated as a required parameter in APPPATH\Controllers\Import.php on line 210.
 1 SYSTEMPATH\Autoloader\Autoloader.php(312): include_once('D:\\projects\\visaalliance-crm\\system\\Debug\\Exceptions.php')
 2 SYSTEMPATH\Autoloader\Autoloader.php(289): CodeIgniter\Autoloader\Autoloader->includeFile('D:\\projects\\visaalliance-crm\\app\\Controllers\\Import.php')
 3 SYSTEMPATH\Autoloader\Autoloader.php(267): CodeIgniter\Autoloader\Autoloader->loadInNamespace('App\\Controllers\\Import')
 4 [internal function]: CodeIgniter\Autoloader\Autoloader->loadClass('App\\Controllers\\Import')
 5 SYSTEMPATH\CodeIgniter.php(890): class_exists('\\App\\Controllers\\Import', true)
 6 SYSTEMPATH\CodeIgniter.php(484): CodeIgniter\CodeIgniter->startController()
 7 SYSTEMPATH\CodeIgniter.php(366): CodeIgniter\CodeIgniter->handleRequest(null, Object(Config\Cache), false)
 8 FCPATH\index.php(80): CodeIgniter\CodeIgniter->run()
ERROR - 2024-05-01 03:03:19 --> mysqli_sql_exception: Column 'first_name' cannot be null in D:\projects\visaalliance-crm\system\Database\MySQLi\Connection.php:295
Stack trace:
#0 D:\projects\visaalliance-crm\system\Database\MySQLi\Connection.php(295): mysqli->query('INSERT INTO `ri...', 0)
#1 D:\projects\visaalliance-crm\system\Database\BaseConnection.php(692): CodeIgniter\Database\MySQLi\Connection->execute('INSERT INTO `ri...')
#2 D:\projects\visaalliance-crm\system\Database\BaseConnection.php(606): CodeIgniter\Database\BaseConnection->simpleQuery('INSERT INTO `ri...')
#3 D:\projects\visaalliance-crm\system\Database\BaseBuilder.php(2309): CodeIgniter\Database\BaseConnection->query('INSERT INTO `ri...', Array, false)
#4 D:\projects\visaalliance-crm\app\Models\Crud_model.php(261): CodeIgniter\Database\BaseBuilder->insert(Array)
#5 D:\projects\visaalliance-crm\app\Controllers\Import.php(195): App\Models\Crud_model->ci_save(Array)
#6 D:\projects\visaalliance-crm\app\Controllers\Import.php(121): App\Controllers\Import->_extend(1, Array, Array)
#7 D:\projects\visaalliance-crm\system\CodeIgniter.php(932): App\Controllers\Import->run()
#8 D:\projects\visaalliance-crm\system\CodeIgniter.php(497): CodeIgniter\CodeIgniter->runController(Object(App\Controllers\Import))
#9 D:\projects\visaalliance-crm\system\CodeIgniter.php(366): CodeIgniter\CodeIgniter->handleRequest(NULL, Object(Config\Cache), false)
#10 D:\projects\visaalliance-crm\index.php(80): CodeIgniter\CodeIgniter->run()
#11 {main}
CRITICAL - 2024-05-01 03:03:19 --> Column 'first_name' cannot be null
in SYSTEMPATH\Database\MySQLi\Connection.php on line 295.
 1 SYSTEMPATH\Database\MySQLi\Connection.php(295): mysqli->query('INSERT INTO `rise_users` (`client_id`, `first_name`, `last_name`, `email`, `phone`, `job_title`, `location_id`, `note`, `is_primary_contact`, `password`, `created_at`) VALUES (1, NULL, NULL, NULL, NULL, NULL, NULL, \'Primary Contact (Auto Created)\', 1, \'$2y$10$SCuKoHu3ipA.1XT8JzBOeeEiJEk.xqzsDrx57onSBBLZgHnqTXHvG\', \'2024-05-01 08:03:19\')', 0)
 2 SYSTEMPATH\Database\BaseConnection.php(692): CodeIgniter\Database\MySQLi\Connection->execute('INSERT INTO `rise_users` (`client_id`, `first_name`, `last_name`, `email`, `phone`, `job_title`, `location_id`, `note`, `is_primary_contact`, `password`, `created_at`) VALUES (1, NULL, NULL, NULL, NULL, NULL, NULL, \'Primary Contact (Auto Created)\', 1, \'$2y$10$SCuKoHu3ipA.1XT8JzBOeeEiJEk.xqzsDrx57onSBBLZgHnqTXHvG\', \'2024-05-01 08:03:19\')')
 3 SYSTEMPATH\Database\BaseConnection.php(606): CodeIgniter\Database\BaseConnection->simpleQuery('INSERT INTO `rise_users` (`client_id`, `first_name`, `last_name`, `email`, `phone`, `job_title`, `location_id`, `note`, `is_primary_contact`, `password`, `created_at`) VALUES (1, NULL, NULL, NULL, NULL, NULL, NULL, \'Primary Contact (Auto Created)\', 1, \'$2y$10$SCuKoHu3ipA.1XT8JzBOeeEiJEk.xqzsDrx57onSBBLZgHnqTXHvG\', \'2024-05-01 08:03:19\')')
 4 SYSTEMPATH\Database\BaseBuilder.php(2309): CodeIgniter\Database\BaseConnection->query('INSERT INTO `rise_users` (`client_id`, `first_name`, `last_name`, `email`, `phone`, `job_title`, `location_id`, `note`, `is_primary_contact`, `password`, `created_at`) VALUES (:client_id:, :first_name:, :last_name:, :email:, :phone:, :job_title:, :location_id:, :note:, :is_primary_contact:, :password:, :created_at:)', [...], false)
 5 APPPATH\Models\Crud_model.php(261): CodeIgniter\Database\BaseBuilder->insert([...])
 6 APPPATH\Controllers\Import.php(195): App\Models\Crud_model->ci_save([...])
 7 APPPATH\Controllers\Import.php(121): App\Controllers\Import->_extend(1, [...], [...])
 8 SYSTEMPATH\CodeIgniter.php(932): App\Controllers\Import->run()
 9 SYSTEMPATH\CodeIgniter.php(497): CodeIgniter\CodeIgniter->runController(Object(App\Controllers\Import))
10 SYSTEMPATH\CodeIgniter.php(366): CodeIgniter\CodeIgniter->handleRequest(null, Object(Config\Cache), false)
11 FCPATH\index.php(80): CodeIgniter\CodeIgniter->run()
WARNING - 2024-05-01 03:13:11 --> [DEPRECATED] Optional parameter $parseables declared before required parameter $label_context is implicitly treated as a required parameter in APPPATH\Controllers\Import.php on line 217.
 1 SYSTEMPATH\Autoloader\Autoloader.php(312): include_once('D:\\projects\\visaalliance-crm\\system\\Debug\\Exceptions.php')
 2 SYSTEMPATH\Autoloader\Autoloader.php(289): CodeIgniter\Autoloader\Autoloader->includeFile('D:\\projects\\visaalliance-crm\\app\\Controllers\\Import.php')
 3 SYSTEMPATH\Autoloader\Autoloader.php(267): CodeIgniter\Autoloader\Autoloader->loadInNamespace('App\\Controllers\\Import')
 4 [internal function]: CodeIgniter\Autoloader\Autoloader->loadClass('App\\Controllers\\Import')
 5 SYSTEMPATH\CodeIgniter.php(890): class_exists('\\App\\Controllers\\Import', true)
 6 SYSTEMPATH\CodeIgniter.php(484): CodeIgniter\CodeIgniter->startController()
 7 SYSTEMPATH\CodeIgniter.php(366): CodeIgniter\CodeIgniter->handleRequest(null, Object(Config\Cache), false)
 8 FCPATH\index.php(80): CodeIgniter\CodeIgniter->run()
WARNING - 2024-05-01 03:13:14 --> [DEPRECATED] Optional parameter $parseables declared before required parameter $label_context is implicitly treated as a required parameter in APPPATH\Controllers\Import.php on line 217.
 1 SYSTEMPATH\Autoloader\Autoloader.php(312): include_once('D:\\projects\\visaalliance-crm\\system\\Debug\\Exceptions.php')
 2 SYSTEMPATH\Autoloader\Autoloader.php(289): CodeIgniter\Autoloader\Autoloader->includeFile('D:\\projects\\visaalliance-crm\\app\\Controllers\\Import.php')
 3 SYSTEMPATH\Autoloader\Autoloader.php(267): CodeIgniter\Autoloader\Autoloader->loadInNamespace('App\\Controllers\\Import')
 4 [internal function]: CodeIgniter\Autoloader\Autoloader->loadClass('App\\Controllers\\Import')
 5 SYSTEMPATH\CodeIgniter.php(890): class_exists('\\App\\Controllers\\Import', true)
 6 SYSTEMPATH\CodeIgniter.php(484): CodeIgniter\CodeIgniter->startController()
 7 SYSTEMPATH\CodeIgniter.php(366): CodeIgniter\CodeIgniter->handleRequest(null, Object(Config\Cache), false)
 8 FCPATH\index.php(80): CodeIgniter\CodeIgniter->run()
ERROR - 2024-05-01 03:13:22 --> mysqli_sql_exception: Column 'first_name' cannot be null in D:\projects\visaalliance-crm\system\Database\MySQLi\Connection.php:295
Stack trace:
#0 D:\projects\visaalliance-crm\system\Database\MySQLi\Connection.php(295): mysqli->query('INSERT INTO `ri...', 0)
#1 D:\projects\visaalliance-crm\system\Database\BaseConnection.php(692): CodeIgniter\Database\MySQLi\Connection->execute('INSERT INTO `ri...')
#2 D:\projects\visaalliance-crm\system\Database\BaseConnection.php(606): CodeIgniter\Database\BaseConnection->simpleQuery('INSERT INTO `ri...')
#3 D:\projects\visaalliance-crm\system\Database\BaseBuilder.php(2309): CodeIgniter\Database\BaseConnection->query('INSERT INTO `ri...', Array, false)
#4 D:\projects\visaalliance-crm\app\Models\Crud_model.php(261): CodeIgniter\Database\BaseBuilder->insert(Array)
#5 D:\projects\visaalliance-crm\app\Controllers\Import.php(200): App\Models\Crud_model->ci_save(Array)
#6 D:\projects\visaalliance-crm\app\Controllers\Import.php(121): App\Controllers\Import->_extend(1, Array, Array)
#7 D:\projects\visaalliance-crm\system\CodeIgniter.php(932): App\Controllers\Import->run()
#8 D:\projects\visaalliance-crm\system\CodeIgniter.php(497): CodeIgniter\CodeIgniter->runController(Object(App\Controllers\Import))
#9 D:\projects\visaalliance-crm\system\CodeIgniter.php(366): CodeIgniter\CodeIgniter->handleRequest(NULL, Object(Config\Cache), false)
#10 D:\projects\visaalliance-crm\index.php(80): CodeIgniter\CodeIgniter->run()
#11 {main}
CRITICAL - 2024-05-01 03:13:22 --> Column 'first_name' cannot be null
in SYSTEMPATH\Database\MySQLi\Connection.php on line 295.
 1 SYSTEMPATH\Database\MySQLi\Connection.php(295): mysqli->query('INSERT INTO `rise_users` (`client_id`, `first_name`, `last_name`, `email`, `phone`, `job_title`, `location_id`, `note`, `is_primary_contact`, `password`, `created_at`) VALUES (1, NULL, NULL, NULL, NULL, NULL, NULL, \'Primary Contact (Auto Created)\', 1, \'$2y$10$B1y8U9w23bvucOGcC39mb.dDDf9z7NhIv1QcvzIR3gldTWRB2FthS\', \'2024-05-01 08:13:22\')', 0)
 2 SYSTEMPATH\Database\BaseConnection.php(692): CodeIgniter\Database\MySQLi\Connection->execute('INSERT INTO `rise_users` (`client_id`, `first_name`, `last_name`, `email`, `phone`, `job_title`, `location_id`, `note`, `is_primary_contact`, `password`, `created_at`) VALUES (1, NULL, NULL, NULL, NULL, NULL, NULL, \'Primary Contact (Auto Created)\', 1, \'$2y$10$B1y8U9w23bvucOGcC39mb.dDDf9z7NhIv1QcvzIR3gldTWRB2FthS\', \'2024-05-01 08:13:22\')')
 3 SYSTEMPATH\Database\BaseConnection.php(606): CodeIgniter\Database\BaseConnection->simpleQuery('INSERT INTO `rise_users` (`client_id`, `first_name`, `last_name`, `email`, `phone`, `job_title`, `location_id`, `note`, `is_primary_contact`, `password`, `created_at`) VALUES (1, NULL, NULL, NULL, NULL, NULL, NULL, \'Primary Contact (Auto Created)\', 1, \'$2y$10$B1y8U9w23bvucOGcC39mb.dDDf9z7NhIv1QcvzIR3gldTWRB2FthS\', \'2024-05-01 08:13:22\')')
 4 SYSTEMPATH\Database\BaseBuilder.php(2309): CodeIgniter\Database\BaseConnection->query('INSERT INTO `rise_users` (`client_id`, `first_name`, `last_name`, `email`, `phone`, `job_title`, `location_id`, `note`, `is_primary_contact`, `password`, `created_at`) VALUES (:client_id:, :first_name:, :last_name:, :email:, :phone:, :job_title:, :location_id:, :note:, :is_primary_contact:, :password:, :created_at:)', [...], false)
 5 APPPATH\Models\Crud_model.php(261): CodeIgniter\Database\BaseBuilder->insert([...])
 6 APPPATH\Controllers\Import.php(200): App\Models\Crud_model->ci_save([...])
 7 APPPATH\Controllers\Import.php(121): App\Controllers\Import->_extend(1, [...], [...])
 8 SYSTEMPATH\CodeIgniter.php(932): App\Controllers\Import->run()
 9 SYSTEMPATH\CodeIgniter.php(497): CodeIgniter\CodeIgniter->runController(Object(App\Controllers\Import))
10 SYSTEMPATH\CodeIgniter.php(366): CodeIgniter\CodeIgniter->handleRequest(null, Object(Config\Cache), false)
11 FCPATH\index.php(80): CodeIgniter\CodeIgniter->run()
WARNING - 2024-05-01 03:15:28 --> [DEPRECATED] Optional parameter $parseables declared before required parameter $label_context is implicitly treated as a required parameter in APPPATH\Controllers\Import.php on line 214.
 1 SYSTEMPATH\Autoloader\Autoloader.php(312): include_once('D:\\projects\\visaalliance-crm\\system\\Debug\\Exceptions.php')
 2 SYSTEMPATH\Autoloader\Autoloader.php(289): CodeIgniter\Autoloader\Autoloader->includeFile('D:\\projects\\visaalliance-crm\\app\\Controllers\\Import.php')
 3 SYSTEMPATH\Autoloader\Autoloader.php(267): CodeIgniter\Autoloader\Autoloader->loadInNamespace('App\\Controllers\\Import')
 4 [internal function]: CodeIgniter\Autoloader\Autoloader->loadClass('App\\Controllers\\Import')
 5 SYSTEMPATH\CodeIgniter.php(890): class_exists('\\App\\Controllers\\Import', true)
 6 SYSTEMPATH\CodeIgniter.php(484): CodeIgniter\CodeIgniter->startController()
 7 SYSTEMPATH\CodeIgniter.php(366): CodeIgniter\CodeIgniter->handleRequest(null, Object(Config\Cache), false)
 8 FCPATH\index.php(80): CodeIgniter\CodeIgniter->run()
WARNING - 2024-05-01 03:15:30 --> [DEPRECATED] Optional parameter $parseables declared before required parameter $label_context is implicitly treated as a required parameter in APPPATH\Controllers\Import.php on line 214.
 1 SYSTEMPATH\Autoloader\Autoloader.php(312): include_once('D:\\projects\\visaalliance-crm\\system\\Debug\\Exceptions.php')
 2 SYSTEMPATH\Autoloader\Autoloader.php(289): CodeIgniter\Autoloader\Autoloader->includeFile('D:\\projects\\visaalliance-crm\\app\\Controllers\\Import.php')
 3 SYSTEMPATH\Autoloader\Autoloader.php(267): CodeIgniter\Autoloader\Autoloader->loadInNamespace('App\\Controllers\\Import')
 4 [internal function]: CodeIgniter\Autoloader\Autoloader->loadClass('App\\Controllers\\Import')
 5 SYSTEMPATH\CodeIgniter.php(890): class_exists('\\App\\Controllers\\Import', true)
 6 SYSTEMPATH\CodeIgniter.php(484): CodeIgniter\CodeIgniter->startController()
 7 SYSTEMPATH\CodeIgniter.php(366): CodeIgniter\CodeIgniter->handleRequest(null, Object(Config\Cache), false)
 8 FCPATH\index.php(80): CodeIgniter\CodeIgniter->run()
ERROR - 2024-05-01 03:15:37 --> mysqli_sql_exception: Column 'first_name' cannot be null in D:\projects\visaalliance-crm\system\Database\MySQLi\Connection.php:295
Stack trace:
#0 D:\projects\visaalliance-crm\system\Database\MySQLi\Connection.php(295): mysqli->query('INSERT INTO `ri...', 0)
#1 D:\projects\visaalliance-crm\system\Database\BaseConnection.php(692): CodeIgniter\Database\MySQLi\Connection->execute('INSERT INTO `ri...')
#2 D:\projects\visaalliance-crm\system\Database\BaseConnection.php(606): CodeIgniter\Database\BaseConnection->simpleQuery('INSERT INTO `ri...')
#3 D:\projects\visaalliance-crm\system\Database\BaseBuilder.php(2309): CodeIgniter\Database\BaseConnection->query('INSERT INTO `ri...', Array, false)
#4 D:\projects\visaalliance-crm\app\Models\Crud_model.php(261): CodeIgniter\Database\BaseBuilder->insert(Array)
#5 D:\projects\visaalliance-crm\app\Controllers\Import.php(200): App\Models\Crud_model->ci_save(Array)
#6 D:\projects\visaalliance-crm\app\Controllers\Import.php(121): App\Controllers\Import->_extend(1, Array, Array)
#7 D:\projects\visaalliance-crm\system\CodeIgniter.php(932): App\Controllers\Import->run()
#8 D:\projects\visaalliance-crm\system\CodeIgniter.php(497): CodeIgniter\CodeIgniter->runController(Object(App\Controllers\Import))
#9 D:\projects\visaalliance-crm\system\CodeIgniter.php(366): CodeIgniter\CodeIgniter->handleRequest(NULL, Object(Config\Cache), false)
#10 D:\projects\visaalliance-crm\index.php(80): CodeIgniter\CodeIgniter->run()
#11 {main}
CRITICAL - 2024-05-01 03:15:37 --> Column 'first_name' cannot be null
in SYSTEMPATH\Database\MySQLi\Connection.php on line 295.
 1 SYSTEMPATH\Database\MySQLi\Connection.php(295): mysqli->query('INSERT INTO `rise_users` (`client_id`, `first_name`, `last_name`, `email`, `phone`, `job_title`, `location_id`, `note`, `is_primary_contact`, `password`, `created_at`) VALUES (1, NULL, NULL, NULL, NULL, NULL, NULL, \'Primary Contact (Auto Created)\', 1, \'$2y$10$L635A0HcvutOPG3YgC3Q5ux4Atd7oXCye6KAkPmonjdZ73.ES9OeK\', \'2024-05-01 08:15:37\')', 0)
 2 SYSTEMPATH\Database\BaseConnection.php(692): CodeIgniter\Database\MySQLi\Connection->execute('INSERT INTO `rise_users` (`client_id`, `first_name`, `last_name`, `email`, `phone`, `job_title`, `location_id`, `note`, `is_primary_contact`, `password`, `created_at`) VALUES (1, NULL, NULL, NULL, NULL, NULL, NULL, \'Primary Contact (Auto Created)\', 1, \'$2y$10$L635A0HcvutOPG3YgC3Q5ux4Atd7oXCye6KAkPmonjdZ73.ES9OeK\', \'2024-05-01 08:15:37\')')
 3 SYSTEMPATH\Database\BaseConnection.php(606): CodeIgniter\Database\BaseConnection->simpleQuery('INSERT INTO `rise_users` (`client_id`, `first_name`, `last_name`, `email`, `phone`, `job_title`, `location_id`, `note`, `is_primary_contact`, `password`, `created_at`) VALUES (1, NULL, NULL, NULL, NULL, NULL, NULL, \'Primary Contact (Auto Created)\', 1, \'$2y$10$L635A0HcvutOPG3YgC3Q5ux4Atd7oXCye6KAkPmonjdZ73.ES9OeK\', \'2024-05-01 08:15:37\')')
 4 SYSTEMPATH\Database\BaseBuilder.php(2309): CodeIgniter\Database\BaseConnection->query('INSERT INTO `rise_users` (`client_id`, `first_name`, `last_name`, `email`, `phone`, `job_title`, `location_id`, `note`, `is_primary_contact`, `password`, `created_at`) VALUES (:client_id:, :first_name:, :last_name:, :email:, :phone:, :job_title:, :location_id:, :note:, :is_primary_contact:, :password:, :created_at:)', [...], false)
 5 APPPATH\Models\Crud_model.php(261): CodeIgniter\Database\BaseBuilder->insert([...])
 6 APPPATH\Controllers\Import.php(200): App\Models\Crud_model->ci_save([...])
 7 APPPATH\Controllers\Import.php(121): App\Controllers\Import->_extend(1, [...], [...])
 8 SYSTEMPATH\CodeIgniter.php(932): App\Controllers\Import->run()
 9 SYSTEMPATH\CodeIgniter.php(497): CodeIgniter\CodeIgniter->runController(Object(App\Controllers\Import))
10 SYSTEMPATH\CodeIgniter.php(366): CodeIgniter\CodeIgniter->handleRequest(null, Object(Config\Cache), false)
11 FCPATH\index.php(80): CodeIgniter\CodeIgniter->run()
WARNING - 2024-05-01 03:22:53 --> [DEPRECATED] Optional parameter $parseables declared before required parameter $label_context is implicitly treated as a required parameter in APPPATH\Controllers\Import.php on line 218.
 1 SYSTEMPATH\Autoloader\Autoloader.php(312): include_once('D:\\projects\\visaalliance-crm\\system\\Debug\\Exceptions.php')
 2 SYSTEMPATH\Autoloader\Autoloader.php(289): CodeIgniter\Autoloader\Autoloader->includeFile('D:\\projects\\visaalliance-crm\\app\\Controllers\\Import.php')
 3 SYSTEMPATH\Autoloader\Autoloader.php(267): CodeIgniter\Autoloader\Autoloader->loadInNamespace('App\\Controllers\\Import')
 4 [internal function]: CodeIgniter\Autoloader\Autoloader->loadClass('App\\Controllers\\Import')
 5 SYSTEMPATH\CodeIgniter.php(890): class_exists('\\App\\Controllers\\Import', true)
 6 SYSTEMPATH\CodeIgniter.php(484): CodeIgniter\CodeIgniter->startController()
 7 SYSTEMPATH\CodeIgniter.php(366): CodeIgniter\CodeIgniter->handleRequest(null, Object(Config\Cache), false)
 8 FCPATH\index.php(80): CodeIgniter\CodeIgniter->run()
WARNING - 2024-05-01 03:23:23 --> [DEPRECATED] Optional parameter $parseables declared before required parameter $label_context is implicitly treated as a required parameter in APPPATH\Controllers\Import.php on line 218.
 1 SYSTEMPATH\Autoloader\Autoloader.php(312): include_once('D:\\projects\\visaalliance-crm\\system\\Debug\\Exceptions.php')
 2 SYSTEMPATH\Autoloader\Autoloader.php(289): CodeIgniter\Autoloader\Autoloader->includeFile('D:\\projects\\visaalliance-crm\\app\\Controllers\\Import.php')
 3 SYSTEMPATH\Autoloader\Autoloader.php(267): CodeIgniter\Autoloader\Autoloader->loadInNamespace('App\\Controllers\\Import')
 4 [internal function]: CodeIgniter\Autoloader\Autoloader->loadClass('App\\Controllers\\Import')
 5 SYSTEMPATH\CodeIgniter.php(890): class_exists('\\App\\Controllers\\Import', true)
 6 SYSTEMPATH\CodeIgniter.php(484): CodeIgniter\CodeIgniter->startController()
 7 SYSTEMPATH\CodeIgniter.php(366): CodeIgniter\CodeIgniter->handleRequest(null, Object(Config\Cache), false)
 8 FCPATH\index.php(80): CodeIgniter\CodeIgniter->run()
WARNING - 2024-05-01 03:23:26 --> [DEPRECATED] Optional parameter $parseables declared before required parameter $label_context is implicitly treated as a required parameter in APPPATH\Controllers\Import.php on line 218.
 1 SYSTEMPATH\Autoloader\Autoloader.php(312): include_once('D:\\projects\\visaalliance-crm\\system\\Debug\\Exceptions.php')
 2 SYSTEMPATH\Autoloader\Autoloader.php(289): CodeIgniter\Autoloader\Autoloader->includeFile('D:\\projects\\visaalliance-crm\\app\\Controllers\\Import.php')
 3 SYSTEMPATH\Autoloader\Autoloader.php(267): CodeIgniter\Autoloader\Autoloader->loadInNamespace('App\\Controllers\\Import')
 4 [internal function]: CodeIgniter\Autoloader\Autoloader->loadClass('App\\Controllers\\Import')
 5 SYSTEMPATH\CodeIgniter.php(890): class_exists('\\App\\Controllers\\Import', true)
 6 SYSTEMPATH\CodeIgniter.php(484): CodeIgniter\CodeIgniter->startController()
 7 SYSTEMPATH\CodeIgniter.php(366): CodeIgniter\CodeIgniter->handleRequest(null, Object(Config\Cache), false)
 8 FCPATH\index.php(80): CodeIgniter\CodeIgniter->run()
ERROR - 2024-05-01 03:23:34 --> mysqli_sql_exception: Column 'first_name' cannot be null in D:\projects\visaalliance-crm\system\Database\MySQLi\Connection.php:295
Stack trace:
#0 D:\projects\visaalliance-crm\system\Database\MySQLi\Connection.php(295): mysqli->query('INSERT INTO `ri...', 0)
#1 D:\projects\visaalliance-crm\system\Database\BaseConnection.php(692): CodeIgniter\Database\MySQLi\Connection->execute('INSERT INTO `ri...')
#2 D:\projects\visaalliance-crm\system\Database\BaseConnection.php(606): CodeIgniter\Database\BaseConnection->simpleQuery('INSERT INTO `ri...')
#3 D:\projects\visaalliance-crm\system\Database\BaseBuilder.php(2309): CodeIgniter\Database\BaseConnection->query('INSERT INTO `ri...', Array, false)
#4 D:\projects\visaalliance-crm\app\Models\Crud_model.php(261): CodeIgniter\Database\BaseBuilder->insert(Array)
#5 D:\projects\visaalliance-crm\app\Controllers\Import.php(204): App\Models\Crud_model->ci_save(Array)
#6 D:\projects\visaalliance-crm\app\Controllers\Import.php(121): App\Controllers\Import->_extend(1, Array, Array)
#7 D:\projects\visaalliance-crm\system\CodeIgniter.php(932): App\Controllers\Import->run()
#8 D:\projects\visaalliance-crm\system\CodeIgniter.php(497): CodeIgniter\CodeIgniter->runController(Object(App\Controllers\Import))
#9 D:\projects\visaalliance-crm\system\CodeIgniter.php(366): CodeIgniter\CodeIgniter->handleRequest(NULL, Object(Config\Cache), false)
#10 D:\projects\visaalliance-crm\index.php(80): CodeIgniter\CodeIgniter->run()
#11 {main}
CRITICAL - 2024-05-01 03:23:34 --> Column 'first_name' cannot be null
in SYSTEMPATH\Database\MySQLi\Connection.php on line 295.
 1 SYSTEMPATH\Database\MySQLi\Connection.php(295): mysqli->query('INSERT INTO `rise_users` (`client_id`, `first_name`, `last_name`, `email`, `phone`, `job_title`, `location_id`, `note`, `is_primary_contact`, `password`, `created_at`) VALUES (1, NULL, NULL, NULL, NULL, NULL, NULL, \'Primary Contact (Auto Created)\', 1, \'$2y$10$ds2SXNs1lgtHeljITeqX5O7blKtJj/7wT9UuPxnE0vrOH2kO0Lrk2\', \'2024-05-01 08:23:34\')', 0)
 2 SYSTEMPATH\Database\BaseConnection.php(692): CodeIgniter\Database\MySQLi\Connection->execute('INSERT INTO `rise_users` (`client_id`, `first_name`, `last_name`, `email`, `phone`, `job_title`, `location_id`, `note`, `is_primary_contact`, `password`, `created_at`) VALUES (1, NULL, NULL, NULL, NULL, NULL, NULL, \'Primary Contact (Auto Created)\', 1, \'$2y$10$ds2SXNs1lgtHeljITeqX5O7blKtJj/7wT9UuPxnE0vrOH2kO0Lrk2\', \'2024-05-01 08:23:34\')')
 3 SYSTEMPATH\Database\BaseConnection.php(606): CodeIgniter\Database\BaseConnection->simpleQuery('INSERT INTO `rise_users` (`client_id`, `first_name`, `last_name`, `email`, `phone`, `job_title`, `location_id`, `note`, `is_primary_contact`, `password`, `created_at`) VALUES (1, NULL, NULL, NULL, NULL, NULL, NULL, \'Primary Contact (Auto Created)\', 1, \'$2y$10$ds2SXNs1lgtHeljITeqX5O7blKtJj/7wT9UuPxnE0vrOH2kO0Lrk2\', \'2024-05-01 08:23:34\')')
 4 SYSTEMPATH\Database\BaseBuilder.php(2309): CodeIgniter\Database\BaseConnection->query('INSERT INTO `rise_users` (`client_id`, `first_name`, `last_name`, `email`, `phone`, `job_title`, `location_id`, `note`, `is_primary_contact`, `password`, `created_at`) VALUES (:client_id:, :first_name:, :last_name:, :email:, :phone:, :job_title:, :location_id:, :note:, :is_primary_contact:, :password:, :created_at:)', [...], false)
 5 APPPATH\Models\Crud_model.php(261): CodeIgniter\Database\BaseBuilder->insert([...])
 6 APPPATH\Controllers\Import.php(204): App\Models\Crud_model->ci_save([...])
 7 APPPATH\Controllers\Import.php(121): App\Controllers\Import->_extend(1, [...], [...])
 8 SYSTEMPATH\CodeIgniter.php(932): App\Controllers\Import->run()
 9 SYSTEMPATH\CodeIgniter.php(497): CodeIgniter\CodeIgniter->runController(Object(App\Controllers\Import))
10 SYSTEMPATH\CodeIgniter.php(366): CodeIgniter\CodeIgniter->handleRequest(null, Object(Config\Cache), false)
11 FCPATH\index.php(80): CodeIgniter\CodeIgniter->run()
WARNING - 2024-05-01 03:24:56 --> [DEPRECATED] Optional parameter $parseables declared before required parameter $label_context is implicitly treated as a required parameter in APPPATH\Controllers\Import.php on line 219.
 1 SYSTEMPATH\Autoloader\Autoloader.php(312): include_once('D:\\projects\\visaalliance-crm\\system\\Debug\\Exceptions.php')
 2 SYSTEMPATH\Autoloader\Autoloader.php(289): CodeIgniter\Autoloader\Autoloader->includeFile('D:\\projects\\visaalliance-crm\\app\\Controllers\\Import.php')
 3 SYSTEMPATH\Autoloader\Autoloader.php(267): CodeIgniter\Autoloader\Autoloader->loadInNamespace('App\\Controllers\\Import')
 4 [internal function]: CodeIgniter\Autoloader\Autoloader->loadClass('App\\Controllers\\Import')
 5 SYSTEMPATH\CodeIgniter.php(890): class_exists('\\App\\Controllers\\Import', true)
 6 SYSTEMPATH\CodeIgniter.php(484): CodeIgniter\CodeIgniter->startController()
 7 SYSTEMPATH\CodeIgniter.php(366): CodeIgniter\CodeIgniter->handleRequest(null, Object(Config\Cache), false)
 8 FCPATH\index.php(80): CodeIgniter\CodeIgniter->run()
WARNING - 2024-05-01 03:24:59 --> [DEPRECATED] Optional parameter $parseables declared before required parameter $label_context is implicitly treated as a required parameter in APPPATH\Controllers\Import.php on line 219.
 1 SYSTEMPATH\Autoloader\Autoloader.php(312): include_once('D:\\projects\\visaalliance-crm\\system\\Debug\\Exceptions.php')
 2 SYSTEMPATH\Autoloader\Autoloader.php(289): CodeIgniter\Autoloader\Autoloader->includeFile('D:\\projects\\visaalliance-crm\\app\\Controllers\\Import.php')
 3 SYSTEMPATH\Autoloader\Autoloader.php(267): CodeIgniter\Autoloader\Autoloader->loadInNamespace('App\\Controllers\\Import')
 4 [internal function]: CodeIgniter\Autoloader\Autoloader->loadClass('App\\Controllers\\Import')
 5 SYSTEMPATH\CodeIgniter.php(890): class_exists('\\App\\Controllers\\Import', true)
 6 SYSTEMPATH\CodeIgniter.php(484): CodeIgniter\CodeIgniter->startController()
 7 SYSTEMPATH\CodeIgniter.php(366): CodeIgniter\CodeIgniter->handleRequest(null, Object(Config\Cache), false)
 8 FCPATH\index.php(80): CodeIgniter\CodeIgniter->run()
ERROR - 2024-05-01 03:25:06 --> mysqli_sql_exception: Column 'first_name' cannot be null in D:\projects\visaalliance-crm\system\Database\MySQLi\Connection.php:295
Stack trace:
#0 D:\projects\visaalliance-crm\system\Database\MySQLi\Connection.php(295): mysqli->query('INSERT INTO `ri...', 0)
#1 D:\projects\visaalliance-crm\system\Database\BaseConnection.php(692): CodeIgniter\Database\MySQLi\Connection->execute('INSERT INTO `ri...')
#2 D:\projects\visaalliance-crm\system\Database\BaseConnection.php(606): CodeIgniter\Database\BaseConnection->simpleQuery('INSERT INTO `ri...')
#3 D:\projects\visaalliance-crm\system\Database\BaseBuilder.php(2309): CodeIgniter\Database\BaseConnection->query('INSERT INTO `ri...', Array, false)
#4 D:\projects\visaalliance-crm\app\Models\Crud_model.php(261): CodeIgniter\Database\BaseBuilder->insert(Array)
#5 D:\projects\visaalliance-crm\app\Controllers\Import.php(205): App\Models\Crud_model->ci_save(Array)
#6 D:\projects\visaalliance-crm\app\Controllers\Import.php(121): App\Controllers\Import->_extend(2, Array, Array)
#7 D:\projects\visaalliance-crm\system\CodeIgniter.php(932): App\Controllers\Import->run()
#8 D:\projects\visaalliance-crm\system\CodeIgniter.php(497): CodeIgniter\CodeIgniter->runController(Object(App\Controllers\Import))
#9 D:\projects\visaalliance-crm\system\CodeIgniter.php(366): CodeIgniter\CodeIgniter->handleRequest(NULL, Object(Config\Cache), false)
#10 D:\projects\visaalliance-crm\index.php(80): CodeIgniter\CodeIgniter->run()
#11 {main}
CRITICAL - 2024-05-01 03:25:06 --> Column 'first_name' cannot be null
in SYSTEMPATH\Database\MySQLi\Connection.php on line 295.
 1 SYSTEMPATH\Database\MySQLi\Connection.php(295): mysqli->query('INSERT INTO `rise_users` (`client_id`, `first_name`, `last_name`, `email`, `phone`, `job_title`, `location_id`, `note`, `is_primary_contact`, `password`, `created_at`) VALUES (2, NULL, NULL, NULL, NULL, NULL, NULL, \'Primary Contact (Auto Created)\', 1, \'$2y$10$ml9PH88dKeKTKW5fw1wi9OZpeQOBms/wAuXDSJWoivDXxUzp39CVW\', \'2024-05-01 08:25:06\')', 0)
 2 SYSTEMPATH\Database\BaseConnection.php(692): CodeIgniter\Database\MySQLi\Connection->execute('INSERT INTO `rise_users` (`client_id`, `first_name`, `last_name`, `email`, `phone`, `job_title`, `location_id`, `note`, `is_primary_contact`, `password`, `created_at`) VALUES (2, NULL, NULL, NULL, NULL, NULL, NULL, \'Primary Contact (Auto Created)\', 1, \'$2y$10$ml9PH88dKeKTKW5fw1wi9OZpeQOBms/wAuXDSJWoivDXxUzp39CVW\', \'2024-05-01 08:25:06\')')
 3 SYSTEMPATH\Database\BaseConnection.php(606): CodeIgniter\Database\BaseConnection->simpleQuery('INSERT INTO `rise_users` (`client_id`, `first_name`, `last_name`, `email`, `phone`, `job_title`, `location_id`, `note`, `is_primary_contact`, `password`, `created_at`) VALUES (2, NULL, NULL, NULL, NULL, NULL, NULL, \'Primary Contact (Auto Created)\', 1, \'$2y$10$ml9PH88dKeKTKW5fw1wi9OZpeQOBms/wAuXDSJWoivDXxUzp39CVW\', \'2024-05-01 08:25:06\')')
 4 SYSTEMPATH\Database\BaseBuilder.php(2309): CodeIgniter\Database\BaseConnection->query('INSERT INTO `rise_users` (`client_id`, `first_name`, `last_name`, `email`, `phone`, `job_title`, `location_id`, `note`, `is_primary_contact`, `password`, `created_at`) VALUES (:client_id:, :first_name:, :last_name:, :email:, :phone:, :job_title:, :location_id:, :note:, :is_primary_contact:, :password:, :created_at:)', [...], false)
 5 APPPATH\Models\Crud_model.php(261): CodeIgniter\Database\BaseBuilder->insert([...])
 6 APPPATH\Controllers\Import.php(205): App\Models\Crud_model->ci_save([...])
 7 APPPATH\Controllers\Import.php(121): App\Controllers\Import->_extend(2, [...], [...])
 8 SYSTEMPATH\CodeIgniter.php(932): App\Controllers\Import->run()
 9 SYSTEMPATH\CodeIgniter.php(497): CodeIgniter\CodeIgniter->runController(Object(App\Controllers\Import))
10 SYSTEMPATH\CodeIgniter.php(366): CodeIgniter\CodeIgniter->handleRequest(null, Object(Config\Cache), false)
11 FCPATH\index.php(80): CodeIgniter\CodeIgniter->run()
WARNING - 2024-05-01 03:26:47 --> [DEPRECATED] Optional parameter $parseables declared before required parameter $label_context is implicitly treated as a required parameter in APPPATH\Controllers\Import.php on line 214.
 1 SYSTEMPATH\Autoloader\Autoloader.php(312): include_once('D:\\projects\\visaalliance-crm\\system\\Debug\\Exceptions.php')
 2 SYSTEMPATH\Autoloader\Autoloader.php(289): CodeIgniter\Autoloader\Autoloader->includeFile('D:\\projects\\visaalliance-crm\\app\\Controllers\\Import.php')
 3 SYSTEMPATH\Autoloader\Autoloader.php(267): CodeIgniter\Autoloader\Autoloader->loadInNamespace('App\\Controllers\\Import')
 4 [internal function]: CodeIgniter\Autoloader\Autoloader->loadClass('App\\Controllers\\Import')
 5 SYSTEMPATH\CodeIgniter.php(890): class_exists('\\App\\Controllers\\Import', true)
 6 SYSTEMPATH\CodeIgniter.php(484): CodeIgniter\CodeIgniter->startController()
 7 SYSTEMPATH\CodeIgniter.php(366): CodeIgniter\CodeIgniter->handleRequest(null, Object(Config\Cache), false)
 8 FCPATH\index.php(80): CodeIgniter\CodeIgniter->run()
WARNING - 2024-05-01 03:26:49 --> [DEPRECATED] Optional parameter $parseables declared before required parameter $label_context is implicitly treated as a required parameter in APPPATH\Controllers\Import.php on line 214.
 1 SYSTEMPATH\Autoloader\Autoloader.php(312): include_once('D:\\projects\\visaalliance-crm\\system\\Debug\\Exceptions.php')
 2 SYSTEMPATH\Autoloader\Autoloader.php(289): CodeIgniter\Autoloader\Autoloader->includeFile('D:\\projects\\visaalliance-crm\\app\\Controllers\\Import.php')
 3 SYSTEMPATH\Autoloader\Autoloader.php(267): CodeIgniter\Autoloader\Autoloader->loadInNamespace('App\\Controllers\\Import')
 4 [internal function]: CodeIgniter\Autoloader\Autoloader->loadClass('App\\Controllers\\Import')
 5 SYSTEMPATH\CodeIgniter.php(890): class_exists('\\App\\Controllers\\Import', true)
 6 SYSTEMPATH\CodeIgniter.php(484): CodeIgniter\CodeIgniter->startController()
 7 SYSTEMPATH\CodeIgniter.php(366): CodeIgniter\CodeIgniter->handleRequest(null, Object(Config\Cache), false)
 8 FCPATH\index.php(80): CodeIgniter\CodeIgniter->run()
ERROR - 2024-05-01 03:26:58 --> mysqli_sql_exception: Column 'job_title' cannot be null in D:\projects\visaalliance-crm\system\Database\MySQLi\Connection.php:295
Stack trace:
#0 D:\projects\visaalliance-crm\system\Database\MySQLi\Connection.php(295): mysqli->query('INSERT INTO `ri...', 0)
#1 D:\projects\visaalliance-crm\system\Database\BaseConnection.php(692): CodeIgniter\Database\MySQLi\Connection->execute('INSERT INTO `ri...')
#2 D:\projects\visaalliance-crm\system\Database\BaseConnection.php(606): CodeIgniter\Database\BaseConnection->simpleQuery('INSERT INTO `ri...')
#3 D:\projects\visaalliance-crm\system\Database\BaseBuilder.php(2309): CodeIgniter\Database\BaseConnection->query('INSERT INTO `ri...', Array, false)
#4 D:\projects\visaalliance-crm\app\Models\Crud_model.php(261): CodeIgniter\Database\BaseBuilder->insert(Array)
#5 D:\projects\visaalliance-crm\app\Controllers\Import.php(200): App\Models\Crud_model->ci_save(Array)
#6 D:\projects\visaalliance-crm\app\Controllers\Import.php(121): App\Controllers\Import->_extend(1, Array, Array)
#7 D:\projects\visaalliance-crm\system\CodeIgniter.php(932): App\Controllers\Import->run()
#8 D:\projects\visaalliance-crm\system\CodeIgniter.php(497): CodeIgniter\CodeIgniter->runController(Object(App\Controllers\Import))
#9 D:\projects\visaalliance-crm\system\CodeIgniter.php(366): CodeIgniter\CodeIgniter->handleRequest(NULL, Object(Config\Cache), false)
#10 D:\projects\visaalliance-crm\index.php(80): CodeIgniter\CodeIgniter->run()
#11 {main}
CRITICAL - 2024-05-01 03:26:58 --> Column 'job_title' cannot be null
in SYSTEMPATH\Database\MySQLi\Connection.php on line 295.
 1 SYSTEMPATH\Database\MySQLi\Connection.php(295): mysqli->query('INSERT INTO `rise_users` (`client_id`, `first_name`, `last_name`, `email`, `phone`, `job_title`, `location_id`, `note`, `is_primary_contact`, `password`, `created_at`) VALUES (1, \'Suzan Demo\', \'Thapa\', \'sushan.me@mymail.com\', \'51069568\', NULL, \'0\', \'Primary Contact (Auto Created)\', 1, \'$2y$10$Jl8t0vAnQdZalB1blaMOYe9qpBLeNimwIsBPRKEAeQq40dI2T3Sjq\', \'2024-05-01 08:26:58\')', 0)
 2 SYSTEMPATH\Database\BaseConnection.php(692): CodeIgniter\Database\MySQLi\Connection->execute('INSERT INTO `rise_users` (`client_id`, `first_name`, `last_name`, `email`, `phone`, `job_title`, `location_id`, `note`, `is_primary_contact`, `password`, `created_at`) VALUES (1, \'Suzan Demo\', \'Thapa\', \'sushan.me@mymail.com\', \'51069568\', NULL, \'0\', \'Primary Contact (Auto Created)\', 1, \'$2y$10$Jl8t0vAnQdZalB1blaMOYe9qpBLeNimwIsBPRKEAeQq40dI2T3Sjq\', \'2024-05-01 08:26:58\')')
 3 SYSTEMPATH\Database\BaseConnection.php(606): CodeIgniter\Database\BaseConnection->simpleQuery('INSERT INTO `rise_users` (`client_id`, `first_name`, `last_name`, `email`, `phone`, `job_title`, `location_id`, `note`, `is_primary_contact`, `password`, `created_at`) VALUES (1, \'Suzan Demo\', \'Thapa\', \'sushan.me@mymail.com\', \'51069568\', NULL, \'0\', \'Primary Contact (Auto Created)\', 1, \'$2y$10$Jl8t0vAnQdZalB1blaMOYe9qpBLeNimwIsBPRKEAeQq40dI2T3Sjq\', \'2024-05-01 08:26:58\')')
 4 SYSTEMPATH\Database\BaseBuilder.php(2309): CodeIgniter\Database\BaseConnection->query('INSERT INTO `rise_users` (`client_id`, `first_name`, `last_name`, `email`, `phone`, `job_title`, `location_id`, `note`, `is_primary_contact`, `password`, `created_at`) VALUES (:client_id:, :first_name:, :last_name:, :email:, :phone:, :job_title:, :location_id:, :note:, :is_primary_contact:, :password:, :created_at:)', [...], false)
 5 APPPATH\Models\Crud_model.php(261): CodeIgniter\Database\BaseBuilder->insert([...])
 6 APPPATH\Controllers\Import.php(200): App\Models\Crud_model->ci_save([...])
 7 APPPATH\Controllers\Import.php(121): App\Controllers\Import->_extend(1, [...], [...])
 8 SYSTEMPATH\CodeIgniter.php(932): App\Controllers\Import->run()
 9 SYSTEMPATH\CodeIgniter.php(497): CodeIgniter\CodeIgniter->runController(Object(App\Controllers\Import))
10 SYSTEMPATH\CodeIgniter.php(366): CodeIgniter\CodeIgniter->handleRequest(null, Object(Config\Cache), false)
11 FCPATH\index.php(80): CodeIgniter\CodeIgniter->run()
WARNING - 2024-05-01 03:31:32 --> [DEPRECATED] Optional parameter $parseables declared before required parameter $label_context is implicitly treated as a required parameter in APPPATH\Controllers\Import.php on line 218.
 1 SYSTEMPATH\Autoloader\Autoloader.php(312): include_once('D:\\projects\\visaalliance-crm\\system\\Debug\\Exceptions.php')
 2 SYSTEMPATH\Autoloader\Autoloader.php(289): CodeIgniter\Autoloader\Autoloader->includeFile('D:\\projects\\visaalliance-crm\\app\\Controllers\\Import.php')
 3 SYSTEMPATH\Autoloader\Autoloader.php(267): CodeIgniter\Autoloader\Autoloader->loadInNamespace('App\\Controllers\\Import')
 4 [internal function]: CodeIgniter\Autoloader\Autoloader->loadClass('App\\Controllers\\Import')
 5 SYSTEMPATH\CodeIgniter.php(890): class_exists('\\App\\Controllers\\Import', true)
 6 SYSTEMPATH\CodeIgniter.php(484): CodeIgniter\CodeIgniter->startController()
 7 SYSTEMPATH\CodeIgniter.php(366): CodeIgniter\CodeIgniter->handleRequest(null, Object(Config\Cache), false)
 8 FCPATH\index.php(80): CodeIgniter\CodeIgniter->run()
WARNING - 2024-05-01 03:31:34 --> [DEPRECATED] Optional parameter $parseables declared before required parameter $label_context is implicitly treated as a required parameter in APPPATH\Controllers\Import.php on line 218.
 1 SYSTEMPATH\Autoloader\Autoloader.php(312): include_once('D:\\projects\\visaalliance-crm\\system\\Debug\\Exceptions.php')
 2 SYSTEMPATH\Autoloader\Autoloader.php(289): CodeIgniter\Autoloader\Autoloader->includeFile('D:\\projects\\visaalliance-crm\\app\\Controllers\\Import.php')
 3 SYSTEMPATH\Autoloader\Autoloader.php(267): CodeIgniter\Autoloader\Autoloader->loadInNamespace('App\\Controllers\\Import')
 4 [internal function]: CodeIgniter\Autoloader\Autoloader->loadClass('App\\Controllers\\Import')
 5 SYSTEMPATH\CodeIgniter.php(890): class_exists('\\App\\Controllers\\Import', true)
 6 SYSTEMPATH\CodeIgniter.php(484): CodeIgniter\CodeIgniter->startController()
 7 SYSTEMPATH\CodeIgniter.php(366): CodeIgniter\CodeIgniter->handleRequest(null, Object(Config\Cache), false)
 8 FCPATH\index.php(80): CodeIgniter\CodeIgniter->run()
WARNING - 2024-05-01 03:38:40 --> [DEPRECATED] Optional parameter $parseables declared before required parameter $label_context is implicitly treated as a required parameter in APPPATH\Controllers\Import.php on line 218.
 1 SYSTEMPATH\Autoloader\Autoloader.php(312): include_once('D:\\projects\\visaalliance-crm\\system\\Debug\\Exceptions.php')
 2 SYSTEMPATH\Autoloader\Autoloader.php(289): CodeIgniter\Autoloader\Autoloader->includeFile('D:\\projects\\visaalliance-crm\\app\\Controllers\\Import.php')
 3 SYSTEMPATH\Autoloader\Autoloader.php(267): CodeIgniter\Autoloader\Autoloader->loadInNamespace('App\\Controllers\\Import')
 4 [internal function]: CodeIgniter\Autoloader\Autoloader->loadClass('App\\Controllers\\Import')
 5 SYSTEMPATH\CodeIgniter.php(890): class_exists('\\App\\Controllers\\Import', true)
 6 SYSTEMPATH\CodeIgniter.php(484): CodeIgniter\CodeIgniter->startController()
 7 SYSTEMPATH\CodeIgniter.php(366): CodeIgniter\CodeIgniter->handleRequest(null, Object(Config\Cache), false)
 8 FCPATH\index.php(80): CodeIgniter\CodeIgniter->run()
WARNING - 2024-05-01 03:38:42 --> [DEPRECATED] Optional parameter $parseables declared before required parameter $label_context is implicitly treated as a required parameter in APPPATH\Controllers\Import.php on line 218.
 1 SYSTEMPATH\Autoloader\Autoloader.php(312): include_once('D:\\projects\\visaalliance-crm\\system\\Debug\\Exceptions.php')
 2 SYSTEMPATH\Autoloader\Autoloader.php(289): CodeIgniter\Autoloader\Autoloader->includeFile('D:\\projects\\visaalliance-crm\\app\\Controllers\\Import.php')
 3 SYSTEMPATH\Autoloader\Autoloader.php(267): CodeIgniter\Autoloader\Autoloader->loadInNamespace('App\\Controllers\\Import')
 4 [internal function]: CodeIgniter\Autoloader\Autoloader->loadClass('App\\Controllers\\Import')
 5 SYSTEMPATH\CodeIgniter.php(890): class_exists('\\App\\Controllers\\Import', true)
 6 SYSTEMPATH\CodeIgniter.php(484): CodeIgniter\CodeIgniter->startController()
 7 SYSTEMPATH\CodeIgniter.php(366): CodeIgniter\CodeIgniter->handleRequest(null, Object(Config\Cache), false)
 8 FCPATH\index.php(80): CodeIgniter\CodeIgniter->run()
WARNING - 2024-05-01 03:43:35 --> [DEPRECATED] Optional parameter $parseables declared before required parameter $label_context is implicitly treated as a required parameter in APPPATH\Controllers\Import.php on line 219.
 1 SYSTEMPATH\Autoloader\Autoloader.php(312): include_once('D:\\projects\\visaalliance-crm\\system\\Debug\\Exceptions.php')
 2 SYSTEMPATH\Autoloader\Autoloader.php(289): CodeIgniter\Autoloader\Autoloader->includeFile('D:\\projects\\visaalliance-crm\\app\\Controllers\\Import.php')
 3 SYSTEMPATH\Autoloader\Autoloader.php(267): CodeIgniter\Autoloader\Autoloader->loadInNamespace('App\\Controllers\\Import')
 4 [internal function]: CodeIgniter\Autoloader\Autoloader->loadClass('App\\Controllers\\Import')
 5 SYSTEMPATH\CodeIgniter.php(890): class_exists('\\App\\Controllers\\Import', true)
 6 SYSTEMPATH\CodeIgniter.php(484): CodeIgniter\CodeIgniter->startController()
 7 SYSTEMPATH\CodeIgniter.php(366): CodeIgniter\CodeIgniter->handleRequest(null, Object(Config\Cache), false)
 8 FCPATH\index.php(80): CodeIgniter\CodeIgniter->run()
WARNING - 2024-05-01 03:43:38 --> [DEPRECATED] Optional parameter $parseables declared before required parameter $label_context is implicitly treated as a required parameter in APPPATH\Controllers\Import.php on line 219.
 1 SYSTEMPATH\Autoloader\Autoloader.php(312): include_once('D:\\projects\\visaalliance-crm\\system\\Debug\\Exceptions.php')
 2 SYSTEMPATH\Autoloader\Autoloader.php(289): CodeIgniter\Autoloader\Autoloader->includeFile('D:\\projects\\visaalliance-crm\\app\\Controllers\\Import.php')
 3 SYSTEMPATH\Autoloader\Autoloader.php(267): CodeIgniter\Autoloader\Autoloader->loadInNamespace('App\\Controllers\\Import')
 4 [internal function]: CodeIgniter\Autoloader\Autoloader->loadClass('App\\Controllers\\Import')
 5 SYSTEMPATH\CodeIgniter.php(890): class_exists('\\App\\Controllers\\Import', true)
 6 SYSTEMPATH\CodeIgniter.php(484): CodeIgniter\CodeIgniter->startController()
 7 SYSTEMPATH\CodeIgniter.php(366): CodeIgniter\CodeIgniter->handleRequest(null, Object(Config\Cache), false)
 8 FCPATH\index.php(80): CodeIgniter\CodeIgniter->run()
WARNING - 2024-05-01 03:44:08 --> [DEPRECATED] Optional parameter $parseables declared before required parameter $label_context is implicitly treated as a required parameter in APPPATH\Controllers\Import.php on line 219.
 1 SYSTEMPATH\Autoloader\Autoloader.php(312): include_once('D:\\projects\\visaalliance-crm\\system\\Debug\\Exceptions.php')
 2 SYSTEMPATH\Autoloader\Autoloader.php(289): CodeIgniter\Autoloader\Autoloader->includeFile('D:\\projects\\visaalliance-crm\\app\\Controllers\\Import.php')
 3 SYSTEMPATH\Autoloader\Autoloader.php(267): CodeIgniter\Autoloader\Autoloader->loadInNamespace('App\\Controllers\\Import')
 4 [internal function]: CodeIgniter\Autoloader\Autoloader->loadClass('App\\Controllers\\Import')
 5 SYSTEMPATH\CodeIgniter.php(890): class_exists('\\App\\Controllers\\Import', true)
 6 SYSTEMPATH\CodeIgniter.php(484): CodeIgniter\CodeIgniter->startController()
 7 SYSTEMPATH\CodeIgniter.php(366): CodeIgniter\CodeIgniter->handleRequest(null, Object(Config\Cache), false)
 8 FCPATH\index.php(80): CodeIgniter\CodeIgniter->run()
WARNING - 2024-05-01 03:44:12 --> [DEPRECATED] Optional parameter $parseables declared before required parameter $label_context is implicitly treated as a required parameter in APPPATH\Controllers\Import.php on line 219.
 1 SYSTEMPATH\Autoloader\Autoloader.php(312): include_once('D:\\projects\\visaalliance-crm\\system\\Debug\\Exceptions.php')
 2 SYSTEMPATH\Autoloader\Autoloader.php(289): CodeIgniter\Autoloader\Autoloader->includeFile('D:\\projects\\visaalliance-crm\\app\\Controllers\\Import.php')
 3 SYSTEMPATH\Autoloader\Autoloader.php(267): CodeIgniter\Autoloader\Autoloader->loadInNamespace('App\\Controllers\\Import')
 4 [internal function]: CodeIgniter\Autoloader\Autoloader->loadClass('App\\Controllers\\Import')
 5 SYSTEMPATH\CodeIgniter.php(890): class_exists('\\App\\Controllers\\Import', true)
 6 SYSTEMPATH\CodeIgniter.php(484): CodeIgniter\CodeIgniter->startController()
 7 SYSTEMPATH\CodeIgniter.php(366): CodeIgniter\CodeIgniter->handleRequest(null, Object(Config\Cache), false)
 8 FCPATH\index.php(80): CodeIgniter\CodeIgniter->run()
WARNING - 2024-05-01 03:47:19 --> [DEPRECATED] Optional parameter $parseables declared before required parameter $label_context is implicitly treated as a required parameter in APPPATH\Controllers\Import.php on line 220.
 1 SYSTEMPATH\Autoloader\Autoloader.php(312): include_once('D:\\projects\\visaalliance-crm\\system\\Debug\\Exceptions.php')
 2 SYSTEMPATH\Autoloader\Autoloader.php(289): CodeIgniter\Autoloader\Autoloader->includeFile('D:\\projects\\visaalliance-crm\\app\\Controllers\\Import.php')
 3 SYSTEMPATH\Autoloader\Autoloader.php(267): CodeIgniter\Autoloader\Autoloader->loadInNamespace('App\\Controllers\\Import')
 4 [internal function]: CodeIgniter\Autoloader\Autoloader->loadClass('App\\Controllers\\Import')
 5 SYSTEMPATH\CodeIgniter.php(890): class_exists('\\App\\Controllers\\Import', true)
 6 SYSTEMPATH\CodeIgniter.php(484): CodeIgniter\CodeIgniter->startController()
 7 SYSTEMPATH\CodeIgniter.php(366): CodeIgniter\CodeIgniter->handleRequest(null, Object(Config\Cache), false)
 8 FCPATH\index.php(80): CodeIgniter\CodeIgniter->run()
WARNING - 2024-05-01 03:47:22 --> [DEPRECATED] Optional parameter $parseables declared before required parameter $label_context is implicitly treated as a required parameter in APPPATH\Controllers\Import.php on line 220.
 1 SYSTEMPATH\Autoloader\Autoloader.php(312): include_once('D:\\projects\\visaalliance-crm\\system\\Debug\\Exceptions.php')
 2 SYSTEMPATH\Autoloader\Autoloader.php(289): CodeIgniter\Autoloader\Autoloader->includeFile('D:\\projects\\visaalliance-crm\\app\\Controllers\\Import.php')
 3 SYSTEMPATH\Autoloader\Autoloader.php(267): CodeIgniter\Autoloader\Autoloader->loadInNamespace('App\\Controllers\\Import')
 4 [internal function]: CodeIgniter\Autoloader\Autoloader->loadClass('App\\Controllers\\Import')
 5 SYSTEMPATH\CodeIgniter.php(890): class_exists('\\App\\Controllers\\Import', true)
 6 SYSTEMPATH\CodeIgniter.php(484): CodeIgniter\CodeIgniter->startController()
 7 SYSTEMPATH\CodeIgniter.php(366): CodeIgniter\CodeIgniter->handleRequest(null, Object(Config\Cache), false)
 8 FCPATH\index.php(80): CodeIgniter\CodeIgniter->run()
WARNING - 2024-05-01 03:48:40 --> [DEPRECATED] Optional parameter $parseables declared before required parameter $label_context is implicitly treated as a required parameter in APPPATH\Controllers\Import.php on line 220.
 1 SYSTEMPATH\Autoloader\Autoloader.php(312): include_once('D:\\projects\\visaalliance-crm\\system\\Debug\\Exceptions.php')
 2 SYSTEMPATH\Autoloader\Autoloader.php(289): CodeIgniter\Autoloader\Autoloader->includeFile('D:\\projects\\visaalliance-crm\\app\\Controllers\\Import.php')
 3 SYSTEMPATH\Autoloader\Autoloader.php(267): CodeIgniter\Autoloader\Autoloader->loadInNamespace('App\\Controllers\\Import')
 4 [internal function]: CodeIgniter\Autoloader\Autoloader->loadClass('App\\Controllers\\Import')
 5 SYSTEMPATH\CodeIgniter.php(890): class_exists('\\App\\Controllers\\Import', true)
 6 SYSTEMPATH\CodeIgniter.php(484): CodeIgniter\CodeIgniter->startController()
 7 SYSTEMPATH\CodeIgniter.php(366): CodeIgniter\CodeIgniter->handleRequest(null, Object(Config\Cache), false)
 8 FCPATH\index.php(80): CodeIgniter\CodeIgniter->run()
WARNING - 2024-05-01 03:48:43 --> [DEPRECATED] Optional parameter $parseables declared before required parameter $label_context is implicitly treated as a required parameter in APPPATH\Controllers\Import.php on line 220.
 1 SYSTEMPATH\Autoloader\Autoloader.php(312): include_once('D:\\projects\\visaalliance-crm\\system\\Debug\\Exceptions.php')
 2 SYSTEMPATH\Autoloader\Autoloader.php(289): CodeIgniter\Autoloader\Autoloader->includeFile('D:\\projects\\visaalliance-crm\\app\\Controllers\\Import.php')
 3 SYSTEMPATH\Autoloader\Autoloader.php(267): CodeIgniter\Autoloader\Autoloader->loadInNamespace('App\\Controllers\\Import')
 4 [internal function]: CodeIgniter\Autoloader\Autoloader->loadClass('App\\Controllers\\Import')
 5 SYSTEMPATH\CodeIgniter.php(890): class_exists('\\App\\Controllers\\Import', true)
 6 SYSTEMPATH\CodeIgniter.php(484): CodeIgniter\CodeIgniter->startController()
 7 SYSTEMPATH\CodeIgniter.php(366): CodeIgniter\CodeIgniter->handleRequest(null, Object(Config\Cache), false)
 8 FCPATH\index.php(80): CodeIgniter\CodeIgniter->run()
WARNING - 2024-05-01 03:51:01 --> [DEPRECATED] Optional parameter $parseables declared before required parameter $label_context is implicitly treated as a required parameter in APPPATH\Controllers\Import.php on line 220.
 1 SYSTEMPATH\Autoloader\Autoloader.php(312): include_once('D:\\projects\\visaalliance-crm\\system\\Debug\\Exceptions.php')
 2 SYSTEMPATH\Autoloader\Autoloader.php(289): CodeIgniter\Autoloader\Autoloader->includeFile('D:\\projects\\visaalliance-crm\\app\\Controllers\\Import.php')
 3 SYSTEMPATH\Autoloader\Autoloader.php(267): CodeIgniter\Autoloader\Autoloader->loadInNamespace('App\\Controllers\\Import')
 4 [internal function]: CodeIgniter\Autoloader\Autoloader->loadClass('App\\Controllers\\Import')
 5 SYSTEMPATH\CodeIgniter.php(890): class_exists('\\App\\Controllers\\Import', true)
 6 SYSTEMPATH\CodeIgniter.php(484): CodeIgniter\CodeIgniter->startController()
 7 SYSTEMPATH\CodeIgniter.php(366): CodeIgniter\CodeIgniter->handleRequest(null, Object(Config\Cache), false)
 8 FCPATH\index.php(80): CodeIgniter\CodeIgniter->run()
WARNING - 2024-05-01 03:51:07 --> [DEPRECATED] Optional parameter $parseables declared before required parameter $label_context is implicitly treated as a required parameter in APPPATH\Controllers\Import.php on line 220.
 1 SYSTEMPATH\Autoloader\Autoloader.php(312): include_once('D:\\projects\\visaalliance-crm\\system\\Debug\\Exceptions.php')
 2 SYSTEMPATH\Autoloader\Autoloader.php(289): CodeIgniter\Autoloader\Autoloader->includeFile('D:\\projects\\visaalliance-crm\\app\\Controllers\\Import.php')
 3 SYSTEMPATH\Autoloader\Autoloader.php(267): CodeIgniter\Autoloader\Autoloader->loadInNamespace('App\\Controllers\\Import')
 4 [internal function]: CodeIgniter\Autoloader\Autoloader->loadClass('App\\Controllers\\Import')
 5 SYSTEMPATH\CodeIgniter.php(890): class_exists('\\App\\Controllers\\Import', true)
 6 SYSTEMPATH\CodeIgniter.php(484): CodeIgniter\CodeIgniter->startController()
 7 SYSTEMPATH\CodeIgniter.php(366): CodeIgniter\CodeIgniter->handleRequest(null, Object(Config\Cache), false)
 8 FCPATH\index.php(80): CodeIgniter\CodeIgniter->run()
CRITICAL - 2024-05-01 03:53:07 --> Maximum execution time of 120 seconds exceeded
in SYSTEMPATH\Database\MySQLi\Connection.php on line 295.
 1 [internal function]: CodeIgniter\Debug\Exceptions->shutdownHandler()
WARNING - 2024-05-01 03:54:03 --> [DEPRECATED] Optional parameter $parseables declared before required parameter $label_context is implicitly treated as a required parameter in APPPATH\Controllers\Import.php on line 220.
 1 SYSTEMPATH\Autoloader\Autoloader.php(312): include_once('D:\\projects\\visaalliance-crm\\system\\Debug\\Exceptions.php')
 2 SYSTEMPATH\Autoloader\Autoloader.php(289): CodeIgniter\Autoloader\Autoloader->includeFile('D:\\projects\\visaalliance-crm\\app\\Controllers\\Import.php')
 3 SYSTEMPATH\Autoloader\Autoloader.php(267): CodeIgniter\Autoloader\Autoloader->loadInNamespace('App\\Controllers\\Import')
 4 [internal function]: CodeIgniter\Autoloader\Autoloader->loadClass('App\\Controllers\\Import')
 5 SYSTEMPATH\CodeIgniter.php(890): class_exists('\\App\\Controllers\\Import', true)
 6 SYSTEMPATH\CodeIgniter.php(484): CodeIgniter\CodeIgniter->startController()
 7 SYSTEMPATH\CodeIgniter.php(366): CodeIgniter\CodeIgniter->handleRequest(null, Object(Config\Cache), false)
 8 FCPATH\index.php(80): CodeIgniter\CodeIgniter->run()
WARNING - 2024-05-01 03:54:20 --> [DEPRECATED] Optional parameter $parseables declared before required parameter $label_context is implicitly treated as a required parameter in APPPATH\Controllers\Import.php on line 220.
 1 SYSTEMPATH\Autoloader\Autoloader.php(312): include_once('D:\\projects\\visaalliance-crm\\system\\Debug\\Exceptions.php')
 2 SYSTEMPATH\Autoloader\Autoloader.php(289): CodeIgniter\Autoloader\Autoloader->includeFile('D:\\projects\\visaalliance-crm\\app\\Controllers\\Import.php')
 3 SYSTEMPATH\Autoloader\Autoloader.php(267): CodeIgniter\Autoloader\Autoloader->loadInNamespace('App\\Controllers\\Import')
 4 [internal function]: CodeIgniter\Autoloader\Autoloader->loadClass('App\\Controllers\\Import')
 5 SYSTEMPATH\CodeIgniter.php(890): class_exists('\\App\\Controllers\\Import', true)
 6 SYSTEMPATH\CodeIgniter.php(484): CodeIgniter\CodeIgniter->startController()
 7 SYSTEMPATH\CodeIgniter.php(366): CodeIgniter\CodeIgniter->handleRequest(null, Object(Config\Cache), false)
 8 FCPATH\index.php(80): CodeIgniter\CodeIgniter->run()
WARNING - 2024-05-01 03:56:16 --> [DEPRECATED] Optional parameter $parseables declared before required parameter $label_context is implicitly treated as a required parameter in APPPATH\Controllers\Import.php on line 220.
 1 SYSTEMPATH\Autoloader\Autoloader.php(312): include_once('D:\\projects\\visaalliance-crm\\system\\Debug\\Exceptions.php')
 2 SYSTEMPATH\Autoloader\Autoloader.php(289): CodeIgniter\Autoloader\Autoloader->includeFile('D:\\projects\\visaalliance-crm\\app\\Controllers\\Import.php')
 3 SYSTEMPATH\Autoloader\Autoloader.php(267): CodeIgniter\Autoloader\Autoloader->loadInNamespace('App\\Controllers\\Import')
 4 [internal function]: CodeIgniter\Autoloader\Autoloader->loadClass('App\\Controllers\\Import')
 5 SYSTEMPATH\CodeIgniter.php(890): class_exists('\\App\\Controllers\\Import', true)
 6 SYSTEMPATH\CodeIgniter.php(484): CodeIgniter\CodeIgniter->startController()
 7 SYSTEMPATH\CodeIgniter.php(366): CodeIgniter\CodeIgniter->handleRequest(null, Object(Config\Cache), false)
 8 FCPATH\index.php(80): CodeIgniter\CodeIgniter->run()
WARNING - 2024-05-01 03:56:20 --> [DEPRECATED] Optional parameter $parseables declared before required parameter $label_context is implicitly treated as a required parameter in APPPATH\Controllers\Import.php on line 220.
 1 SYSTEMPATH\Autoloader\Autoloader.php(312): include_once('D:\\projects\\visaalliance-crm\\system\\Debug\\Exceptions.php')
 2 SYSTEMPATH\Autoloader\Autoloader.php(289): CodeIgniter\Autoloader\Autoloader->includeFile('D:\\projects\\visaalliance-crm\\app\\Controllers\\Import.php')
 3 SYSTEMPATH\Autoloader\Autoloader.php(267): CodeIgniter\Autoloader\Autoloader->loadInNamespace('App\\Controllers\\Import')
 4 [internal function]: CodeIgniter\Autoloader\Autoloader->loadClass('App\\Controllers\\Import')
 5 SYSTEMPATH\CodeIgniter.php(890): class_exists('\\App\\Controllers\\Import', true)
 6 SYSTEMPATH\CodeIgniter.php(484): CodeIgniter\CodeIgniter->startController()
 7 SYSTEMPATH\CodeIgniter.php(366): CodeIgniter\CodeIgniter->handleRequest(null, Object(Config\Cache), false)
 8 FCPATH\index.php(80): CodeIgniter\CodeIgniter->run()
WARNING - 2024-05-01 03:58:16 --> [DEPRECATED] Optional parameter $parseables declared before required parameter $label_context is implicitly treated as a required parameter in APPPATH\Controllers\Import.php on line 220.
 1 SYSTEMPATH\Autoloader\Autoloader.php(312): include_once('D:\\projects\\visaalliance-crm\\system\\Debug\\Exceptions.php')
 2 SYSTEMPATH\Autoloader\Autoloader.php(289): CodeIgniter\Autoloader\Autoloader->includeFile('D:\\projects\\visaalliance-crm\\app\\Controllers\\Import.php')
 3 SYSTEMPATH\Autoloader\Autoloader.php(267): CodeIgniter\Autoloader\Autoloader->loadInNamespace('App\\Controllers\\Import')
 4 [internal function]: CodeIgniter\Autoloader\Autoloader->loadClass('App\\Controllers\\Import')
 5 SYSTEMPATH\CodeIgniter.php(890): class_exists('\\App\\Controllers\\Import', true)
 6 SYSTEMPATH\CodeIgniter.php(484): CodeIgniter\CodeIgniter->startController()
 7 SYSTEMPATH\CodeIgniter.php(366): CodeIgniter\CodeIgniter->handleRequest(null, Object(Config\Cache), false)
 8 FCPATH\index.php(80): CodeIgniter\CodeIgniter->run()
WARNING - 2024-05-01 03:58:20 --> [DEPRECATED] Optional parameter $parseables declared before required parameter $label_context is implicitly treated as a required parameter in APPPATH\Controllers\Import.php on line 220.
 1 SYSTEMPATH\Autoloader\Autoloader.php(312): include_once('D:\\projects\\visaalliance-crm\\system\\Debug\\Exceptions.php')
 2 SYSTEMPATH\Autoloader\Autoloader.php(289): CodeIgniter\Autoloader\Autoloader->includeFile('D:\\projects\\visaalliance-crm\\app\\Controllers\\Import.php')
 3 SYSTEMPATH\Autoloader\Autoloader.php(267): CodeIgniter\Autoloader\Autoloader->loadInNamespace('App\\Controllers\\Import')
 4 [internal function]: CodeIgniter\Autoloader\Autoloader->loadClass('App\\Controllers\\Import')
 5 SYSTEMPATH\CodeIgniter.php(890): class_exists('\\App\\Controllers\\Import', true)
 6 SYSTEMPATH\CodeIgniter.php(484): CodeIgniter\CodeIgniter->startController()
 7 SYSTEMPATH\CodeIgniter.php(366): CodeIgniter\CodeIgniter->handleRequest(null, Object(Config\Cache), false)
 8 FCPATH\index.php(80): CodeIgniter\CodeIgniter->run()
