CRITICAL - 2024-03-04 05:12:02 --> Undefined variable $contract_info
in APPPATH\Views\contracts\send_project_contract_modal_form.php on line 4.
 1 APPPATH\Views\contracts\send_project_contract_modal_form.php(4): CodeIgniter\Debug\Exceptions->errorHandler(2, 'Undefined variable $contract_info', 'D:\\projects\\visaalliance-crm\\app\\Views\\contracts\\send_project_contract_modal_form.php', 4)
 2 SYSTEMPATH\View\View.php(224): include('D:\\projects\\visaalliance-crm\\app\\Views\\contracts\\send_project_contract_modal_form.php')
 3 SYSTEMPATH\View\View.php(227): CodeIgniter\View\View->CodeIgniter\View\{closure}()
 4 SYSTEMPATH\Common.php(1180): CodeIgniter\View\View->render('contracts/send_project_contract_modal_form', [], true)
 5 APPPATH\Libraries\Template.php(42): view('contracts/send_project_contract_modal_form', [...])
 6 APPPATH\Controllers\Contracts.php(837): App\Libraries\Template->view('contracts/send_project_contract_modal_form', [...])
 7 SYSTEMPATH\CodeIgniter.php(932): App\Controllers\Contracts->send_project_contract_modal_form('11')
 8 SYSTEMPATH\CodeIgniter.php(497): CodeIgniter\CodeIgniter->runController(Object(App\Controllers\Contracts))
 9 SYSTEMPATH\CodeIgniter.php(366): CodeIgniter\CodeIgniter->handleRequest(null, Object(Config\Cache), false)
10 FCPATH\index.php(80): CodeIgniter\CodeIgniter->run()
CRITICAL - 2024-03-04 05:16:06 --> Undefined variable $contacts_dropdown
in APPPATH\Views\contracts\send_project_contract_modal_form.php on line 10.
 1 APPPATH\Views\contracts\send_project_contract_modal_form.php(10): CodeIgniter\Debug\Exceptions->errorHandler(2, 'Undefined variable $contacts_dropdown', 'D:\\projects\\visaalliance-crm\\app\\Views\\contracts\\send_project_contract_modal_form.php', 10)
 2 SYSTEMPATH\View\View.php(224): include('D:\\projects\\visaalliance-crm\\app\\Views\\contracts\\send_project_contract_modal_form.php')
 3 SYSTEMPATH\View\View.php(227): CodeIgniter\View\View->CodeIgniter\View\{closure}()
 4 SYSTEMPATH\Common.php(1180): CodeIgniter\View\View->render('contracts/send_project_contract_modal_form', [], true)
 5 APPPATH\Libraries\Template.php(42): view('contracts/send_project_contract_modal_form', [...])
 6 APPPATH\Controllers\Contracts.php(837): App\Libraries\Template->view('contracts/send_project_contract_modal_form', [...])
 7 SYSTEMPATH\CodeIgniter.php(932): App\Controllers\Contracts->send_project_contract_modal_form('11')
 8 SYSTEMPATH\CodeIgniter.php(497): CodeIgniter\CodeIgniter->runController(Object(App\Controllers\Contracts))
 9 SYSTEMPATH\CodeIgniter.php(366): CodeIgniter\CodeIgniter->handleRequest(null, Object(Config\Cache), false)
10 FCPATH\index.php(80): CodeIgniter\CodeIgniter->run()
CRITICAL - 2024-03-04 05:16:44 --> Undefined variable $contacts_dropdown
in APPPATH\Views\contracts\send_project_contract_modal_form.php on line 10.
 1 APPPATH\Views\contracts\send_project_contract_modal_form.php(10): CodeIgniter\Debug\Exceptions->errorHandler(2, 'Undefined variable $contacts_dropdown', 'D:\\projects\\visaalliance-crm\\app\\Views\\contracts\\send_project_contract_modal_form.php', 10)
 2 SYSTEMPATH\View\View.php(224): include('D:\\projects\\visaalliance-crm\\app\\Views\\contracts\\send_project_contract_modal_form.php')
 3 SYSTEMPATH\View\View.php(227): CodeIgniter\View\View->CodeIgniter\View\{closure}()
 4 SYSTEMPATH\Common.php(1180): CodeIgniter\View\View->render('contracts/send_project_contract_modal_form', [], true)
 5 APPPATH\Libraries\Template.php(42): view('contracts/send_project_contract_modal_form', [...])
 6 APPPATH\Controllers\Contracts.php(837): App\Libraries\Template->view('contracts/send_project_contract_modal_form', [...])
 7 SYSTEMPATH\CodeIgniter.php(932): App\Controllers\Contracts->send_project_contract_modal_form('11')
 8 SYSTEMPATH\CodeIgniter.php(497): CodeIgniter\CodeIgniter->runController(Object(App\Controllers\Contracts))
 9 SYSTEMPATH\CodeIgniter.php(366): CodeIgniter\CodeIgniter->handleRequest(null, Object(Config\Cache), false)
10 FCPATH\index.php(80): CodeIgniter\CodeIgniter->run()
CRITICAL - 2024-03-04 06:00:57 --> Undefined variable $contract_info
in APPPATH\Views\contracts\send_project_contract_modal_form.php on line 142.
 1 APPPATH\Views\contracts\send_project_contract_modal_form.php(142): CodeIgniter\Debug\Exceptions->errorHandler(2, 'Undefined variable $contract_info', 'D:\\projects\\visaalliance-crm\\app\\Views\\contracts\\send_project_contract_modal_form.php', 142)
 2 SYSTEMPATH\View\View.php(224): include('D:\\projects\\visaalliance-crm\\app\\Views\\contracts\\send_project_contract_modal_form.php')
 3 SYSTEMPATH\View\View.php(227): CodeIgniter\View\View->CodeIgniter\View\{closure}()
 4 SYSTEMPATH\Common.php(1180): CodeIgniter\View\View->render('contracts/send_project_contract_modal_form', [], true)
 5 APPPATH\Libraries\Template.php(42): view('contracts/send_project_contract_modal_form', [...])
 6 APPPATH\Controllers\Contracts.php(864): App\Libraries\Template->view('contracts/send_project_contract_modal_form', [...])
 7 SYSTEMPATH\CodeIgniter.php(932): App\Controllers\Contracts->send_project_contract_modal_form('11')
 8 SYSTEMPATH\CodeIgniter.php(497): CodeIgniter\CodeIgniter->runController(Object(App\Controllers\Contracts))
 9 SYSTEMPATH\CodeIgniter.php(366): CodeIgniter\CodeIgniter->handleRequest(null, Object(Config\Cache), false)
10 FCPATH\index.php(80): CodeIgniter\CodeIgniter->run()
CRITICAL - 2024-03-04 06:02:55 --> Undefined variable $contract_info
in APPPATH\Views\contracts\send_project_contract_modal_form.php on line 142.
 1 APPPATH\Views\contracts\send_project_contract_modal_form.php(142): CodeIgniter\Debug\Exceptions->errorHandler(2, 'Undefined variable $contract_info', 'D:\\projects\\visaalliance-crm\\app\\Views\\contracts\\send_project_contract_modal_form.php', 142)
 2 SYSTEMPATH\View\View.php(224): include('D:\\projects\\visaalliance-crm\\app\\Views\\contracts\\send_project_contract_modal_form.php')
 3 SYSTEMPATH\View\View.php(227): CodeIgniter\View\View->CodeIgniter\View\{closure}()
 4 SYSTEMPATH\Common.php(1180): CodeIgniter\View\View->render('contracts/send_project_contract_modal_form', [], true)
 5 APPPATH\Libraries\Template.php(42): view('contracts/send_project_contract_modal_form', [...])
 6 APPPATH\Controllers\Contracts.php(864): App\Libraries\Template->view('contracts/send_project_contract_modal_form', [...])
 7 SYSTEMPATH\CodeIgniter.php(932): App\Controllers\Contracts->send_project_contract_modal_form('11')
 8 SYSTEMPATH\CodeIgniter.php(497): CodeIgniter\CodeIgniter->runController(Object(App\Controllers\Contracts))
 9 SYSTEMPATH\CodeIgniter.php(366): CodeIgniter\CodeIgniter->handleRequest(null, Object(Config\Cache), false)
10 FCPATH\index.php(80): CodeIgniter\CodeIgniter->run()
ERROR - 2024-03-04 07:08:12 --> Email: sendWithSmtp throwed ErrorException: fsockopen(): Unable to connect to sandbox.smtp.mailtrap.io:2525 (A connection attempt failed because the connected party did not properly respond after a period of time, or established connection failed because connected host has failed to respond) in D:\projects\visaalliance-crm\system\Email\Email.php:1868
Stack trace:
#0 [internal function]: CodeIgniter\Debug\Exceptions->errorHandler(2, 'fsockopen(): Un...', 'D:\\projects\\vis...', 1868)
#1 D:\projects\visaalliance-crm\system\Email\Email.php(1868): fsockopen('sandbox.smtp.ma...', '2525', NULL, NULL, 5)
#2 D:\projects\visaalliance-crm\system\Email\Email.php(1782): CodeIgniter\Email\Email->SMTPConnect()
#3 D:\projects\visaalliance-crm\system\Email\Email.php(1667): CodeIgniter\Email\Email->sendWithSmtp()
#4 D:\projects\visaalliance-crm\system\Email\Email.php(1565): CodeIgniter\Email\Email->spoolEmail()
#5 D:\projects\visaalliance-crm\app\Helpers\general_helper.php(561): CodeIgniter\Email\Email->send()
#6 D:\projects\visaalliance-crm\app\Controllers\Students.php(283): send_app_mail('student@test-qu...', 'Login details', '<div style="bac...')
#7 D:\projects\visaalliance-crm\app\Controllers\Students.php(216): App\Controllers\Students->save_primary_contact(13)
#8 D:\projects\visaalliance-crm\system\CodeIgniter.php(932): App\Controllers\Students->save()
#9 D:\projects\visaalliance-crm\system\CodeIgniter.php(497): CodeIgniter\CodeIgniter->runController(Object(App\Controllers\Students))
#10 D:\projects\visaalliance-crm\system\CodeIgniter.php(366): CodeIgniter\CodeIgniter->handleRequest(NULL, Object(Config\Cache), false)
#11 D:\projects\visaalliance-crm\index.php(80): CodeIgniter\CodeIgniter->run()
#12 {main}
ERROR - 2024-03-04 07:08:12 --> Email: Unable to send email using SMTP. Your server might not be configured to send mail using this method.
ERROR - 2024-03-04 07:08:12 --> 
CRITICAL - 2024-03-04 07:08:12 --> Unable to send email using SMTP. Your server might not be configured to send mail using this method.<br><pre>Date: Mon, 4 Mar 2024 07:08:06 -0600
From: &quot;Visa Alliance&quot; &lt;admin@visaalliance.com.au&gt;
Return-Path: &lt;admin@visaalliance.com.au&gt;
To: student@test-qup.co
Subject: =?UTF-8?Q?Login=20details?=
Reply-To: &lt;admin@visaalliance.com.au&gt;
User-Agent: CodeIgniter
X-Sender: admin@visaalliance.com.au
X-Mailer: CodeIgniter
X-Priority: 3 (Normal)
Message-ID: &lt;65e5c7b6c7e053.36205942@visaalliance.com.au&gt;
Mime-Version: 1.0


Content-Type: multipart/alternative; boundary=&quot;B_ALT_65e5c7b6c7e210.23888761&quot;

This is a multi-part message in MIME format.
Your email application may not support this format.

--B_ALT_65e5c7b6c7e210.23888761
Content-Type: text/plain; charset=UTF-8
Content-Transfer-Encoding: 8bit

Login Details Hello Student User,An account has been created for you. Please
use the following info to login your dashboard: Dashboard
URL:&amp;nbsp;http://localhost/visaalliance-crm/ Email: student@test-qup.co
Password:&amp;nbsp;4YyJoHUm Team Visa Alliance


--B_ALT_65e5c7b6c7e210.23888761
Content-Type: text/html; charset=UTF-8
Content-Transfer-Encoding: quoted-printable

&lt;div style=3D&quot;background-color: #eeeeef; padding: 50px 0; &quot;&gt;&lt;div style=3D&quot;m=
ax-width:640px; margin:0 auto; &quot;&gt; &lt;div style=3D&quot;color: #fff; text-align: ce=
nter; background-color:#33333e; padding: 30px; border-top-left-radius: 3px;=
 border-top-right-radius: 3px; margin: 0;&quot;&gt;  &lt;h1&gt;Login Details&lt;/h1&gt;&lt;/div&gt;&lt;d=
iv style=3D&quot;padding: 20px; background-color: rgb(255, 255, 255);&quot;&gt;         =
   &lt;p style=3D&quot;color: rgb(85, 85, 85); font-size: 14px;&quot;&gt; Hello Student Use=
r,&lt;br&gt;&lt;br&gt;An account has been created for you.&lt;/p&gt;            &lt;p style=3D&quot;c=
olor: rgb(85, 85, 85); font-size: 14px;&quot;&gt; Please use the following info to =
login your dashboard:&lt;/p&gt;            &lt;hr&gt;            &lt;p style=3D&quot;color: rgb=
(85, 85, 85); font-size: 14px;&quot;&gt;Dashboard URL:&amp;nbsp;&lt;a href=3D&quot;http://local=
host/visaalliance-crm/&quot; target=3D&quot;_blank&quot;&gt;http://localhost/visaalliance-crm=
/&lt;/a&gt;&lt;/p&gt;            &lt;p style=3D&quot;color: rgb(85, 85, 85); font-size: 14px;&quot;&gt;=
&lt;/p&gt;            &lt;p style=3D&quot;&quot;&gt;&lt;span style=3D&quot;color: rgb(85, 85, 85); font-s=
ize: 14px; line-height: 20px;&quot;&gt;Email: student@test-qup.co&lt;/span&gt;&lt;br&gt;&lt;/p&gt;   =
         &lt;p style=3D&quot;&quot;&gt;&lt;span style=3D&quot;color: rgb(85, 85, 85); font-size: 14=
px; line-height: 20px;&quot;&gt;Password:&amp;nbsp;4YyJoHUm&lt;/span&gt;&lt;/p&gt;            &lt;p st=
yle=3D&quot;color: rgb(85, 85, 85);&quot;&gt;&lt;br&gt;&lt;/p&gt;            &lt;p style=3D&quot;color: rgb(=
85, 85, 85); font-size: 14px;&quot;&gt;Team Visa Alliance&lt;/p&gt;        &lt;/div&gt;    &lt;/di=
v&gt;&lt;/div&gt;

--B_ALT_65e5c7b6c7e210.23888761--</pre>
in APPPATH\Helpers\general_helper.php on line 566.
 1 APPPATH\Controllers\Students.php(283): send_app_mail('student@test-qup.co', 'Login details', '<div style="background-color: #eeeeef; padding: 50px 0; "><div style="max-width:640px; margin:0 auto; "> <div style="color: #fff; text-align: center; background-color:#33333e; padding: 30px; border-top-left-radius: 3px; border-top-right-radius: 3px; margin: 0;">  <h1>Login Details</h1></div><div style="padding: 20px; background-color: rgb(255, 255, 255);">            <p style="color: rgb(85, 85, 85); font-size: 14px;"> Hello Student User,<br><br>An account has been created for you.</p>            <p style="color: rgb(85, 85, 85); font-size: 14px;"> Please use the following info to login your dashboard:</p>            <hr>            <p style="color: rgb(85, 85, 85); font-size: 14px;">Dashboard URL:&nbsp;<a href="http://localhost/visaalliance-crm/" target="_blank">http://localhost/visaalliance-crm/</a></p>            <p style="color: rgb(85, 85, 85); font-size: 14px;"></p>            <p style=""><span style="color: rgb(85, 85, 85); font-size: 14px; line-height: 20px;">Email: student@test-qup.co</span><br></p>            <p style=""><span style="color: rgb(85, 85, 85); font-size: 14px; line-height: 20px;">Password:&nbsp;4YyJoHUm</span></p>            <p style="color: rgb(85, 85, 85);"><br></p>            <p style="color: rgb(85, 85, 85); font-size: 14px;">Team Visa Alliance</p>        </div>    </div></div>')
 2 APPPATH\Controllers\Students.php(216): App\Controllers\Students->save_primary_contact(13)
 3 SYSTEMPATH\CodeIgniter.php(932): App\Controllers\Students->save()
 4 SYSTEMPATH\CodeIgniter.php(497): CodeIgniter\CodeIgniter->runController(Object(App\Controllers\Students))
 5 SYSTEMPATH\CodeIgniter.php(366): CodeIgniter\CodeIgniter->handleRequest(null, Object(Config\Cache), false)
 6 FCPATH\index.php(80): CodeIgniter\CodeIgniter->run()
ERROR - 2024-03-04 07:37:33 --> Email: sendWithSmtp throwed ErrorException: fsockopen(): Unable to connect to sandbox.smtp.mailtrap.io:2525 (A connection attempt failed because the connected party did not properly respond after a period of time, or established connection failed because connected host has failed to respond) in D:\projects\visaalliance-crm\system\Email\Email.php:1868
Stack trace:
#0 [internal function]: CodeIgniter\Debug\Exceptions->errorHandler(2, 'fsockopen(): Un...', 'D:\\projects\\vis...', 1868)
#1 D:\projects\visaalliance-crm\system\Email\Email.php(1868): fsockopen('sandbox.smtp.ma...', '2525', NULL, NULL, 5)
#2 D:\projects\visaalliance-crm\system\Email\Email.php(1782): CodeIgniter\Email\Email->SMTPConnect()
#3 D:\projects\visaalliance-crm\system\Email\Email.php(1667): CodeIgniter\Email\Email->sendWithSmtp()
#4 D:\projects\visaalliance-crm\system\Email\Email.php(1565): CodeIgniter\Email\Email->spoolEmail()
#5 D:\projects\visaalliance-crm\app\Controllers\Settings.php(200): CodeIgniter\Email\Email->send()
#6 D:\projects\visaalliance-crm\system\CodeIgniter.php(932): App\Controllers\Settings->save_email_settings()
#7 D:\projects\visaalliance-crm\system\CodeIgniter.php(497): CodeIgniter\CodeIgniter->runController(Object(App\Controllers\Settings))
#8 D:\projects\visaalliance-crm\system\CodeIgniter.php(366): CodeIgniter\CodeIgniter->handleRequest(NULL, Object(Config\Cache), false)
#9 D:\projects\visaalliance-crm\index.php(80): CodeIgniter\CodeIgniter->run()
#10 {main}
ERROR - 2024-03-04 07:37:33 --> Email: Unable to send email using SMTP. Your server might not be configured to send mail using this method.
ERROR - 2024-03-04 07:37:33 --> 
ERROR - 2024-03-04 07:37:33 --> Unable to send email using SMTP. Your server might not be configured to send mail using this method.<br><pre>Date: Mon, 4 Mar 2024 07:37:28 -0600
From: &quot;Visa Alliance&quot; &lt;admin@visaalliance.com.au&gt;
Return-Path: &lt;admin@visaalliance.com.au&gt;
To: munaweranwar2@gmail.com
Subject: =?UTF-8?Q?Test=20message?=
Reply-To: &lt;admin@visaalliance.com.au&gt;
User-Agent: CodeIgniter
X-Sender: admin@visaalliance.com.au
X-Mailer: CodeIgniter
X-Priority: 3 (Normal)
Message-ID: &lt;65e5ce98b66712.88202524@visaalliance.com.au&gt;
Mime-Version: 1.0


Content-Type: multipart/alternative; boundary=&quot;B_ALT_65e5ce98b66805.48933020&quot;

This is a multi-part message in MIME format.
Your email application may not support this format.

--B_ALT_65e5ce98b66805.48933020
Content-Type: text/plain; charset=UTF-8
Content-Transfer-Encoding: 8bit

This is a test message to check mail configuration.


--B_ALT_65e5ce98b66805.48933020
Content-Type: text/html; charset=UTF-8
Content-Transfer-Encoding: quoted-printable

This is a test message to check mail configuration.

--B_ALT_65e5ce98b66805.48933020--</pre>
ERROR - 2024-03-04 07:38:59 --> Email: sendWithSmtp throwed ErrorException: fsockopen(): Unable to connect to sandbox.smtp.mailtrap.io:2525 (A connection attempt failed because the connected party did not properly respond after a period of time, or established connection failed because connected host has failed to respond) in D:\projects\visaalliance-crm\system\Email\Email.php:1868
Stack trace:
#0 [internal function]: CodeIgniter\Debug\Exceptions->errorHandler(2, 'fsockopen(): Un...', 'D:\\projects\\vis...', 1868)
#1 D:\projects\visaalliance-crm\system\Email\Email.php(1868): fsockopen('sandbox.smtp.ma...', '2525', NULL, NULL, 5)
#2 D:\projects\visaalliance-crm\system\Email\Email.php(1782): CodeIgniter\Email\Email->SMTPConnect()
#3 D:\projects\visaalliance-crm\system\Email\Email.php(1667): CodeIgniter\Email\Email->sendWithSmtp()
#4 D:\projects\visaalliance-crm\system\Email\Email.php(1565): CodeIgniter\Email\Email->spoolEmail()
#5 D:\projects\visaalliance-crm\app\Controllers\Settings.php(200): CodeIgniter\Email\Email->send()
#6 D:\projects\visaalliance-crm\system\CodeIgniter.php(932): App\Controllers\Settings->save_email_settings()
#7 D:\projects\visaalliance-crm\system\CodeIgniter.php(497): CodeIgniter\CodeIgniter->runController(Object(App\Controllers\Settings))
#8 D:\projects\visaalliance-crm\system\CodeIgniter.php(366): CodeIgniter\CodeIgniter->handleRequest(NULL, Object(Config\Cache), false)
#9 D:\projects\visaalliance-crm\index.php(80): CodeIgniter\CodeIgniter->run()
#10 {main}
ERROR - 2024-03-04 07:38:59 --> Email: Unable to send email using SMTP. Your server might not be configured to send mail using this method.
ERROR - 2024-03-04 07:38:59 --> 
ERROR - 2024-03-04 07:38:59 --> Unable to send email using SMTP. Your server might not be configured to send mail using this method.<br><pre>Date: Mon, 4 Mar 2024 07:38:54 -0600
From: &quot;Visa Alliance&quot; &lt;admin@visaalliance.com.au&gt;
Return-Path: &lt;admin@visaalliance.com.au&gt;
To: munaweranwar2@gmail.com
Subject: =?UTF-8?Q?Test=20message?=
Reply-To: &lt;admin@visaalliance.com.au&gt;
User-Agent: CodeIgniter
X-Sender: admin@visaalliance.com.au
X-Mailer: CodeIgniter
X-Priority: 3 (Normal)
Message-ID: &lt;65e5ceee1e3611.17661913@visaalliance.com.au&gt;
Mime-Version: 1.0


Content-Type: multipart/alternative; boundary=&quot;B_ALT_65e5ceee1e3724.73069996&quot;

This is a multi-part message in MIME format.
Your email application may not support this format.

--B_ALT_65e5ceee1e3724.73069996
Content-Type: text/plain; charset=UTF-8
Content-Transfer-Encoding: 8bit

This is a test message to check mail configuration.


--B_ALT_65e5ceee1e3724.73069996
Content-Type: text/html; charset=UTF-8
Content-Transfer-Encoding: quoted-printable

This is a test message to check mail configuration.

--B_ALT_65e5ceee1e3724.73069996--</pre>
ERROR - 2024-03-04 07:40:00 --> Email: sendWithSmtp throwed ErrorException: fsockopen(): Unable to connect to sandbox.smtp.mailtrap.io:2525 (A connection attempt failed because the connected party did not properly respond after a period of time, or established connection failed because connected host has failed to respond) in D:\projects\visaalliance-crm\system\Email\Email.php:1868
Stack trace:
#0 [internal function]: CodeIgniter\Debug\Exceptions->errorHandler(2, 'fsockopen(): Un...', 'D:\\projects\\vis...', 1868)
#1 D:\projects\visaalliance-crm\system\Email\Email.php(1868): fsockopen('sandbox.smtp.ma...', '2525', NULL, NULL, 5)
#2 D:\projects\visaalliance-crm\system\Email\Email.php(1782): CodeIgniter\Email\Email->SMTPConnect()
#3 D:\projects\visaalliance-crm\system\Email\Email.php(1667): CodeIgniter\Email\Email->sendWithSmtp()
#4 D:\projects\visaalliance-crm\system\Email\Email.php(1565): CodeIgniter\Email\Email->spoolEmail()
#5 D:\projects\visaalliance-crm\app\Controllers\Settings.php(200): CodeIgniter\Email\Email->send()
#6 D:\projects\visaalliance-crm\system\CodeIgniter.php(932): App\Controllers\Settings->save_email_settings()
#7 D:\projects\visaalliance-crm\system\CodeIgniter.php(497): CodeIgniter\CodeIgniter->runController(Object(App\Controllers\Settings))
#8 D:\projects\visaalliance-crm\system\CodeIgniter.php(366): CodeIgniter\CodeIgniter->handleRequest(NULL, Object(Config\Cache), false)
#9 D:\projects\visaalliance-crm\index.php(80): CodeIgniter\CodeIgniter->run()
#10 {main}
ERROR - 2024-03-04 07:40:00 --> Email: Unable to send email using SMTP. Your server might not be configured to send mail using this method.
ERROR - 2024-03-04 07:40:00 --> 
ERROR - 2024-03-04 07:40:00 --> Unable to send email using SMTP. Your server might not be configured to send mail using this method.<br><pre>Date: Mon, 4 Mar 2024 07:39:55 -0600
From: &quot;Visa Alliance&quot; &lt;admin@visaalliance.com.au&gt;
Return-Path: &lt;admin@visaalliance.com.au&gt;
To: munaweranwar2@gmail.com
Subject: =?UTF-8?Q?Test=20message?=
Reply-To: &lt;admin@visaalliance.com.au&gt;
User-Agent: CodeIgniter
X-Sender: admin@visaalliance.com.au
X-Mailer: CodeIgniter
X-Priority: 3 (Normal)
Message-ID: &lt;65e5cf2b272a71.14848648@visaalliance.com.au&gt;
Mime-Version: 1.0


Content-Type: multipart/alternative; boundary=&quot;B_ALT_65e5cf2b272ba5.31632345&quot;

This is a multi-part message in MIME format.
Your email application may not support this format.

--B_ALT_65e5cf2b272ba5.31632345
Content-Type: text/plain; charset=UTF-8
Content-Transfer-Encoding: 8bit

This is a test message to check mail configuration.


--B_ALT_65e5cf2b272ba5.31632345
Content-Type: text/html; charset=UTF-8
Content-Transfer-Encoding: quoted-printable

This is a test message to check mail configuration.

--B_ALT_65e5cf2b272ba5.31632345--</pre>
ERROR - 2024-03-04 07:41:13 --> Email: sendWithMail throwed ErrorException: mail(): Failed to connect to mailserver at &quot;localhost&quot; port 25, verify your &quot;SMTP&quot; and &quot;smtp_port&quot; setting in php.ini or use ini_set() in D:\projects\visaalliance-crm\system\Email\Email.php:1735
Stack trace:
#0 [internal function]: CodeIgniter\Debug\Exceptions->errorHandler(2, 'mail(): Failed ...', 'D:\\projects\\vis...', 1735)
#1 D:\projects\visaalliance-crm\system\Email\Email.php(1735): mail('munaweranwar2@g...', '=?UTF-8?Q?Test=...', 'This is a multi...', 'Date: Mon, 4 Ma...', '-f admin@visaal...')
#2 D:\projects\visaalliance-crm\system\Email\Email.php(1667): CodeIgniter\Email\Email->sendWithMail()
#3 D:\projects\visaalliance-crm\system\Email\Email.php(1565): CodeIgniter\Email\Email->spoolEmail()
#4 D:\projects\visaalliance-crm\app\Controllers\Settings.php(200): CodeIgniter\Email\Email->send()
#5 D:\projects\visaalliance-crm\system\CodeIgniter.php(932): App\Controllers\Settings->save_email_settings()
#6 D:\projects\visaalliance-crm\system\CodeIgniter.php(497): CodeIgniter\CodeIgniter->runController(Object(App\Controllers\Settings))
#7 D:\projects\visaalliance-crm\system\CodeIgniter.php(366): CodeIgniter\CodeIgniter->handleRequest(NULL, Object(Config\Cache), false)
#8 D:\projects\visaalliance-crm\index.php(80): CodeIgniter\CodeIgniter->run()
#9 {main}
ERROR - 2024-03-04 07:41:13 --> Email: Unable to send email using PHP mail(). Your server might not be configured to send mail using this method.
ERROR - 2024-03-04 07:41:13 --> 
ERROR - 2024-03-04 07:41:13 --> Unable to send email using PHP mail(). Your server might not be configured to send mail using this method.<br><pre>Date: Mon, 4 Mar 2024 07:41:11 -0600
From: &quot;Visa Alliance&quot; &lt;admin@visaalliance.com.au&gt;
Return-Path: &lt;admin@visaalliance.com.au&gt;
Reply-To: &lt;admin@visaalliance.com.au&gt;
User-Agent: CodeIgniter
X-Sender: admin@visaalliance.com.au
X-Mailer: CodeIgniter
X-Priority: 3 (Normal)
Message-ID: &lt;65e5cf77b71b60.77103729@visaalliance.com.au&gt;
Mime-Version: 1.0
Content-Type: multipart/alternative; boundary=&quot;B_ALT_65e5cf77b71ca0.23302065&quot;
=?UTF-8?Q?Test=20message?=
This is a multi-part message in MIME format.
Your email application may not support this format.

--B_ALT_65e5cf77b71ca0.23302065
Content-Type: text/plain; charset=UTF-8
Content-Transfer-Encoding: 8bit

This is a test message to check mail configuration.


--B_ALT_65e5cf77b71ca0.23302065
Content-Type: text/html; charset=UTF-8
Content-Transfer-Encoding: quoted-printable

This is a test message to check mail configuration.

--B_ALT_65e5cf77b71ca0.23302065--</pre>
ERROR - 2024-03-04 07:41:31 --> Email: sendWithSmtp throwed ErrorException: fsockopen(): Unable to connect to sandbox.smtp.mailtrap.io:2525 (A connection attempt failed because the connected party did not properly respond after a period of time, or established connection failed because connected host has failed to respond) in D:\projects\visaalliance-crm\system\Email\Email.php:1868
Stack trace:
#0 [internal function]: CodeIgniter\Debug\Exceptions->errorHandler(2, 'fsockopen(): Un...', 'D:\\projects\\vis...', 1868)
#1 D:\projects\visaalliance-crm\system\Email\Email.php(1868): fsockopen('sandbox.smtp.ma...', '2525', NULL, NULL, 5)
#2 D:\projects\visaalliance-crm\system\Email\Email.php(1782): CodeIgniter\Email\Email->SMTPConnect()
#3 D:\projects\visaalliance-crm\system\Email\Email.php(1667): CodeIgniter\Email\Email->sendWithSmtp()
#4 D:\projects\visaalliance-crm\system\Email\Email.php(1565): CodeIgniter\Email\Email->spoolEmail()
#5 D:\projects\visaalliance-crm\app\Controllers\Settings.php(200): CodeIgniter\Email\Email->send()
#6 D:\projects\visaalliance-crm\system\CodeIgniter.php(932): App\Controllers\Settings->save_email_settings()
#7 D:\projects\visaalliance-crm\system\CodeIgniter.php(497): CodeIgniter\CodeIgniter->runController(Object(App\Controllers\Settings))
#8 D:\projects\visaalliance-crm\system\CodeIgniter.php(366): CodeIgniter\CodeIgniter->handleRequest(NULL, Object(Config\Cache), false)
#9 D:\projects\visaalliance-crm\index.php(80): CodeIgniter\CodeIgniter->run()
#10 {main}
ERROR - 2024-03-04 07:41:31 --> Email: Unable to send email using SMTP. Your server might not be configured to send mail using this method.
ERROR - 2024-03-04 07:41:31 --> 
ERROR - 2024-03-04 07:41:31 --> Unable to send email using SMTP. Your server might not be configured to send mail using this method.<br><pre>Date: Mon, 4 Mar 2024 07:41:26 -0600
From: &quot;Visa Alliance&quot; &lt;admin@visaalliance.com.au&gt;
Return-Path: &lt;admin@visaalliance.com.au&gt;
To: munaweranwar2@gmail.com
Subject: =?UTF-8?Q?Test=20message?=
Reply-To: &lt;admin@visaalliance.com.au&gt;
User-Agent: CodeIgniter
X-Sender: admin@visaalliance.com.au
X-Mailer: CodeIgniter
X-Priority: 3 (Normal)
Message-ID: &lt;65e5cf8659d086.77143428@visaalliance.com.au&gt;
Mime-Version: 1.0


Content-Type: multipart/alternative; boundary=&quot;B_ALT_65e5cf8659d242.37725000&quot;

This is a multi-part message in MIME format.
Your email application may not support this format.

--B_ALT_65e5cf8659d242.37725000
Content-Type: text/plain; charset=UTF-8
Content-Transfer-Encoding: 8bit

This is a test message to check mail configuration.


--B_ALT_65e5cf8659d242.37725000
Content-Type: text/html; charset=UTF-8
Content-Transfer-Encoding: quoted-printable

This is a test message to check mail configuration.

--B_ALT_65e5cf8659d242.37725000--</pre>
ERROR - 2024-03-04 07:42:12 --> Email: sendWithSmtp throwed ErrorException: fsockopen(): Unable to connect to sandbox.smtp.mailtrap.io:2525 (A connection attempt failed because the connected party did not properly respond after a period of time, or established connection failed because connected host has failed to respond) in D:\projects\visaalliance-crm\system\Email\Email.php:1868
Stack trace:
#0 [internal function]: CodeIgniter\Debug\Exceptions->errorHandler(2, 'fsockopen(): Un...', 'D:\\projects\\vis...', 1868)
#1 D:\projects\visaalliance-crm\system\Email\Email.php(1868): fsockopen('sandbox.smtp.ma...', '2525', NULL, NULL, 5)
#2 D:\projects\visaalliance-crm\system\Email\Email.php(1782): CodeIgniter\Email\Email->SMTPConnect()
#3 D:\projects\visaalliance-crm\system\Email\Email.php(1667): CodeIgniter\Email\Email->sendWithSmtp()
#4 D:\projects\visaalliance-crm\system\Email\Email.php(1565): CodeIgniter\Email\Email->spoolEmail()
#5 D:\projects\visaalliance-crm\app\Controllers\Settings.php(200): CodeIgniter\Email\Email->send()
#6 D:\projects\visaalliance-crm\system\CodeIgniter.php(932): App\Controllers\Settings->save_email_settings()
#7 D:\projects\visaalliance-crm\system\CodeIgniter.php(497): CodeIgniter\CodeIgniter->runController(Object(App\Controllers\Settings))
#8 D:\projects\visaalliance-crm\system\CodeIgniter.php(366): CodeIgniter\CodeIgniter->handleRequest(NULL, Object(Config\Cache), false)
#9 D:\projects\visaalliance-crm\index.php(80): CodeIgniter\CodeIgniter->run()
#10 {main}
ERROR - 2024-03-04 07:42:12 --> Email: Unable to send email using SMTP. Your server might not be configured to send mail using this method.
ERROR - 2024-03-04 07:42:12 --> 
ERROR - 2024-03-04 07:42:12 --> Unable to send email using SMTP. Your server might not be configured to send mail using this method.<br><pre>Date: Mon, 4 Mar 2024 07:42:07 -0600
From: &quot;Visa Alliance&quot; &lt;admin@visaalliance.com.au&gt;
Return-Path: &lt;admin@visaalliance.com.au&gt;
To: munaweranwar2@gmail.com
Subject: =?UTF-8?Q?Test=20message?=
Reply-To: &lt;admin@visaalliance.com.au&gt;
User-Agent: CodeIgniter
X-Sender: admin@visaalliance.com.au
X-Mailer: CodeIgniter
X-Priority: 3 (Normal)
Message-ID: &lt;65e5cfaf14b5a5.21415613@visaalliance.com.au&gt;
Mime-Version: 1.0


Content-Type: multipart/alternative; boundary=&quot;B_ALT_65e5cfaf14b6d0.37471234&quot;

This is a multi-part message in MIME format.
Your email application may not support this format.

--B_ALT_65e5cfaf14b6d0.37471234
Content-Type: text/plain; charset=UTF-8
Content-Transfer-Encoding: 8bit

This is a test message to check mail configuration.


--B_ALT_65e5cfaf14b6d0.37471234
Content-Type: text/html; charset=UTF-8
Content-Transfer-Encoding: quoted-printable

This is a test message to check mail configuration.

--B_ALT_65e5cfaf14b6d0.37471234--</pre>
ERROR - 2024-03-04 07:48:03 --> Email: sendWithSmtp throwed ErrorException: fsockopen(): Unable to connect to sandbox.smtp.mailtrap.io:25 (A connection attempt failed because the connected party did not properly respond after a period of time, or established connection failed because connected host has failed to respond) in D:\projects\visaalliance-crm\system\Email\Email.php:1868
Stack trace:
#0 [internal function]: CodeIgniter\Debug\Exceptions->errorHandler(2, 'fsockopen(): Un...', 'D:\\projects\\vis...', 1868)
#1 D:\projects\visaalliance-crm\system\Email\Email.php(1868): fsockopen('sandbox.smtp.ma...', '25', NULL, NULL, 5)
#2 D:\projects\visaalliance-crm\system\Email\Email.php(1782): CodeIgniter\Email\Email->SMTPConnect()
#3 D:\projects\visaalliance-crm\system\Email\Email.php(1667): CodeIgniter\Email\Email->sendWithSmtp()
#4 D:\projects\visaalliance-crm\system\Email\Email.php(1565): CodeIgniter\Email\Email->spoolEmail()
#5 D:\projects\visaalliance-crm\app\Controllers\Settings.php(200): CodeIgniter\Email\Email->send()
#6 D:\projects\visaalliance-crm\system\CodeIgniter.php(932): App\Controllers\Settings->save_email_settings()
#7 D:\projects\visaalliance-crm\system\CodeIgniter.php(497): CodeIgniter\CodeIgniter->runController(Object(App\Controllers\Settings))
#8 D:\projects\visaalliance-crm\system\CodeIgniter.php(366): CodeIgniter\CodeIgniter->handleRequest(NULL, Object(Config\Cache), false)
#9 D:\projects\visaalliance-crm\index.php(80): CodeIgniter\CodeIgniter->run()
#10 {main}
ERROR - 2024-03-04 07:48:03 --> Email: Unable to send email using SMTP. Your server might not be configured to send mail using this method.
ERROR - 2024-03-04 07:48:03 --> 
ERROR - 2024-03-04 07:48:03 --> Unable to send email using SMTP. Your server might not be configured to send mail using this method.<br><pre>Date: Mon, 4 Mar 2024 07:47:57 -0600
From: &quot;Visa Alliance&quot; &lt;admin@visaalliance.com.au&gt;
Return-Path: &lt;admin@visaalliance.com.au&gt;
To: munaweranwar2@gmail.com
Subject: =?UTF-8?Q?Test=20message?=
Reply-To: &lt;admin@visaalliance.com.au&gt;
User-Agent: CodeIgniter
X-Sender: admin@visaalliance.com.au
X-Mailer: CodeIgniter
X-Priority: 3 (Normal)
Message-ID: &lt;65e5d10dd890f3.30691048@visaalliance.com.au&gt;
Mime-Version: 1.0


Content-Type: multipart/alternative; boundary=&quot;B_ALT_65e5d10dd89246.09363435&quot;

This is a multi-part message in MIME format.
Your email application may not support this format.

--B_ALT_65e5d10dd89246.09363435
Content-Type: text/plain; charset=UTF-8
Content-Transfer-Encoding: 8bit

This is a test message to check mail configuration.


--B_ALT_65e5d10dd89246.09363435
Content-Type: text/html; charset=UTF-8
Content-Transfer-Encoding: quoted-printable

This is a test message to check mail configuration.

--B_ALT_65e5d10dd89246.09363435--</pre>
ERROR - 2024-03-04 07:48:18 --> Email: sendWithSmtp throwed ErrorException: fsockopen(): Unable to connect to sandbox.smtp.mailtrap.io:465 (A connection attempt failed because the connected party did not properly respond after a period of time, or established connection failed because connected host has failed to respond) in D:\projects\visaalliance-crm\system\Email\Email.php:1868
Stack trace:
#0 [internal function]: CodeIgniter\Debug\Exceptions->errorHandler(2, 'fsockopen(): Un...', 'D:\\projects\\vis...', 1868)
#1 D:\projects\visaalliance-crm\system\Email\Email.php(1868): fsockopen('sandbox.smtp.ma...', '465', NULL, NULL, 5)
#2 D:\projects\visaalliance-crm\system\Email\Email.php(1782): CodeIgniter\Email\Email->SMTPConnect()
#3 D:\projects\visaalliance-crm\system\Email\Email.php(1667): CodeIgniter\Email\Email->sendWithSmtp()
#4 D:\projects\visaalliance-crm\system\Email\Email.php(1565): CodeIgniter\Email\Email->spoolEmail()
#5 D:\projects\visaalliance-crm\app\Controllers\Settings.php(200): CodeIgniter\Email\Email->send()
#6 D:\projects\visaalliance-crm\system\CodeIgniter.php(932): App\Controllers\Settings->save_email_settings()
#7 D:\projects\visaalliance-crm\system\CodeIgniter.php(497): CodeIgniter\CodeIgniter->runController(Object(App\Controllers\Settings))
#8 D:\projects\visaalliance-crm\system\CodeIgniter.php(366): CodeIgniter\CodeIgniter->handleRequest(NULL, Object(Config\Cache), false)
#9 D:\projects\visaalliance-crm\index.php(80): CodeIgniter\CodeIgniter->run()
#10 {main}
ERROR - 2024-03-04 07:48:18 --> Email: Unable to send email using SMTP. Your server might not be configured to send mail using this method.
ERROR - 2024-03-04 07:48:18 --> 
ERROR - 2024-03-04 07:48:18 --> Unable to send email using SMTP. Your server might not be configured to send mail using this method.<br><pre>Date: Mon, 4 Mar 2024 07:48:13 -0600
From: &quot;Visa Alliance&quot; &lt;admin@visaalliance.com.au&gt;
Return-Path: &lt;admin@visaalliance.com.au&gt;
To: munaweranwar2@gmail.com
Subject: =?UTF-8?Q?Test=20message?=
Reply-To: &lt;admin@visaalliance.com.au&gt;
User-Agent: CodeIgniter
X-Sender: admin@visaalliance.com.au
X-Mailer: CodeIgniter
X-Priority: 3 (Normal)
Message-ID: &lt;65e5d11d9f2aa9.68767258@visaalliance.com.au&gt;
Mime-Version: 1.0


Content-Type: multipart/alternative; boundary=&quot;B_ALT_65e5d11d9f2ba4.01221775&quot;

This is a multi-part message in MIME format.
Your email application may not support this format.

--B_ALT_65e5d11d9f2ba4.01221775
Content-Type: text/plain; charset=UTF-8
Content-Transfer-Encoding: 8bit

This is a test message to check mail configuration.


--B_ALT_65e5d11d9f2ba4.01221775
Content-Type: text/html; charset=UTF-8
Content-Transfer-Encoding: quoted-printable

This is a test message to check mail configuration.

--B_ALT_65e5d11d9f2ba4.01221775--</pre>
ERROR - 2024-03-04 07:48:34 --> Email: sendWithSmtp throwed ErrorException: fsockopen(): Unable to connect to sandbox.smtp.mailtrap.io:587 (A connection attempt failed because the connected party did not properly respond after a period of time, or established connection failed because connected host has failed to respond) in D:\projects\visaalliance-crm\system\Email\Email.php:1868
Stack trace:
#0 [internal function]: CodeIgniter\Debug\Exceptions->errorHandler(2, 'fsockopen(): Un...', 'D:\\projects\\vis...', 1868)
#1 D:\projects\visaalliance-crm\system\Email\Email.php(1868): fsockopen('sandbox.smtp.ma...', '587', NULL, NULL, 5)
#2 D:\projects\visaalliance-crm\system\Email\Email.php(1782): CodeIgniter\Email\Email->SMTPConnect()
#3 D:\projects\visaalliance-crm\system\Email\Email.php(1667): CodeIgniter\Email\Email->sendWithSmtp()
#4 D:\projects\visaalliance-crm\system\Email\Email.php(1565): CodeIgniter\Email\Email->spoolEmail()
#5 D:\projects\visaalliance-crm\app\Controllers\Settings.php(200): CodeIgniter\Email\Email->send()
#6 D:\projects\visaalliance-crm\system\CodeIgniter.php(932): App\Controllers\Settings->save_email_settings()
#7 D:\projects\visaalliance-crm\system\CodeIgniter.php(497): CodeIgniter\CodeIgniter->runController(Object(App\Controllers\Settings))
#8 D:\projects\visaalliance-crm\system\CodeIgniter.php(366): CodeIgniter\CodeIgniter->handleRequest(NULL, Object(Config\Cache), false)
#9 D:\projects\visaalliance-crm\index.php(80): CodeIgniter\CodeIgniter->run()
#10 {main}
ERROR - 2024-03-04 07:48:34 --> Email: Unable to send email using SMTP. Your server might not be configured to send mail using this method.
ERROR - 2024-03-04 07:48:34 --> 
ERROR - 2024-03-04 07:48:34 --> Unable to send email using SMTP. Your server might not be configured to send mail using this method.<br><pre>Date: Mon, 4 Mar 2024 07:48:29 -0600
From: &quot;Visa Alliance&quot; &lt;admin@visaalliance.com.au&gt;
Return-Path: &lt;admin@visaalliance.com.au&gt;
To: munaweranwar2@gmail.com
Subject: =?UTF-8?Q?Test=20message?=
Reply-To: &lt;admin@visaalliance.com.au&gt;
User-Agent: CodeIgniter
X-Sender: admin@visaalliance.com.au
X-Mailer: CodeIgniter
X-Priority: 3 (Normal)
Message-ID: &lt;65e5d12d4b6295.95790282@visaalliance.com.au&gt;
Mime-Version: 1.0


Content-Type: multipart/alternative; boundary=&quot;B_ALT_65e5d12d4b6384.46565306&quot;

This is a multi-part message in MIME format.
Your email application may not support this format.

--B_ALT_65e5d12d4b6384.46565306
Content-Type: text/plain; charset=UTF-8
Content-Transfer-Encoding: 8bit

This is a test message to check mail configuration.


--B_ALT_65e5d12d4b6384.46565306
Content-Type: text/html; charset=UTF-8
Content-Transfer-Encoding: quoted-printable

This is a test message to check mail configuration.

--B_ALT_65e5d12d4b6384.46565306--</pre>
ERROR - 2024-03-04 08:09:42 --> Email: sendWithSmtp throwed ErrorException: fsockopen(): Unable to connect to sandbox.smtp.mailtrap.io:587 (A connection attempt failed because the connected party did not properly respond after a period of time, or established connection failed because connected host has failed to respond) in D:\projects\visaalliance-crm\system\Email\Email.php:1868
Stack trace:
#0 [internal function]: CodeIgniter\Debug\Exceptions->errorHandler(2, 'fsockopen(): Un...', 'D:\\projects\\vis...', 1868)
#1 D:\projects\visaalliance-crm\system\Email\Email.php(1868): fsockopen('sandbox.smtp.ma...', '587', NULL, NULL, 5)
#2 D:\projects\visaalliance-crm\system\Email\Email.php(1782): CodeIgniter\Email\Email->SMTPConnect()
#3 D:\projects\visaalliance-crm\system\Email\Email.php(1667): CodeIgniter\Email\Email->sendWithSmtp()
#4 D:\projects\visaalliance-crm\system\Email\Email.php(1565): CodeIgniter\Email\Email->spoolEmail()
#5 D:\projects\visaalliance-crm\app\Controllers\Settings.php(200): CodeIgniter\Email\Email->send()
#6 D:\projects\visaalliance-crm\system\CodeIgniter.php(932): App\Controllers\Settings->save_email_settings()
#7 D:\projects\visaalliance-crm\system\CodeIgniter.php(497): CodeIgniter\CodeIgniter->runController(Object(App\Controllers\Settings))
#8 D:\projects\visaalliance-crm\system\CodeIgniter.php(366): CodeIgniter\CodeIgniter->handleRequest(NULL, Object(Config\Cache), false)
#9 D:\projects\visaalliance-crm\index.php(80): CodeIgniter\CodeIgniter->run()
#10 {main}
ERROR - 2024-03-04 08:09:42 --> Email: Unable to send email using SMTP. Your server might not be configured to send mail using this method.
ERROR - 2024-03-04 08:09:42 --> 
ERROR - 2024-03-04 08:09:42 --> Unable to send email using SMTP. Your server might not be configured to send mail using this method.<br><pre>Date: Mon, 4 Mar 2024 08:09:36 -0600
From: &quot;Visa Alliance&quot; &lt;admin@visaalliance.com.au&gt;
Return-Path: &lt;admin@visaalliance.com.au&gt;
To: munaweranwar2@gmail.com
Subject: =?UTF-8?Q?Test=20message?=
Reply-To: &lt;admin@visaalliance.com.au&gt;
User-Agent: CodeIgniter
X-Sender: admin@visaalliance.com.au
X-Mailer: CodeIgniter
X-Priority: 3 (Normal)
Message-ID: &lt;65e5d620f03a16.18805087@visaalliance.com.au&gt;
Mime-Version: 1.0


Content-Type: multipart/alternative; boundary=&quot;B_ALT_65e5d620f04154.96987662&quot;

This is a multi-part message in MIME format.
Your email application may not support this format.

--B_ALT_65e5d620f04154.96987662
Content-Type: text/plain; charset=UTF-8
Content-Transfer-Encoding: 8bit

This is a test message to check mail configuration.


--B_ALT_65e5d620f04154.96987662
Content-Type: text/html; charset=UTF-8
Content-Transfer-Encoding: quoted-printable

This is a test message to check mail configuration.

--B_ALT_65e5d620f04154.96987662--</pre>
ERROR - 2024-03-04 08:13:57 --> Email: sendWithSmtp throwed ErrorException: fsockopen(): Unable to connect to sandbox.smtp.mailtrap.io:2525 (A connection attempt failed because the connected party did not properly respond after a period of time, or established connection failed because connected host has failed to respond) in D:\projects\visaalliance-crm\system\Email\Email.php:1868
Stack trace:
#0 [internal function]: CodeIgniter\Debug\Exceptions->errorHandler(2, 'fsockopen(): Un...', 'D:\\projects\\vis...', 1868)
#1 D:\projects\visaalliance-crm\system\Email\Email.php(1868): fsockopen('sandbox.smtp.ma...', '2525', NULL, NULL, 5)
#2 D:\projects\visaalliance-crm\system\Email\Email.php(1782): CodeIgniter\Email\Email->SMTPConnect()
#3 D:\projects\visaalliance-crm\system\Email\Email.php(1667): CodeIgniter\Email\Email->sendWithSmtp()
#4 D:\projects\visaalliance-crm\system\Email\Email.php(1565): CodeIgniter\Email\Email->spoolEmail()
#5 D:\projects\visaalliance-crm\app\Controllers\Settings.php(200): CodeIgniter\Email\Email->send()
#6 D:\projects\visaalliance-crm\system\CodeIgniter.php(932): App\Controllers\Settings->save_email_settings()
#7 D:\projects\visaalliance-crm\system\CodeIgniter.php(497): CodeIgniter\CodeIgniter->runController(Object(App\Controllers\Settings))
#8 D:\projects\visaalliance-crm\system\CodeIgniter.php(366): CodeIgniter\CodeIgniter->handleRequest(NULL, Object(Config\Cache), false)
#9 D:\projects\visaalliance-crm\index.php(80): CodeIgniter\CodeIgniter->run()
#10 {main}
ERROR - 2024-03-04 08:13:57 --> Email: Unable to send email using SMTP. Your server might not be configured to send mail using this method.
ERROR - 2024-03-04 08:13:57 --> 
ERROR - 2024-03-04 08:13:57 --> Unable to send email using SMTP. Your server might not be configured to send mail using this method.<br><pre>Date: Mon, 4 Mar 2024 08:13:52 -0600
From: &quot;Visa Alliance&quot; &lt;admin@visaalliance.com.au&gt;
Return-Path: &lt;admin@visaalliance.com.au&gt;
To: munawar@queper.co
Subject: =?UTF-8?Q?Test=20message?=
Reply-To: &lt;admin@visaalliance.com.au&gt;
User-Agent: CodeIgniter
X-Sender: admin@visaalliance.com.au
X-Mailer: CodeIgniter
X-Priority: 3 (Normal)
Message-ID: &lt;65e5d72085d365.05986783@visaalliance.com.au&gt;
Mime-Version: 1.0


Content-Type: multipart/alternative; boundary=&quot;B_ALT_65e5d72085d487.69279827&quot;

This is a multi-part message in MIME format.
Your email application may not support this format.

--B_ALT_65e5d72085d487.69279827
Content-Type: text/plain; charset=UTF-8
Content-Transfer-Encoding: 8bit

This is a test message to check mail configuration.


--B_ALT_65e5d72085d487.69279827
Content-Type: text/html; charset=UTF-8
Content-Transfer-Encoding: quoted-printable

This is a test message to check mail configuration.

--B_ALT_65e5d72085d487.69279827--</pre>
ERROR - 2024-03-04 08:15:29 --> Email: sendWithSmtp throwed ErrorException: fsockopen(): Unable to connect to sandbox.smtp.mailtrap.io:2525 (A connection attempt failed because the connected party did not properly respond after a period of time, or established connection failed because connected host has failed to respond) in D:\projects\visaalliance-crm\system\Email\Email.php:1868
Stack trace:
#0 [internal function]: CodeIgniter\Debug\Exceptions->errorHandler(2, 'fsockopen(): Un...', 'D:\\projects\\vis...', 1868)
#1 D:\projects\visaalliance-crm\system\Email\Email.php(1868): fsockopen('sandbox.smtp.ma...', '2525', NULL, NULL, 5)
#2 D:\projects\visaalliance-crm\system\Email\Email.php(1782): CodeIgniter\Email\Email->SMTPConnect()
#3 D:\projects\visaalliance-crm\system\Email\Email.php(1667): CodeIgniter\Email\Email->sendWithSmtp()
#4 D:\projects\visaalliance-crm\system\Email\Email.php(1565): CodeIgniter\Email\Email->spoolEmail()
#5 D:\projects\visaalliance-crm\app\Controllers\Settings.php(200): CodeIgniter\Email\Email->send()
#6 D:\projects\visaalliance-crm\system\CodeIgniter.php(932): App\Controllers\Settings->save_email_settings()
#7 D:\projects\visaalliance-crm\system\CodeIgniter.php(497): CodeIgniter\CodeIgniter->runController(Object(App\Controllers\Settings))
#8 D:\projects\visaalliance-crm\system\CodeIgniter.php(366): CodeIgniter\CodeIgniter->handleRequest(NULL, Object(Config\Cache), false)
#9 D:\projects\visaalliance-crm\index.php(80): CodeIgniter\CodeIgniter->run()
#10 {main}
ERROR - 2024-03-04 08:15:29 --> Email: Unable to send email using SMTP. Your server might not be configured to send mail using this method.
ERROR - 2024-03-04 08:15:29 --> 
ERROR - 2024-03-04 08:15:29 --> Unable to send email using SMTP. Your server might not be configured to send mail using this method.<br><pre>Date: Mon, 4 Mar 2024 08:15:24 -0600
From: &quot;Visa Alliance&quot; &lt;admin@visaalliance.com.au&gt;
Return-Path: &lt;admin@visaalliance.com.au&gt;
To: munawar@queper.co
Subject: =?UTF-8?Q?Test=20message?=
Reply-To: &lt;admin@visaalliance.com.au&gt;
User-Agent: CodeIgniter
X-Sender: admin@visaalliance.com.au
X-Mailer: CodeIgniter
X-Priority: 3 (Normal)
Message-ID: &lt;65e5d77c9465d4.52102297@visaalliance.com.au&gt;
Mime-Version: 1.0


Content-Type: multipart/alternative; boundary=&quot;B_ALT_65e5d77c9467d1.35695878&quot;

This is a multi-part message in MIME format.
Your email application may not support this format.

--B_ALT_65e5d77c9467d1.35695878
Content-Type: text/plain; charset=UTF-8
Content-Transfer-Encoding: 8bit

This is a test message to check mail configuration.


--B_ALT_65e5d77c9467d1.35695878
Content-Type: text/html; charset=UTF-8
Content-Transfer-Encoding: quoted-printable

This is a test message to check mail configuration.

--B_ALT_65e5d77c9467d1.35695878--</pre>
ERROR - 2024-03-04 08:16:39 --> Email: sendWithSmtp throwed ErrorException: fsockopen(): Unable to connect to sandbox.smtp.mailtrap.io:2525 (A connection attempt failed because the connected party did not properly respond after a period of time, or established connection failed because connected host has failed to respond) in D:\projects\visaalliance-crm\system\Email\Email.php:1868
Stack trace:
#0 [internal function]: CodeIgniter\Debug\Exceptions->errorHandler(2, 'fsockopen(): Un...', 'D:\\projects\\vis...', 1868)
#1 D:\projects\visaalliance-crm\system\Email\Email.php(1868): fsockopen('sandbox.smtp.ma...', '2525', NULL, NULL, 5)
#2 D:\projects\visaalliance-crm\system\Email\Email.php(1782): CodeIgniter\Email\Email->SMTPConnect()
#3 D:\projects\visaalliance-crm\system\Email\Email.php(1667): CodeIgniter\Email\Email->sendWithSmtp()
#4 D:\projects\visaalliance-crm\system\Email\Email.php(1565): CodeIgniter\Email\Email->spoolEmail()
#5 D:\projects\visaalliance-crm\app\Controllers\Settings.php(200): CodeIgniter\Email\Email->send()
#6 D:\projects\visaalliance-crm\system\CodeIgniter.php(932): App\Controllers\Settings->save_email_settings()
#7 D:\projects\visaalliance-crm\system\CodeIgniter.php(497): CodeIgniter\CodeIgniter->runController(Object(App\Controllers\Settings))
#8 D:\projects\visaalliance-crm\system\CodeIgniter.php(366): CodeIgniter\CodeIgniter->handleRequest(NULL, Object(Config\Cache), false)
#9 D:\projects\visaalliance-crm\index.php(80): CodeIgniter\CodeIgniter->run()
#10 {main}
ERROR - 2024-03-04 08:16:39 --> Email: Unable to send email using SMTP. Your server might not be configured to send mail using this method.
ERROR - 2024-03-04 08:16:39 --> 
ERROR - 2024-03-04 08:16:39 --> Unable to send email using SMTP. Your server might not be configured to send mail using this method.<br><pre>Date: Mon, 4 Mar 2024 08:16:34 -0600
From: &quot;Visa Alliance&quot; &lt;admin@visaalliance.com.au&gt;
Return-Path: &lt;admin@visaalliance.com.au&gt;
To: munawar@queper.co
Subject: =?UTF-8?Q?Test=20message?=
Reply-To: &lt;admin@visaalliance.com.au&gt;
User-Agent: CodeIgniter
X-Sender: admin@visaalliance.com.au
X-Mailer: CodeIgniter
X-Priority: 3 (Normal)
Message-ID: &lt;65e5d7c2316622.05974847@visaalliance.com.au&gt;
Mime-Version: 1.0


Content-Type: multipart/alternative; boundary=&quot;B_ALT_65e5d7c2316758.67242198&quot;

This is a multi-part message in MIME format.
Your email application may not support this format.

--B_ALT_65e5d7c2316758.67242198
Content-Type: text/plain; charset=UTF-8
Content-Transfer-Encoding: 8bit

This is a test message to check mail configuration.


--B_ALT_65e5d7c2316758.67242198
Content-Type: text/html; charset=UTF-8
Content-Transfer-Encoding: quoted-printable

This is a test message to check mail configuration.

--B_ALT_65e5d7c2316758.67242198--</pre>
ERROR - 2024-03-04 08:17:00 --> Email: sendWithSmtp throwed ErrorException: fsockopen(): Unable to connect to sandbox.smtp.mailtrap.io:25 (A connection attempt failed because the connected party did not properly respond after a period of time, or established connection failed because connected host has failed to respond) in D:\projects\visaalliance-crm\system\Email\Email.php:1868
Stack trace:
#0 [internal function]: CodeIgniter\Debug\Exceptions->errorHandler(2, 'fsockopen(): Un...', 'D:\\projects\\vis...', 1868)
#1 D:\projects\visaalliance-crm\system\Email\Email.php(1868): fsockopen('sandbox.smtp.ma...', '25', NULL, NULL, 5)
#2 D:\projects\visaalliance-crm\system\Email\Email.php(1782): CodeIgniter\Email\Email->SMTPConnect()
#3 D:\projects\visaalliance-crm\system\Email\Email.php(1667): CodeIgniter\Email\Email->sendWithSmtp()
#4 D:\projects\visaalliance-crm\system\Email\Email.php(1565): CodeIgniter\Email\Email->spoolEmail()
#5 D:\projects\visaalliance-crm\app\Controllers\Settings.php(200): CodeIgniter\Email\Email->send()
#6 D:\projects\visaalliance-crm\system\CodeIgniter.php(932): App\Controllers\Settings->save_email_settings()
#7 D:\projects\visaalliance-crm\system\CodeIgniter.php(497): CodeIgniter\CodeIgniter->runController(Object(App\Controllers\Settings))
#8 D:\projects\visaalliance-crm\system\CodeIgniter.php(366): CodeIgniter\CodeIgniter->handleRequest(NULL, Object(Config\Cache), false)
#9 D:\projects\visaalliance-crm\index.php(80): CodeIgniter\CodeIgniter->run()
#10 {main}
ERROR - 2024-03-04 08:17:00 --> Email: Unable to send email using SMTP. Your server might not be configured to send mail using this method.
ERROR - 2024-03-04 08:17:00 --> 
ERROR - 2024-03-04 08:17:00 --> Unable to send email using SMTP. Your server might not be configured to send mail using this method.<br><pre>Date: Mon, 4 Mar 2024 08:16:55 -0600
From: &quot;Visa Alliance&quot; &lt;admin@visaalliance.com.au&gt;
Return-Path: &lt;admin@visaalliance.com.au&gt;
To: munawar@queper.co
Subject: =?UTF-8?Q?Test=20message?=
Reply-To: &lt;admin@visaalliance.com.au&gt;
User-Agent: CodeIgniter
X-Sender: admin@visaalliance.com.au
X-Mailer: CodeIgniter
X-Priority: 3 (Normal)
Message-ID: &lt;65e5d7d75b1320.49119024@visaalliance.com.au&gt;
Mime-Version: 1.0


Content-Type: multipart/alternative; boundary=&quot;B_ALT_65e5d7d75b1430.11707814&quot;

This is a multi-part message in MIME format.
Your email application may not support this format.

--B_ALT_65e5d7d75b1430.11707814
Content-Type: text/plain; charset=UTF-8
Content-Transfer-Encoding: 8bit

This is a test message to check mail configuration.


--B_ALT_65e5d7d75b1430.11707814
Content-Type: text/html; charset=UTF-8
Content-Transfer-Encoding: quoted-printable

This is a test message to check mail configuration.

--B_ALT_65e5d7d75b1430.11707814--</pre>
ERROR - 2024-03-04 08:17:17 --> Email: sendWithSmtp throwed ErrorException: fsockopen(): Unable to connect to sandbox.smtp.mailtrap.io:465 (A connection attempt failed because the connected party did not properly respond after a period of time, or established connection failed because connected host has failed to respond) in D:\projects\visaalliance-crm\system\Email\Email.php:1868
Stack trace:
#0 [internal function]: CodeIgniter\Debug\Exceptions->errorHandler(2, 'fsockopen(): Un...', 'D:\\projects\\vis...', 1868)
#1 D:\projects\visaalliance-crm\system\Email\Email.php(1868): fsockopen('sandbox.smtp.ma...', '465', NULL, NULL, 5)
#2 D:\projects\visaalliance-crm\system\Email\Email.php(1782): CodeIgniter\Email\Email->SMTPConnect()
#3 D:\projects\visaalliance-crm\system\Email\Email.php(1667): CodeIgniter\Email\Email->sendWithSmtp()
#4 D:\projects\visaalliance-crm\system\Email\Email.php(1565): CodeIgniter\Email\Email->spoolEmail()
#5 D:\projects\visaalliance-crm\app\Controllers\Settings.php(200): CodeIgniter\Email\Email->send()
#6 D:\projects\visaalliance-crm\system\CodeIgniter.php(932): App\Controllers\Settings->save_email_settings()
#7 D:\projects\visaalliance-crm\system\CodeIgniter.php(497): CodeIgniter\CodeIgniter->runController(Object(App\Controllers\Settings))
#8 D:\projects\visaalliance-crm\system\CodeIgniter.php(366): CodeIgniter\CodeIgniter->handleRequest(NULL, Object(Config\Cache), false)
#9 D:\projects\visaalliance-crm\index.php(80): CodeIgniter\CodeIgniter->run()
#10 {main}
ERROR - 2024-03-04 08:17:17 --> Email: Unable to send email using SMTP. Your server might not be configured to send mail using this method.
ERROR - 2024-03-04 08:17:17 --> 
ERROR - 2024-03-04 08:17:17 --> Unable to send email using SMTP. Your server might not be configured to send mail using this method.<br><pre>Date: Mon, 4 Mar 2024 08:17:12 -0600
From: &quot;Visa Alliance&quot; &lt;admin@visaalliance.com.au&gt;
Return-Path: &lt;admin@visaalliance.com.au&gt;
To: munawar@queper.co
Subject: =?UTF-8?Q?Test=20message?=
Reply-To: &lt;admin@visaalliance.com.au&gt;
User-Agent: CodeIgniter
X-Sender: admin@visaalliance.com.au
X-Mailer: CodeIgniter
X-Priority: 3 (Normal)
Message-ID: &lt;65e5d7e840f8a9.91897830@visaalliance.com.au&gt;
Mime-Version: 1.0


Content-Type: multipart/alternative; boundary=&quot;B_ALT_65e5d7e840faa0.10782548&quot;

This is a multi-part message in MIME format.
Your email application may not support this format.

--B_ALT_65e5d7e840faa0.10782548
Content-Type: text/plain; charset=UTF-8
Content-Transfer-Encoding: 8bit

This is a test message to check mail configuration.


--B_ALT_65e5d7e840faa0.10782548
Content-Type: text/html; charset=UTF-8
Content-Transfer-Encoding: quoted-printable

This is a test message to check mail configuration.

--B_ALT_65e5d7e840faa0.10782548--</pre>
ERROR - 2024-03-04 08:20:01 --> Email: sendWithSmtp throwed ErrorException: fsockopen(): Unable to connect to sandbox.smtp.mailtrap.io:2525 (A connection attempt failed because the connected party did not properly respond after a period of time, or established connection failed because connected host has failed to respond) in D:\projects\visaalliance-crm\system\Email\Email.php:1868
Stack trace:
#0 [internal function]: CodeIgniter\Debug\Exceptions->errorHandler(2, 'fsockopen(): Un...', 'D:\\projects\\vis...', 1868)
#1 D:\projects\visaalliance-crm\system\Email\Email.php(1868): fsockopen('sandbox.smtp.ma...', '2525', NULL, NULL, 5)
#2 D:\projects\visaalliance-crm\system\Email\Email.php(1782): CodeIgniter\Email\Email->SMTPConnect()
#3 D:\projects\visaalliance-crm\system\Email\Email.php(1667): CodeIgniter\Email\Email->sendWithSmtp()
#4 D:\projects\visaalliance-crm\system\Email\Email.php(1565): CodeIgniter\Email\Email->spoolEmail()
#5 D:\projects\visaalliance-crm\app\Controllers\Settings.php(200): CodeIgniter\Email\Email->send()
#6 D:\projects\visaalliance-crm\system\CodeIgniter.php(932): App\Controllers\Settings->save_email_settings()
#7 D:\projects\visaalliance-crm\system\CodeIgniter.php(497): CodeIgniter\CodeIgniter->runController(Object(App\Controllers\Settings))
#8 D:\projects\visaalliance-crm\system\CodeIgniter.php(366): CodeIgniter\CodeIgniter->handleRequest(NULL, Object(Config\Cache), false)
#9 D:\projects\visaalliance-crm\index.php(80): CodeIgniter\CodeIgniter->run()
#10 {main}
ERROR - 2024-03-04 08:20:01 --> Email: Unable to send email using SMTP. Your server might not be configured to send mail using this method.
ERROR - 2024-03-04 08:20:01 --> 
ERROR - 2024-03-04 08:20:01 --> Unable to send email using SMTP. Your server might not be configured to send mail using this method.<br><pre>Date: Mon, 4 Mar 2024 08:19:56 -0600
From: &quot;Visa Alliance&quot; &lt;admin@visaalliance.com.au&gt;
Return-Path: &lt;admin@visaalliance.com.au&gt;
To: munawar@queper.co
Subject: =?UTF-8?Q?Test=20message?=
Reply-To: &lt;admin@visaalliance.com.au&gt;
User-Agent: CodeIgniter
X-Sender: admin@visaalliance.com.au
X-Mailer: CodeIgniter
X-Priority: 3 (Normal)
Message-ID: &lt;65e5d88c288e12.90322525@visaalliance.com.au&gt;
Mime-Version: 1.0


Content-Type: multipart/alternative; boundary=&quot;B_ALT_65e5d88c288f75.01465414&quot;

This is a multi-part message in MIME format.
Your email application may not support this format.

--B_ALT_65e5d88c288f75.01465414
Content-Type: text/plain; charset=UTF-8
Content-Transfer-Encoding: 8bit

This is a test message to check mail configuration.


--B_ALT_65e5d88c288f75.01465414
Content-Type: text/html; charset=UTF-8
Content-Transfer-Encoding: quoted-printable

This is a test message to check mail configuration.

--B_ALT_65e5d88c288f75.01465414--</pre>
