CRITICAL - 2024-01-04 00:55:02 --> foreach() argument must be of type array|object, null given
in APPPATH\Views\check_in\client_form_fields.php on line 171.
 1 APPPATH\Views\check_in\client_form_fields.php(171): CodeIgniter\Debug\Exceptions->errorHandler(2, 'foreach() argument must be of type array|object, null given', 'D:\\projects\\visaalliance-crm\\app\\Views\\check_in\\client_form_fields.php', 171)
 2 SYSTEMPATH\View\View.php(224): include('D:\\projects\\visaalliance-crm\\app\\Views\\check_in\\client_form_fields.php')
 3 SYSTEMPATH\View\View.php(227): CodeIgniter\View\View->CodeIgniter\View\{closure}()
 4 SYSTEMPATH\Common.php(1180): CodeIgniter\View\View->render('check_in/client_form_fields', [], true)
 5 APPPATH\Views\check_in\modal_form.php(21): view('check_in/client_form_fields')
 6 SYSTEMPATH\View\View.php(224): include('D:\\projects\\visaalliance-crm\\app\\Views\\check_in\\modal_form.php')
 7 SYSTEMPATH\View\View.php(227): CodeIgniter\View\View->CodeIgniter\View\{closure}()
 8 SYSTEMPATH\Common.php(1180): CodeIgniter\View\View->render('check_in/modal_form', [], true)
 9 APPPATH\Libraries\Template.php(38): view('check_in/modal_form', [...])
10 APPPATH\Controllers\Check_in.php(113): App\Libraries\Template->view('check_in/modal_form', [...])
11 SYSTEMPATH\CodeIgniter.php(932): App\Controllers\Check_in->modal_form()
12 SYSTEMPATH\CodeIgniter.php(497): CodeIgniter\CodeIgniter->runController(Object(App\Controllers\Check_in))
13 SYSTEMPATH\CodeIgniter.php(366): CodeIgniter\CodeIgniter->handleRequest(null, Object(Config\Cache), false)
14 FCPATH\index.php(80): CodeIgniter\CodeIgniter->run()
CRITICAL - 2024-01-04 01:28:30 --> Undefined variable $label_column
in APPPATH\Views\courses\widgets\course_overview_filter_widget.php on line 7.
 1 APPPATH\Views\courses\widgets\course_overview_filter_widget.php(7): CodeIgniter\Debug\Exceptions->errorHandler(2, 'Undefined variable $label_column', 'D:\\projects\\visaalliance-crm\\app\\Views\\courses\\widgets\\course_overview_filter_widget.php', 7)
 2 SYSTEMPATH\View\View.php(224): include('D:\\projects\\visaalliance-crm\\app\\Views\\courses\\widgets\\course_overview_filter_widget.php')
 3 SYSTEMPATH\View\View.php(227): CodeIgniter\View\View->CodeIgniter\View\{closure}()
 4 SYSTEMPATH\Common.php(1180): CodeIgniter\View\View->render('courses/widgets/course_overview_filter_widget', [], true)
 5 APPPATH\Libraries\Template.php(38): view('courses/widgets/course_overview_filter_widget', [...])
 6 APPPATH\Helpers\widget_helper.php(1266): App\Libraries\Template->view('courses/widgets/course_overview_filter_widget', [], false)
 7 APPPATH\Views\courses\overview\index.php(4): course_overview_filter_widget(false, [])
 8 SYSTEMPATH\View\View.php(224): include('D:\\projects\\visaalliance-crm\\app\\Views\\courses\\overview\\index.php')
 9 SYSTEMPATH\View\View.php(227): CodeIgniter\View\View->CodeIgniter\View\{closure}()
10 SYSTEMPATH\Common.php(1180): CodeIgniter\View\View->render('courses/overview/index', [], true)
11 APPPATH\Views\courses\index.php(4): view('courses/overview/index')
12 SYSTEMPATH\View\View.php(224): include('D:\\projects\\visaalliance-crm\\app\\Views\\courses\\index.php')
13 SYSTEMPATH\View\View.php(227): CodeIgniter\View\View->CodeIgniter\View\{closure}()
14 SYSTEMPATH\Common.php(1180): CodeIgniter\View\View->render('courses/index', [], true)
15 APPPATH\Views\layout\index.php(59): view('courses/index')
16 SYSTEMPATH\View\View.php(224): include('D:\\projects\\visaalliance-crm\\app\\Views\\layout\\index.php')
17 SYSTEMPATH\View\View.php(227): CodeIgniter\View\View->CodeIgniter\View\{closure}()
18 SYSTEMPATH\Common.php(1180): CodeIgniter\View\View->render('layout/index', [], true)
19 APPPATH\Libraries\Template.php(38): view('layout/index', [...])
20 APPPATH\Libraries\Template.php(22): App\Libraries\Template->view('layout/index', [...])
21 APPPATH\Controllers\Courses.php(48): App\Libraries\Template->rander('courses/index', [...])
22 SYSTEMPATH\CodeIgniter.php(932): App\Controllers\Courses->index()
23 SYSTEMPATH\CodeIgniter.php(497): CodeIgniter\CodeIgniter->runController(Object(App\Controllers\Courses))
24 SYSTEMPATH\CodeIgniter.php(366): CodeIgniter\CodeIgniter->handleRequest(null, Object(Config\Cache), false)
25 FCPATH\index.php(80): CodeIgniter\CodeIgniter->run()
CRITICAL - 2024-01-04 01:58:36 --> Undefined variable $label_column
in APPPATH\Views\courses\widgets\course_overview_filter_widget.php on line 37.
 1 APPPATH\Views\courses\widgets\course_overview_filter_widget.php(37): CodeIgniter\Debug\Exceptions->errorHandler(2, 'Undefined variable $label_column', 'D:\\projects\\visaalliance-crm\\app\\Views\\courses\\widgets\\course_overview_filter_widget.php', 37)
 2 SYSTEMPATH\View\View.php(224): include('D:\\projects\\visaalliance-crm\\app\\Views\\courses\\widgets\\course_overview_filter_widget.php')
 3 SYSTEMPATH\View\View.php(227): CodeIgniter\View\View->CodeIgniter\View\{closure}()
 4 SYSTEMPATH\Common.php(1180): CodeIgniter\View\View->render('courses/widgets/course_overview_filter_widget', [], true)
 5 APPPATH\Libraries\Template.php(38): view('courses/widgets/course_overview_filter_widget', [...])
 6 APPPATH\Helpers\widget_helper.php(1266): App\Libraries\Template->view('courses/widgets/course_overview_filter_widget', [], false)
 7 APPPATH\Views\courses\overview\index.php(4): course_overview_filter_widget(false, [])
 8 SYSTEMPATH\View\View.php(224): include('D:\\projects\\visaalliance-crm\\app\\Views\\courses\\overview\\index.php')
 9 SYSTEMPATH\View\View.php(227): CodeIgniter\View\View->CodeIgniter\View\{closure}()
10 SYSTEMPATH\Common.php(1180): CodeIgniter\View\View->render('courses/overview/index', [], true)
11 APPPATH\Views\courses\index.php(4): view('courses/overview/index')
12 SYSTEMPATH\View\View.php(224): include('D:\\projects\\visaalliance-crm\\app\\Views\\courses\\index.php')
13 SYSTEMPATH\View\View.php(227): CodeIgniter\View\View->CodeIgniter\View\{closure}()
14 SYSTEMPATH\Common.php(1180): CodeIgniter\View\View->render('courses/index', [], true)
15 APPPATH\Views\layout\index.php(59): view('courses/index')
16 SYSTEMPATH\View\View.php(224): include('D:\\projects\\visaalliance-crm\\app\\Views\\layout\\index.php')
17 SYSTEMPATH\View\View.php(227): CodeIgniter\View\View->CodeIgniter\View\{closure}()
18 SYSTEMPATH\Common.php(1180): CodeIgniter\View\View->render('layout/index', [], true)
19 APPPATH\Libraries\Template.php(38): view('layout/index', [...])
20 APPPATH\Libraries\Template.php(22): App\Libraries\Template->view('layout/index', [...])
21 APPPATH\Controllers\Courses.php(48): App\Libraries\Template->rander('courses/index', [...])
22 SYSTEMPATH\CodeIgniter.php(932): App\Controllers\Courses->index()
23 SYSTEMPATH\CodeIgniter.php(497): CodeIgniter\CodeIgniter->runController(Object(App\Controllers\Courses))
24 SYSTEMPATH\CodeIgniter.php(366): CodeIgniter\CodeIgniter->handleRequest(null, Object(Config\Cache), false)
25 FCPATH\index.php(80): CodeIgniter\CodeIgniter->run()
CRITICAL - 2024-01-04 02:00:55 --> Undefined variable $field_column
in APPPATH\Views\courses\widgets\course_overview_filter_widget.php on line 8.
 1 APPPATH\Views\courses\widgets\course_overview_filter_widget.php(8): CodeIgniter\Debug\Exceptions->errorHandler(2, 'Undefined variable $field_column', 'D:\\projects\\visaalliance-crm\\app\\Views\\courses\\widgets\\course_overview_filter_widget.php', 8)
 2 SYSTEMPATH\View\View.php(224): include('D:\\projects\\visaalliance-crm\\app\\Views\\courses\\widgets\\course_overview_filter_widget.php')
 3 SYSTEMPATH\View\View.php(227): CodeIgniter\View\View->CodeIgniter\View\{closure}()
 4 SYSTEMPATH\Common.php(1180): CodeIgniter\View\View->render('courses/widgets/course_overview_filter_widget', [], true)
 5 APPPATH\Libraries\Template.php(38): view('courses/widgets/course_overview_filter_widget', [...])
 6 APPPATH\Helpers\widget_helper.php(1266): App\Libraries\Template->view('courses/widgets/course_overview_filter_widget', [], false)
 7 APPPATH\Views\courses\overview\index.php(4): course_overview_filter_widget(false, [])
 8 SYSTEMPATH\View\View.php(224): include('D:\\projects\\visaalliance-crm\\app\\Views\\courses\\overview\\index.php')
 9 SYSTEMPATH\View\View.php(227): CodeIgniter\View\View->CodeIgniter\View\{closure}()
10 SYSTEMPATH\Common.php(1180): CodeIgniter\View\View->render('courses/overview/index', [], true)
11 APPPATH\Views\courses\index.php(4): view('courses/overview/index')
12 SYSTEMPATH\View\View.php(224): include('D:\\projects\\visaalliance-crm\\app\\Views\\courses\\index.php')
13 SYSTEMPATH\View\View.php(227): CodeIgniter\View\View->CodeIgniter\View\{closure}()
14 SYSTEMPATH\Common.php(1180): CodeIgniter\View\View->render('courses/index', [], true)
15 APPPATH\Views\layout\index.php(59): view('courses/index')
16 SYSTEMPATH\View\View.php(224): include('D:\\projects\\visaalliance-crm\\app\\Views\\layout\\index.php')
17 SYSTEMPATH\View\View.php(227): CodeIgniter\View\View->CodeIgniter\View\{closure}()
18 SYSTEMPATH\Common.php(1180): CodeIgniter\View\View->render('layout/index', [], true)
19 APPPATH\Libraries\Template.php(38): view('layout/index', [...])
20 APPPATH\Libraries\Template.php(22): App\Libraries\Template->view('layout/index', [...])
21 APPPATH\Controllers\Courses.php(48): App\Libraries\Template->rander('courses/index', [...])
22 SYSTEMPATH\CodeIgniter.php(932): App\Controllers\Courses->index()
23 SYSTEMPATH\CodeIgniter.php(497): CodeIgniter\CodeIgniter->runController(Object(App\Controllers\Courses))
24 SYSTEMPATH\CodeIgniter.php(366): CodeIgniter\CodeIgniter->handleRequest(null, Object(Config\Cache), false)
25 FCPATH\index.php(80): CodeIgniter\CodeIgniter->run()
CRITICAL - 2024-01-04 04:15:45 --> Attempt to read property "title" on array
in APPPATH\Views\courses\widgets\course_overview_course_widget.php on line 3.
 1 APPPATH\Views\courses\widgets\course_overview_course_widget.php(3): CodeIgniter\Debug\Exceptions->errorHandler(2, 'Attempt to read property "title" on array', 'D:\\projects\\visaalliance-crm\\app\\Views\\courses\\widgets\\course_overview_course_widget.php', 3)
 2 SYSTEMPATH\View\View.php(224): include('D:\\projects\\visaalliance-crm\\app\\Views\\courses\\widgets\\course_overview_course_widget.php')
 3 SYSTEMPATH\View\View.php(227): CodeIgniter\View\View->CodeIgniter\View\{closure}()
 4 SYSTEMPATH\Common.php(1180): CodeIgniter\View\View->render('courses/widgets/course_overview_course_widget', [], true)
 5 APPPATH\Libraries\Template.php(38): view('courses/widgets/course_overview_course_widget', [...])
 6 APPPATH\Helpers\widget_helper.php(1366): App\Libraries\Template->view('courses/widgets/course_overview_course_widget', [...], false)
 7 APPPATH\Views\courses\overview\index.php(10): course_overview_course_widget(false, [])
 8 SYSTEMPATH\View\View.php(224): include('D:\\projects\\visaalliance-crm\\app\\Views\\courses\\overview\\index.php')
 9 SYSTEMPATH\View\View.php(227): CodeIgniter\View\View->CodeIgniter\View\{closure}()
10 SYSTEMPATH\Common.php(1180): CodeIgniter\View\View->render('courses/overview/index', [], true)
11 APPPATH\Views\courses\index.php(4): view('courses/overview/index')
12 SYSTEMPATH\View\View.php(224): include('D:\\projects\\visaalliance-crm\\app\\Views\\courses\\index.php')
13 SYSTEMPATH\View\View.php(227): CodeIgniter\View\View->CodeIgniter\View\{closure}()
14 SYSTEMPATH\Common.php(1180): CodeIgniter\View\View->render('courses/index', [], true)
15 APPPATH\Views\layout\index.php(59): view('courses/index')
16 SYSTEMPATH\View\View.php(224): include('D:\\projects\\visaalliance-crm\\app\\Views\\layout\\index.php')
17 SYSTEMPATH\View\View.php(227): CodeIgniter\View\View->CodeIgniter\View\{closure}()
18 SYSTEMPATH\Common.php(1180): CodeIgniter\View\View->render('layout/index', [], true)
19 APPPATH\Libraries\Template.php(38): view('layout/index', [...])
20 APPPATH\Libraries\Template.php(22): App\Libraries\Template->view('layout/index', [...])
21 APPPATH\Controllers\Courses.php(48): App\Libraries\Template->rander('courses/index', [...])
22 SYSTEMPATH\CodeIgniter.php(932): App\Controllers\Courses->index()
23 SYSTEMPATH\CodeIgniter.php(497): CodeIgniter\CodeIgniter->runController(Object(App\Controllers\Courses))
24 SYSTEMPATH\CodeIgniter.php(366): CodeIgniter\CodeIgniter->handleRequest(null, Object(Config\Cache), false)
25 FCPATH\index.php(80): CodeIgniter\CodeIgniter->run()
CRITICAL - 2024-01-04 05:51:26 --> Undefined variable $show_own_clients_only_user_id
in APPPATH\Views\courses\overview\index.php on line 4.
 1 APPPATH\Views\courses\overview\index.php(4): CodeIgniter\Debug\Exceptions->errorHandler(2, 'Undefined variable $show_own_clients_only_user_id', 'D:\\projects\\visaalliance-crm\\app\\Views\\courses\\overview\\index.php', 4)
 2 SYSTEMPATH\View\View.php(224): include('D:\\projects\\visaalliance-crm\\app\\Views\\courses\\overview\\index.php')
 3 SYSTEMPATH\View\View.php(227): CodeIgniter\View\View->CodeIgniter\View\{closure}()
 4 SYSTEMPATH\Common.php(1180): CodeIgniter\View\View->render('courses/overview/index', [], true)
 5 APPPATH\Views\courses\index.php(4): view('courses/overview/index')
 6 SYSTEMPATH\View\View.php(224): include('D:\\projects\\visaalliance-crm\\app\\Views\\courses\\index.php')
 7 SYSTEMPATH\View\View.php(227): CodeIgniter\View\View->CodeIgniter\View\{closure}()
 8 SYSTEMPATH\Common.php(1180): CodeIgniter\View\View->render('courses/index', [], true)
 9 APPPATH\Views\layout\index.php(59): view('courses/index')
10 SYSTEMPATH\View\View.php(224): include('D:\\projects\\visaalliance-crm\\app\\Views\\layout\\index.php')
11 SYSTEMPATH\View\View.php(227): CodeIgniter\View\View->CodeIgniter\View\{closure}()
12 SYSTEMPATH\Common.php(1180): CodeIgniter\View\View->render('layout/index', [], true)
13 APPPATH\Libraries\Template.php(38): view('layout/index', [...])
14 APPPATH\Libraries\Template.php(22): App\Libraries\Template->view('layout/index', [...])
15 APPPATH\Controllers\Courses.php(57): App\Libraries\Template->rander('courses/index', [...])
16 SYSTEMPATH\CodeIgniter.php(932): App\Controllers\Courses->preview('1')
17 SYSTEMPATH\CodeIgniter.php(497): CodeIgniter\CodeIgniter->runController(Object(App\Controllers\Courses))
18 SYSTEMPATH\CodeIgniter.php(366): CodeIgniter\CodeIgniter->handleRequest(null, Object(Config\Cache), false)
19 FCPATH\index.php(80): CodeIgniter\CodeIgniter->run()
CRITICAL - 2024-01-04 05:51:46 --> Undefined variable $show_own_clients_only_user_id
in APPPATH\Views\courses\overview\index.php on line 4.
 1 APPPATH\Views\courses\overview\index.php(4): CodeIgniter\Debug\Exceptions->errorHandler(2, 'Undefined variable $show_own_clients_only_user_id', 'D:\\projects\\visaalliance-crm\\app\\Views\\courses\\overview\\index.php', 4)
 2 SYSTEMPATH\View\View.php(224): include('D:\\projects\\visaalliance-crm\\app\\Views\\courses\\overview\\index.php')
 3 SYSTEMPATH\View\View.php(227): CodeIgniter\View\View->CodeIgniter\View\{closure}()
 4 SYSTEMPATH\Common.php(1180): CodeIgniter\View\View->render('courses/overview/index', [], true)
 5 APPPATH\Views\courses\index.php(4): view('courses/overview/index')
 6 SYSTEMPATH\View\View.php(224): include('D:\\projects\\visaalliance-crm\\app\\Views\\courses\\index.php')
 7 SYSTEMPATH\View\View.php(227): CodeIgniter\View\View->CodeIgniter\View\{closure}()
 8 SYSTEMPATH\Common.php(1180): CodeIgniter\View\View->render('courses/index', [], true)
 9 APPPATH\Views\layout\index.php(59): view('courses/index')
10 SYSTEMPATH\View\View.php(224): include('D:\\projects\\visaalliance-crm\\app\\Views\\layout\\index.php')
11 SYSTEMPATH\View\View.php(227): CodeIgniter\View\View->CodeIgniter\View\{closure}()
12 SYSTEMPATH\Common.php(1180): CodeIgniter\View\View->render('layout/index', [], true)
13 APPPATH\Libraries\Template.php(38): view('layout/index', [...])
14 APPPATH\Libraries\Template.php(22): App\Libraries\Template->view('layout/index', [...])
15 APPPATH\Controllers\Courses.php(57): App\Libraries\Template->rander('courses/index', [...])
16 SYSTEMPATH\CodeIgniter.php(932): App\Controllers\Courses->preview('1')
17 SYSTEMPATH\CodeIgniter.php(497): CodeIgniter\CodeIgniter->runController(Object(App\Controllers\Courses))
18 SYSTEMPATH\CodeIgniter.php(366): CodeIgniter\CodeIgniter->handleRequest(null, Object(Config\Cache), false)
19 FCPATH\index.php(80): CodeIgniter\CodeIgniter->run()
CRITICAL - 2024-01-04 05:52:02 --> Invalid file: "courses/preview.php"
in SYSTEMPATH\Exceptions\FrameworkException.php on line 33.
 1 SYSTEMPATH\View\View.php(212): CodeIgniter\Exceptions\FrameworkException::forInvalidFile('courses/preview.php')
 2 SYSTEMPATH\Common.php(1180): CodeIgniter\View\View->render('courses/preview', [], true)
 3 APPPATH\Views\layout\index.php(59): view('courses/preview')
 4 SYSTEMPATH\View\View.php(224): include('D:\\projects\\visaalliance-crm\\app\\Views\\layout\\index.php')
 5 SYSTEMPATH\View\View.php(227): CodeIgniter\View\View->CodeIgniter\View\{closure}()
 6 SYSTEMPATH\Common.php(1180): CodeIgniter\View\View->render('layout/index', [], true)
 7 APPPATH\Libraries\Template.php(38): view('layout/index', [...])
 8 APPPATH\Libraries\Template.php(22): App\Libraries\Template->view('layout/index', [...])
 9 APPPATH\Controllers\Courses.php(57): App\Libraries\Template->rander('courses/preview', [...])
10 SYSTEMPATH\CodeIgniter.php(932): App\Controllers\Courses->preview('1')
11 SYSTEMPATH\CodeIgniter.php(497): CodeIgniter\CodeIgniter->runController(Object(App\Controllers\Courses))
12 SYSTEMPATH\CodeIgniter.php(366): CodeIgniter\CodeIgniter->handleRequest(null, Object(Config\Cache), false)
13 FCPATH\index.php(80): CodeIgniter\CodeIgniter->run()
CRITICAL - 2024-01-04 05:52:57 --> Undefined variable $show_own_clients_only_user_id
in APPPATH\Views\courses\preview.php on line 4.
 1 APPPATH\Views\courses\preview.php(4): CodeIgniter\Debug\Exceptions->errorHandler(2, 'Undefined variable $show_own_clients_only_user_id', 'D:\\projects\\visaalliance-crm\\app\\Views\\courses\\preview.php', 4)
 2 SYSTEMPATH\View\View.php(224): include('D:\\projects\\visaalliance-crm\\app\\Views\\courses\\preview.php')
 3 SYSTEMPATH\View\View.php(227): CodeIgniter\View\View->CodeIgniter\View\{closure}()
 4 SYSTEMPATH\Common.php(1180): CodeIgniter\View\View->render('courses/preview', [], true)
 5 APPPATH\Views\layout\index.php(59): view('courses/preview')
 6 SYSTEMPATH\View\View.php(224): include('D:\\projects\\visaalliance-crm\\app\\Views\\layout\\index.php')
 7 SYSTEMPATH\View\View.php(227): CodeIgniter\View\View->CodeIgniter\View\{closure}()
 8 SYSTEMPATH\Common.php(1180): CodeIgniter\View\View->render('layout/index', [], true)
 9 APPPATH\Libraries\Template.php(38): view('layout/index', [...])
10 APPPATH\Libraries\Template.php(22): App\Libraries\Template->view('layout/index', [...])
11 APPPATH\Controllers\Courses.php(57): App\Libraries\Template->rander('courses/preview', [...])
12 SYSTEMPATH\CodeIgniter.php(932): App\Controllers\Courses->preview('1')
13 SYSTEMPATH\CodeIgniter.php(497): CodeIgniter\CodeIgniter->runController(Object(App\Controllers\Courses))
14 SYSTEMPATH\CodeIgniter.php(366): CodeIgniter\CodeIgniter->handleRequest(null, Object(Config\Cache), false)
15 FCPATH\index.php(80): CodeIgniter\CodeIgniter->run()
CRITICAL - 2024-01-04 06:37:59 --> Invalid file: "courses/PreviewContentTabs/Tab1.php"
in SYSTEMPATH\Exceptions\FrameworkException.php on line 33.
 1 SYSTEMPATH\View\View.php(212): CodeIgniter\Exceptions\FrameworkException::forInvalidFile('courses/PreviewContentTabs/Tab1.php')
 2 SYSTEMPATH\Common.php(1180): CodeIgniter\View\View->render('courses/PreviewContentTabs/Tab1', [], true)
 3 APPPATH\Views\courses\widgets\Course_overview_preview_content_widget.php(15): view('courses/PreviewContentTabs/Tab1')
 4 SYSTEMPATH\View\View.php(224): include('D:\\projects\\visaalliance-crm\\app\\Views\\courses\\widgets\\Course_overview_preview_content_widget.php')
 5 SYSTEMPATH\View\View.php(227): CodeIgniter\View\View->CodeIgniter\View\{closure}()
 6 SYSTEMPATH\Common.php(1180): CodeIgniter\View\View->render('courses/widgets/Course_overview_preview_content_widget', [], true)
 7 APPPATH\Libraries\Template.php(38): view('courses/widgets/Course_overview_preview_content_widget', [...])
 8 APPPATH\Helpers\widget_helper.php(1415): App\Libraries\Template->view('courses/widgets/Course_overview_preview_content_widget', [], false)
 9 APPPATH\Views\courses\preview.php(7): Course_overview_preview_content_widget(false, [])
10 SYSTEMPATH\View\View.php(224): include('D:\\projects\\visaalliance-crm\\app\\Views\\courses\\preview.php')
11 SYSTEMPATH\View\View.php(227): CodeIgniter\View\View->CodeIgniter\View\{closure}()
12 SYSTEMPATH\Common.php(1180): CodeIgniter\View\View->render('courses/preview', [], true)
13 APPPATH\Views\layout\index.php(59): view('courses/preview')
14 SYSTEMPATH\View\View.php(224): include('D:\\projects\\visaalliance-crm\\app\\Views\\layout\\index.php')
15 SYSTEMPATH\View\View.php(227): CodeIgniter\View\View->CodeIgniter\View\{closure}()
16 SYSTEMPATH\Common.php(1180): CodeIgniter\View\View->render('layout/index', [], true)
17 APPPATH\Libraries\Template.php(38): view('layout/index', [...])
18 APPPATH\Libraries\Template.php(22): App\Libraries\Template->view('layout/index', [...])
19 APPPATH\Controllers\Courses.php(67): App\Libraries\Template->rander('courses/preview', [...])
20 SYSTEMPATH\CodeIgniter.php(932): App\Controllers\Courses->preview('1')
21 SYSTEMPATH\CodeIgniter.php(497): CodeIgniter\CodeIgniter->runController(Object(App\Controllers\Courses))
22 SYSTEMPATH\CodeIgniter.php(366): CodeIgniter\CodeIgniter->handleRequest(null, Object(Config\Cache), false)
23 FCPATH\index.php(80): CodeIgniter\CodeIgniter->run()
CRITICAL - 2024-01-04 07:16:35 --> foreach() argument must be of type array|object, null given
in APPPATH\Views\check_in\client_form_fields.php on line 171.
 1 APPPATH\Views\check_in\client_form_fields.php(171): CodeIgniter\Debug\Exceptions->errorHandler(2, 'foreach() argument must be of type array|object, null given', 'D:\\projects\\visaalliance-crm\\app\\Views\\check_in\\client_form_fields.php', 171)
 2 SYSTEMPATH\View\View.php(224): include('D:\\projects\\visaalliance-crm\\app\\Views\\check_in\\client_form_fields.php')
 3 SYSTEMPATH\View\View.php(227): CodeIgniter\View\View->CodeIgniter\View\{closure}()
 4 SYSTEMPATH\Common.php(1180): CodeIgniter\View\View->render('check_in/client_form_fields', [], true)
 5 APPPATH\Views\check_in\modal_form.php(21): view('check_in/client_form_fields')
 6 SYSTEMPATH\View\View.php(224): include('D:\\projects\\visaalliance-crm\\app\\Views\\check_in\\modal_form.php')
 7 SYSTEMPATH\View\View.php(227): CodeIgniter\View\View->CodeIgniter\View\{closure}()
 8 SYSTEMPATH\Common.php(1180): CodeIgniter\View\View->render('check_in/modal_form', [], true)
 9 APPPATH\Libraries\Template.php(38): view('check_in/modal_form', [...])
10 APPPATH\Controllers\Check_in.php(113): App\Libraries\Template->view('check_in/modal_form', [...])
11 SYSTEMPATH\CodeIgniter.php(932): App\Controllers\Check_in->modal_form()
12 SYSTEMPATH\CodeIgniter.php(497): CodeIgniter\CodeIgniter->runController(Object(App\Controllers\Check_in))
13 SYSTEMPATH\CodeIgniter.php(366): CodeIgniter\CodeIgniter->handleRequest(null, Object(Config\Cache), false)
14 FCPATH\index.php(80): CodeIgniter\CodeIgniter->run()
CRITICAL - 2024-01-04 07:22:01 --> foreach() argument must be of type array|object, null given
in APPPATH\Views\check_in\client_form_fields.php on line 171.
 1 APPPATH\Views\check_in\client_form_fields.php(171): CodeIgniter\Debug\Exceptions->errorHandler(2, 'foreach() argument must be of type array|object, null given', 'D:\\projects\\visaalliance-crm\\app\\Views\\check_in\\client_form_fields.php', 171)
 2 SYSTEMPATH\View\View.php(224): include('D:\\projects\\visaalliance-crm\\app\\Views\\check_in\\client_form_fields.php')
 3 SYSTEMPATH\View\View.php(227): CodeIgniter\View\View->CodeIgniter\View\{closure}()
 4 SYSTEMPATH\Common.php(1180): CodeIgniter\View\View->render('check_in/client_form_fields', [], true)
 5 APPPATH\Views\check_in\modal_form.php(21): view('check_in/client_form_fields')
 6 SYSTEMPATH\View\View.php(224): include('D:\\projects\\visaalliance-crm\\app\\Views\\check_in\\modal_form.php')
 7 SYSTEMPATH\View\View.php(227): CodeIgniter\View\View->CodeIgniter\View\{closure}()
 8 SYSTEMPATH\Common.php(1180): CodeIgniter\View\View->render('check_in/modal_form', [], true)
 9 APPPATH\Libraries\Template.php(38): view('check_in/modal_form', [...])
10 APPPATH\Controllers\Check_in.php(113): App\Libraries\Template->view('check_in/modal_form', [...])
11 SYSTEMPATH\CodeIgniter.php(932): App\Controllers\Check_in->modal_form()
12 SYSTEMPATH\CodeIgniter.php(497): CodeIgniter\CodeIgniter->runController(Object(App\Controllers\Check_in))
13 SYSTEMPATH\CodeIgniter.php(366): CodeIgniter\CodeIgniter->handleRequest(null, Object(Config\Cache), false)
14 FCPATH\index.php(80): CodeIgniter\CodeIgniter->run()
CRITICAL - 2024-01-04 07:29:07 --> foreach() argument must be of type array|object, null given
in APPPATH\Views\check_in\client_form_fields.php on line 171.
 1 APPPATH\Views\check_in\client_form_fields.php(171): CodeIgniter\Debug\Exceptions->errorHandler(2, 'foreach() argument must be of type array|object, null given', 'D:\\projects\\visaalliance-crm\\app\\Views\\check_in\\client_form_fields.php', 171)
 2 SYSTEMPATH\View\View.php(224): include('D:\\projects\\visaalliance-crm\\app\\Views\\check_in\\client_form_fields.php')
 3 SYSTEMPATH\View\View.php(227): CodeIgniter\View\View->CodeIgniter\View\{closure}()
 4 SYSTEMPATH\Common.php(1180): CodeIgniter\View\View->render('check_in/client_form_fields', [], true)
 5 APPPATH\Views\check_in\modal_form.php(21): view('check_in/client_form_fields')
 6 SYSTEMPATH\View\View.php(224): include('D:\\projects\\visaalliance-crm\\app\\Views\\check_in\\modal_form.php')
 7 SYSTEMPATH\View\View.php(227): CodeIgniter\View\View->CodeIgniter\View\{closure}()
 8 SYSTEMPATH\Common.php(1180): CodeIgniter\View\View->render('check_in/modal_form', [], true)
 9 APPPATH\Libraries\Template.php(38): view('check_in/modal_form', [...])
10 APPPATH\Controllers\Check_in.php(113): App\Libraries\Template->view('check_in/modal_form', [...])
11 SYSTEMPATH\CodeIgniter.php(932): App\Controllers\Check_in->modal_form()
12 SYSTEMPATH\CodeIgniter.php(497): CodeIgniter\CodeIgniter->runController(Object(App\Controllers\Check_in))
13 SYSTEMPATH\CodeIgniter.php(366): CodeIgniter\CodeIgniter->handleRequest(null, Object(Config\Cache), false)
14 FCPATH\index.php(80): CodeIgniter\CodeIgniter->run()
CRITICAL - 2024-01-04 07:36:58 --> foreach() argument must be of type array|object, null given
in APPPATH\Views\check_in\client_form_fields.php on line 171.
 1 APPPATH\Views\check_in\client_form_fields.php(171): CodeIgniter\Debug\Exceptions->errorHandler(2, 'foreach() argument must be of type array|object, null given', 'D:\\projects\\visaalliance-crm\\app\\Views\\check_in\\client_form_fields.php', 171)
 2 SYSTEMPATH\View\View.php(224): include('D:\\projects\\visaalliance-crm\\app\\Views\\check_in\\client_form_fields.php')
 3 SYSTEMPATH\View\View.php(227): CodeIgniter\View\View->CodeIgniter\View\{closure}()
 4 SYSTEMPATH\Common.php(1180): CodeIgniter\View\View->render('check_in/client_form_fields', [], true)
 5 APPPATH\Views\check_in\modal_form.php(21): view('check_in/client_form_fields')
 6 SYSTEMPATH\View\View.php(224): include('D:\\projects\\visaalliance-crm\\app\\Views\\check_in\\modal_form.php')
 7 SYSTEMPATH\View\View.php(227): CodeIgniter\View\View->CodeIgniter\View\{closure}()
 8 SYSTEMPATH\Common.php(1180): CodeIgniter\View\View->render('check_in/modal_form', [], true)
 9 APPPATH\Libraries\Template.php(38): view('check_in/modal_form', [...])
10 APPPATH\Controllers\Check_in.php(113): App\Libraries\Template->view('check_in/modal_form', [...])
11 SYSTEMPATH\CodeIgniter.php(932): App\Controllers\Check_in->modal_form()
12 SYSTEMPATH\CodeIgniter.php(497): CodeIgniter\CodeIgniter->runController(Object(App\Controllers\Check_in))
13 SYSTEMPATH\CodeIgniter.php(366): CodeIgniter\CodeIgniter->handleRequest(null, Object(Config\Cache), false)
14 FCPATH\index.php(80): CodeIgniter\CodeIgniter->run()
CRITICAL - 2024-01-04 07:37:11 --> foreach() argument must be of type array|object, null given
in APPPATH\Views\check_in\client_form_fields.php on line 171.
 1 APPPATH\Views\check_in\client_form_fields.php(171): CodeIgniter\Debug\Exceptions->errorHandler(2, 'foreach() argument must be of type array|object, null given', 'D:\\projects\\visaalliance-crm\\app\\Views\\check_in\\client_form_fields.php', 171)
 2 SYSTEMPATH\View\View.php(224): include('D:\\projects\\visaalliance-crm\\app\\Views\\check_in\\client_form_fields.php')
 3 SYSTEMPATH\View\View.php(227): CodeIgniter\View\View->CodeIgniter\View\{closure}()
 4 SYSTEMPATH\Common.php(1180): CodeIgniter\View\View->render('check_in/client_form_fields', [], true)
 5 APPPATH\Views\check_in\modal_form.php(21): view('check_in/client_form_fields')
 6 SYSTEMPATH\View\View.php(224): include('D:\\projects\\visaalliance-crm\\app\\Views\\check_in\\modal_form.php')
 7 SYSTEMPATH\View\View.php(227): CodeIgniter\View\View->CodeIgniter\View\{closure}()
 8 SYSTEMPATH\Common.php(1180): CodeIgniter\View\View->render('check_in/modal_form', [], true)
 9 APPPATH\Libraries\Template.php(38): view('check_in/modal_form', [...])
10 APPPATH\Controllers\Check_in.php(113): App\Libraries\Template->view('check_in/modal_form', [...])
11 SYSTEMPATH\CodeIgniter.php(932): App\Controllers\Check_in->modal_form()
12 SYSTEMPATH\CodeIgniter.php(497): CodeIgniter\CodeIgniter->runController(Object(App\Controllers\Check_in))
13 SYSTEMPATH\CodeIgniter.php(366): CodeIgniter\CodeIgniter->handleRequest(null, Object(Config\Cache), false)
14 FCPATH\index.php(80): CodeIgniter\CodeIgniter->run()
