CRITICAL - 2023-12-27 03:07:44 --> The action you requested is not allowed.
in SYSTEMPATH\Security\Security.php on line 306.
 1 SYSTEMPATH\Security\Security.php(306): CodeIgniter\Security\Exceptions\SecurityException::forDisallowedAction()
 2 SYSTEMPATH\Filters\CSRF.php(55): CodeIgniter\Security\Security->verify(Object(CodeIgniter\HTTP\IncomingRequest))
 3 SYSTEMPATH\Filters\Filters.php(173): CodeIgniter\Filters\CSRF->before(Object(CodeIgniter\HTTP\IncomingRequest), null)
 4 SYSTEMPATH\CodeIgniter.php(471): CodeIgniter\Filters\Filters->run('students/modal_form', 'before')
 5 SYSTEMPATH\CodeIgniter.php(366): CodeIgniter\CodeIgniter->handleRequest(null, Object(Config\Cache), false)
 6 FCPATH\index.php(80): CodeIgniter\CodeIgniter->run()
CRITICAL - 2023-12-27 04:25:08 --> Attempt to read property "text" on array
in APPPATH\Views\students\client_form_fields.php on line 962.
 1 APPPATH\Views\students\client_form_fields.php(962): CodeIgniter\Debug\Exceptions->errorHandler(2, 'Attempt to read property "text" on array', 'D:\\projects\\visaalliance-crm\\app\\Views\\students\\client_form_fields.php', 962)
 2 SYSTEMPATH\View\View.php(224): include('D:\\projects\\visaalliance-crm\\app\\Views\\students\\client_form_fields.php')
 3 SYSTEMPATH\View\View.php(227): CodeIgniter\View\View->CodeIgniter\View\{closure}()
 4 SYSTEMPATH\Common.php(1180): CodeIgniter\View\View->render('students/client_form_fields', [], true)
 5 APPPATH\Views\students\modal_form.php(21): view('students/client_form_fields')
 6 SYSTEMPATH\View\View.php(224): include('D:\\projects\\visaalliance-crm\\app\\Views\\students\\modal_form.php')
 7 SYSTEMPATH\View\View.php(227): CodeIgniter\View\View->CodeIgniter\View\{closure}()
 8 SYSTEMPATH\Common.php(1180): CodeIgniter\View\View->render('students/modal_form', [], true)
 9 APPPATH\Libraries\Template.php(38): view('students/modal_form', [...])
10 APPPATH\Controllers\Students.php(105): App\Libraries\Template->view('students/modal_form', [...])
11 SYSTEMPATH\CodeIgniter.php(932): App\Controllers\Students->modal_form()
12 SYSTEMPATH\CodeIgniter.php(497): CodeIgniter\CodeIgniter->runController(Object(App\Controllers\Students))
13 SYSTEMPATH\CodeIgniter.php(366): CodeIgniter\CodeIgniter->handleRequest(null, Object(Config\Cache), false)
14 FCPATH\index.php(80): CodeIgniter\CodeIgniter->run()
CRITICAL - 2023-12-27 04:25:10 --> Attempt to read property "text" on array
in APPPATH\Views\students\client_form_fields.php on line 962.
 1 APPPATH\Views\students\client_form_fields.php(962): CodeIgniter\Debug\Exceptions->errorHandler(2, 'Attempt to read property "text" on array', 'D:\\projects\\visaalliance-crm\\app\\Views\\students\\client_form_fields.php', 962)
 2 SYSTEMPATH\View\View.php(224): include('D:\\projects\\visaalliance-crm\\app\\Views\\students\\client_form_fields.php')
 3 SYSTEMPATH\View\View.php(227): CodeIgniter\View\View->CodeIgniter\View\{closure}()
 4 SYSTEMPATH\Common.php(1180): CodeIgniter\View\View->render('students/client_form_fields', [], true)
 5 APPPATH\Views\students\modal_form.php(21): view('students/client_form_fields')
 6 SYSTEMPATH\View\View.php(224): include('D:\\projects\\visaalliance-crm\\app\\Views\\students\\modal_form.php')
 7 SYSTEMPATH\View\View.php(227): CodeIgniter\View\View->CodeIgniter\View\{closure}()
 8 SYSTEMPATH\Common.php(1180): CodeIgniter\View\View->render('students/modal_form', [], true)
 9 APPPATH\Libraries\Template.php(38): view('students/modal_form', [...])
10 APPPATH\Controllers\Students.php(105): App\Libraries\Template->view('students/modal_form', [...])
11 SYSTEMPATH\CodeIgniter.php(932): App\Controllers\Students->modal_form()
12 SYSTEMPATH\CodeIgniter.php(497): CodeIgniter\CodeIgniter->runController(Object(App\Controllers\Students))
13 SYSTEMPATH\CodeIgniter.php(366): CodeIgniter\CodeIgniter->handleRequest(null, Object(Config\Cache), false)
14 FCPATH\index.php(80): CodeIgniter\CodeIgniter->run()
CRITICAL - 2023-12-27 06:25:03 --> Undefined variable $can_edit_clients
in APPPATH\Views\check_in\index.php on line 12.
 1 APPPATH\Views\check_in\index.php(12): CodeIgniter\Debug\Exceptions->errorHandler(2, 'Undefined variable $can_edit_clients', 'D:\\projects\\visaalliance-crm\\app\\Views\\check_in\\index.php', 12)
 2 SYSTEMPATH\View\View.php(224): include('D:\\projects\\visaalliance-crm\\app\\Views\\check_in\\index.php')
 3 SYSTEMPATH\View\View.php(227): CodeIgniter\View\View->CodeIgniter\View\{closure}()
 4 SYSTEMPATH\Common.php(1180): CodeIgniter\View\View->render('check_in/index', [], true)
 5 APPPATH\Views\layout\index.php(59): view('check_in/index')
 6 SYSTEMPATH\View\View.php(224): include('D:\\projects\\visaalliance-crm\\app\\Views\\layout\\index.php')
 7 SYSTEMPATH\View\View.php(227): CodeIgniter\View\View->CodeIgniter\View\{closure}()
 8 SYSTEMPATH\Common.php(1180): CodeIgniter\View\View->render('layout/index', [], true)
 9 APPPATH\Libraries\Template.php(38): view('layout/index', [...])
10 APPPATH\Libraries\Template.php(22): App\Libraries\Template->view('layout/index', [...])
11 APPPATH\Controllers\Check_in.php(22): App\Libraries\Template->rander('check_in/index', [...])
12 SYSTEMPATH\CodeIgniter.php(932): App\Controllers\Check_in->index()
13 SYSTEMPATH\CodeIgniter.php(497): CodeIgniter\CodeIgniter->runController(Object(App\Controllers\Check_in))
14 SYSTEMPATH\CodeIgniter.php(366): CodeIgniter\CodeIgniter->handleRequest(null, Object(Config\Cache), false)
15 FCPATH\index.php(80): CodeIgniter\CodeIgniter->run()
CRITICAL - 2023-12-27 06:27:49 --> Undefined variable $show_own_clients_only_user_id
in APPPATH\Views\students\overview\index.php on line 4.
 1 APPPATH\Views\students\overview\index.php(4): CodeIgniter\Debug\Exceptions->errorHandler(2, 'Undefined variable $show_own_clients_only_user_id', 'D:\\projects\\visaalliance-crm\\app\\Views\\students\\overview\\index.php', 4)
 2 SYSTEMPATH\View\View.php(224): include('D:\\projects\\visaalliance-crm\\app\\Views\\students\\overview\\index.php')
 3 SYSTEMPATH\View\View.php(227): CodeIgniter\View\View->CodeIgniter\View\{closure}()
 4 SYSTEMPATH\Common.php(1180): CodeIgniter\View\View->render('students/overview/index', [], true)
 5 APPPATH\Views\check_in\index.php(22): view('students/overview/index')
 6 SYSTEMPATH\View\View.php(224): include('D:\\projects\\visaalliance-crm\\app\\Views\\check_in\\index.php')
 7 SYSTEMPATH\View\View.php(227): CodeIgniter\View\View->CodeIgniter\View\{closure}()
 8 SYSTEMPATH\Common.php(1180): CodeIgniter\View\View->render('check_in/index', [], true)
 9 APPPATH\Views\layout\index.php(59): view('check_in/index')
10 SYSTEMPATH\View\View.php(224): include('D:\\projects\\visaalliance-crm\\app\\Views\\layout\\index.php')
11 SYSTEMPATH\View\View.php(227): CodeIgniter\View\View->CodeIgniter\View\{closure}()
12 SYSTEMPATH\Common.php(1180): CodeIgniter\View\View->render('layout/index', [], true)
13 APPPATH\Libraries\Template.php(38): view('layout/index', [...])
14 APPPATH\Libraries\Template.php(22): App\Libraries\Template->view('layout/index', [...])
15 APPPATH\Controllers\Check_in.php(22): App\Libraries\Template->rander('check_in/index', [...])
16 SYSTEMPATH\CodeIgniter.php(932): App\Controllers\Check_in->index()
17 SYSTEMPATH\CodeIgniter.php(497): CodeIgniter\CodeIgniter->runController(Object(App\Controllers\Check_in))
18 SYSTEMPATH\CodeIgniter.php(366): CodeIgniter\CodeIgniter->handleRequest(null, Object(Config\Cache), false)
19 FCPATH\index.php(80): CodeIgniter\CodeIgniter->run()
CRITICAL - 2023-12-27 23:03:51 --> Undefined variable $show_own_clients_only_user_id
in APPPATH\Views\students\overview\index.php on line 4.
 1 APPPATH\Views\students\overview\index.php(4): CodeIgniter\Debug\Exceptions->errorHandler(2, 'Undefined variable $show_own_clients_only_user_id', 'D:\\projects\\visaalliance-crm\\app\\Views\\students\\overview\\index.php', 4)
 2 SYSTEMPATH\View\View.php(224): include('D:\\projects\\visaalliance-crm\\app\\Views\\students\\overview\\index.php')
 3 SYSTEMPATH\View\View.php(227): CodeIgniter\View\View->CodeIgniter\View\{closure}()
 4 SYSTEMPATH\Common.php(1180): CodeIgniter\View\View->render('students/overview/index', [], true)
 5 APPPATH\Views\check_in\index.php(21): view('students/overview/index')
 6 SYSTEMPATH\View\View.php(224): include('D:\\projects\\visaalliance-crm\\app\\Views\\check_in\\index.php')
 7 SYSTEMPATH\View\View.php(227): CodeIgniter\View\View->CodeIgniter\View\{closure}()
 8 SYSTEMPATH\Common.php(1180): CodeIgniter\View\View->render('check_in/index', [], true)
 9 APPPATH\Views\layout\index.php(59): view('check_in/index')
10 SYSTEMPATH\View\View.php(224): include('D:\\projects\\visaalliance-crm\\app\\Views\\layout\\index.php')
11 SYSTEMPATH\View\View.php(227): CodeIgniter\View\View->CodeIgniter\View\{closure}()
12 SYSTEMPATH\Common.php(1180): CodeIgniter\View\View->render('layout/index', [], true)
13 APPPATH\Libraries\Template.php(38): view('layout/index', [...])
14 APPPATH\Libraries\Template.php(22): App\Libraries\Template->view('layout/index', [...])
15 APPPATH\Controllers\Check_in.php(22): App\Libraries\Template->rander('check_in/index', [...])
16 SYSTEMPATH\CodeIgniter.php(932): App\Controllers\Check_in->index()
17 SYSTEMPATH\CodeIgniter.php(497): CodeIgniter\CodeIgniter->runController(Object(App\Controllers\Check_in))
18 SYSTEMPATH\CodeIgniter.php(366): CodeIgniter\CodeIgniter->handleRequest(null, Object(Config\Cache), false)
19 FCPATH\index.php(80): CodeIgniter\CodeIgniter->run()
CRITICAL - 2023-12-27 23:06:12 --> Undefined variable $show_own_clients_only_user_id
in APPPATH\Views\students\overview\index.php on line 4.
 1 APPPATH\Views\students\overview\index.php(4): CodeIgniter\Debug\Exceptions->errorHandler(2, 'Undefined variable $show_own_clients_only_user_id', 'D:\\projects\\visaalliance-crm\\app\\Views\\students\\overview\\index.php', 4)
 2 SYSTEMPATH\View\View.php(224): include('D:\\projects\\visaalliance-crm\\app\\Views\\students\\overview\\index.php')
 3 SYSTEMPATH\View\View.php(227): CodeIgniter\View\View->CodeIgniter\View\{closure}()
 4 SYSTEMPATH\Common.php(1180): CodeIgniter\View\View->render('students/overview/index', [], true)
 5 APPPATH\Views\check_in\index.php(21): view('students/overview/index')
 6 SYSTEMPATH\View\View.php(224): include('D:\\projects\\visaalliance-crm\\app\\Views\\check_in\\index.php')
 7 SYSTEMPATH\View\View.php(227): CodeIgniter\View\View->CodeIgniter\View\{closure}()
 8 SYSTEMPATH\Common.php(1180): CodeIgniter\View\View->render('check_in/index', [], true)
 9 APPPATH\Views\layout\index.php(59): view('check_in/index')
10 SYSTEMPATH\View\View.php(224): include('D:\\projects\\visaalliance-crm\\app\\Views\\layout\\index.php')
11 SYSTEMPATH\View\View.php(227): CodeIgniter\View\View->CodeIgniter\View\{closure}()
12 SYSTEMPATH\Common.php(1180): CodeIgniter\View\View->render('layout/index', [], true)
13 APPPATH\Libraries\Template.php(38): view('layout/index', [...])
14 APPPATH\Libraries\Template.php(22): App\Libraries\Template->view('layout/index', [...])
15 APPPATH\Controllers\Check_in.php(22): App\Libraries\Template->rander('check_in/index', [...])
16 SYSTEMPATH\CodeIgniter.php(932): App\Controllers\Check_in->index()
17 SYSTEMPATH\CodeIgniter.php(497): CodeIgniter\CodeIgniter->runController(Object(App\Controllers\Check_in))
18 SYSTEMPATH\CodeIgniter.php(366): CodeIgniter\CodeIgniter->handleRequest(null, Object(Config\Cache), false)
19 FCPATH\index.php(80): CodeIgniter\CodeIgniter->run()
