WARNING - 2024-03-21 00:22:39 --> [DEPRECATED] preg_replace(): Passing null to parameter #3 ($subject) of type array|string is deprecated in APPPATH\Helpers\currency_helper.php on line 95.
 1 APPPATH\Helpers\currency_helper.php(95): preg_replace('/[^\\d,-\\.]/', '', null)
 2 APPPATH\Controllers\Projects.php(512): unformat_currency(null)
 3 SYSTEMPATH\CodeIgniter.php(932): App\Controllers\Projects->save()
 4 SYSTEMPATH\CodeIgniter.php(497): CodeIgniter\CodeIgniter->runController(Object(App\Controllers\Projects))
 5 SYSTEMPATH\CodeIgniter.php(366): CodeIgniter\CodeIgniter->handleRequest(null, Object(Config\Cache), false)
 6 FCPATH\index.php(80): CodeIgniter\CodeIgniter->run()
CRITICAL - 2024-03-21 00:22:39 --> Call to a member function update_where() on null
in APPPATH\Controllers\Projects.php on line 546.
 1 SYSTEMPATH\CodeIgniter.php(932): App\Controllers\Projects->save()
 2 SYSTEMPATH\CodeIgniter.php(497): CodeIgniter\CodeIgniter->runController(Object(App\Controllers\Projects))
 3 SYSTEMPATH\CodeIgniter.php(366): CodeIgniter\CodeIgniter->handleRequest(null, Object(Config\Cache), false)
 4 FCPATH\index.php(80): CodeIgniter\CodeIgniter->run()
WARNING - 2024-03-21 00:25:37 --> [DEPRECATED] preg_replace(): Passing null to parameter #3 ($subject) of type array|string is deprecated in APPPATH\Helpers\currency_helper.php on line 95.
 1 APPPATH\Helpers\currency_helper.php(95): preg_replace('/[^\\d,-\\.]/', '', null)
 2 APPPATH\Controllers\Projects.php(512): unformat_currency(null)
 3 SYSTEMPATH\CodeIgniter.php(932): App\Controllers\Projects->save()
 4 SYSTEMPATH\CodeIgniter.php(497): CodeIgniter\CodeIgniter->runController(Object(App\Controllers\Projects))
 5 SYSTEMPATH\CodeIgniter.php(366): CodeIgniter\CodeIgniter->handleRequest(null, Object(Config\Cache), false)
 6 FCPATH\index.php(80): CodeIgniter\CodeIgniter->run()
CRITICAL - 2024-03-21 00:25:37 --> Call to a member function update_where() on null
in APPPATH\Controllers\Projects.php on line 546.
 1 SYSTEMPATH\CodeIgniter.php(932): App\Controllers\Projects->save()
 2 SYSTEMPATH\CodeIgniter.php(497): CodeIgniter\CodeIgniter->runController(Object(App\Controllers\Projects))
 3 SYSTEMPATH\CodeIgniter.php(366): CodeIgniter\CodeIgniter->handleRequest(null, Object(Config\Cache), false)
 4 FCPATH\index.php(80): CodeIgniter\CodeIgniter->run()
WARNING - 2024-03-21 00:27:45 --> [DEPRECATED] preg_replace(): Passing null to parameter #3 ($subject) of type array|string is deprecated in APPPATH\Helpers\currency_helper.php on line 95.
 1 APPPATH\Helpers\currency_helper.php(95): preg_replace('/[^\\d,-\\.]/', '', null)
 2 APPPATH\Controllers\Projects.php(512): unformat_currency(null)
 3 SYSTEMPATH\CodeIgniter.php(932): App\Controllers\Projects->save()
 4 SYSTEMPATH\CodeIgniter.php(497): CodeIgniter\CodeIgniter->runController(Object(App\Controllers\Projects))
 5 SYSTEMPATH\CodeIgniter.php(366): CodeIgniter\CodeIgniter->handleRequest(null, Object(Config\Cache), false)
 6 FCPATH\index.php(80): CodeIgniter\CodeIgniter->run()
CRITICAL - 2024-03-21 00:27:45 --> Call to a member function delete_where() on null
in APPPATH\Controllers\Projects.php on line 546.
 1 SYSTEMPATH\CodeIgniter.php(932): App\Controllers\Projects->save()
 2 SYSTEMPATH\CodeIgniter.php(497): CodeIgniter\CodeIgniter->runController(Object(App\Controllers\Projects))
 3 SYSTEMPATH\CodeIgniter.php(366): CodeIgniter\CodeIgniter->handleRequest(null, Object(Config\Cache), false)
 4 FCPATH\index.php(80): CodeIgniter\CodeIgniter->run()
WARNING - 2024-03-21 00:29:04 --> [DEPRECATED] preg_replace(): Passing null to parameter #3 ($subject) of type array|string is deprecated in APPPATH\Helpers\currency_helper.php on line 95.
 1 APPPATH\Helpers\currency_helper.php(95): preg_replace('/[^\\d,-\\.]/', '', null)
 2 APPPATH\Controllers\Projects.php(512): unformat_currency(null)
 3 SYSTEMPATH\CodeIgniter.php(932): App\Controllers\Projects->save()
 4 SYSTEMPATH\CodeIgniter.php(497): CodeIgniter\CodeIgniter->runController(Object(App\Controllers\Projects))
 5 SYSTEMPATH\CodeIgniter.php(366): CodeIgniter\CodeIgniter->handleRequest(null, Object(Config\Cache), false)
 6 FCPATH\index.php(80): CodeIgniter\CodeIgniter->run()
WARNING - 2024-03-21 00:33:14 --> [DEPRECATED] preg_replace(): Passing null to parameter #3 ($subject) of type array|string is deprecated in APPPATH\Helpers\currency_helper.php on line 95.
 1 APPPATH\Helpers\currency_helper.php(95): preg_replace('/[^\\d,-\\.]/', '', null)
 2 APPPATH\Controllers\Projects.php(512): unformat_currency(null)
 3 SYSTEMPATH\CodeIgniter.php(932): App\Controllers\Projects->save()
 4 SYSTEMPATH\CodeIgniter.php(497): CodeIgniter\CodeIgniter->runController(Object(App\Controllers\Projects))
 5 SYSTEMPATH\CodeIgniter.php(366): CodeIgniter\CodeIgniter->handleRequest(null, Object(Config\Cache), false)
 6 FCPATH\index.php(80): CodeIgniter\CodeIgniter->run()
CRITICAL - 2024-03-21 00:33:14 --> App\Models\Crud_model::ci_save(): Argument #1 ($data) cannot be passed by reference
in APPPATH\Controllers\Projects.php on line 571.
 1 SYSTEMPATH\CodeIgniter.php(932): App\Controllers\Projects->save()
 2 SYSTEMPATH\CodeIgniter.php(497): CodeIgniter\CodeIgniter->runController(Object(App\Controllers\Projects))
 3 SYSTEMPATH\CodeIgniter.php(366): CodeIgniter\CodeIgniter->handleRequest(null, Object(Config\Cache), false)
 4 FCPATH\index.php(80): CodeIgniter\CodeIgniter->run()
WARNING - 2024-03-21 00:34:03 --> [DEPRECATED] preg_replace(): Passing null to parameter #3 ($subject) of type array|string is deprecated in APPPATH\Helpers\currency_helper.php on line 95.
 1 APPPATH\Helpers\currency_helper.php(95): preg_replace('/[^\\d,-\\.]/', '', null)
 2 APPPATH\Controllers\Projects.php(512): unformat_currency(null)
 3 SYSTEMPATH\CodeIgniter.php(932): App\Controllers\Projects->save()
 4 SYSTEMPATH\CodeIgniter.php(497): CodeIgniter\CodeIgniter->runController(Object(App\Controllers\Projects))
 5 SYSTEMPATH\CodeIgniter.php(366): CodeIgniter\CodeIgniter->handleRequest(null, Object(Config\Cache), false)
 6 FCPATH\index.php(80): CodeIgniter\CodeIgniter->run()
ERROR - 2024-03-21 00:34:03 --> mysqli_sql_exception: Operand should contain 1 column(s) in D:\projects\visaalliance-crm\system\Database\MySQLi\Connection.php:295
Stack trace:
#0 D:\projects\visaalliance-crm\system\Database\MySQLi\Connection.php(295): mysqli->query('UPDATE `rise_pr...', 0)
#1 D:\projects\visaalliance-crm\system\Database\BaseConnection.php(692): CodeIgniter\Database\MySQLi\Connection->execute('UPDATE `rise_pr...')
#2 D:\projects\visaalliance-crm\system\Database\BaseConnection.php(606): CodeIgniter\Database\BaseConnection->simpleQuery('UPDATE `rise_pr...')
#3 D:\projects\visaalliance-crm\system\Database\BaseBuilder.php(2476): CodeIgniter\Database\BaseConnection->query('UPDATE `rise_pr...', Array, false)
#4 D:\projects\visaalliance-crm\app\Models\Crud_model.php(360): CodeIgniter\Database\BaseBuilder->update(Array, Array)
#5 D:\projects\visaalliance-crm\app\Models\Crud_model.php(153): App\Models\Crud_model->update_where(Array, Array)
#6 D:\projects\visaalliance-crm\app\Controllers\Projects.php(571): App\Models\Crud_model->ci_save(Array, '19')
#7 D:\projects\visaalliance-crm\system\CodeIgniter.php(932): App\Controllers\Projects->save()
#8 D:\projects\visaalliance-crm\system\CodeIgniter.php(497): CodeIgniter\CodeIgniter->runController(Object(App\Controllers\Projects))
#9 D:\projects\visaalliance-crm\system\CodeIgniter.php(366): CodeIgniter\CodeIgniter->handleRequest(NULL, Object(Config\Cache), false)
#10 D:\projects\visaalliance-crm\index.php(80): CodeIgniter\CodeIgniter->run()
#11 {main}
CRITICAL - 2024-03-21 00:34:03 --> Operand should contain 1 column(s)
in SYSTEMPATH\Database\MySQLi\Connection.php on line 295.
 1 SYSTEMPATH\Database\MySQLi\Connection.php(295): mysqli->query('UPDATE `rise_projects` SET `partner_ids` = (\'42\',\'52\')
WHERE `id` = \'19\'', 0)
 2 SYSTEMPATH\Database\BaseConnection.php(692): CodeIgniter\Database\MySQLi\Connection->execute('UPDATE `rise_projects` SET `partner_ids` = (\'42\',\'52\')
WHERE `id` = \'19\'')
 3 SYSTEMPATH\Database\BaseConnection.php(606): CodeIgniter\Database\BaseConnection->simpleQuery('UPDATE `rise_projects` SET `partner_ids` = (\'42\',\'52\')
WHERE `id` = \'19\'')
 4 SYSTEMPATH\Database\BaseBuilder.php(2476): CodeIgniter\Database\BaseConnection->query('UPDATE `rise_projects` SET `partner_ids` = :partner_ids:
WHERE `id` = :id:', [...], false)
 5 APPPATH\Models\Crud_model.php(360): CodeIgniter\Database\BaseBuilder->update([...], [...])
 6 APPPATH\Models\Crud_model.php(153): App\Models\Crud_model->update_where([...], [...])
 7 APPPATH\Controllers\Projects.php(571): App\Models\Crud_model->ci_save([...], '19')
 8 SYSTEMPATH\CodeIgniter.php(932): App\Controllers\Projects->save()
 9 SYSTEMPATH\CodeIgniter.php(497): CodeIgniter\CodeIgniter->runController(Object(App\Controllers\Projects))
10 SYSTEMPATH\CodeIgniter.php(366): CodeIgniter\CodeIgniter->handleRequest(null, Object(Config\Cache), false)
11 FCPATH\index.php(80): CodeIgniter\CodeIgniter->run()
WARNING - 2024-03-21 00:35:10 --> [DEPRECATED] preg_replace(): Passing null to parameter #3 ($subject) of type array|string is deprecated in APPPATH\Helpers\currency_helper.php on line 95.
 1 APPPATH\Helpers\currency_helper.php(95): preg_replace('/[^\\d,-\\.]/', '', null)
 2 APPPATH\Controllers\Projects.php(512): unformat_currency(null)
 3 SYSTEMPATH\CodeIgniter.php(932): App\Controllers\Projects->save()
 4 SYSTEMPATH\CodeIgniter.php(497): CodeIgniter\CodeIgniter->runController(Object(App\Controllers\Projects))
 5 SYSTEMPATH\CodeIgniter.php(366): CodeIgniter\CodeIgniter->handleRequest(null, Object(Config\Cache), false)
 6 FCPATH\index.php(80): CodeIgniter\CodeIgniter->run()
CRITICAL - 2024-03-21 00:36:27 --> Array to string conversion
in SYSTEMPATH\Helpers\form_helper.php on line 301.
 1 SYSTEMPATH\Helpers\form_helper.php(301): CodeIgniter\Debug\Exceptions->errorHandler(2, 'Array to string conversion', 'D:\\projects\\visaalliance-crm\\system\\Helpers\\form_helper.php', 301)
 2 SYSTEMPATH\Helpers\form_helper.php(252): form_dropdown('partner_ids', [...], [...], ' class=\'select2 validate-hidden\' data-rule-required=\'true\',data-msg-required=\'This field is required.\' id=\'partner-ids-dropdown\' multiple="multiple"')
 3 APPPATH\Views\projects\modal_form.php(26): form_multiselect('partner_ids', [...], [...], ' class=\'select2 validate-hidden\' data-rule-required=\'true\',data-msg-required=\'This field is required.\' id=\'partner-ids-dropdown\' multiple="multiple"')
 4 SYSTEMPATH\View\View.php(224): include('D:\\projects\\visaalliance-crm\\app\\Views\\projects\\modal_form.php')
 5 SYSTEMPATH\View\View.php(227): CodeIgniter\View\View->CodeIgniter\View\{closure}()
 6 SYSTEMPATH\Common.php(1180): CodeIgniter\View\View->render('projects/modal_form', [], true)
 7 APPPATH\Libraries\Template.php(42): view('projects/modal_form', [...])
 8 APPPATH\Controllers\Projects.php(284): App\Libraries\Template->view('projects/modal_form', [...])
 9 SYSTEMPATH\CodeIgniter.php(932): App\Controllers\Projects->modal_form()
10 SYSTEMPATH\CodeIgniter.php(497): CodeIgniter\CodeIgniter->runController(Object(App\Controllers\Projects))
11 SYSTEMPATH\CodeIgniter.php(366): CodeIgniter\CodeIgniter->handleRequest(null, Object(Config\Cache), false)
12 FCPATH\index.php(80): CodeIgniter\CodeIgniter->run()
CRITICAL - 2024-03-21 00:38:47 --> Array to string conversion
in SYSTEMPATH\Helpers\form_helper.php on line 301.
 1 SYSTEMPATH\Helpers\form_helper.php(301): CodeIgniter\Debug\Exceptions->errorHandler(2, 'Array to string conversion', 'D:\\projects\\visaalliance-crm\\system\\Helpers\\form_helper.php', 301)
 2 SYSTEMPATH\Helpers\form_helper.php(252): form_dropdown('partner_ids', [...], [...], ' class=\'select2 validate-hidden\' data-rule-required=\'true\',data-msg-required=\'This field is required.\' id=\'partner-ids-dropdown\' multiple="multiple"')
 3 APPPATH\Views\projects\modal_form.php(26): form_multiselect('partner_ids', [...], [...], ' class=\'select2 validate-hidden\' data-rule-required=\'true\',data-msg-required=\'This field is required.\' id=\'partner-ids-dropdown\' multiple="multiple"')
 4 SYSTEMPATH\View\View.php(224): include('D:\\projects\\visaalliance-crm\\app\\Views\\projects\\modal_form.php')
 5 SYSTEMPATH\View\View.php(227): CodeIgniter\View\View->CodeIgniter\View\{closure}()
 6 SYSTEMPATH\Common.php(1180): CodeIgniter\View\View->render('projects/modal_form', [], true)
 7 APPPATH\Libraries\Template.php(42): view('projects/modal_form', [...])
 8 APPPATH\Controllers\Projects.php(284): App\Libraries\Template->view('projects/modal_form', [...])
 9 SYSTEMPATH\CodeIgniter.php(932): App\Controllers\Projects->modal_form()
10 SYSTEMPATH\CodeIgniter.php(497): CodeIgniter\CodeIgniter->runController(Object(App\Controllers\Projects))
11 SYSTEMPATH\CodeIgniter.php(366): CodeIgniter\CodeIgniter->handleRequest(null, Object(Config\Cache), false)
12 FCPATH\index.php(80): CodeIgniter\CodeIgniter->run()
CRITICAL - 2024-03-21 01:01:14 --> Array to string conversion
in APPPATH\Views\projects\modal_form.php on line 299.
 1 APPPATH\Views\projects\modal_form.php(299): CodeIgniter\Debug\Exceptions->errorHandler(2, 'Array to string conversion', 'D:\\projects\\visaalliance-crm\\app\\Views\\projects\\modal_form.php', 299)
 2 SYSTEMPATH\View\View.php(224): include('D:\\projects\\visaalliance-crm\\app\\Views\\projects\\modal_form.php')
 3 SYSTEMPATH\View\View.php(227): CodeIgniter\View\View->CodeIgniter\View\{closure}()
 4 SYSTEMPATH\Common.php(1180): CodeIgniter\View\View->render('projects/modal_form', [], true)
 5 APPPATH\Libraries\Template.php(42): view('projects/modal_form', [...])
 6 APPPATH\Controllers\Projects.php(286): App\Libraries\Template->view('projects/modal_form', [...])
 7 SYSTEMPATH\CodeIgniter.php(932): App\Controllers\Projects->modal_form()
 8 SYSTEMPATH\CodeIgniter.php(497): CodeIgniter\CodeIgniter->runController(Object(App\Controllers\Projects))
 9 SYSTEMPATH\CodeIgniter.php(366): CodeIgniter\CodeIgniter->handleRequest(null, Object(Config\Cache), false)
10 FCPATH\index.php(80): CodeIgniter\CodeIgniter->run()
CRITICAL - 2024-03-21 20:38:21 --> Undefined property: stdClass::$phone_code
in APPPATH\Controllers\Check_in.php on line 510.
 1 APPPATH\Controllers\Check_in.php(510): CodeIgniter\Debug\Exceptions->errorHandler(2, 'Undefined property: stdClass::$phone_code', 'C:\\xampp\\htdocs\\VA-latest\\app\\Controllers\\Check_in.php', 510)
 2 APPPATH\Controllers\Check_in.php(746): App\Controllers\Check_in->_make_row(Object(stdClass), true)
 3 SYSTEMPATH\CodeIgniter.php(932): App\Controllers\Check_in->all_list_data()
 4 SYSTEMPATH\CodeIgniter.php(497): CodeIgniter\CodeIgniter->runController(Object(App\Controllers\Check_in))
 5 SYSTEMPATH\CodeIgniter.php(366): CodeIgniter\CodeIgniter->handleRequest(null, Object(Config\Cache), false)
 6 FCPATH\index.php(80): CodeIgniter\CodeIgniter->run()
CRITICAL - 2024-03-21 20:39:00 --> Undefined property: stdClass::$phone_code
in APPPATH\Controllers\Check_in.php on line 510.
 1 APPPATH\Controllers\Check_in.php(510): CodeIgniter\Debug\Exceptions->errorHandler(2, 'Undefined property: stdClass::$phone_code', 'C:\\xampp\\htdocs\\VA-latest\\app\\Controllers\\Check_in.php', 510)
 2 APPPATH\Controllers\Check_in.php(746): App\Controllers\Check_in->_make_row(Object(stdClass), true)
 3 SYSTEMPATH\CodeIgniter.php(932): App\Controllers\Check_in->all_list_data()
 4 SYSTEMPATH\CodeIgniter.php(497): CodeIgniter\CodeIgniter->runController(Object(App\Controllers\Check_in))
 5 SYSTEMPATH\CodeIgniter.php(366): CodeIgniter\CodeIgniter->handleRequest(null, Object(Config\Cache), false)
 6 FCPATH\index.php(80): CodeIgniter\CodeIgniter->run()
CRITICAL - 2024-03-21 20:39:14 --> Undefined property: stdClass::$phone_code
in APPPATH\Controllers\Check_in.php on line 510.
 1 APPPATH\Controllers\Check_in.php(510): CodeIgniter\Debug\Exceptions->errorHandler(2, 'Undefined property: stdClass::$phone_code', 'C:\\xampp\\htdocs\\VA-latest\\app\\Controllers\\Check_in.php', 510)
 2 APPPATH\Controllers\Check_in.php(746): App\Controllers\Check_in->_make_row(Object(stdClass), true)
 3 SYSTEMPATH\CodeIgniter.php(932): App\Controllers\Check_in->all_list_data()
 4 SYSTEMPATH\CodeIgniter.php(497): CodeIgniter\CodeIgniter->runController(Object(App\Controllers\Check_in))
 5 SYSTEMPATH\CodeIgniter.php(366): CodeIgniter\CodeIgniter->handleRequest(null, Object(Config\Cache), false)
 6 FCPATH\index.php(80): CodeIgniter\CodeIgniter->run()
CRITICAL - 2024-03-21 20:41:45 --> Undefined property: stdClass::$phone
in APPPATH\Controllers\Check_in.php on line 504.
 1 APPPATH\Controllers\Check_in.php(504): CodeIgniter\Debug\Exceptions->errorHandler(2, 'Undefined property: stdClass::$phone', 'C:\\xampp\\htdocs\\VA-latest\\app\\Controllers\\Check_in.php', 504)
 2 APPPATH\Controllers\Check_in.php(754): App\Controllers\Check_in->_make_row(Object(stdClass), true)
 3 SYSTEMPATH\CodeIgniter.php(932): App\Controllers\Check_in->all_list_data()
 4 SYSTEMPATH\CodeIgniter.php(497): CodeIgniter\CodeIgniter->runController(Object(App\Controllers\Check_in))
 5 SYSTEMPATH\CodeIgniter.php(366): CodeIgniter\CodeIgniter->handleRequest(null, Object(Config\Cache), false)
 6 FCPATH\index.php(80): CodeIgniter\CodeIgniter->run()
CRITICAL - 2024-03-21 20:42:24 --> Undefined property: stdClass::$phone_code
in APPPATH\Controllers\Check_in.php on line 506.
 1 APPPATH\Controllers\Check_in.php(506): CodeIgniter\Debug\Exceptions->errorHandler(2, 'Undefined property: stdClass::$phone_code', 'C:\\xampp\\htdocs\\VA-latest\\app\\Controllers\\Check_in.php', 506)
 2 APPPATH\Controllers\Check_in.php(752): App\Controllers\Check_in->_make_row(Object(stdClass), true)
 3 SYSTEMPATH\CodeIgniter.php(932): App\Controllers\Check_in->all_list_data()
 4 SYSTEMPATH\CodeIgniter.php(497): CodeIgniter\CodeIgniter->runController(Object(App\Controllers\Check_in))
 5 SYSTEMPATH\CodeIgniter.php(366): CodeIgniter\CodeIgniter->handleRequest(null, Object(Config\Cache), false)
 6 FCPATH\index.php(80): CodeIgniter\CodeIgniter->run()
ERROR - 2024-03-21 20:51:03 --> mysqli_sql_exception: Unknown column 'phone_code' in 'field list' in C:\xampp\htdocs\VA-latest\system\Database\MySQLi\Connection.php:295
Stack trace:
#0 C:\xampp\htdocs\VA-latest\system\Database\MySQLi\Connection.php(295): mysqli->query('UPDATE `rise_ch...', 0)
#1 C:\xampp\htdocs\VA-latest\system\Database\BaseConnection.php(692): CodeIgniter\Database\MySQLi\Connection->execute('UPDATE `rise_ch...')
#2 C:\xampp\htdocs\VA-latest\system\Database\BaseConnection.php(606): CodeIgniter\Database\BaseConnection->simpleQuery('UPDATE `rise_ch...')
#3 C:\xampp\htdocs\VA-latest\system\Database\BaseBuilder.php(2476): CodeIgniter\Database\BaseConnection->query('UPDATE `rise_ch...', Array, false)
#4 C:\xampp\htdocs\VA-latest\app\Models\Crud_model.php(360): CodeIgniter\Database\BaseBuilder->update(Array, Array)
#5 C:\xampp\htdocs\VA-latest\app\Models\Crud_model.php(153): App\Models\Crud_model->update_where(Array, Array)
#6 C:\xampp\htdocs\VA-latest\app\Controllers\Check_in.php(145): App\Models\Crud_model->ci_save(Array, '26')
#7 C:\xampp\htdocs\VA-latest\system\CodeIgniter.php(932): App\Controllers\Check_in->save()
#8 C:\xampp\htdocs\VA-latest\system\CodeIgniter.php(497): CodeIgniter\CodeIgniter->runController(Object(App\Controllers\Check_in))
#9 C:\xampp\htdocs\VA-latest\system\CodeIgniter.php(366): CodeIgniter\CodeIgniter->handleRequest(NULL, Object(Config\Cache), false)
#10 C:\xampp\htdocs\VA-latest\index.php(80): CodeIgniter\CodeIgniter->run()
#11 {main}
CRITICAL - 2024-03-21 20:51:03 --> Unknown column 'phone_code' in 'field list'
in SYSTEMPATH\Database\MySQLi\Connection.php on line 295.
 1 SYSTEMPATH\Database\MySQLi\Connection.php(295): mysqli->query('UPDATE `rise_check_in` SET `location_id` = \'2\', `first_name` = \'Ali Haider\', `last_name` = \'Derawala\', `email` = \'alihaider5152@queper.co\', `phone_code` = \'+61\', `phone` = \'449715339\', `note` = \'Test\', `status` = \'Waiting\', `assignee` = 0, `created_date` = \'2024-03-22 01:51:03\', `created_by` = \'1\'
WHERE `id` = \'26\'', 0)
 2 SYSTEMPATH\Database\BaseConnection.php(692): CodeIgniter\Database\MySQLi\Connection->execute('UPDATE `rise_check_in` SET `location_id` = \'2\', `first_name` = \'Ali Haider\', `last_name` = \'Derawala\', `email` = \'alihaider5152@queper.co\', `phone_code` = \'+61\', `phone` = \'449715339\', `note` = \'Test\', `status` = \'Waiting\', `assignee` = 0, `created_date` = \'2024-03-22 01:51:03\', `created_by` = \'1\'
WHERE `id` = \'26\'')
 3 SYSTEMPATH\Database\BaseConnection.php(606): CodeIgniter\Database\BaseConnection->simpleQuery('UPDATE `rise_check_in` SET `location_id` = \'2\', `first_name` = \'Ali Haider\', `last_name` = \'Derawala\', `email` = \'alihaider5152@queper.co\', `phone_code` = \'+61\', `phone` = \'449715339\', `note` = \'Test\', `status` = \'Waiting\', `assignee` = 0, `created_date` = \'2024-03-22 01:51:03\', `created_by` = \'1\'
WHERE `id` = \'26\'')
 4 SYSTEMPATH\Database\BaseBuilder.php(2476): CodeIgniter\Database\BaseConnection->query('UPDATE `rise_check_in` SET `location_id` = :location_id:, `first_name` = :first_name:, `last_name` = :last_name:, `email` = :email:, `phone_code` = :phone_code:, `phone` = :phone:, `note` = :note:, `status` = :status:, `assignee` = :assignee:, `created_date` = :created_date:, `created_by` = :created_by:
WHERE `id` = :id:', [...], false)
 5 APPPATH\Models\Crud_model.php(360): CodeIgniter\Database\BaseBuilder->update([...], [...])
 6 APPPATH\Models\Crud_model.php(153): App\Models\Crud_model->update_where([...], [...])
 7 APPPATH\Controllers\Check_in.php(145): App\Models\Crud_model->ci_save([...], '26')
 8 SYSTEMPATH\CodeIgniter.php(932): App\Controllers\Check_in->save()
 9 SYSTEMPATH\CodeIgniter.php(497): CodeIgniter\CodeIgniter->runController(Object(App\Controllers\Check_in))
10 SYSTEMPATH\CodeIgniter.php(366): CodeIgniter\CodeIgniter->handleRequest(null, Object(Config\Cache), false)
11 FCPATH\index.php(80): CodeIgniter\CodeIgniter->run()
ERROR - 2024-03-21 20:51:42 --> mysqli_sql_exception: Unknown column 'phone_code' in 'field list' in C:\xampp\htdocs\VA-latest\system\Database\MySQLi\Connection.php:295
Stack trace:
#0 C:\xampp\htdocs\VA-latest\system\Database\MySQLi\Connection.php(295): mysqli->query('UPDATE `rise_ch...', 0)
#1 C:\xampp\htdocs\VA-latest\system\Database\BaseConnection.php(692): CodeIgniter\Database\MySQLi\Connection->execute('UPDATE `rise_ch...')
#2 C:\xampp\htdocs\VA-latest\system\Database\BaseConnection.php(606): CodeIgniter\Database\BaseConnection->simpleQuery('UPDATE `rise_ch...')
#3 C:\xampp\htdocs\VA-latest\system\Database\BaseBuilder.php(2476): CodeIgniter\Database\BaseConnection->query('UPDATE `rise_ch...', Array, false)
#4 C:\xampp\htdocs\VA-latest\app\Models\Crud_model.php(360): CodeIgniter\Database\BaseBuilder->update(Array, Array)
#5 C:\xampp\htdocs\VA-latest\app\Models\Crud_model.php(153): App\Models\Crud_model->update_where(Array, Array)
#6 C:\xampp\htdocs\VA-latest\app\Controllers\Check_in.php(145): App\Models\Crud_model->ci_save(Array, '26')
#7 C:\xampp\htdocs\VA-latest\system\CodeIgniter.php(932): App\Controllers\Check_in->save()
#8 C:\xampp\htdocs\VA-latest\system\CodeIgniter.php(497): CodeIgniter\CodeIgniter->runController(Object(App\Controllers\Check_in))
#9 C:\xampp\htdocs\VA-latest\system\CodeIgniter.php(366): CodeIgniter\CodeIgniter->handleRequest(NULL, Object(Config\Cache), false)
#10 C:\xampp\htdocs\VA-latest\index.php(80): CodeIgniter\CodeIgniter->run()
#11 {main}
CRITICAL - 2024-03-21 20:51:42 --> Unknown column 'phone_code' in 'field list'
in SYSTEMPATH\Database\MySQLi\Connection.php on line 295.
 1 SYSTEMPATH\Database\MySQLi\Connection.php(295): mysqli->query('UPDATE `rise_check_in` SET `location_id` = \'2\', `first_name` = \'Ali Haider\', `last_name` = \'Derawala\', `email` = \'alihaider5152@queper.co\', `phone_code` = \'+61\', `phone` = \'449715339\', `note` = \'Test\', `status` = \'Waiting\', `assignee` = 0, `created_date` = \'2024-03-22 01:51:42\', `created_by` = \'1\'
WHERE `id` = \'26\'', 0)
 2 SYSTEMPATH\Database\BaseConnection.php(692): CodeIgniter\Database\MySQLi\Connection->execute('UPDATE `rise_check_in` SET `location_id` = \'2\', `first_name` = \'Ali Haider\', `last_name` = \'Derawala\', `email` = \'alihaider5152@queper.co\', `phone_code` = \'+61\', `phone` = \'449715339\', `note` = \'Test\', `status` = \'Waiting\', `assignee` = 0, `created_date` = \'2024-03-22 01:51:42\', `created_by` = \'1\'
WHERE `id` = \'26\'')
 3 SYSTEMPATH\Database\BaseConnection.php(606): CodeIgniter\Database\BaseConnection->simpleQuery('UPDATE `rise_check_in` SET `location_id` = \'2\', `first_name` = \'Ali Haider\', `last_name` = \'Derawala\', `email` = \'alihaider5152@queper.co\', `phone_code` = \'+61\', `phone` = \'449715339\', `note` = \'Test\', `status` = \'Waiting\', `assignee` = 0, `created_date` = \'2024-03-22 01:51:42\', `created_by` = \'1\'
WHERE `id` = \'26\'')
 4 SYSTEMPATH\Database\BaseBuilder.php(2476): CodeIgniter\Database\BaseConnection->query('UPDATE `rise_check_in` SET `location_id` = :location_id:, `first_name` = :first_name:, `last_name` = :last_name:, `email` = :email:, `phone_code` = :phone_code:, `phone` = :phone:, `note` = :note:, `status` = :status:, `assignee` = :assignee:, `created_date` = :created_date:, `created_by` = :created_by:
WHERE `id` = :id:', [...], false)
 5 APPPATH\Models\Crud_model.php(360): CodeIgniter\Database\BaseBuilder->update([...], [...])
 6 APPPATH\Models\Crud_model.php(153): App\Models\Crud_model->update_where([...], [...])
 7 APPPATH\Controllers\Check_in.php(145): App\Models\Crud_model->ci_save([...], '26')
 8 SYSTEMPATH\CodeIgniter.php(932): App\Controllers\Check_in->save()
 9 SYSTEMPATH\CodeIgniter.php(497): CodeIgniter\CodeIgniter->runController(Object(App\Controllers\Check_in))
10 SYSTEMPATH\CodeIgniter.php(366): CodeIgniter\CodeIgniter->handleRequest(null, Object(Config\Cache), false)
11 FCPATH\index.php(80): CodeIgniter\CodeIgniter->run()
ERROR - 2024-03-21 21:40:53 --> mysqli_sql_exception: Unknown column 'label' in 'field list' in C:\xampp\htdocs\VA-latest\system\Database\MySQLi\Connection.php:295
Stack trace:
#0 C:\xampp\htdocs\VA-latest\system\Database\MySQLi\Connection.php(295): mysqli->query('UPDATE `rise_cl...', 0)
#1 C:\xampp\htdocs\VA-latest\system\Database\BaseConnection.php(692): CodeIgniter\Database\MySQLi\Connection->execute('UPDATE `rise_cl...')
#2 C:\xampp\htdocs\VA-latest\system\Database\BaseConnection.php(606): CodeIgniter\Database\BaseConnection->simpleQuery('UPDATE `rise_cl...')
#3 C:\xampp\htdocs\VA-latest\system\Database\BaseBuilder.php(2476): CodeIgniter\Database\BaseConnection->query('UPDATE `rise_cl...', Array, false)
#4 C:\xampp\htdocs\VA-latest\app\Models\Crud_model.php(360): CodeIgniter\Database\BaseBuilder->update(Array, Array)
#5 C:\xampp\htdocs\VA-latest\app\Models\Crud_model.php(153): App\Models\Crud_model->update_where(Array, Array)
#6 C:\xampp\htdocs\VA-latest\app\Controllers\Leads.php(84): App\Models\Crud_model->ci_save(Array, '39')
#7 C:\xampp\htdocs\VA-latest\system\CodeIgniter.php(932): App\Controllers\Leads->update_labels_leads()
#8 C:\xampp\htdocs\VA-latest\system\CodeIgniter.php(497): CodeIgniter\CodeIgniter->runController(Object(App\Controllers\Leads))
#9 C:\xampp\htdocs\VA-latest\system\CodeIgniter.php(366): CodeIgniter\CodeIgniter->handleRequest(NULL, Object(Config\Cache), false)
#10 C:\xampp\htdocs\VA-latest\index.php(80): CodeIgniter\CodeIgniter->run()
#11 {main}
CRITICAL - 2024-03-21 21:40:53 --> Unknown column 'label' in 'field list'
in SYSTEMPATH\Database\MySQLi\Connection.php on line 295.
 1 SYSTEMPATH\Database\MySQLi\Connection.php(295): mysqli->query('UPDATE `rise_clients` SET `label` = 9
WHERE `id` = \'39\'', 0)
 2 SYSTEMPATH\Database\BaseConnection.php(692): CodeIgniter\Database\MySQLi\Connection->execute('UPDATE `rise_clients` SET `label` = 9
WHERE `id` = \'39\'')
 3 SYSTEMPATH\Database\BaseConnection.php(606): CodeIgniter\Database\BaseConnection->simpleQuery('UPDATE `rise_clients` SET `label` = 9
WHERE `id` = \'39\'')
 4 SYSTEMPATH\Database\BaseBuilder.php(2476): CodeIgniter\Database\BaseConnection->query('UPDATE `rise_clients` SET `label` = :label:
WHERE `id` = :id:', [...], false)
 5 APPPATH\Models\Crud_model.php(360): CodeIgniter\Database\BaseBuilder->update([...], [...])
 6 APPPATH\Models\Crud_model.php(153): App\Models\Crud_model->update_where([...], [...])
 7 APPPATH\Controllers\Leads.php(84): App\Models\Crud_model->ci_save([...], '39')
 8 SYSTEMPATH\CodeIgniter.php(932): App\Controllers\Leads->update_labels_leads()
 9 SYSTEMPATH\CodeIgniter.php(497): CodeIgniter\CodeIgniter->runController(Object(App\Controllers\Leads))
10 SYSTEMPATH\CodeIgniter.php(366): CodeIgniter\CodeIgniter->handleRequest(null, Object(Config\Cache), false)
11 FCPATH\index.php(80): CodeIgniter\CodeIgniter->run()
CRITICAL - 2024-03-21 21:46:43 --> Undefined variable $account_type
in APPPATH\Views\leads\lead_form_fields.php on line 4.
 1 APPPATH\Views\leads\lead_form_fields.php(4): CodeIgniter\Debug\Exceptions->errorHandler(2, 'Undefined variable $account_type', 'C:\\xampp\\htdocs\\VA-latest\\app\\Views\\leads\\lead_form_fields.php', 4)
 2 SYSTEMPATH\View\View.php(224): include('C:\\xampp\\htdocs\\VA-latest\\app\\Views\\leads\\lead_form_fields.php')
 3 SYSTEMPATH\View\View.php(227): CodeIgniter\View\View->CodeIgniter\View\{closure}()
 4 SYSTEMPATH\Common.php(1180): CodeIgniter\View\View->render('leads/lead_form_fields', [], true)
 5 APPPATH\Views\leads\modal_form.php(4): view('leads/lead_form_fields')
 6 SYSTEMPATH\View\View.php(224): include('C:\\xampp\\htdocs\\VA-latest\\app\\Views\\leads\\modal_form.php')
 7 SYSTEMPATH\View\View.php(227): CodeIgniter\View\View->CodeIgniter\View\{closure}()
 8 SYSTEMPATH\Common.php(1180): CodeIgniter\View\View->render('leads/modal_form', [], true)
 9 APPPATH\Libraries\Template.php(42): view('leads/modal_form', [...])
10 APPPATH\Controllers\Leads.php(62): App\Libraries\Template->view('leads/modal_form', [...])
11 SYSTEMPATH\CodeIgniter.php(932): App\Controllers\Leads->modal_form()
12 SYSTEMPATH\CodeIgniter.php(497): CodeIgniter\CodeIgniter->runController(Object(App\Controllers\Leads))
13 SYSTEMPATH\CodeIgniter.php(366): CodeIgniter\CodeIgniter->handleRequest(null, Object(Config\Cache), false)
14 FCPATH\index.php(80): CodeIgniter\CodeIgniter->run()
CRITICAL - 2024-03-21 21:46:57 --> Undefined variable $account_type
in APPPATH\Views\leads\lead_form_fields.php on line 4.
 1 APPPATH\Views\leads\lead_form_fields.php(4): CodeIgniter\Debug\Exceptions->errorHandler(2, 'Undefined variable $account_type', 'C:\\xampp\\htdocs\\VA-latest\\app\\Views\\leads\\lead_form_fields.php', 4)
 2 SYSTEMPATH\View\View.php(224): include('C:\\xampp\\htdocs\\VA-latest\\app\\Views\\leads\\lead_form_fields.php')
 3 SYSTEMPATH\View\View.php(227): CodeIgniter\View\View->CodeIgniter\View\{closure}()
 4 SYSTEMPATH\Common.php(1180): CodeIgniter\View\View->render('leads/lead_form_fields', [], true)
 5 APPPATH\Views\leads\modal_form.php(4): view('leads/lead_form_fields')
 6 SYSTEMPATH\View\View.php(224): include('C:\\xampp\\htdocs\\VA-latest\\app\\Views\\leads\\modal_form.php')
 7 SYSTEMPATH\View\View.php(227): CodeIgniter\View\View->CodeIgniter\View\{closure}()
 8 SYSTEMPATH\Common.php(1180): CodeIgniter\View\View->render('leads/modal_form', [], true)
 9 APPPATH\Libraries\Template.php(42): view('leads/modal_form', [...])
10 APPPATH\Controllers\Leads.php(62): App\Libraries\Template->view('leads/modal_form', [...])
11 SYSTEMPATH\CodeIgniter.php(932): App\Controllers\Leads->modal_form()
12 SYSTEMPATH\CodeIgniter.php(497): CodeIgniter\CodeIgniter->runController(Object(App\Controllers\Leads))
13 SYSTEMPATH\CodeIgniter.php(366): CodeIgniter\CodeIgniter->handleRequest(null, Object(Config\Cache), false)
14 FCPATH\index.php(80): CodeIgniter\CodeIgniter->run()
CRITICAL - 2024-03-21 21:47:06 --> Undefined variable $account_type
in APPPATH\Views\leads\lead_form_fields.php on line 4.
 1 APPPATH\Views\leads\lead_form_fields.php(4): CodeIgniter\Debug\Exceptions->errorHandler(2, 'Undefined variable $account_type', 'C:\\xampp\\htdocs\\VA-latest\\app\\Views\\leads\\lead_form_fields.php', 4)
 2 SYSTEMPATH\View\View.php(224): include('C:\\xampp\\htdocs\\VA-latest\\app\\Views\\leads\\lead_form_fields.php')
 3 SYSTEMPATH\View\View.php(227): CodeIgniter\View\View->CodeIgniter\View\{closure}()
 4 SYSTEMPATH\Common.php(1180): CodeIgniter\View\View->render('leads/lead_form_fields', [], true)
 5 APPPATH\Views\leads\modal_form.php(4): view('leads/lead_form_fields')
 6 SYSTEMPATH\View\View.php(224): include('C:\\xampp\\htdocs\\VA-latest\\app\\Views\\leads\\modal_form.php')
 7 SYSTEMPATH\View\View.php(227): CodeIgniter\View\View->CodeIgniter\View\{closure}()
 8 SYSTEMPATH\Common.php(1180): CodeIgniter\View\View->render('leads/modal_form', [], true)
 9 APPPATH\Libraries\Template.php(42): view('leads/modal_form', [...])
10 APPPATH\Controllers\Leads.php(62): App\Libraries\Template->view('leads/modal_form', [...])
11 SYSTEMPATH\CodeIgniter.php(932): App\Controllers\Leads->modal_form()
12 SYSTEMPATH\CodeIgniter.php(497): CodeIgniter\CodeIgniter->runController(Object(App\Controllers\Leads))
13 SYSTEMPATH\CodeIgniter.php(366): CodeIgniter\CodeIgniter->handleRequest(null, Object(Config\Cache), false)
14 FCPATH\index.php(80): CodeIgniter\CodeIgniter->run()
CRITICAL - 2024-03-21 21:49:28 --> Undefined variable $account_types_filter_dropdown
in APPPATH\Views\leads\lead_form_fields.php on line 29.
 1 APPPATH\Views\leads\lead_form_fields.php(29): CodeIgniter\Debug\Exceptions->errorHandler(2, 'Undefined variable $account_types_filter_dropdown', 'C:\\xampp\\htdocs\\VA-latest\\app\\Views\\leads\\lead_form_fields.php', 29)
 2 SYSTEMPATH\View\View.php(224): include('C:\\xampp\\htdocs\\VA-latest\\app\\Views\\leads\\lead_form_fields.php')
 3 SYSTEMPATH\View\View.php(227): CodeIgniter\View\View->CodeIgniter\View\{closure}()
 4 SYSTEMPATH\Common.php(1180): CodeIgniter\View\View->render('leads/lead_form_fields', [], true)
 5 APPPATH\Views\leads\modal_form.php(4): view('leads/lead_form_fields')
 6 SYSTEMPATH\View\View.php(224): include('C:\\xampp\\htdocs\\VA-latest\\app\\Views\\leads\\modal_form.php')
 7 SYSTEMPATH\View\View.php(227): CodeIgniter\View\View->CodeIgniter\View\{closure}()
 8 SYSTEMPATH\Common.php(1180): CodeIgniter\View\View->render('leads/modal_form', [], true)
 9 APPPATH\Libraries\Template.php(42): view('leads/modal_form', [...])
10 APPPATH\Controllers\Leads.php(62): App\Libraries\Template->view('leads/modal_form', [...])
11 SYSTEMPATH\CodeIgniter.php(932): App\Controllers\Leads->modal_form()
12 SYSTEMPATH\CodeIgniter.php(497): CodeIgniter\CodeIgniter->runController(Object(App\Controllers\Leads))
13 SYSTEMPATH\CodeIgniter.php(366): CodeIgniter\CodeIgniter->handleRequest(null, Object(Config\Cache), false)
14 FCPATH\index.php(80): CodeIgniter\CodeIgniter->run()
CRITICAL - 2024-03-21 21:49:43 --> Undefined variable $account_types_filter_dropdown
in APPPATH\Views\leads\lead_form_fields.php on line 29.
 1 APPPATH\Views\leads\lead_form_fields.php(29): CodeIgniter\Debug\Exceptions->errorHandler(2, 'Undefined variable $account_types_filter_dropdown', 'C:\\xampp\\htdocs\\VA-latest\\app\\Views\\leads\\lead_form_fields.php', 29)
 2 SYSTEMPATH\View\View.php(224): include('C:\\xampp\\htdocs\\VA-latest\\app\\Views\\leads\\lead_form_fields.php')
 3 SYSTEMPATH\View\View.php(227): CodeIgniter\View\View->CodeIgniter\View\{closure}()
 4 SYSTEMPATH\Common.php(1180): CodeIgniter\View\View->render('leads/lead_form_fields', [], true)
 5 APPPATH\Views\leads\modal_form.php(4): view('leads/lead_form_fields')
 6 SYSTEMPATH\View\View.php(224): include('C:\\xampp\\htdocs\\VA-latest\\app\\Views\\leads\\modal_form.php')
 7 SYSTEMPATH\View\View.php(227): CodeIgniter\View\View->CodeIgniter\View\{closure}()
 8 SYSTEMPATH\Common.php(1180): CodeIgniter\View\View->render('leads/modal_form', [], true)
 9 APPPATH\Libraries\Template.php(42): view('leads/modal_form', [...])
10 APPPATH\Controllers\Leads.php(62): App\Libraries\Template->view('leads/modal_form', [...])
11 SYSTEMPATH\CodeIgniter.php(932): App\Controllers\Leads->modal_form()
12 SYSTEMPATH\CodeIgniter.php(497): CodeIgniter\CodeIgniter->runController(Object(App\Controllers\Leads))
13 SYSTEMPATH\CodeIgniter.php(366): CodeIgniter\CodeIgniter->handleRequest(null, Object(Config\Cache), false)
14 FCPATH\index.php(80): CodeIgniter\CodeIgniter->run()
CRITICAL - 2024-03-21 21:49:46 --> Undefined variable $account_types_filter_dropdown
in APPPATH\Views\leads\lead_form_fields.php on line 29.
 1 APPPATH\Views\leads\lead_form_fields.php(29): CodeIgniter\Debug\Exceptions->errorHandler(2, 'Undefined variable $account_types_filter_dropdown', 'C:\\xampp\\htdocs\\VA-latest\\app\\Views\\leads\\lead_form_fields.php', 29)
 2 SYSTEMPATH\View\View.php(224): include('C:\\xampp\\htdocs\\VA-latest\\app\\Views\\leads\\lead_form_fields.php')
 3 SYSTEMPATH\View\View.php(227): CodeIgniter\View\View->CodeIgniter\View\{closure}()
 4 SYSTEMPATH\Common.php(1180): CodeIgniter\View\View->render('leads/lead_form_fields', [], true)
 5 APPPATH\Views\leads\modal_form.php(4): view('leads/lead_form_fields')
 6 SYSTEMPATH\View\View.php(224): include('C:\\xampp\\htdocs\\VA-latest\\app\\Views\\leads\\modal_form.php')
 7 SYSTEMPATH\View\View.php(227): CodeIgniter\View\View->CodeIgniter\View\{closure}()
 8 SYSTEMPATH\Common.php(1180): CodeIgniter\View\View->render('leads/modal_form', [], true)
 9 APPPATH\Libraries\Template.php(42): view('leads/modal_form', [...])
10 APPPATH\Controllers\Leads.php(62): App\Libraries\Template->view('leads/modal_form', [...])
11 SYSTEMPATH\CodeIgniter.php(932): App\Controllers\Leads->modal_form()
12 SYSTEMPATH\CodeIgniter.php(497): CodeIgniter\CodeIgniter->runController(Object(App\Controllers\Leads))
13 SYSTEMPATH\CodeIgniter.php(366): CodeIgniter\CodeIgniter->handleRequest(null, Object(Config\Cache), false)
14 FCPATH\index.php(80): CodeIgniter\CodeIgniter->run()
CRITICAL - 2024-03-21 21:49:52 --> Undefined variable $account_types_filter_dropdown
in APPPATH\Views\leads\lead_form_fields.php on line 29.
 1 APPPATH\Views\leads\lead_form_fields.php(29): CodeIgniter\Debug\Exceptions->errorHandler(2, 'Undefined variable $account_types_filter_dropdown', 'C:\\xampp\\htdocs\\VA-latest\\app\\Views\\leads\\lead_form_fields.php', 29)
 2 SYSTEMPATH\View\View.php(224): include('C:\\xampp\\htdocs\\VA-latest\\app\\Views\\leads\\lead_form_fields.php')
 3 SYSTEMPATH\View\View.php(227): CodeIgniter\View\View->CodeIgniter\View\{closure}()
 4 SYSTEMPATH\Common.php(1180): CodeIgniter\View\View->render('leads/lead_form_fields', [], true)
 5 APPPATH\Views\leads\modal_form.php(4): view('leads/lead_form_fields')
 6 SYSTEMPATH\View\View.php(224): include('C:\\xampp\\htdocs\\VA-latest\\app\\Views\\leads\\modal_form.php')
 7 SYSTEMPATH\View\View.php(227): CodeIgniter\View\View->CodeIgniter\View\{closure}()
 8 SYSTEMPATH\Common.php(1180): CodeIgniter\View\View->render('leads/modal_form', [], true)
 9 APPPATH\Libraries\Template.php(42): view('leads/modal_form', [...])
10 APPPATH\Controllers\Leads.php(62): App\Libraries\Template->view('leads/modal_form', [...])
11 SYSTEMPATH\CodeIgniter.php(932): App\Controllers\Leads->modal_form()
12 SYSTEMPATH\CodeIgniter.php(497): CodeIgniter\CodeIgniter->runController(Object(App\Controllers\Leads))
13 SYSTEMPATH\CodeIgniter.php(366): CodeIgniter\CodeIgniter->handleRequest(null, Object(Config\Cache), false)
14 FCPATH\index.php(80): CodeIgniter\CodeIgniter->run()
CRITICAL - 2024-03-21 21:50:35 --> Undefined variable $account_types_filter_dropdown
in APPPATH\Views\leads\lead_form_fields.php on line 29.
 1 APPPATH\Views\leads\lead_form_fields.php(29): CodeIgniter\Debug\Exceptions->errorHandler(2, 'Undefined variable $account_types_filter_dropdown', 'C:\\xampp\\htdocs\\VA-latest\\app\\Views\\leads\\lead_form_fields.php', 29)
 2 SYSTEMPATH\View\View.php(224): include('C:\\xampp\\htdocs\\VA-latest\\app\\Views\\leads\\lead_form_fields.php')
 3 SYSTEMPATH\View\View.php(227): CodeIgniter\View\View->CodeIgniter\View\{closure}()
 4 SYSTEMPATH\Common.php(1180): CodeIgniter\View\View->render('leads/lead_form_fields', [], true)
 5 APPPATH\Views\leads\modal_form.php(4): view('leads/lead_form_fields')
 6 SYSTEMPATH\View\View.php(224): include('C:\\xampp\\htdocs\\VA-latest\\app\\Views\\leads\\modal_form.php')
 7 SYSTEMPATH\View\View.php(227): CodeIgniter\View\View->CodeIgniter\View\{closure}()
 8 SYSTEMPATH\Common.php(1180): CodeIgniter\View\View->render('leads/modal_form', [], true)
 9 APPPATH\Libraries\Template.php(42): view('leads/modal_form', [...])
10 APPPATH\Controllers\Leads.php(62): App\Libraries\Template->view('leads/modal_form', [...])
11 SYSTEMPATH\CodeIgniter.php(932): App\Controllers\Leads->modal_form()
12 SYSTEMPATH\CodeIgniter.php(497): CodeIgniter\CodeIgniter->runController(Object(App\Controllers\Leads))
13 SYSTEMPATH\CodeIgniter.php(366): CodeIgniter\CodeIgniter->handleRequest(null, Object(Config\Cache), false)
14 FCPATH\index.php(80): CodeIgniter\CodeIgniter->run()
CRITICAL - 2024-03-21 21:50:50 --> Undefined variable $account_types_filter_dropdown
in APPPATH\Views\leads\lead_form_fields.php on line 29.
 1 APPPATH\Views\leads\lead_form_fields.php(29): CodeIgniter\Debug\Exceptions->errorHandler(2, 'Undefined variable $account_types_filter_dropdown', 'C:\\xampp\\htdocs\\VA-latest\\app\\Views\\leads\\lead_form_fields.php', 29)
 2 SYSTEMPATH\View\View.php(224): include('C:\\xampp\\htdocs\\VA-latest\\app\\Views\\leads\\lead_form_fields.php')
 3 SYSTEMPATH\View\View.php(227): CodeIgniter\View\View->CodeIgniter\View\{closure}()
 4 SYSTEMPATH\Common.php(1180): CodeIgniter\View\View->render('leads/lead_form_fields', [], true)
 5 APPPATH\Views\leads\modal_form.php(4): view('leads/lead_form_fields')
 6 SYSTEMPATH\View\View.php(224): include('C:\\xampp\\htdocs\\VA-latest\\app\\Views\\leads\\modal_form.php')
 7 SYSTEMPATH\View\View.php(227): CodeIgniter\View\View->CodeIgniter\View\{closure}()
 8 SYSTEMPATH\Common.php(1180): CodeIgniter\View\View->render('leads/modal_form', [], true)
 9 APPPATH\Libraries\Template.php(42): view('leads/modal_form', [...])
10 APPPATH\Controllers\Leads.php(62): App\Libraries\Template->view('leads/modal_form', [...])
11 SYSTEMPATH\CodeIgniter.php(932): App\Controllers\Leads->modal_form()
12 SYSTEMPATH\CodeIgniter.php(497): CodeIgniter\CodeIgniter->runController(Object(App\Controllers\Leads))
13 SYSTEMPATH\CodeIgniter.php(366): CodeIgniter\CodeIgniter->handleRequest(null, Object(Config\Cache), false)
14 FCPATH\index.php(80): CodeIgniter\CodeIgniter->run()
CRITICAL - 2024-03-21 23:44:26 --> Attempt to read property "created_date" on null
in APPPATH\Controllers\Organizations.php on line 584.
 1 APPPATH\Controllers\Organizations.php(584): CodeIgniter\Debug\Exceptions->errorHandler(2, 'Attempt to read property "created_date" on null', 'C:\\xampp\\htdocs\\VA-latest\\app\\Controllers\\Organizations.php', 584)
 2 APPPATH\Controllers\Organizations.php(566): App\Controllers\Organizations->_make_sub_user_row(null, [])
 3 APPPATH\Controllers\Organizations.php(441): App\Controllers\Organizations->_row_sub_user_data(46)
 4 SYSTEMPATH\CodeIgniter.php(932): App\Controllers\Organizations->save_sub_user()
 5 SYSTEMPATH\CodeIgniter.php(497): CodeIgniter\CodeIgniter->runController(Object(App\Controllers\Organizations))
 6 SYSTEMPATH\CodeIgniter.php(366): CodeIgniter\CodeIgniter->handleRequest(null, Object(Config\Cache), false)
 7 FCPATH\index.php(80): CodeIgniter\CodeIgniter->run()
CRITICAL - 2024-03-21 23:45:33 --> Attempt to read property "created_date" on null
in APPPATH\Controllers\Organizations.php on line 584.
 1 APPPATH\Controllers\Organizations.php(584): CodeIgniter\Debug\Exceptions->errorHandler(2, 'Attempt to read property "created_date" on null', 'C:\\xampp\\htdocs\\VA-latest\\app\\Controllers\\Organizations.php', 584)
 2 APPPATH\Controllers\Organizations.php(566): App\Controllers\Organizations->_make_sub_user_row(null, [])
 3 APPPATH\Controllers\Organizations.php(441): App\Controllers\Organizations->_row_sub_user_data(47)
 4 SYSTEMPATH\CodeIgniter.php(932): App\Controllers\Organizations->save_sub_user()
 5 SYSTEMPATH\CodeIgniter.php(497): CodeIgniter\CodeIgniter->runController(Object(App\Controllers\Organizations))
 6 SYSTEMPATH\CodeIgniter.php(366): CodeIgniter\CodeIgniter->handleRequest(null, Object(Config\Cache), false)
 7 FCPATH\index.php(80): CodeIgniter\CodeIgniter->run()
