CRITICAL - 2024-07-26 00:00:14 --> The action you requested is not allowed.
in SYSTEMPATH/Security/Security.php on line 306.
 1 SYSTEMPATH/Security/Security.php(306): CodeIgniter\Security\Exceptions\SecurityException::forDisallowedAction()
 2 SYSTEMPATH/Filters/CSRF.php(55): CodeIgniter\Security\Security->verify(Object(CodeIgniter\HTTP\IncomingRequest))
 3 SYSTEMPATH/Filters/Filters.php(173): CodeIgniter\Filters\CSRF->before(Object(CodeIgniter\HTTP\IncomingRequest), null)
 4 SYSTEMPATH/CodeIgniter.php(471): CodeIgniter\Filters\Filters->run('search/search_modal_form', 'before')
 5 SYSTEMPATH/CodeIgniter.php(366): CodeIgniter\CodeIgniter->handleRequest(null, Object(Config\Cache), false)
 6 FCPATH/index.php(84): CodeIgniter\CodeIgniter->run()
CRITICAL - 2024-07-26 00:00:22 --> The action you requested is not allowed.
in SYSTEMPATH/Security/Security.php on line 306.
 1 SYSTEMPATH/Security/Security.php(306): CodeIgniter\Security\Exceptions\SecurityException::forDisallowedAction()
 2 SYSTEMPATH/Filters/CSRF.php(55): CodeIgniter\Security\Security->verify(Object(CodeIgniter\HTTP\IncomingRequest))
 3 SYSTEMPATH/Filters/Filters.php(173): CodeIgniter\Filters\CSRF->before(Object(CodeIgniter\HTTP\IncomingRequest), null)
 4 SYSTEMPATH/CodeIgniter.php(471): CodeIgniter\Filters\Filters->run('search/search_modal_form', 'before')
 5 SYSTEMPATH/CodeIgniter.php(366): CodeIgniter\CodeIgniter->handleRequest(null, Object(Config\Cache), false)
 6 FCPATH/index.php(84): CodeIgniter\CodeIgniter->run()
CRITICAL - 2024-07-26 00:00:54 --> Undefined property: stdClass::$user_type
in APPPATH/Controllers/Security_Controller.php on line 731.
 1 APPPATH/Controllers/Security_Controller.php(731): CodeIgniter\Debug\Exceptions->errorHandler(2, 'Undefined property: stdClass::$user_type', '/home/visaalliance/public_html/crm.visaalliance.com/app/Controllers/Security_Controller.php', 731)
 2 APPPATH/Controllers/Security_Controller.php(53): App\Controllers\Security_Controller->make_locations_dropdown()
 3 APPPATH/Helpers/activity_logs_helper.php(166): App\Controllers\Security_Controller->__construct(false)
 4 APPPATH/Helpers/activity_logs_helper.php(286): get_change_logs_of_custom_fields('description', true)
 5 APPPATH/Controllers/Notification_processor.php(159): get_change_logs_array([...], 'task', 'updated', true)
 6 APPPATH/Controllers/Notification_processor.php(91): App\Controllers\Notification_processor->_clasified_task_modification('general_task_updated', [...], '18414')
 7 SYSTEMPATH/CodeIgniter.php(932): App\Controllers\Notification_processor->create_notification()
 8 SYSTEMPATH/CodeIgniter.php(497): CodeIgniter\CodeIgniter->runController(Object(App\Controllers\Notification_processor))
 9 SYSTEMPATH/CodeIgniter.php(366): CodeIgniter\CodeIgniter->handleRequest(null, Object(Config\Cache), false)
10 FCPATH/index.php(84): CodeIgniter\CodeIgniter->run()
CRITICAL - 2024-07-26 00:01:02 --> The action you requested is not allowed.
in SYSTEMPATH/Security/Security.php on line 306.
 1 SYSTEMPATH/Security/Security.php(306): CodeIgniter\Security\Exceptions\SecurityException::forDisallowedAction()
 2 SYSTEMPATH/Filters/CSRF.php(55): CodeIgniter\Security\Security->verify(Object(CodeIgniter\HTTP\IncomingRequest))
 3 SYSTEMPATH/Filters/Filters.php(173): CodeIgniter\Filters\CSRF->before(Object(CodeIgniter\HTTP\IncomingRequest), null)
 4 SYSTEMPATH/CodeIgniter.php(471): CodeIgniter\Filters\Filters->run('search/search_modal_form', 'before')
 5 SYSTEMPATH/CodeIgniter.php(366): CodeIgniter\CodeIgniter->handleRequest(null, Object(Config\Cache), false)
 6 FCPATH/index.php(84): CodeIgniter\CodeIgniter->run()
CRITICAL - 2024-07-26 00:03:09 --> The action you requested is not allowed.
in SYSTEMPATH/Security/Security.php on line 306.
 1 SYSTEMPATH/Security/Security.php(306): CodeIgniter\Security\Exceptions\SecurityException::forDisallowedAction()
 2 SYSTEMPATH/Filters/CSRF.php(55): CodeIgniter\Security\Security->verify(Object(CodeIgniter\HTTP\IncomingRequest))
 3 SYSTEMPATH/Filters/Filters.php(173): CodeIgniter\Filters\CSRF->before(Object(CodeIgniter\HTTP\IncomingRequest), null)
 4 SYSTEMPATH/CodeIgniter.php(471): CodeIgniter\Filters\Filters->run('search/search_modal_form', 'before')
 5 SYSTEMPATH/CodeIgniter.php(366): CodeIgniter\CodeIgniter->handleRequest(null, Object(Config\Cache), false)
 6 FCPATH/index.php(84): CodeIgniter\CodeIgniter->run()
CRITICAL - 2024-07-26 00:03:10 --> The action you requested is not allowed.
in SYSTEMPATH/Security/Security.php on line 306.
 1 SYSTEMPATH/Security/Security.php(306): CodeIgniter\Security\Exceptions\SecurityException::forDisallowedAction()
 2 SYSTEMPATH/Filters/CSRF.php(55): CodeIgniter\Security\Security->verify(Object(CodeIgniter\HTTP\IncomingRequest))
 3 SYSTEMPATH/Filters/Filters.php(173): CodeIgniter\Filters\CSRF->before(Object(CodeIgniter\HTTP\IncomingRequest), null)
 4 SYSTEMPATH/CodeIgniter.php(471): CodeIgniter\Filters\Filters->run('tasks/modal_form', 'before')
 5 SYSTEMPATH/CodeIgniter.php(366): CodeIgniter\CodeIgniter->handleRequest(null, Object(Config\Cache), false)
 6 FCPATH/index.php(84): CodeIgniter\CodeIgniter->run()
CRITICAL - 2024-07-26 00:04:15 --> Undefined property: stdClass::$user_type
in APPPATH/Controllers/Security_Controller.php on line 731.
 1 APPPATH/Controllers/Security_Controller.php(731): CodeIgniter\Debug\Exceptions->errorHandler(2, 'Undefined property: stdClass::$user_type', '/home/visaalliance/public_html/crm.visaalliance.com/app/Controllers/Security_Controller.php', 731)
 2 APPPATH/Controllers/Security_Controller.php(53): App\Controllers\Security_Controller->make_locations_dropdown()
 3 APPPATH/Helpers/activity_logs_helper.php(166): App\Controllers\Security_Controller->__construct(false)
 4 APPPATH/Helpers/activity_logs_helper.php(286): get_change_logs_of_custom_fields('deadline', true)
 5 APPPATH/Controllers/Notification_processor.php(159): get_change_logs_array([...], 'task', 'updated', true)
 6 APPPATH/Controllers/Notification_processor.php(91): App\Controllers\Notification_processor->_clasified_task_modification('general_task_updated', [...], '18416')
 7 SYSTEMPATH/CodeIgniter.php(932): App\Controllers\Notification_processor->create_notification()
 8 SYSTEMPATH/CodeIgniter.php(497): CodeIgniter\CodeIgniter->runController(Object(App\Controllers\Notification_processor))
 9 SYSTEMPATH/CodeIgniter.php(366): CodeIgniter\CodeIgniter->handleRequest(null, Object(Config\Cache), false)
10 FCPATH/index.php(84): CodeIgniter\CodeIgniter->run()
CRITICAL - 2024-07-26 00:05:17 --> Undefined property: stdClass::$user_type
in APPPATH/Controllers/Security_Controller.php on line 731.
 1 APPPATH/Controllers/Security_Controller.php(731): CodeIgniter\Debug\Exceptions->errorHandler(2, 'Undefined property: stdClass::$user_type', '/home/visaalliance/public_html/crm.visaalliance.com/app/Controllers/Security_Controller.php', 731)
 2 APPPATH/Controllers/Security_Controller.php(53): App\Controllers\Security_Controller->make_locations_dropdown()
 3 APPPATH/Helpers/activity_logs_helper.php(166): App\Controllers\Security_Controller->__construct(false)
 4 APPPATH/Helpers/activity_logs_helper.php(286): get_change_logs_of_custom_fields('status_id', true)
 5 APPPATH/Controllers/Notification_processor.php(159): get_change_logs_array([...], 'task', 'updated', true)
 6 APPPATH/Controllers/Notification_processor.php(91): App\Controllers\Notification_processor->_clasified_task_modification('general_task_updated', [...], '18417')
 7 SYSTEMPATH/CodeIgniter.php(932): App\Controllers\Notification_processor->create_notification()
 8 SYSTEMPATH/CodeIgniter.php(497): CodeIgniter\CodeIgniter->runController(Object(App\Controllers\Notification_processor))
 9 SYSTEMPATH/CodeIgniter.php(366): CodeIgniter\CodeIgniter->handleRequest(null, Object(Config\Cache), false)
10 FCPATH/index.php(84): CodeIgniter\CodeIgniter->run()
CRITICAL - 2024-07-26 00:07:19 --> Undefined property: stdClass::$user_type
in APPPATH/Controllers/Security_Controller.php on line 731.
 1 APPPATH/Controllers/Security_Controller.php(731): CodeIgniter\Debug\Exceptions->errorHandler(2, 'Undefined property: stdClass::$user_type', '/home/visaalliance/public_html/crm.visaalliance.com/app/Controllers/Security_Controller.php', 731)
 2 APPPATH/Controllers/Security_Controller.php(53): App\Controllers\Security_Controller->make_locations_dropdown()
 3 APPPATH/Helpers/activity_logs_helper.php(166): App\Controllers\Security_Controller->__construct(false)
 4 APPPATH/Helpers/activity_logs_helper.php(286): get_change_logs_of_custom_fields('status_id', true)
 5 APPPATH/Controllers/Notification_processor.php(159): get_change_logs_array([...], 'task', 'updated', true)
 6 APPPATH/Controllers/Notification_processor.php(91): App\Controllers\Notification_processor->_clasified_task_modification('general_task_updated', [...], '18420')
 7 SYSTEMPATH/CodeIgniter.php(932): App\Controllers\Notification_processor->create_notification()
 8 SYSTEMPATH/CodeIgniter.php(497): CodeIgniter\CodeIgniter->runController(Object(App\Controllers\Notification_processor))
 9 SYSTEMPATH/CodeIgniter.php(366): CodeIgniter\CodeIgniter->handleRequest(null, Object(Config\Cache), false)
10 FCPATH/index.php(84): CodeIgniter\CodeIgniter->run()
CRITICAL - 2024-07-26 00:08:13 --> Undefined property: stdClass::$user_type
in APPPATH/Controllers/Security_Controller.php on line 731.
 1 APPPATH/Controllers/Security_Controller.php(731): CodeIgniter\Debug\Exceptions->errorHandler(2, 'Undefined property: stdClass::$user_type', '/home/visaalliance/public_html/crm.visaalliance.com/app/Controllers/Security_Controller.php', 731)
 2 APPPATH/Controllers/Security_Controller.php(53): App\Controllers\Security_Controller->make_locations_dropdown()
 3 APPPATH/Helpers/activity_logs_helper.php(166): App\Controllers\Security_Controller->__construct(false)
 4 APPPATH/Helpers/activity_logs_helper.php(286): get_change_logs_of_custom_fields('description', true)
 5 APPPATH/Controllers/Notification_processor.php(159): get_change_logs_array([...], 'task', 'updated', true)
 6 APPPATH/Controllers/Notification_processor.php(91): App\Controllers\Notification_processor->_clasified_task_modification('general_task_updated', [...], '18423')
 7 SYSTEMPATH/CodeIgniter.php(932): App\Controllers\Notification_processor->create_notification()
 8 SYSTEMPATH/CodeIgniter.php(497): CodeIgniter\CodeIgniter->runController(Object(App\Controllers\Notification_processor))
 9 SYSTEMPATH/CodeIgniter.php(366): CodeIgniter\CodeIgniter->handleRequest(null, Object(Config\Cache), false)
10 FCPATH/index.php(84): CodeIgniter\CodeIgniter->run()
CRITICAL - 2024-07-26 00:08:24 --> Undefined property: stdClass::$user_type
in APPPATH/Controllers/Security_Controller.php on line 731.
 1 APPPATH/Controllers/Security_Controller.php(731): CodeIgniter\Debug\Exceptions->errorHandler(2, 'Undefined property: stdClass::$user_type', '/home/visaalliance/public_html/crm.visaalliance.com/app/Controllers/Security_Controller.php', 731)
 2 APPPATH/Controllers/Security_Controller.php(53): App\Controllers\Security_Controller->make_locations_dropdown()
 3 APPPATH/Helpers/activity_logs_helper.php(166): App\Controllers\Security_Controller->__construct(false)
 4 APPPATH/Helpers/activity_logs_helper.php(286): get_change_logs_of_custom_fields('deadline', true)
 5 APPPATH/Controllers/Notification_processor.php(159): get_change_logs_array([...], 'task', 'updated', true)
 6 APPPATH/Controllers/Notification_processor.php(91): App\Controllers\Notification_processor->_clasified_task_modification('general_task_updated', [...], '18424')
 7 SYSTEMPATH/CodeIgniter.php(932): App\Controllers\Notification_processor->create_notification()
 8 SYSTEMPATH/CodeIgniter.php(497): CodeIgniter\CodeIgniter->runController(Object(App\Controllers\Notification_processor))
 9 SYSTEMPATH/CodeIgniter.php(366): CodeIgniter\CodeIgniter->handleRequest(null, Object(Config\Cache), false)
10 FCPATH/index.php(84): CodeIgniter\CodeIgniter->run()
CRITICAL - 2024-07-26 00:11:37 --> The action you requested is not allowed.
in SYSTEMPATH/Security/Security.php on line 306.
 1 SYSTEMPATH/Security/Security.php(306): CodeIgniter\Security\Exceptions\SecurityException::forDisallowedAction()
 2 SYSTEMPATH/Filters/CSRF.php(55): CodeIgniter\Security\Security->verify(Object(CodeIgniter\HTTP\IncomingRequest))
 3 SYSTEMPATH/Filters/Filters.php(173): CodeIgniter\Filters\CSRF->before(Object(CodeIgniter\HTTP\IncomingRequest), null)
 4 SYSTEMPATH/CodeIgniter.php(471): CodeIgniter\Filters\Filters->run('search/search_modal_form', 'before')
 5 SYSTEMPATH/CodeIgniter.php(366): CodeIgniter\CodeIgniter->handleRequest(null, Object(Config\Cache), false)
 6 FCPATH/index.php(84): CodeIgniter\CodeIgniter->run()
CRITICAL - 2024-07-26 00:18:21 --> Undefined property: stdClass::$user_type
in APPPATH/Controllers/Security_Controller.php on line 731.
 1 APPPATH/Controllers/Security_Controller.php(731): CodeIgniter\Debug\Exceptions->errorHandler(2, 'Undefined property: stdClass::$user_type', '/home/visaalliance/public_html/crm.visaalliance.com/app/Controllers/Security_Controller.php', 731)
 2 APPPATH/Controllers/Security_Controller.php(53): App\Controllers\Security_Controller->make_locations_dropdown()
 3 APPPATH/Helpers/activity_logs_helper.php(166): App\Controllers\Security_Controller->__construct(false)
 4 APPPATH/Helpers/activity_logs_helper.php(286): get_change_logs_of_custom_fields('status_id', true)
 5 APPPATH/Controllers/Notification_processor.php(159): get_change_logs_array([...], 'task', 'updated', true)
 6 APPPATH/Controllers/Notification_processor.php(91): App\Controllers\Notification_processor->_clasified_task_modification('general_task_updated', [...], '18428')
 7 SYSTEMPATH/CodeIgniter.php(932): App\Controllers\Notification_processor->create_notification()
 8 SYSTEMPATH/CodeIgniter.php(497): CodeIgniter\CodeIgniter->runController(Object(App\Controllers\Notification_processor))
 9 SYSTEMPATH/CodeIgniter.php(366): CodeIgniter\CodeIgniter->handleRequest(null, Object(Config\Cache), false)
10 FCPATH/index.php(84): CodeIgniter\CodeIgniter->run()
CRITICAL - 2024-07-26 00:18:36 --> Undefined property: stdClass::$user_type
in APPPATH/Controllers/Security_Controller.php on line 731.
 1 APPPATH/Controllers/Security_Controller.php(731): CodeIgniter\Debug\Exceptions->errorHandler(2, 'Undefined property: stdClass::$user_type', '/home/visaalliance/public_html/crm.visaalliance.com/app/Controllers/Security_Controller.php', 731)
 2 APPPATH/Controllers/Security_Controller.php(53): App\Controllers\Security_Controller->make_locations_dropdown()
 3 APPPATH/Helpers/activity_logs_helper.php(166): App\Controllers\Security_Controller->__construct(false)
 4 APPPATH/Helpers/activity_logs_helper.php(286): get_change_logs_of_custom_fields('assigned_to', true)
 5 APPPATH/Controllers/Notification_processor.php(159): get_change_logs_array([...], 'task', 'updated', true)
 6 APPPATH/Controllers/Notification_processor.php(91): App\Controllers\Notification_processor->_clasified_task_modification('general_task_updated', [...], '18430')
 7 SYSTEMPATH/CodeIgniter.php(932): App\Controllers\Notification_processor->create_notification()
 8 SYSTEMPATH/CodeIgniter.php(497): CodeIgniter\CodeIgniter->runController(Object(App\Controllers\Notification_processor))
 9 SYSTEMPATH/CodeIgniter.php(366): CodeIgniter\CodeIgniter->handleRequest(null, Object(Config\Cache), false)
10 FCPATH/index.php(84): CodeIgniter\CodeIgniter->run()
CRITICAL - 2024-07-26 00:19:17 --> Undefined property: stdClass::$user_type
in APPPATH/Controllers/Security_Controller.php on line 731.
 1 APPPATH/Controllers/Security_Controller.php(731): CodeIgniter\Debug\Exceptions->errorHandler(2, 'Undefined property: stdClass::$user_type', '/home/visaalliance/public_html/crm.visaalliance.com/app/Controllers/Security_Controller.php', 731)
 2 APPPATH/Controllers/Security_Controller.php(53): App\Controllers\Security_Controller->make_locations_dropdown()
 3 APPPATH/Helpers/activity_logs_helper.php(166): App\Controllers\Security_Controller->__construct(false)
 4 APPPATH/Helpers/activity_logs_helper.php(286): get_change_logs_of_custom_fields('deadline', true)
 5 APPPATH/Controllers/Notification_processor.php(159): get_change_logs_array([...], 'task', 'updated', true)
 6 APPPATH/Controllers/Notification_processor.php(91): App\Controllers\Notification_processor->_clasified_task_modification('general_task_updated', [...], '18433')
 7 SYSTEMPATH/CodeIgniter.php(932): App\Controllers\Notification_processor->create_notification()
 8 SYSTEMPATH/CodeIgniter.php(497): CodeIgniter\CodeIgniter->runController(Object(App\Controllers\Notification_processor))
 9 SYSTEMPATH/CodeIgniter.php(366): CodeIgniter\CodeIgniter->handleRequest(null, Object(Config\Cache), false)
10 FCPATH/index.php(84): CodeIgniter\CodeIgniter->run()
ERROR - 2024-07-26 00:46:15 --> Error connecting to the database: mysqli_sql_exception: Access denied for user 'visaalliance_crm'@'localhost' (using password: YES) in D:\projects\visaalliance-crm\system\Database\MySQLi\Connection.php:174
Stack trace:
#0 D:\projects\visaalliance-crm\system\Database\MySQLi\Connection.php(174): mysqli->real_connect('127.0.0.1', 'visaalliance_cr...', 'I{_jM0D+{Bd~', 'visaalliance_cr...', 3306, '', 0)
#1 D:\projects\visaalliance-crm\system\Database\BaseConnection.php(391): CodeIgniter\Database\MySQLi\Connection->connect(false)
#2 D:\projects\visaalliance-crm\system\Database\BaseConnection.php(574): CodeIgniter\Database\BaseConnection->initialize()
#3 D:\projects\visaalliance-crm\app\Models\Crud_model.php(32): CodeIgniter\Database\BaseConnection->query('SET sql_mode = ...')
#4 D:\projects\visaalliance-crm\app\Models\Settings_model.php(11): App\Models\Crud_model->__construct('settings')
#5 D:\projects\visaalliance-crm\system\Config\Factories.php(113): App\Models\Settings_model->__construct(NULL)
#6 D:\projects\visaalliance-crm\system\Common.php(825): CodeIgniter\Config\Factories::__callStatic('models', Array)
#7 D:\projects\visaalliance-crm\app\Controllers\App_Controller.php(115): model('App\\Models\\Sett...')
#8 D:\projects\visaalliance-crm\app\Controllers\Security_Controller.php(20): App\Controllers\App_Controller->__construct()
#9 D:\projects\visaalliance-crm\app\Controllers\Invoices.php(15): App\Controllers\Security_Controller->__construct()
#10 D:\projects\visaalliance-crm\system\CodeIgniter.php(904): App\Controllers\Invoices->__construct()
#11 D:\projects\visaalliance-crm\system\CodeIgniter.php(488): CodeIgniter\CodeIgniter->createController()
#12 D:\projects\visaalliance-crm\system\CodeIgniter.php(366): CodeIgniter\CodeIgniter->handleRequest(NULL, Object(Config\Cache), false)
#13 D:\projects\visaalliance-crm\index.php(84): CodeIgniter\CodeIgniter->run()
#14 {main}

Next CodeIgniter\Database\Exceptions\DatabaseException: Access denied for user '****'@'localhost' (using password: YES) in D:\projects\visaalliance-crm\system\Database\MySQLi\Connection.php:218
Stack trace:
#0 D:\projects\visaalliance-crm\system\Database\BaseConnection.php(391): CodeIgniter\Database\MySQLi\Connection->connect(false)
#1 D:\projects\visaalliance-crm\system\Database\BaseConnection.php(574): CodeIgniter\Database\BaseConnection->initialize()
#2 D:\projects\visaalliance-crm\app\Models\Crud_model.php(32): CodeIgniter\Database\BaseConnection->query('SET sql_mode = ...')
#3 D:\projects\visaalliance-crm\app\Models\Settings_model.php(11): App\Models\Crud_model->__construct('settings')
#4 D:\projects\visaalliance-crm\system\Config\Factories.php(113): App\Models\Settings_model->__construct(NULL)
#5 D:\projects\visaalliance-crm\system\Common.php(825): CodeIgniter\Config\Factories::__callStatic('models', Array)
#6 D:\projects\visaalliance-crm\app\Controllers\App_Controller.php(115): model('App\\Models\\Sett...')
#7 D:\projects\visaalliance-crm\app\Controllers\Security_Controller.php(20): App\Controllers\App_Controller->__construct()
#8 D:\projects\visaalliance-crm\app\Controllers\Invoices.php(15): App\Controllers\Security_Controller->__construct()
#9 D:\projects\visaalliance-crm\system\CodeIgniter.php(904): App\Controllers\Invoices->__construct()
#10 D:\projects\visaalliance-crm\system\CodeIgniter.php(488): CodeIgniter\CodeIgniter->createController()
#11 D:\projects\visaalliance-crm\system\CodeIgniter.php(366): CodeIgniter\CodeIgniter->handleRequest(NULL, Object(Config\Cache), false)
#12 D:\projects\visaalliance-crm\index.php(84): CodeIgniter\CodeIgniter->run()
#13 {main}
CRITICAL - 2024-07-26 00:46:15 --> Unable to connect to the database.
Main connection [MySQLi]: Access denied for user '****'@'localhost' (using password: YES)
in SYSTEMPATH\Database\BaseConnection.php on line 427.
 1 SYSTEMPATH\Database\BaseConnection.php(574): CodeIgniter\Database\BaseConnection->initialize()
 2 APPPATH\Models\Crud_model.php(32): CodeIgniter\Database\BaseConnection->query('SET sql_mode = \'\'')
 3 APPPATH\Models\Settings_model.php(11): App\Models\Crud_model->__construct('settings')
 4 SYSTEMPATH\Config\Factories.php(113): App\Models\Settings_model->__construct(null)
 5 SYSTEMPATH\Common.php(825): CodeIgniter\Config\Factories::__callStatic('models', [...])
 6 APPPATH\Controllers\App_Controller.php(115): model('App\\Models\\Settings_model')
 7 APPPATH\Controllers\Security_Controller.php(20): App\Controllers\App_Controller->__construct()
 8 APPPATH\Controllers\Invoices.php(15): App\Controllers\Security_Controller->__construct()
 9 SYSTEMPATH\CodeIgniter.php(904): App\Controllers\Invoices->__construct()
10 SYSTEMPATH\CodeIgniter.php(488): CodeIgniter\CodeIgniter->createController()
11 SYSTEMPATH\CodeIgniter.php(366): CodeIgniter\CodeIgniter->handleRequest(null, Object(Config\Cache), false)
12 FCPATH\index.php(84): CodeIgniter\CodeIgniter->run()
CRITICAL - 2024-07-26 02:05:31 --> Undefined variable $add_invoice
in APPPATH\Controllers\Projects.php on line 2307.
 1 APPPATH\Controllers\Projects.php(2307): CodeIgniter\Debug\Exceptions->errorHandler(2, 'Undefined variable $add_invoice', 'D:\\projects\\visaalliance-crm\\app\\Controllers\\Projects.php', 2307)
 2 APPPATH\Controllers\Projects.php(2264): App\Controllers\Projects->_make_payment_schedule_options_dropdown(Object(stdClass))
 3 APPPATH\Controllers\Projects.php(5000): App\Controllers\Projects->_make_project_payment_schedule_row(Object(stdClass))
 4 SYSTEMPATH\CodeIgniter.php(932): App\Controllers\Projects->project_payment_schedule_list_data('425')
 5 SYSTEMPATH\CodeIgniter.php(497): CodeIgniter\CodeIgniter->runController(Object(App\Controllers\Projects))
 6 SYSTEMPATH\CodeIgniter.php(366): CodeIgniter\CodeIgniter->handleRequest(null, Object(Config\Cache), false)
 7 FCPATH\index.php(84): CodeIgniter\CodeIgniter->run()
CRITICAL - 2024-07-26 02:05:49 --> Undefined variable $add_invoice
in APPPATH\Controllers\Projects.php on line 2307.
 1 APPPATH\Controllers\Projects.php(2307): CodeIgniter\Debug\Exceptions->errorHandler(2, 'Undefined variable $add_invoice', 'D:\\projects\\visaalliance-crm\\app\\Controllers\\Projects.php', 2307)
 2 APPPATH\Controllers\Projects.php(2264): App\Controllers\Projects->_make_payment_schedule_options_dropdown(Object(stdClass))
 3 APPPATH\Controllers\Projects.php(5000): App\Controllers\Projects->_make_project_payment_schedule_row(Object(stdClass))
 4 SYSTEMPATH\CodeIgniter.php(932): App\Controllers\Projects->project_payment_schedule_list_data('425')
 5 SYSTEMPATH\CodeIgniter.php(497): CodeIgniter\CodeIgniter->runController(Object(App\Controllers\Projects))
 6 SYSTEMPATH\CodeIgniter.php(366): CodeIgniter\CodeIgniter->handleRequest(null, Object(Config\Cache), false)
 7 FCPATH\index.php(84): CodeIgniter\CodeIgniter->run()
CRITICAL - 2024-07-26 03:47:16 --> Attempt to read property "id" on null
in APPPATH\Views\invoices\modal_form.php on line 110.
 1 APPPATH\Views\invoices\modal_form.php(110): CodeIgniter\Debug\Exceptions->errorHandler(2, 'Attempt to read property "id" on null', 'D:\\projects\\visaalliance-crm\\app\\Views\\invoices\\modal_form.php', 110)
 2 SYSTEMPATH\View\View.php(224): include('D:\\projects\\visaalliance-crm\\app\\Views\\invoices\\modal_form.php')
 3 SYSTEMPATH\View\View.php(227): CodeIgniter\View\View->CodeIgniter\View\{closure}()
 4 SYSTEMPATH\Common.php(1180): CodeIgniter\View\View->render('invoices/modal_form', [], true)
 5 APPPATH\Libraries\Template.php(42): view('invoices/modal_form', [...])
 6 APPPATH\Controllers\Invoices.php(180): App\Libraries\Template->view('invoices/modal_form', [...])
 7 SYSTEMPATH\CodeIgniter.php(932): App\Controllers\Invoices->modal_form()
 8 SYSTEMPATH\CodeIgniter.php(497): CodeIgniter\CodeIgniter->runController(Object(App\Controllers\Invoices))
 9 SYSTEMPATH\CodeIgniter.php(366): CodeIgniter\CodeIgniter->handleRequest(null, Object(Config\Cache), false)
10 FCPATH\index.php(84): CodeIgniter\CodeIgniter->run()
CRITICAL - 2024-07-26 03:48:26 --> Attempt to read property "id" on null
in APPPATH\Views\invoices\modal_form.php on line 110.
 1 APPPATH\Views\invoices\modal_form.php(110): CodeIgniter\Debug\Exceptions->errorHandler(2, 'Attempt to read property "id" on null', 'D:\\projects\\visaalliance-crm\\app\\Views\\invoices\\modal_form.php', 110)
 2 SYSTEMPATH\View\View.php(224): include('D:\\projects\\visaalliance-crm\\app\\Views\\invoices\\modal_form.php')
 3 SYSTEMPATH\View\View.php(227): CodeIgniter\View\View->CodeIgniter\View\{closure}()
 4 SYSTEMPATH\Common.php(1180): CodeIgniter\View\View->render('invoices/modal_form', [], true)
 5 APPPATH\Libraries\Template.php(42): view('invoices/modal_form', [...])
 6 APPPATH\Controllers\Invoices.php(180): App\Libraries\Template->view('invoices/modal_form', [...])
 7 SYSTEMPATH\CodeIgniter.php(932): App\Controllers\Invoices->modal_form()
 8 SYSTEMPATH\CodeIgniter.php(497): CodeIgniter\CodeIgniter->runController(Object(App\Controllers\Invoices))
 9 SYSTEMPATH\CodeIgniter.php(366): CodeIgniter\CodeIgniter->handleRequest(null, Object(Config\Cache), false)
10 FCPATH\index.php(84): CodeIgniter\CodeIgniter->run()
CRITICAL - 2024-07-26 04:51:22 --> The action you requested is not allowed.
in SYSTEMPATH\Security\Security.php on line 306.
 1 SYSTEMPATH\Security\Security.php(306): CodeIgniter\Security\Exceptions\SecurityException::forDisallowedAction()
 2 SYSTEMPATH\Filters\CSRF.php(55): CodeIgniter\Security\Security->verify(Object(CodeIgniter\HTTP\IncomingRequest))
 3 SYSTEMPATH\Filters\Filters.php(173): CodeIgniter\Filters\CSRF->before(Object(CodeIgniter\HTTP\IncomingRequest), null)
 4 SYSTEMPATH\CodeIgniter.php(471): CodeIgniter\Filters\Filters->run('invoices/modal_form', 'before')
 5 SYSTEMPATH\CodeIgniter.php(366): CodeIgniter\CodeIgniter->handleRequest(null, Object(Config\Cache), false)
 6 FCPATH\index.php(84): CodeIgniter\CodeIgniter->run()
CRITICAL - 2024-07-26 05:04:22 --> Undefined variable $schedule
in APPPATH\Views\invoices\modal_form.php on line 342.
 1 APPPATH\Views\invoices\modal_form.php(342): CodeIgniter\Debug\Exceptions->errorHandler(2, 'Undefined variable $schedule', 'D:\\projects\\visaalliance-crm\\app\\Views\\invoices\\modal_form.php', 342)
 2 SYSTEMPATH\View\View.php(224): include('D:\\projects\\visaalliance-crm\\app\\Views\\invoices\\modal_form.php')
 3 SYSTEMPATH\View\View.php(227): CodeIgniter\View\View->CodeIgniter\View\{closure}()
 4 SYSTEMPATH\Common.php(1180): CodeIgniter\View\View->render('invoices/modal_form', [], true)
 5 APPPATH\Libraries\Template.php(42): view('invoices/modal_form', [...])
 6 APPPATH\Controllers\Invoices.php(188): App\Libraries\Template->view('invoices/modal_form', [...])
 7 SYSTEMPATH\CodeIgniter.php(932): App\Controllers\Invoices->modal_form()
 8 SYSTEMPATH\CodeIgniter.php(497): CodeIgniter\CodeIgniter->runController(Object(App\Controllers\Invoices))
 9 SYSTEMPATH\CodeIgniter.php(366): CodeIgniter\CodeIgniter->handleRequest(null, Object(Config\Cache), false)
10 FCPATH\index.php(84): CodeIgniter\CodeIgniter->run()
CRITICAL - 2024-07-26 05:05:00 --> Object of class stdClass could not be converted to string
in APPPATH\Views\invoices\modal_form.php on line 342.
 1 SYSTEMPATH\View\View.php(224): include()
 2 SYSTEMPATH\View\View.php(227): CodeIgniter\View\View->CodeIgniter\View\{closure}()
 3 SYSTEMPATH\Common.php(1180): CodeIgniter\View\View->render('invoices/modal_form', [], true)
 4 APPPATH\Libraries\Template.php(42): view('invoices/modal_form', [...])
 5 APPPATH\Controllers\Invoices.php(188): App\Libraries\Template->view('invoices/modal_form', [...])
 6 SYSTEMPATH\CodeIgniter.php(932): App\Controllers\Invoices->modal_form()
 7 SYSTEMPATH\CodeIgniter.php(497): CodeIgniter\CodeIgniter->runController(Object(App\Controllers\Invoices))
 8 SYSTEMPATH\CodeIgniter.php(366): CodeIgniter\CodeIgniter->handleRequest(null, Object(Config\Cache), false)
 9 FCPATH\index.php(84): CodeIgniter\CodeIgniter->run()
CRITICAL - 2024-07-26 05:27:31 --> Undefined variable $subagent_dropdown
in APPPATH\Views\projects\modal_form.php on line 53.
 1 APPPATH\Views\projects\modal_form.php(53): CodeIgniter\Debug\Exceptions->errorHandler(2, 'Undefined variable $subagent_dropdown', 'D:\\projects\\visaalliance-crm\\app\\Views\\projects\\modal_form.php', 53)
 2 SYSTEMPATH\View\View.php(224): include('D:\\projects\\visaalliance-crm\\app\\Views\\projects\\modal_form.php')
 3 SYSTEMPATH\View\View.php(227): CodeIgniter\View\View->CodeIgniter\View\{closure}()
 4 SYSTEMPATH\Common.php(1180): CodeIgniter\View\View->render('projects/modal_form', [], true)
 5 APPPATH\Libraries\Template.php(42): view('projects/modal_form', [...])
 6 APPPATH\Controllers\Projects.php(306): App\Libraries\Template->view('projects/modal_form', [...])
 7 SYSTEMPATH\CodeIgniter.php(932): App\Controllers\Projects->modal_form()
 8 SYSTEMPATH\CodeIgniter.php(497): CodeIgniter\CodeIgniter->runController(Object(App\Controllers\Projects))
 9 SYSTEMPATH\CodeIgniter.php(366): CodeIgniter\CodeIgniter->handleRequest(null, Object(Config\Cache), false)
10 FCPATH\index.php(84): CodeIgniter\CodeIgniter->run()
CRITICAL - 2024-07-26 05:37:03 --> CodeIgniter\Database\MySQLi\Connection::_escapeString(): Argument #1 ($str) must be of type string, stdClass given, called in D:\projects\visaalliance-crm\system\Database\BaseConnection.php on line 1296
in SYSTEMPATH\Database\MySQLi\Connection.php on line 332.
 1 SYSTEMPATH\Database\BaseConnection.php(1296): CodeIgniter\Database\MySQLi\Connection->_escapeString(Object(stdClass))
 2 APPPATH\Models\Crud_model.php(100): CodeIgniter\Database\BaseConnection->escapeString(Object(stdClass))
 3 APPPATH\Models\Crud_model.php(71): App\Models\Crud_model->escape_array([...])
 4 APPPATH\Models\Crud_model.php(66): App\Models\Crud_model->get_one_where([...])
 5 APPPATH\Controllers\Projects.php(303): App\Models\Crud_model->get_one(Object(stdClass))
 6 SYSTEMPATH\CodeIgniter.php(932): App\Controllers\Projects->modal_form()
 7 SYSTEMPATH\CodeIgniter.php(497): CodeIgniter\CodeIgniter->runController(Object(App\Controllers\Projects))
 8 SYSTEMPATH\CodeIgniter.php(366): CodeIgniter\CodeIgniter->handleRequest(null, Object(Config\Cache), false)
 9 FCPATH\index.php(84): CodeIgniter\CodeIgniter->run()
CRITICAL - 2024-07-26 05:46:16 --> syntax error, unexpected variable "$view_data"
in APPPATH\Controllers\Projects.php on line 307.
 1 SYSTEMPATH\Autoloader\Autoloader.php(289): CodeIgniter\Autoloader\Autoloader->includeFile('D:\\projects\\visaalliance-crm\\app\\Controllers\\Projects.php')
 2 SYSTEMPATH\Autoloader\Autoloader.php(267): CodeIgniter\Autoloader\Autoloader->loadInNamespace('App\\Controllers\\Projects')
 3 [internal function]: CodeIgniter\Autoloader\Autoloader->loadClass('App\\Controllers\\Projects')
 4 SYSTEMPATH\CodeIgniter.php(890): class_exists('\\App\\Controllers\\Projects', true)
 5 SYSTEMPATH\CodeIgniter.php(484): CodeIgniter\CodeIgniter->startController()
 6 SYSTEMPATH\CodeIgniter.php(366): CodeIgniter\CodeIgniter->handleRequest(null, Object(Config\Cache), false)
 7 FCPATH\index.php(84): CodeIgniter\CodeIgniter->run()
CRITICAL - 2024-07-26 05:48:19 --> Attempt to read property "account_type" on array
in APPPATH\Controllers\Security_Controller.php on line 130.
 1 APPPATH\Controllers\Security_Controller.php(130): CodeIgniter\Debug\Exceptions->errorHandler(2, 'Attempt to read property "account_type" on array', 'D:\\projects\\visaalliance-crm\\app\\Controllers\\Security_Controller.php', 130)
 2 APPPATH\Controllers\Projects.php(306): App\Controllers\Security_Controller->get_client_full_name(0, [...])
 3 SYSTEMPATH\CodeIgniter.php(932): App\Controllers\Projects->modal_form()
 4 SYSTEMPATH\CodeIgniter.php(497): CodeIgniter\CodeIgniter->runController(Object(App\Controllers\Projects))
 5 SYSTEMPATH\CodeIgniter.php(366): CodeIgniter\CodeIgniter->handleRequest(null, Object(Config\Cache), false)
 6 FCPATH\index.php(84): CodeIgniter\CodeIgniter->run()
CRITICAL - 2024-07-26 06:04:14 --> Undefined variable $subagent_commission
in APPPATH\Views\projects\modal_form.php on line 309.
 1 APPPATH\Views\projects\modal_form.php(309): CodeIgniter\Debug\Exceptions->errorHandler(2, 'Undefined variable $subagent_commission', 'D:\\projects\\visaalliance-crm\\app\\Views\\projects\\modal_form.php', 309)
 2 SYSTEMPATH\View\View.php(224): include('D:\\projects\\visaalliance-crm\\app\\Views\\projects\\modal_form.php')
 3 SYSTEMPATH\View\View.php(227): CodeIgniter\View\View->CodeIgniter\View\{closure}()
 4 SYSTEMPATH\Common.php(1180): CodeIgniter\View\View->render('projects/modal_form', [], true)
 5 APPPATH\Libraries\Template.php(42): view('projects/modal_form', [...])
 6 APPPATH\Controllers\Projects.php(318): App\Libraries\Template->view('projects/modal_form', [...])
 7 SYSTEMPATH\CodeIgniter.php(932): App\Controllers\Projects->modal_form()
 8 SYSTEMPATH\CodeIgniter.php(497): CodeIgniter\CodeIgniter->runController(Object(App\Controllers\Projects))
 9 SYSTEMPATH\CodeIgniter.php(366): CodeIgniter\CodeIgniter->handleRequest(null, Object(Config\Cache), false)
10 FCPATH\index.php(84): CodeIgniter\CodeIgniter->run()
WARNING - 2024-07-26 06:26:00 --> [DEPRECATED] preg_replace(): Passing null to parameter #3 ($subject) of type array|string is deprecated in APPPATH\Helpers\currency_helper.php on line 96.
 1 APPPATH\Helpers\currency_helper.php(96): preg_replace('/[^\\d,-\\.]/', '', null)
 2 APPPATH\Controllers\Projects.php(684): unformat_currency(null)
 3 SYSTEMPATH\CodeIgniter.php(932): App\Controllers\Projects->save()
 4 SYSTEMPATH\CodeIgniter.php(497): CodeIgniter\CodeIgniter->runController(Object(App\Controllers\Projects))
 5 SYSTEMPATH\CodeIgniter.php(366): CodeIgniter\CodeIgniter->handleRequest(null, Object(Config\Cache), false)
 6 FCPATH\index.php(84): CodeIgniter\CodeIgniter->run()
WARNING - 2024-07-26 06:46:02 --> [DEPRECATED] preg_replace(): Passing null to parameter #3 ($subject) of type array|string is deprecated in APPPATH\Helpers\currency_helper.php on line 96.
 1 APPPATH\Helpers\currency_helper.php(96): preg_replace('/[^\\d,-\\.]/', '', null)
 2 APPPATH\Controllers\Projects.php(684): unformat_currency(null)
 3 SYSTEMPATH\CodeIgniter.php(932): App\Controllers\Projects->save()
 4 SYSTEMPATH\CodeIgniter.php(497): CodeIgniter\CodeIgniter->runController(Object(App\Controllers\Projects))
 5 SYSTEMPATH\CodeIgniter.php(366): CodeIgniter\CodeIgniter->handleRequest(null, Object(Config\Cache), false)
 6 FCPATH\index.php(84): CodeIgniter\CodeIgniter->run()
WARNING - 2024-07-26 06:50:46 --> [DEPRECATED] preg_replace(): Passing null to parameter #3 ($subject) of type array|string is deprecated in APPPATH\Helpers\currency_helper.php on line 96.
 1 APPPATH\Helpers\currency_helper.php(96): preg_replace('/[^\\d,-\\.]/', '', null)
 2 APPPATH\Controllers\Projects.php(684): unformat_currency(null)
 3 SYSTEMPATH\CodeIgniter.php(932): App\Controllers\Projects->save()
 4 SYSTEMPATH\CodeIgniter.php(497): CodeIgniter\CodeIgniter->runController(Object(App\Controllers\Projects))
 5 SYSTEMPATH\CodeIgniter.php(366): CodeIgniter\CodeIgniter->handleRequest(null, Object(Config\Cache), false)
 6 FCPATH\index.php(84): CodeIgniter\CodeIgniter->run()
CRITICAL - 2024-07-26 06:53:24 --> The action you requested is not allowed.
in SYSTEMPATH\Security\Security.php on line 306.
 1 SYSTEMPATH\Security\Security.php(306): CodeIgniter\Security\Exceptions\SecurityException::forDisallowedAction()
 2 SYSTEMPATH\Filters\CSRF.php(55): CodeIgniter\Security\Security->verify(Object(CodeIgniter\HTTP\IncomingRequest))
 3 SYSTEMPATH\Filters\Filters.php(173): CodeIgniter\Filters\CSRF->before(Object(CodeIgniter\HTTP\IncomingRequest), null)
 4 SYSTEMPATH\CodeIgniter.php(471): CodeIgniter\Filters\Filters->run('projects/modal_form', 'before')
 5 SYSTEMPATH\CodeIgniter.php(366): CodeIgniter\CodeIgniter->handleRequest(null, Object(Config\Cache), false)
 6 FCPATH\index.php(84): CodeIgniter\CodeIgniter->run()
WARNING - 2024-07-26 06:53:47 --> [DEPRECATED] preg_replace(): Passing null to parameter #3 ($subject) of type array|string is deprecated in APPPATH\Helpers\currency_helper.php on line 96.
 1 APPPATH\Helpers\currency_helper.php(96): preg_replace('/[^\\d,-\\.]/', '', null)
 2 APPPATH\Controllers\Projects.php(684): unformat_currency(null)
 3 SYSTEMPATH\CodeIgniter.php(932): App\Controllers\Projects->save()
 4 SYSTEMPATH\CodeIgniter.php(497): CodeIgniter\CodeIgniter->runController(Object(App\Controllers\Projects))
 5 SYSTEMPATH\CodeIgniter.php(366): CodeIgniter\CodeIgniter->handleRequest(null, Object(Config\Cache), false)
 6 FCPATH\index.php(84): CodeIgniter\CodeIgniter->run()
CRITICAL - 2024-07-26 07:10:57 --> Undefined variable $schedule_info
in APPPATH\Views\invoices\modal_form.php on line 342.
 1 APPPATH\Views\invoices\modal_form.php(342): CodeIgniter\Debug\Exceptions->errorHandler(2, 'Undefined variable $schedule_info', 'D:\\projects\\visaalliance-crm\\app\\Views\\invoices\\modal_form.php', 342)
 2 SYSTEMPATH\View\View.php(224): include('D:\\projects\\visaalliance-crm\\app\\Views\\invoices\\modal_form.php')
 3 SYSTEMPATH\View\View.php(227): CodeIgniter\View\View->CodeIgniter\View\{closure}()
 4 SYSTEMPATH\Common.php(1180): CodeIgniter\View\View->render('invoices/modal_form', [], true)
 5 APPPATH\Libraries\Template.php(42): view('invoices/modal_form', [...])
 6 APPPATH\Controllers\Invoices.php(188): App\Libraries\Template->view('invoices/modal_form', [...])
 7 SYSTEMPATH\CodeIgniter.php(932): App\Controllers\Invoices->modal_form()
 8 SYSTEMPATH\CodeIgniter.php(497): CodeIgniter\CodeIgniter->runController(Object(App\Controllers\Invoices))
 9 SYSTEMPATH\CodeIgniter.php(366): CodeIgniter\CodeIgniter->handleRequest(null, Object(Config\Cache), false)
10 FCPATH\index.php(84): CodeIgniter\CodeIgniter->run()
CRITICAL - 2024-07-26 09:04:00 --> The action you requested is not allowed.
in SYSTEMPATH\Security\Security.php on line 306.
 1 SYSTEMPATH\Security\Security.php(306): CodeIgniter\Security\Exceptions\SecurityException::forDisallowedAction()
 2 SYSTEMPATH\Filters\CSRF.php(55): CodeIgniter\Security\Security->verify(Object(CodeIgniter\HTTP\IncomingRequest))
 3 SYSTEMPATH\Filters\Filters.php(173): CodeIgniter\Filters\CSRF->before(Object(CodeIgniter\HTTP\IncomingRequest), null)
 4 SYSTEMPATH\CodeIgniter.php(471): CodeIgniter\Filters\Filters->run('invoices/modal_form', 'before')
 5 SYSTEMPATH\CodeIgniter.php(366): CodeIgniter\CodeIgniter->handleRequest(null, Object(Config\Cache), false)
 6 FCPATH\index.php(84): CodeIgniter\CodeIgniter->run()
WARNING - 2024-07-26 23:55:46 --> [DEPRECATED] preg_replace(): Passing null to parameter #3 ($subject) of type array|string is deprecated in APPPATH\Helpers\currency_helper.php on line 96.
 1 APPPATH\Helpers\currency_helper.php(96): preg_replace('/[^\\d,-\\.]/', '', null)
 2 APPPATH\Controllers\Projects.php(697): unformat_currency(null)
 3 SYSTEMPATH\CodeIgniter.php(932): App\Controllers\Projects->save()
 4 SYSTEMPATH\CodeIgniter.php(497): CodeIgniter\CodeIgniter->runController(Object(App\Controllers\Projects))
 5 SYSTEMPATH\CodeIgniter.php(366): CodeIgniter\CodeIgniter->handleRequest(null, Object(Config\Cache), false)
 6 FCPATH\index.php(84): CodeIgniter\CodeIgniter->run()
