CRITICAL - 2024-06-11 06:47:13 --> Array to string conversion
in APPPATH\Models\Clients_model.php on line 91.
 1 APPPATH\Models\Clients_model.php(91): CodeIgniter\Debug\Exceptions->errorHandler(2, 'Array to string conversion', 'D:\\projects\\visaalliance-crm\\app\\Models\\Clients_model.php', 91)
 2 APPPATH\Controllers\Students.php(360): App\Models\Clients_model->get_details([...])
 3 SYSTEMPATH\CodeIgniter.php(932): App\Controllers\Students->list_data()
 4 SYSTEMPATH\CodeIgniter.php(497): CodeIgniter\CodeIgniter->runController(Object(App\Controllers\Students))
 5 SYSTEMPATH\CodeIgniter.php(366): CodeIgniter\CodeIgniter->handleRequest(null, Object(Config\Cache), false)
 6 FCPATH\index.php(80): CodeIgniter\CodeIgniter->run()
CRITICAL - 2024-06-11 06:47:26 --> Array to string conversion
in APPPATH\Models\Clients_model.php on line 91.
 1 APPPATH\Models\Clients_model.php(91): CodeIgniter\Debug\Exceptions->errorHandler(2, 'Array to string conversion', 'D:\\projects\\visaalliance-crm\\app\\Models\\Clients_model.php', 91)
 2 APPPATH\Controllers\Students.php(360): App\Models\Clients_model->get_details([...])
 3 SYSTEMPATH\CodeIgniter.php(932): App\Controllers\Students->list_data()
 4 SYSTEMPATH\CodeIgniter.php(497): CodeIgniter\CodeIgniter->runController(Object(App\Controllers\Students))
 5 SYSTEMPATH\CodeIgniter.php(366): CodeIgniter\CodeIgniter->handleRequest(null, Object(Config\Cache), false)
 6 FCPATH\index.php(80): CodeIgniter\CodeIgniter->run()
CRITICAL - 2024-06-11 06:48:56 --> Array to string conversion
in APPPATH\Models\Clients_model.php on line 91.
 1 APPPATH\Models\Clients_model.php(91): CodeIgniter\Debug\Exceptions->errorHandler(2, 'Array to string conversion', 'D:\\projects\\visaalliance-crm\\app\\Models\\Clients_model.php', 91)
 2 APPPATH\Controllers\Students.php(362): App\Models\Clients_model->get_details([...])
 3 SYSTEMPATH\CodeIgniter.php(932): App\Controllers\Students->list_data()
 4 SYSTEMPATH\CodeIgniter.php(497): CodeIgniter\CodeIgniter->runController(Object(App\Controllers\Students))
 5 SYSTEMPATH\CodeIgniter.php(366): CodeIgniter\CodeIgniter->handleRequest(null, Object(Config\Cache), false)
 6 FCPATH\index.php(80): CodeIgniter\CodeIgniter->run()
CRITICAL - 2024-06-11 06:50:18 --> array_intersect(): Argument #1 ($array) must be of type array, string given
in APPPATH\Controllers\Security_Controller.php on line 1018.
 1 APPPATH\Controllers\Security_Controller.php(1018): array_intersect('0', [...])
 2 APPPATH\Controllers\Students.php(2400): App\Controllers\Security_Controller->get_team_members_dropdown(true)
 3 SYSTEMPATH\CodeIgniter.php(932): App\Controllers\Students->clients_list()
 4 SYSTEMPATH\CodeIgniter.php(497): CodeIgniter\CodeIgniter->runController(Object(App\Controllers\Students))
 5 SYSTEMPATH\CodeIgniter.php(366): CodeIgniter\CodeIgniter->handleRequest(null, Object(Config\Cache), false)
 6 FCPATH\index.php(80): CodeIgniter\CodeIgniter->run()
WARNING - 2024-06-11 06:53:01 --> [DEPRECATED] strtotime(): Passing null to parameter #1 ($datetime) of type string is deprecated in APPPATH\Views\events\event_time.php on line 39.
 1 APPPATH\Views\events\event_time.php(39): strtotime(null)
 2 SYSTEMPATH\View\View.php(224): include('D:\\projects\\visaalliance-crm\\app\\Views\\events\\event_time.php')
 3 SYSTEMPATH\View\View.php(227): CodeIgniter\View\View->CodeIgniter\View\{closure}()
 4 SYSTEMPATH\Common.php(1180): CodeIgniter\View\View->render('events/event_time', [], true)
 5 APPPATH\Views\events\events_widget.php(15): view('events/event_time', [...])
 6 SYSTEMPATH\View\View.php(224): include('D:\\projects\\visaalliance-crm\\app\\Views\\events\\events_widget.php')
 7 SYSTEMPATH\View\View.php(227): CodeIgniter\View\View->CodeIgniter\View\{closure}()
 8 SYSTEMPATH\Common.php(1180): CodeIgniter\View\View->render('events/events_widget', [], true)
 9 APPPATH\Libraries\Template.php(42): view('events/events_widget', [...])
10 APPPATH\Helpers\widget_helper.php(294): App\Libraries\Template->view('events/events_widget', [...])
11 APPPATH\Controllers\Dashboard.php(1116): events_widget()
12 APPPATH\Controllers\Dashboard.php(1089): App\Controllers\Dashboard->_get_widgets_for_staffs('events', [...])
13 APPPATH\Controllers\Dashboard.php(1065): App\Controllers\Dashboard->_make_dashboard_widgets('events')
14 APPPATH\Controllers\Dashboard.php(411): App\Controllers\Dashboard->make_dashboard([...])
15 APPPATH\Controllers\Dashboard.php(36): App\Controllers\Dashboard->view('1')
16 SYSTEMPATH\CodeIgniter.php(932): App\Controllers\Dashboard->index('1')
17 SYSTEMPATH\CodeIgniter.php(497): CodeIgniter\CodeIgniter->runController(Object(App\Controllers\Dashboard))
18 SYSTEMPATH\CodeIgniter.php(366): CodeIgniter\CodeIgniter->handleRequest(null, Object(Config\Cache), false)
19 FCPATH\index.php(80): CodeIgniter\CodeIgniter->run()
WARNING - 2024-06-11 06:53:02 --> [DEPRECATED] strtotime(): Passing null to parameter #1 ($datetime) of type string is deprecated in APPPATH\Views\events\event_time.php on line 40.
 1 APPPATH\Views\events\event_time.php(40): strtotime(null)
 2 SYSTEMPATH\View\View.php(224): include('D:\\projects\\visaalliance-crm\\app\\Views\\events\\event_time.php')
 3 SYSTEMPATH\View\View.php(227): CodeIgniter\View\View->CodeIgniter\View\{closure}()
 4 SYSTEMPATH\Common.php(1180): CodeIgniter\View\View->render('events/event_time', [], true)
 5 APPPATH\Views\events\events_widget.php(15): view('events/event_time', [...])
 6 SYSTEMPATH\View\View.php(224): include('D:\\projects\\visaalliance-crm\\app\\Views\\events\\events_widget.php')
 7 SYSTEMPATH\View\View.php(227): CodeIgniter\View\View->CodeIgniter\View\{closure}()
 8 SYSTEMPATH\Common.php(1180): CodeIgniter\View\View->render('events/events_widget', [], true)
 9 APPPATH\Libraries\Template.php(42): view('events/events_widget', [...])
10 APPPATH\Helpers\widget_helper.php(294): App\Libraries\Template->view('events/events_widget', [...])
11 APPPATH\Controllers\Dashboard.php(1116): events_widget()
12 APPPATH\Controllers\Dashboard.php(1089): App\Controllers\Dashboard->_get_widgets_for_staffs('events', [...])
13 APPPATH\Controllers\Dashboard.php(1065): App\Controllers\Dashboard->_make_dashboard_widgets('events')
14 APPPATH\Controllers\Dashboard.php(411): App\Controllers\Dashboard->make_dashboard([...])
15 APPPATH\Controllers\Dashboard.php(36): App\Controllers\Dashboard->view('1')
16 SYSTEMPATH\CodeIgniter.php(932): App\Controllers\Dashboard->index('1')
17 SYSTEMPATH\CodeIgniter.php(497): CodeIgniter\CodeIgniter->runController(Object(App\Controllers\Dashboard))
18 SYSTEMPATH\CodeIgniter.php(366): CodeIgniter\CodeIgniter->handleRequest(null, Object(Config\Cache), false)
19 FCPATH\index.php(80): CodeIgniter\CodeIgniter->run()
WARNING - 2024-06-11 06:53:02 --> [DEPRECATED] strtotime(): Passing null to parameter #1 ($datetime) of type string is deprecated in APPPATH\Views\events\event_time.php on line 41.
 1 APPPATH\Views\events\event_time.php(41): strtotime(null)
 2 SYSTEMPATH\View\View.php(224): include('D:\\projects\\visaalliance-crm\\app\\Views\\events\\event_time.php')
 3 SYSTEMPATH\View\View.php(227): CodeIgniter\View\View->CodeIgniter\View\{closure}()
 4 SYSTEMPATH\Common.php(1180): CodeIgniter\View\View->render('events/event_time', [], true)
 5 APPPATH\Views\events\events_widget.php(15): view('events/event_time', [...])
 6 SYSTEMPATH\View\View.php(224): include('D:\\projects\\visaalliance-crm\\app\\Views\\events\\events_widget.php')
 7 SYSTEMPATH\View\View.php(227): CodeIgniter\View\View->CodeIgniter\View\{closure}()
 8 SYSTEMPATH\Common.php(1180): CodeIgniter\View\View->render('events/events_widget', [], true)
 9 APPPATH\Libraries\Template.php(42): view('events/events_widget', [...])
10 APPPATH\Helpers\widget_helper.php(294): App\Libraries\Template->view('events/events_widget', [...])
11 APPPATH\Controllers\Dashboard.php(1116): events_widget()
12 APPPATH\Controllers\Dashboard.php(1089): App\Controllers\Dashboard->_get_widgets_for_staffs('events', [...])
13 APPPATH\Controllers\Dashboard.php(1065): App\Controllers\Dashboard->_make_dashboard_widgets('events')
14 APPPATH\Controllers\Dashboard.php(411): App\Controllers\Dashboard->make_dashboard([...])
15 APPPATH\Controllers\Dashboard.php(36): App\Controllers\Dashboard->view('1')
16 SYSTEMPATH\CodeIgniter.php(932): App\Controllers\Dashboard->index('1')
17 SYSTEMPATH\CodeIgniter.php(497): CodeIgniter\CodeIgniter->runController(Object(App\Controllers\Dashboard))
18 SYSTEMPATH\CodeIgniter.php(366): CodeIgniter\CodeIgniter->handleRequest(null, Object(Config\Cache), false)
19 FCPATH\index.php(80): CodeIgniter\CodeIgniter->run()
WARNING - 2024-06-11 08:13:28 --> [DEPRECATED] strtotime(): Passing null to parameter #1 ($datetime) of type string is deprecated in APPPATH\Views\events\event_time.php on line 39.
 1 APPPATH\Views\events\event_time.php(39): strtotime(null)
 2 SYSTEMPATH\View\View.php(224): include('D:\\projects\\visaalliance-crm\\app\\Views\\events\\event_time.php')
 3 SYSTEMPATH\View\View.php(227): CodeIgniter\View\View->CodeIgniter\View\{closure}()
 4 SYSTEMPATH\Common.php(1180): CodeIgniter\View\View->render('events/event_time', [], true)
 5 APPPATH\Views\events\events_widget.php(15): view('events/event_time', [...])
 6 SYSTEMPATH\View\View.php(224): include('D:\\projects\\visaalliance-crm\\app\\Views\\events\\events_widget.php')
 7 SYSTEMPATH\View\View.php(227): CodeIgniter\View\View->CodeIgniter\View\{closure}()
 8 SYSTEMPATH\Common.php(1180): CodeIgniter\View\View->render('events/events_widget', [], true)
 9 APPPATH\Libraries\Template.php(42): view('events/events_widget', [...])
10 APPPATH\Helpers\widget_helper.php(294): App\Libraries\Template->view('events/events_widget', [...])
11 APPPATH\Controllers\Dashboard.php(1116): events_widget()
12 APPPATH\Controllers\Dashboard.php(1089): App\Controllers\Dashboard->_get_widgets_for_staffs('events', [...])
13 APPPATH\Controllers\Dashboard.php(1065): App\Controllers\Dashboard->_make_dashboard_widgets('events')
14 APPPATH\Controllers\Dashboard.php(411): App\Controllers\Dashboard->make_dashboard([...])
15 APPPATH\Controllers\Dashboard.php(36): App\Controllers\Dashboard->view('1')
16 SYSTEMPATH\CodeIgniter.php(932): App\Controllers\Dashboard->index('1')
17 SYSTEMPATH\CodeIgniter.php(497): CodeIgniter\CodeIgniter->runController(Object(App\Controllers\Dashboard))
18 SYSTEMPATH\CodeIgniter.php(366): CodeIgniter\CodeIgniter->handleRequest(null, Object(Config\Cache), false)
19 FCPATH\index.php(80): CodeIgniter\CodeIgniter->run()
WARNING - 2024-06-11 08:13:28 --> [DEPRECATED] strtotime(): Passing null to parameter #1 ($datetime) of type string is deprecated in APPPATH\Views\events\event_time.php on line 40.
 1 APPPATH\Views\events\event_time.php(40): strtotime(null)
 2 SYSTEMPATH\View\View.php(224): include('D:\\projects\\visaalliance-crm\\app\\Views\\events\\event_time.php')
 3 SYSTEMPATH\View\View.php(227): CodeIgniter\View\View->CodeIgniter\View\{closure}()
 4 SYSTEMPATH\Common.php(1180): CodeIgniter\View\View->render('events/event_time', [], true)
 5 APPPATH\Views\events\events_widget.php(15): view('events/event_time', [...])
 6 SYSTEMPATH\View\View.php(224): include('D:\\projects\\visaalliance-crm\\app\\Views\\events\\events_widget.php')
 7 SYSTEMPATH\View\View.php(227): CodeIgniter\View\View->CodeIgniter\View\{closure}()
 8 SYSTEMPATH\Common.php(1180): CodeIgniter\View\View->render('events/events_widget', [], true)
 9 APPPATH\Libraries\Template.php(42): view('events/events_widget', [...])
10 APPPATH\Helpers\widget_helper.php(294): App\Libraries\Template->view('events/events_widget', [...])
11 APPPATH\Controllers\Dashboard.php(1116): events_widget()
12 APPPATH\Controllers\Dashboard.php(1089): App\Controllers\Dashboard->_get_widgets_for_staffs('events', [...])
13 APPPATH\Controllers\Dashboard.php(1065): App\Controllers\Dashboard->_make_dashboard_widgets('events')
14 APPPATH\Controllers\Dashboard.php(411): App\Controllers\Dashboard->make_dashboard([...])
15 APPPATH\Controllers\Dashboard.php(36): App\Controllers\Dashboard->view('1')
16 SYSTEMPATH\CodeIgniter.php(932): App\Controllers\Dashboard->index('1')
17 SYSTEMPATH\CodeIgniter.php(497): CodeIgniter\CodeIgniter->runController(Object(App\Controllers\Dashboard))
18 SYSTEMPATH\CodeIgniter.php(366): CodeIgniter\CodeIgniter->handleRequest(null, Object(Config\Cache), false)
19 FCPATH\index.php(80): CodeIgniter\CodeIgniter->run()
WARNING - 2024-06-11 08:13:28 --> [DEPRECATED] strtotime(): Passing null to parameter #1 ($datetime) of type string is deprecated in APPPATH\Views\events\event_time.php on line 41.
 1 APPPATH\Views\events\event_time.php(41): strtotime(null)
 2 SYSTEMPATH\View\View.php(224): include('D:\\projects\\visaalliance-crm\\app\\Views\\events\\event_time.php')
 3 SYSTEMPATH\View\View.php(227): CodeIgniter\View\View->CodeIgniter\View\{closure}()
 4 SYSTEMPATH\Common.php(1180): CodeIgniter\View\View->render('events/event_time', [], true)
 5 APPPATH\Views\events\events_widget.php(15): view('events/event_time', [...])
 6 SYSTEMPATH\View\View.php(224): include('D:\\projects\\visaalliance-crm\\app\\Views\\events\\events_widget.php')
 7 SYSTEMPATH\View\View.php(227): CodeIgniter\View\View->CodeIgniter\View\{closure}()
 8 SYSTEMPATH\Common.php(1180): CodeIgniter\View\View->render('events/events_widget', [], true)
 9 APPPATH\Libraries\Template.php(42): view('events/events_widget', [...])
10 APPPATH\Helpers\widget_helper.php(294): App\Libraries\Template->view('events/events_widget', [...])
11 APPPATH\Controllers\Dashboard.php(1116): events_widget()
12 APPPATH\Controllers\Dashboard.php(1089): App\Controllers\Dashboard->_get_widgets_for_staffs('events', [...])
13 APPPATH\Controllers\Dashboard.php(1065): App\Controllers\Dashboard->_make_dashboard_widgets('events')
14 APPPATH\Controllers\Dashboard.php(411): App\Controllers\Dashboard->make_dashboard([...])
15 APPPATH\Controllers\Dashboard.php(36): App\Controllers\Dashboard->view('1')
16 SYSTEMPATH\CodeIgniter.php(932): App\Controllers\Dashboard->index('1')
17 SYSTEMPATH\CodeIgniter.php(497): CodeIgniter\CodeIgniter->runController(Object(App\Controllers\Dashboard))
18 SYSTEMPATH\CodeIgniter.php(366): CodeIgniter\CodeIgniter->handleRequest(null, Object(Config\Cache), false)
19 FCPATH\index.php(80): CodeIgniter\CodeIgniter->run()
WARNING - 2024-06-11 08:18:46 --> [DEPRECATED] strtotime(): Passing null to parameter #1 ($datetime) of type string is deprecated in APPPATH\Views\events\event_time.php on line 39.
 1 APPPATH\Views\events\event_time.php(39): strtotime(null)
 2 SYSTEMPATH\View\View.php(224): include('D:\\projects\\visaalliance-crm\\app\\Views\\events\\event_time.php')
 3 SYSTEMPATH\View\View.php(227): CodeIgniter\View\View->CodeIgniter\View\{closure}()
 4 SYSTEMPATH\Common.php(1180): CodeIgniter\View\View->render('events/event_time', [], true)
 5 APPPATH\Views\events\events_widget.php(15): view('events/event_time', [...])
 6 SYSTEMPATH\View\View.php(224): include('D:\\projects\\visaalliance-crm\\app\\Views\\events\\events_widget.php')
 7 SYSTEMPATH\View\View.php(227): CodeIgniter\View\View->CodeIgniter\View\{closure}()
 8 SYSTEMPATH\Common.php(1180): CodeIgniter\View\View->render('events/events_widget', [], true)
 9 APPPATH\Libraries\Template.php(42): view('events/events_widget', [...])
10 APPPATH\Helpers\widget_helper.php(294): App\Libraries\Template->view('events/events_widget', [...])
11 APPPATH\Controllers\Dashboard.php(1116): events_widget()
12 APPPATH\Controllers\Dashboard.php(1089): App\Controllers\Dashboard->_get_widgets_for_staffs('events', [...])
13 APPPATH\Controllers\Dashboard.php(1065): App\Controllers\Dashboard->_make_dashboard_widgets('events')
14 APPPATH\Controllers\Dashboard.php(411): App\Controllers\Dashboard->make_dashboard([...])
15 APPPATH\Controllers\Dashboard.php(36): App\Controllers\Dashboard->view('1')
16 SYSTEMPATH\CodeIgniter.php(932): App\Controllers\Dashboard->index('1')
17 SYSTEMPATH\CodeIgniter.php(497): CodeIgniter\CodeIgniter->runController(Object(App\Controllers\Dashboard))
18 SYSTEMPATH\CodeIgniter.php(366): CodeIgniter\CodeIgniter->handleRequest(null, Object(Config\Cache), false)
19 FCPATH\index.php(80): CodeIgniter\CodeIgniter->run()
WARNING - 2024-06-11 08:18:46 --> [DEPRECATED] strtotime(): Passing null to parameter #1 ($datetime) of type string is deprecated in APPPATH\Views\events\event_time.php on line 40.
 1 APPPATH\Views\events\event_time.php(40): strtotime(null)
 2 SYSTEMPATH\View\View.php(224): include('D:\\projects\\visaalliance-crm\\app\\Views\\events\\event_time.php')
 3 SYSTEMPATH\View\View.php(227): CodeIgniter\View\View->CodeIgniter\View\{closure}()
 4 SYSTEMPATH\Common.php(1180): CodeIgniter\View\View->render('events/event_time', [], true)
 5 APPPATH\Views\events\events_widget.php(15): view('events/event_time', [...])
 6 SYSTEMPATH\View\View.php(224): include('D:\\projects\\visaalliance-crm\\app\\Views\\events\\events_widget.php')
 7 SYSTEMPATH\View\View.php(227): CodeIgniter\View\View->CodeIgniter\View\{closure}()
 8 SYSTEMPATH\Common.php(1180): CodeIgniter\View\View->render('events/events_widget', [], true)
 9 APPPATH\Libraries\Template.php(42): view('events/events_widget', [...])
10 APPPATH\Helpers\widget_helper.php(294): App\Libraries\Template->view('events/events_widget', [...])
11 APPPATH\Controllers\Dashboard.php(1116): events_widget()
12 APPPATH\Controllers\Dashboard.php(1089): App\Controllers\Dashboard->_get_widgets_for_staffs('events', [...])
13 APPPATH\Controllers\Dashboard.php(1065): App\Controllers\Dashboard->_make_dashboard_widgets('events')
14 APPPATH\Controllers\Dashboard.php(411): App\Controllers\Dashboard->make_dashboard([...])
15 APPPATH\Controllers\Dashboard.php(36): App\Controllers\Dashboard->view('1')
16 SYSTEMPATH\CodeIgniter.php(932): App\Controllers\Dashboard->index('1')
17 SYSTEMPATH\CodeIgniter.php(497): CodeIgniter\CodeIgniter->runController(Object(App\Controllers\Dashboard))
18 SYSTEMPATH\CodeIgniter.php(366): CodeIgniter\CodeIgniter->handleRequest(null, Object(Config\Cache), false)
19 FCPATH\index.php(80): CodeIgniter\CodeIgniter->run()
WARNING - 2024-06-11 08:18:46 --> [DEPRECATED] strtotime(): Passing null to parameter #1 ($datetime) of type string is deprecated in APPPATH\Views\events\event_time.php on line 41.
 1 APPPATH\Views\events\event_time.php(41): strtotime(null)
 2 SYSTEMPATH\View\View.php(224): include('D:\\projects\\visaalliance-crm\\app\\Views\\events\\event_time.php')
 3 SYSTEMPATH\View\View.php(227): CodeIgniter\View\View->CodeIgniter\View\{closure}()
 4 SYSTEMPATH\Common.php(1180): CodeIgniter\View\View->render('events/event_time', [], true)
 5 APPPATH\Views\events\events_widget.php(15): view('events/event_time', [...])
 6 SYSTEMPATH\View\View.php(224): include('D:\\projects\\visaalliance-crm\\app\\Views\\events\\events_widget.php')
 7 SYSTEMPATH\View\View.php(227): CodeIgniter\View\View->CodeIgniter\View\{closure}()
 8 SYSTEMPATH\Common.php(1180): CodeIgniter\View\View->render('events/events_widget', [], true)
 9 APPPATH\Libraries\Template.php(42): view('events/events_widget', [...])
10 APPPATH\Helpers\widget_helper.php(294): App\Libraries\Template->view('events/events_widget', [...])
11 APPPATH\Controllers\Dashboard.php(1116): events_widget()
12 APPPATH\Controllers\Dashboard.php(1089): App\Controllers\Dashboard->_get_widgets_for_staffs('events', [...])
13 APPPATH\Controllers\Dashboard.php(1065): App\Controllers\Dashboard->_make_dashboard_widgets('events')
14 APPPATH\Controllers\Dashboard.php(411): App\Controllers\Dashboard->make_dashboard([...])
15 APPPATH\Controllers\Dashboard.php(36): App\Controllers\Dashboard->view('1')
16 SYSTEMPATH\CodeIgniter.php(932): App\Controllers\Dashboard->index('1')
17 SYSTEMPATH\CodeIgniter.php(497): CodeIgniter\CodeIgniter->runController(Object(App\Controllers\Dashboard))
18 SYSTEMPATH\CodeIgniter.php(366): CodeIgniter\CodeIgniter->handleRequest(null, Object(Config\Cache), false)
19 FCPATH\index.php(80): CodeIgniter\CodeIgniter->run()
WARNING - 2024-06-11 09:09:54 --> [DEPRECATED] strtotime(): Passing null to parameter #1 ($datetime) of type string is deprecated in APPPATH\Views\events\event_time.php on line 39.
 1 APPPATH\Views\events\event_time.php(39): strtotime(null)
 2 SYSTEMPATH\View\View.php(224): include('D:\\projects\\visaalliance-crm\\app\\Views\\events\\event_time.php')
 3 SYSTEMPATH\View\View.php(227): CodeIgniter\View\View->CodeIgniter\View\{closure}()
 4 SYSTEMPATH\Common.php(1180): CodeIgniter\View\View->render('events/event_time', [], true)
 5 APPPATH\Views\events\events_widget.php(15): view('events/event_time', [...])
 6 SYSTEMPATH\View\View.php(224): include('D:\\projects\\visaalliance-crm\\app\\Views\\events\\events_widget.php')
 7 SYSTEMPATH\View\View.php(227): CodeIgniter\View\View->CodeIgniter\View\{closure}()
 8 SYSTEMPATH\Common.php(1180): CodeIgniter\View\View->render('events/events_widget', [], true)
 9 APPPATH\Libraries\Template.php(42): view('events/events_widget', [...])
10 APPPATH\Helpers\widget_helper.php(294): App\Libraries\Template->view('events/events_widget', [...])
11 APPPATH\Controllers\Dashboard.php(1116): events_widget()
12 APPPATH\Controllers\Dashboard.php(1089): App\Controllers\Dashboard->_get_widgets_for_staffs('events', [...])
13 APPPATH\Controllers\Dashboard.php(1065): App\Controllers\Dashboard->_make_dashboard_widgets('events')
14 APPPATH\Controllers\Dashboard.php(411): App\Controllers\Dashboard->make_dashboard([...])
15 APPPATH\Controllers\Dashboard.php(36): App\Controllers\Dashboard->view('1')
16 SYSTEMPATH\CodeIgniter.php(932): App\Controllers\Dashboard->index()
17 SYSTEMPATH\CodeIgniter.php(497): CodeIgniter\CodeIgniter->runController(Object(App\Controllers\Dashboard))
18 SYSTEMPATH\CodeIgniter.php(366): CodeIgniter\CodeIgniter->handleRequest(null, Object(Config\Cache), false)
19 FCPATH\index.php(80): CodeIgniter\CodeIgniter->run()
WARNING - 2024-06-11 09:09:54 --> [DEPRECATED] strtotime(): Passing null to parameter #1 ($datetime) of type string is deprecated in APPPATH\Views\events\event_time.php on line 40.
 1 APPPATH\Views\events\event_time.php(40): strtotime(null)
 2 SYSTEMPATH\View\View.php(224): include('D:\\projects\\visaalliance-crm\\app\\Views\\events\\event_time.php')
 3 SYSTEMPATH\View\View.php(227): CodeIgniter\View\View->CodeIgniter\View\{closure}()
 4 SYSTEMPATH\Common.php(1180): CodeIgniter\View\View->render('events/event_time', [], true)
 5 APPPATH\Views\events\events_widget.php(15): view('events/event_time', [...])
 6 SYSTEMPATH\View\View.php(224): include('D:\\projects\\visaalliance-crm\\app\\Views\\events\\events_widget.php')
 7 SYSTEMPATH\View\View.php(227): CodeIgniter\View\View->CodeIgniter\View\{closure}()
 8 SYSTEMPATH\Common.php(1180): CodeIgniter\View\View->render('events/events_widget', [], true)
 9 APPPATH\Libraries\Template.php(42): view('events/events_widget', [...])
10 APPPATH\Helpers\widget_helper.php(294): App\Libraries\Template->view('events/events_widget', [...])
11 APPPATH\Controllers\Dashboard.php(1116): events_widget()
12 APPPATH\Controllers\Dashboard.php(1089): App\Controllers\Dashboard->_get_widgets_for_staffs('events', [...])
13 APPPATH\Controllers\Dashboard.php(1065): App\Controllers\Dashboard->_make_dashboard_widgets('events')
14 APPPATH\Controllers\Dashboard.php(411): App\Controllers\Dashboard->make_dashboard([...])
15 APPPATH\Controllers\Dashboard.php(36): App\Controllers\Dashboard->view('1')
16 SYSTEMPATH\CodeIgniter.php(932): App\Controllers\Dashboard->index()
17 SYSTEMPATH\CodeIgniter.php(497): CodeIgniter\CodeIgniter->runController(Object(App\Controllers\Dashboard))
18 SYSTEMPATH\CodeIgniter.php(366): CodeIgniter\CodeIgniter->handleRequest(null, Object(Config\Cache), false)
19 FCPATH\index.php(80): CodeIgniter\CodeIgniter->run()
WARNING - 2024-06-11 09:09:54 --> [DEPRECATED] strtotime(): Passing null to parameter #1 ($datetime) of type string is deprecated in APPPATH\Views\events\event_time.php on line 41.
 1 APPPATH\Views\events\event_time.php(41): strtotime(null)
 2 SYSTEMPATH\View\View.php(224): include('D:\\projects\\visaalliance-crm\\app\\Views\\events\\event_time.php')
 3 SYSTEMPATH\View\View.php(227): CodeIgniter\View\View->CodeIgniter\View\{closure}()
 4 SYSTEMPATH\Common.php(1180): CodeIgniter\View\View->render('events/event_time', [], true)
 5 APPPATH\Views\events\events_widget.php(15): view('events/event_time', [...])
 6 SYSTEMPATH\View\View.php(224): include('D:\\projects\\visaalliance-crm\\app\\Views\\events\\events_widget.php')
 7 SYSTEMPATH\View\View.php(227): CodeIgniter\View\View->CodeIgniter\View\{closure}()
 8 SYSTEMPATH\Common.php(1180): CodeIgniter\View\View->render('events/events_widget', [], true)
 9 APPPATH\Libraries\Template.php(42): view('events/events_widget', [...])
10 APPPATH\Helpers\widget_helper.php(294): App\Libraries\Template->view('events/events_widget', [...])
11 APPPATH\Controllers\Dashboard.php(1116): events_widget()
12 APPPATH\Controllers\Dashboard.php(1089): App\Controllers\Dashboard->_get_widgets_for_staffs('events', [...])
13 APPPATH\Controllers\Dashboard.php(1065): App\Controllers\Dashboard->_make_dashboard_widgets('events')
14 APPPATH\Controllers\Dashboard.php(411): App\Controllers\Dashboard->make_dashboard([...])
15 APPPATH\Controllers\Dashboard.php(36): App\Controllers\Dashboard->view('1')
16 SYSTEMPATH\CodeIgniter.php(932): App\Controllers\Dashboard->index()
17 SYSTEMPATH\CodeIgniter.php(497): CodeIgniter\CodeIgniter->runController(Object(App\Controllers\Dashboard))
18 SYSTEMPATH\CodeIgniter.php(366): CodeIgniter\CodeIgniter->handleRequest(null, Object(Config\Cache), false)
19 FCPATH\index.php(80): CodeIgniter\CodeIgniter->run()
WARNING - 2024-06-11 09:10:15 --> [DEPRECATED] strtotime(): Passing null to parameter #1 ($datetime) of type string is deprecated in APPPATH\Views\events\event_time.php on line 39.
 1 APPPATH\Views\events\event_time.php(39): strtotime(null)
 2 SYSTEMPATH\View\View.php(224): include('D:\\projects\\visaalliance-crm\\app\\Views\\events\\event_time.php')
 3 SYSTEMPATH\View\View.php(227): CodeIgniter\View\View->CodeIgniter\View\{closure}()
 4 SYSTEMPATH\Common.php(1180): CodeIgniter\View\View->render('events/event_time', [], true)
 5 APPPATH\Views\events\events_widget.php(15): view('events/event_time', [...])
 6 SYSTEMPATH\View\View.php(224): include('D:\\projects\\visaalliance-crm\\app\\Views\\events\\events_widget.php')
 7 SYSTEMPATH\View\View.php(227): CodeIgniter\View\View->CodeIgniter\View\{closure}()
 8 SYSTEMPATH\Common.php(1180): CodeIgniter\View\View->render('events/events_widget', [], true)
 9 APPPATH\Libraries\Template.php(42): view('events/events_widget', [...])
10 APPPATH\Helpers\widget_helper.php(294): App\Libraries\Template->view('events/events_widget', [...])
11 APPPATH\Controllers\Dashboard.php(1116): events_widget()
12 APPPATH\Controllers\Dashboard.php(1089): App\Controllers\Dashboard->_get_widgets_for_staffs('events', [...])
13 APPPATH\Controllers\Dashboard.php(1065): App\Controllers\Dashboard->_make_dashboard_widgets('events')
14 APPPATH\Controllers\Dashboard.php(411): App\Controllers\Dashboard->make_dashboard([...])
15 APPPATH\Controllers\Dashboard.php(36): App\Controllers\Dashboard->view('1')
16 SYSTEMPATH\CodeIgniter.php(932): App\Controllers\Dashboard->index()
17 SYSTEMPATH\CodeIgniter.php(497): CodeIgniter\CodeIgniter->runController(Object(App\Controllers\Dashboard))
18 SYSTEMPATH\CodeIgniter.php(366): CodeIgniter\CodeIgniter->handleRequest(null, Object(Config\Cache), false)
19 FCPATH\index.php(80): CodeIgniter\CodeIgniter->run()
WARNING - 2024-06-11 09:10:15 --> [DEPRECATED] strtotime(): Passing null to parameter #1 ($datetime) of type string is deprecated in APPPATH\Views\events\event_time.php on line 40.
 1 APPPATH\Views\events\event_time.php(40): strtotime(null)
 2 SYSTEMPATH\View\View.php(224): include('D:\\projects\\visaalliance-crm\\app\\Views\\events\\event_time.php')
 3 SYSTEMPATH\View\View.php(227): CodeIgniter\View\View->CodeIgniter\View\{closure}()
 4 SYSTEMPATH\Common.php(1180): CodeIgniter\View\View->render('events/event_time', [], true)
 5 APPPATH\Views\events\events_widget.php(15): view('events/event_time', [...])
 6 SYSTEMPATH\View\View.php(224): include('D:\\projects\\visaalliance-crm\\app\\Views\\events\\events_widget.php')
 7 SYSTEMPATH\View\View.php(227): CodeIgniter\View\View->CodeIgniter\View\{closure}()
 8 SYSTEMPATH\Common.php(1180): CodeIgniter\View\View->render('events/events_widget', [], true)
 9 APPPATH\Libraries\Template.php(42): view('events/events_widget', [...])
10 APPPATH\Helpers\widget_helper.php(294): App\Libraries\Template->view('events/events_widget', [...])
11 APPPATH\Controllers\Dashboard.php(1116): events_widget()
12 APPPATH\Controllers\Dashboard.php(1089): App\Controllers\Dashboard->_get_widgets_for_staffs('events', [...])
13 APPPATH\Controllers\Dashboard.php(1065): App\Controllers\Dashboard->_make_dashboard_widgets('events')
14 APPPATH\Controllers\Dashboard.php(411): App\Controllers\Dashboard->make_dashboard([...])
15 APPPATH\Controllers\Dashboard.php(36): App\Controllers\Dashboard->view('1')
16 SYSTEMPATH\CodeIgniter.php(932): App\Controllers\Dashboard->index()
17 SYSTEMPATH\CodeIgniter.php(497): CodeIgniter\CodeIgniter->runController(Object(App\Controllers\Dashboard))
18 SYSTEMPATH\CodeIgniter.php(366): CodeIgniter\CodeIgniter->handleRequest(null, Object(Config\Cache), false)
19 FCPATH\index.php(80): CodeIgniter\CodeIgniter->run()
WARNING - 2024-06-11 09:10:15 --> [DEPRECATED] strtotime(): Passing null to parameter #1 ($datetime) of type string is deprecated in APPPATH\Views\events\event_time.php on line 41.
 1 APPPATH\Views\events\event_time.php(41): strtotime(null)
 2 SYSTEMPATH\View\View.php(224): include('D:\\projects\\visaalliance-crm\\app\\Views\\events\\event_time.php')
 3 SYSTEMPATH\View\View.php(227): CodeIgniter\View\View->CodeIgniter\View\{closure}()
 4 SYSTEMPATH\Common.php(1180): CodeIgniter\View\View->render('events/event_time', [], true)
 5 APPPATH\Views\events\events_widget.php(15): view('events/event_time', [...])
 6 SYSTEMPATH\View\View.php(224): include('D:\\projects\\visaalliance-crm\\app\\Views\\events\\events_widget.php')
 7 SYSTEMPATH\View\View.php(227): CodeIgniter\View\View->CodeIgniter\View\{closure}()
 8 SYSTEMPATH\Common.php(1180): CodeIgniter\View\View->render('events/events_widget', [], true)
 9 APPPATH\Libraries\Template.php(42): view('events/events_widget', [...])
10 APPPATH\Helpers\widget_helper.php(294): App\Libraries\Template->view('events/events_widget', [...])
11 APPPATH\Controllers\Dashboard.php(1116): events_widget()
12 APPPATH\Controllers\Dashboard.php(1089): App\Controllers\Dashboard->_get_widgets_for_staffs('events', [...])
13 APPPATH\Controllers\Dashboard.php(1065): App\Controllers\Dashboard->_make_dashboard_widgets('events')
14 APPPATH\Controllers\Dashboard.php(411): App\Controllers\Dashboard->make_dashboard([...])
15 APPPATH\Controllers\Dashboard.php(36): App\Controllers\Dashboard->view('1')
16 SYSTEMPATH\CodeIgniter.php(932): App\Controllers\Dashboard->index()
17 SYSTEMPATH\CodeIgniter.php(497): CodeIgniter\CodeIgniter->runController(Object(App\Controllers\Dashboard))
18 SYSTEMPATH\CodeIgniter.php(366): CodeIgniter\CodeIgniter->handleRequest(null, Object(Config\Cache), false)
19 FCPATH\index.php(80): CodeIgniter\CodeIgniter->run()
WARNING - 2024-06-11 09:10:22 --> [DEPRECATED] strtotime(): Passing null to parameter #1 ($datetime) of type string is deprecated in APPPATH\Views\events\event_time.php on line 39.
 1 APPPATH\Views\events\event_time.php(39): strtotime(null)
 2 SYSTEMPATH\View\View.php(224): include('D:\\projects\\visaalliance-crm\\app\\Views\\events\\event_time.php')
 3 SYSTEMPATH\View\View.php(227): CodeIgniter\View\View->CodeIgniter\View\{closure}()
 4 SYSTEMPATH\Common.php(1180): CodeIgniter\View\View->render('events/event_time', [], true)
 5 APPPATH\Views\events\events_widget.php(15): view('events/event_time', [...])
 6 SYSTEMPATH\View\View.php(224): include('D:\\projects\\visaalliance-crm\\app\\Views\\events\\events_widget.php')
 7 SYSTEMPATH\View\View.php(227): CodeIgniter\View\View->CodeIgniter\View\{closure}()
 8 SYSTEMPATH\Common.php(1180): CodeIgniter\View\View->render('events/events_widget', [], true)
 9 APPPATH\Libraries\Template.php(42): view('events/events_widget', [...])
10 APPPATH\Helpers\widget_helper.php(294): App\Libraries\Template->view('events/events_widget', [...])
11 APPPATH\Controllers\Dashboard.php(1116): events_widget()
12 APPPATH\Controllers\Dashboard.php(1089): App\Controllers\Dashboard->_get_widgets_for_staffs('events', [...])
13 APPPATH\Controllers\Dashboard.php(1065): App\Controllers\Dashboard->_make_dashboard_widgets('events')
14 APPPATH\Controllers\Dashboard.php(411): App\Controllers\Dashboard->make_dashboard([...])
15 APPPATH\Controllers\Dashboard.php(36): App\Controllers\Dashboard->view('1')
16 SYSTEMPATH\CodeIgniter.php(932): App\Controllers\Dashboard->index()
17 SYSTEMPATH\CodeIgniter.php(497): CodeIgniter\CodeIgniter->runController(Object(App\Controllers\Dashboard))
18 SYSTEMPATH\CodeIgniter.php(366): CodeIgniter\CodeIgniter->handleRequest(null, Object(Config\Cache), false)
19 FCPATH\index.php(80): CodeIgniter\CodeIgniter->run()
WARNING - 2024-06-11 09:10:22 --> [DEPRECATED] strtotime(): Passing null to parameter #1 ($datetime) of type string is deprecated in APPPATH\Views\events\event_time.php on line 40.
 1 APPPATH\Views\events\event_time.php(40): strtotime(null)
 2 SYSTEMPATH\View\View.php(224): include('D:\\projects\\visaalliance-crm\\app\\Views\\events\\event_time.php')
 3 SYSTEMPATH\View\View.php(227): CodeIgniter\View\View->CodeIgniter\View\{closure}()
 4 SYSTEMPATH\Common.php(1180): CodeIgniter\View\View->render('events/event_time', [], true)
 5 APPPATH\Views\events\events_widget.php(15): view('events/event_time', [...])
 6 SYSTEMPATH\View\View.php(224): include('D:\\projects\\visaalliance-crm\\app\\Views\\events\\events_widget.php')
 7 SYSTEMPATH\View\View.php(227): CodeIgniter\View\View->CodeIgniter\View\{closure}()
 8 SYSTEMPATH\Common.php(1180): CodeIgniter\View\View->render('events/events_widget', [], true)
 9 APPPATH\Libraries\Template.php(42): view('events/events_widget', [...])
10 APPPATH\Helpers\widget_helper.php(294): App\Libraries\Template->view('events/events_widget', [...])
11 APPPATH\Controllers\Dashboard.php(1116): events_widget()
12 APPPATH\Controllers\Dashboard.php(1089): App\Controllers\Dashboard->_get_widgets_for_staffs('events', [...])
13 APPPATH\Controllers\Dashboard.php(1065): App\Controllers\Dashboard->_make_dashboard_widgets('events')
14 APPPATH\Controllers\Dashboard.php(411): App\Controllers\Dashboard->make_dashboard([...])
15 APPPATH\Controllers\Dashboard.php(36): App\Controllers\Dashboard->view('1')
16 SYSTEMPATH\CodeIgniter.php(932): App\Controllers\Dashboard->index()
17 SYSTEMPATH\CodeIgniter.php(497): CodeIgniter\CodeIgniter->runController(Object(App\Controllers\Dashboard))
18 SYSTEMPATH\CodeIgniter.php(366): CodeIgniter\CodeIgniter->handleRequest(null, Object(Config\Cache), false)
19 FCPATH\index.php(80): CodeIgniter\CodeIgniter->run()
WARNING - 2024-06-11 09:10:22 --> [DEPRECATED] strtotime(): Passing null to parameter #1 ($datetime) of type string is deprecated in APPPATH\Views\events\event_time.php on line 41.
 1 APPPATH\Views\events\event_time.php(41): strtotime(null)
 2 SYSTEMPATH\View\View.php(224): include('D:\\projects\\visaalliance-crm\\app\\Views\\events\\event_time.php')
 3 SYSTEMPATH\View\View.php(227): CodeIgniter\View\View->CodeIgniter\View\{closure}()
 4 SYSTEMPATH\Common.php(1180): CodeIgniter\View\View->render('events/event_time', [], true)
 5 APPPATH\Views\events\events_widget.php(15): view('events/event_time', [...])
 6 SYSTEMPATH\View\View.php(224): include('D:\\projects\\visaalliance-crm\\app\\Views\\events\\events_widget.php')
 7 SYSTEMPATH\View\View.php(227): CodeIgniter\View\View->CodeIgniter\View\{closure}()
 8 SYSTEMPATH\Common.php(1180): CodeIgniter\View\View->render('events/events_widget', [], true)
 9 APPPATH\Libraries\Template.php(42): view('events/events_widget', [...])
10 APPPATH\Helpers\widget_helper.php(294): App\Libraries\Template->view('events/events_widget', [...])
11 APPPATH\Controllers\Dashboard.php(1116): events_widget()
12 APPPATH\Controllers\Dashboard.php(1089): App\Controllers\Dashboard->_get_widgets_for_staffs('events', [...])
13 APPPATH\Controllers\Dashboard.php(1065): App\Controllers\Dashboard->_make_dashboard_widgets('events')
14 APPPATH\Controllers\Dashboard.php(411): App\Controllers\Dashboard->make_dashboard([...])
15 APPPATH\Controllers\Dashboard.php(36): App\Controllers\Dashboard->view('1')
16 SYSTEMPATH\CodeIgniter.php(932): App\Controllers\Dashboard->index()
17 SYSTEMPATH\CodeIgniter.php(497): CodeIgniter\CodeIgniter->runController(Object(App\Controllers\Dashboard))
18 SYSTEMPATH\CodeIgniter.php(366): CodeIgniter\CodeIgniter->handleRequest(null, Object(Config\Cache), false)
19 FCPATH\index.php(80): CodeIgniter\CodeIgniter->run()
WARNING - 2024-06-11 09:11:35 --> [DEPRECATED] strtotime(): Passing null to parameter #1 ($datetime) of type string is deprecated in APPPATH\Views\events\event_time.php on line 39.
 1 APPPATH\Views\events\event_time.php(39): strtotime(null)
 2 SYSTEMPATH\View\View.php(224): include('D:\\projects\\visaalliance-crm\\app\\Views\\events\\event_time.php')
 3 SYSTEMPATH\View\View.php(227): CodeIgniter\View\View->CodeIgniter\View\{closure}()
 4 SYSTEMPATH\Common.php(1180): CodeIgniter\View\View->render('events/event_time', [], true)
 5 APPPATH\Views\events\events_widget.php(15): view('events/event_time', [...])
 6 SYSTEMPATH\View\View.php(224): include('D:\\projects\\visaalliance-crm\\app\\Views\\events\\events_widget.php')
 7 SYSTEMPATH\View\View.php(227): CodeIgniter\View\View->CodeIgniter\View\{closure}()
 8 SYSTEMPATH\Common.php(1180): CodeIgniter\View\View->render('events/events_widget', [], true)
 9 APPPATH\Libraries\Template.php(42): view('events/events_widget', [...])
10 APPPATH\Helpers\widget_helper.php(294): App\Libraries\Template->view('events/events_widget', [...])
11 APPPATH\Controllers\Dashboard.php(1116): events_widget()
12 APPPATH\Controllers\Dashboard.php(1089): App\Controllers\Dashboard->_get_widgets_for_staffs('events', [...])
13 APPPATH\Controllers\Dashboard.php(1065): App\Controllers\Dashboard->_make_dashboard_widgets('events')
14 APPPATH\Controllers\Dashboard.php(411): App\Controllers\Dashboard->make_dashboard([...])
15 APPPATH\Controllers\Dashboard.php(36): App\Controllers\Dashboard->view('1')
16 SYSTEMPATH\CodeIgniter.php(932): App\Controllers\Dashboard->index()
17 SYSTEMPATH\CodeIgniter.php(497): CodeIgniter\CodeIgniter->runController(Object(App\Controllers\Dashboard))
18 SYSTEMPATH\CodeIgniter.php(366): CodeIgniter\CodeIgniter->handleRequest(null, Object(Config\Cache), false)
19 FCPATH\index.php(80): CodeIgniter\CodeIgniter->run()
WARNING - 2024-06-11 09:11:35 --> [DEPRECATED] strtotime(): Passing null to parameter #1 ($datetime) of type string is deprecated in APPPATH\Views\events\event_time.php on line 40.
 1 APPPATH\Views\events\event_time.php(40): strtotime(null)
 2 SYSTEMPATH\View\View.php(224): include('D:\\projects\\visaalliance-crm\\app\\Views\\events\\event_time.php')
 3 SYSTEMPATH\View\View.php(227): CodeIgniter\View\View->CodeIgniter\View\{closure}()
 4 SYSTEMPATH\Common.php(1180): CodeIgniter\View\View->render('events/event_time', [], true)
 5 APPPATH\Views\events\events_widget.php(15): view('events/event_time', [...])
 6 SYSTEMPATH\View\View.php(224): include('D:\\projects\\visaalliance-crm\\app\\Views\\events\\events_widget.php')
 7 SYSTEMPATH\View\View.php(227): CodeIgniter\View\View->CodeIgniter\View\{closure}()
 8 SYSTEMPATH\Common.php(1180): CodeIgniter\View\View->render('events/events_widget', [], true)
 9 APPPATH\Libraries\Template.php(42): view('events/events_widget', [...])
10 APPPATH\Helpers\widget_helper.php(294): App\Libraries\Template->view('events/events_widget', [...])
11 APPPATH\Controllers\Dashboard.php(1116): events_widget()
12 APPPATH\Controllers\Dashboard.php(1089): App\Controllers\Dashboard->_get_widgets_for_staffs('events', [...])
13 APPPATH\Controllers\Dashboard.php(1065): App\Controllers\Dashboard->_make_dashboard_widgets('events')
14 APPPATH\Controllers\Dashboard.php(411): App\Controllers\Dashboard->make_dashboard([...])
15 APPPATH\Controllers\Dashboard.php(36): App\Controllers\Dashboard->view('1')
16 SYSTEMPATH\CodeIgniter.php(932): App\Controllers\Dashboard->index()
17 SYSTEMPATH\CodeIgniter.php(497): CodeIgniter\CodeIgniter->runController(Object(App\Controllers\Dashboard))
18 SYSTEMPATH\CodeIgniter.php(366): CodeIgniter\CodeIgniter->handleRequest(null, Object(Config\Cache), false)
19 FCPATH\index.php(80): CodeIgniter\CodeIgniter->run()
WARNING - 2024-06-11 09:11:35 --> [DEPRECATED] strtotime(): Passing null to parameter #1 ($datetime) of type string is deprecated in APPPATH\Views\events\event_time.php on line 41.
 1 APPPATH\Views\events\event_time.php(41): strtotime(null)
 2 SYSTEMPATH\View\View.php(224): include('D:\\projects\\visaalliance-crm\\app\\Views\\events\\event_time.php')
 3 SYSTEMPATH\View\View.php(227): CodeIgniter\View\View->CodeIgniter\View\{closure}()
 4 SYSTEMPATH\Common.php(1180): CodeIgniter\View\View->render('events/event_time', [], true)
 5 APPPATH\Views\events\events_widget.php(15): view('events/event_time', [...])
 6 SYSTEMPATH\View\View.php(224): include('D:\\projects\\visaalliance-crm\\app\\Views\\events\\events_widget.php')
 7 SYSTEMPATH\View\View.php(227): CodeIgniter\View\View->CodeIgniter\View\{closure}()
 8 SYSTEMPATH\Common.php(1180): CodeIgniter\View\View->render('events/events_widget', [], true)
 9 APPPATH\Libraries\Template.php(42): view('events/events_widget', [...])
10 APPPATH\Helpers\widget_helper.php(294): App\Libraries\Template->view('events/events_widget', [...])
11 APPPATH\Controllers\Dashboard.php(1116): events_widget()
12 APPPATH\Controllers\Dashboard.php(1089): App\Controllers\Dashboard->_get_widgets_for_staffs('events', [...])
13 APPPATH\Controllers\Dashboard.php(1065): App\Controllers\Dashboard->_make_dashboard_widgets('events')
14 APPPATH\Controllers\Dashboard.php(411): App\Controllers\Dashboard->make_dashboard([...])
15 APPPATH\Controllers\Dashboard.php(36): App\Controllers\Dashboard->view('1')
16 SYSTEMPATH\CodeIgniter.php(932): App\Controllers\Dashboard->index()
17 SYSTEMPATH\CodeIgniter.php(497): CodeIgniter\CodeIgniter->runController(Object(App\Controllers\Dashboard))
18 SYSTEMPATH\CodeIgniter.php(366): CodeIgniter\CodeIgniter->handleRequest(null, Object(Config\Cache), false)
19 FCPATH\index.php(80): CodeIgniter\CodeIgniter->run()
WARNING - 2024-06-11 09:11:43 --> [DEPRECATED] strtotime(): Passing null to parameter #1 ($datetime) of type string is deprecated in APPPATH\Views\events\event_time.php on line 39.
 1 APPPATH\Views\events\event_time.php(39): strtotime(null)
 2 SYSTEMPATH\View\View.php(224): include('D:\\projects\\visaalliance-crm\\app\\Views\\events\\event_time.php')
 3 SYSTEMPATH\View\View.php(227): CodeIgniter\View\View->CodeIgniter\View\{closure}()
 4 SYSTEMPATH\Common.php(1180): CodeIgniter\View\View->render('events/event_time', [], true)
 5 APPPATH\Views\events\events_widget.php(15): view('events/event_time', [...])
 6 SYSTEMPATH\View\View.php(224): include('D:\\projects\\visaalliance-crm\\app\\Views\\events\\events_widget.php')
 7 SYSTEMPATH\View\View.php(227): CodeIgniter\View\View->CodeIgniter\View\{closure}()
 8 SYSTEMPATH\Common.php(1180): CodeIgniter\View\View->render('events/events_widget', [], true)
 9 APPPATH\Libraries\Template.php(42): view('events/events_widget', [...])
10 APPPATH\Helpers\widget_helper.php(294): App\Libraries\Template->view('events/events_widget', [...])
11 APPPATH\Controllers\Dashboard.php(1116): events_widget()
12 APPPATH\Controllers\Dashboard.php(1089): App\Controllers\Dashboard->_get_widgets_for_staffs('events', [...])
13 APPPATH\Controllers\Dashboard.php(1065): App\Controllers\Dashboard->_make_dashboard_widgets('events')
14 APPPATH\Controllers\Dashboard.php(411): App\Controllers\Dashboard->make_dashboard([...])
15 APPPATH\Controllers\Dashboard.php(36): App\Controllers\Dashboard->view('1')
16 SYSTEMPATH\CodeIgniter.php(932): App\Controllers\Dashboard->index()
17 SYSTEMPATH\CodeIgniter.php(497): CodeIgniter\CodeIgniter->runController(Object(App\Controllers\Dashboard))
18 SYSTEMPATH\CodeIgniter.php(366): CodeIgniter\CodeIgniter->handleRequest(null, Object(Config\Cache), false)
19 FCPATH\index.php(80): CodeIgniter\CodeIgniter->run()
WARNING - 2024-06-11 09:11:43 --> [DEPRECATED] strtotime(): Passing null to parameter #1 ($datetime) of type string is deprecated in APPPATH\Views\events\event_time.php on line 40.
 1 APPPATH\Views\events\event_time.php(40): strtotime(null)
 2 SYSTEMPATH\View\View.php(224): include('D:\\projects\\visaalliance-crm\\app\\Views\\events\\event_time.php')
 3 SYSTEMPATH\View\View.php(227): CodeIgniter\View\View->CodeIgniter\View\{closure}()
 4 SYSTEMPATH\Common.php(1180): CodeIgniter\View\View->render('events/event_time', [], true)
 5 APPPATH\Views\events\events_widget.php(15): view('events/event_time', [...])
 6 SYSTEMPATH\View\View.php(224): include('D:\\projects\\visaalliance-crm\\app\\Views\\events\\events_widget.php')
 7 SYSTEMPATH\View\View.php(227): CodeIgniter\View\View->CodeIgniter\View\{closure}()
 8 SYSTEMPATH\Common.php(1180): CodeIgniter\View\View->render('events/events_widget', [], true)
 9 APPPATH\Libraries\Template.php(42): view('events/events_widget', [...])
10 APPPATH\Helpers\widget_helper.php(294): App\Libraries\Template->view('events/events_widget', [...])
11 APPPATH\Controllers\Dashboard.php(1116): events_widget()
12 APPPATH\Controllers\Dashboard.php(1089): App\Controllers\Dashboard->_get_widgets_for_staffs('events', [...])
13 APPPATH\Controllers\Dashboard.php(1065): App\Controllers\Dashboard->_make_dashboard_widgets('events')
14 APPPATH\Controllers\Dashboard.php(411): App\Controllers\Dashboard->make_dashboard([...])
15 APPPATH\Controllers\Dashboard.php(36): App\Controllers\Dashboard->view('1')
16 SYSTEMPATH\CodeIgniter.php(932): App\Controllers\Dashboard->index()
17 SYSTEMPATH\CodeIgniter.php(497): CodeIgniter\CodeIgniter->runController(Object(App\Controllers\Dashboard))
18 SYSTEMPATH\CodeIgniter.php(366): CodeIgniter\CodeIgniter->handleRequest(null, Object(Config\Cache), false)
19 FCPATH\index.php(80): CodeIgniter\CodeIgniter->run()
WARNING - 2024-06-11 09:11:43 --> [DEPRECATED] strtotime(): Passing null to parameter #1 ($datetime) of type string is deprecated in APPPATH\Views\events\event_time.php on line 41.
 1 APPPATH\Views\events\event_time.php(41): strtotime(null)
 2 SYSTEMPATH\View\View.php(224): include('D:\\projects\\visaalliance-crm\\app\\Views\\events\\event_time.php')
 3 SYSTEMPATH\View\View.php(227): CodeIgniter\View\View->CodeIgniter\View\{closure}()
 4 SYSTEMPATH\Common.php(1180): CodeIgniter\View\View->render('events/event_time', [], true)
 5 APPPATH\Views\events\events_widget.php(15): view('events/event_time', [...])
 6 SYSTEMPATH\View\View.php(224): include('D:\\projects\\visaalliance-crm\\app\\Views\\events\\events_widget.php')
 7 SYSTEMPATH\View\View.php(227): CodeIgniter\View\View->CodeIgniter\View\{closure}()
 8 SYSTEMPATH\Common.php(1180): CodeIgniter\View\View->render('events/events_widget', [], true)
 9 APPPATH\Libraries\Template.php(42): view('events/events_widget', [...])
10 APPPATH\Helpers\widget_helper.php(294): App\Libraries\Template->view('events/events_widget', [...])
11 APPPATH\Controllers\Dashboard.php(1116): events_widget()
12 APPPATH\Controllers\Dashboard.php(1089): App\Controllers\Dashboard->_get_widgets_for_staffs('events', [...])
13 APPPATH\Controllers\Dashboard.php(1065): App\Controllers\Dashboard->_make_dashboard_widgets('events')
14 APPPATH\Controllers\Dashboard.php(411): App\Controllers\Dashboard->make_dashboard([...])
15 APPPATH\Controllers\Dashboard.php(36): App\Controllers\Dashboard->view('1')
16 SYSTEMPATH\CodeIgniter.php(932): App\Controllers\Dashboard->index()
17 SYSTEMPATH\CodeIgniter.php(497): CodeIgniter\CodeIgniter->runController(Object(App\Controllers\Dashboard))
18 SYSTEMPATH\CodeIgniter.php(366): CodeIgniter\CodeIgniter->handleRequest(null, Object(Config\Cache), false)
19 FCPATH\index.php(80): CodeIgniter\CodeIgniter->run()
WARNING - 2024-06-11 09:18:35 --> [DEPRECATED] strtotime(): Passing null to parameter #1 ($datetime) of type string is deprecated in APPPATH\Views\events\event_time.php on line 39.
 1 APPPATH\Views\events\event_time.php(39): strtotime(null)
 2 SYSTEMPATH\View\View.php(224): include('D:\\projects\\visaalliance-crm\\app\\Views\\events\\event_time.php')
 3 SYSTEMPATH\View\View.php(227): CodeIgniter\View\View->CodeIgniter\View\{closure}()
 4 SYSTEMPATH\Common.php(1180): CodeIgniter\View\View->render('events/event_time', [], true)
 5 APPPATH\Views\events\events_widget.php(15): view('events/event_time', [...])
 6 SYSTEMPATH\View\View.php(224): include('D:\\projects\\visaalliance-crm\\app\\Views\\events\\events_widget.php')
 7 SYSTEMPATH\View\View.php(227): CodeIgniter\View\View->CodeIgniter\View\{closure}()
 8 SYSTEMPATH\Common.php(1180): CodeIgniter\View\View->render('events/events_widget', [], true)
 9 APPPATH\Libraries\Template.php(42): view('events/events_widget', [...])
10 APPPATH\Helpers\widget_helper.php(294): App\Libraries\Template->view('events/events_widget', [...])
11 APPPATH\Controllers\Dashboard.php(1116): events_widget()
12 APPPATH\Controllers\Dashboard.php(1089): App\Controllers\Dashboard->_get_widgets_for_staffs('events', [...])
13 APPPATH\Controllers\Dashboard.php(1065): App\Controllers\Dashboard->_make_dashboard_widgets('events')
14 APPPATH\Controllers\Dashboard.php(411): App\Controllers\Dashboard->make_dashboard([...])
15 APPPATH\Controllers\Dashboard.php(36): App\Controllers\Dashboard->view('1')
16 SYSTEMPATH\CodeIgniter.php(932): App\Controllers\Dashboard->index()
17 SYSTEMPATH\CodeIgniter.php(497): CodeIgniter\CodeIgniter->runController(Object(App\Controllers\Dashboard))
18 SYSTEMPATH\CodeIgniter.php(366): CodeIgniter\CodeIgniter->handleRequest(null, Object(Config\Cache), false)
19 FCPATH\index.php(80): CodeIgniter\CodeIgniter->run()
WARNING - 2024-06-11 09:18:35 --> [DEPRECATED] strtotime(): Passing null to parameter #1 ($datetime) of type string is deprecated in APPPATH\Views\events\event_time.php on line 40.
 1 APPPATH\Views\events\event_time.php(40): strtotime(null)
 2 SYSTEMPATH\View\View.php(224): include('D:\\projects\\visaalliance-crm\\app\\Views\\events\\event_time.php')
 3 SYSTEMPATH\View\View.php(227): CodeIgniter\View\View->CodeIgniter\View\{closure}()
 4 SYSTEMPATH\Common.php(1180): CodeIgniter\View\View->render('events/event_time', [], true)
 5 APPPATH\Views\events\events_widget.php(15): view('events/event_time', [...])
 6 SYSTEMPATH\View\View.php(224): include('D:\\projects\\visaalliance-crm\\app\\Views\\events\\events_widget.php')
 7 SYSTEMPATH\View\View.php(227): CodeIgniter\View\View->CodeIgniter\View\{closure}()
 8 SYSTEMPATH\Common.php(1180): CodeIgniter\View\View->render('events/events_widget', [], true)
 9 APPPATH\Libraries\Template.php(42): view('events/events_widget', [...])
10 APPPATH\Helpers\widget_helper.php(294): App\Libraries\Template->view('events/events_widget', [...])
11 APPPATH\Controllers\Dashboard.php(1116): events_widget()
12 APPPATH\Controllers\Dashboard.php(1089): App\Controllers\Dashboard->_get_widgets_for_staffs('events', [...])
13 APPPATH\Controllers\Dashboard.php(1065): App\Controllers\Dashboard->_make_dashboard_widgets('events')
14 APPPATH\Controllers\Dashboard.php(411): App\Controllers\Dashboard->make_dashboard([...])
15 APPPATH\Controllers\Dashboard.php(36): App\Controllers\Dashboard->view('1')
16 SYSTEMPATH\CodeIgniter.php(932): App\Controllers\Dashboard->index()
17 SYSTEMPATH\CodeIgniter.php(497): CodeIgniter\CodeIgniter->runController(Object(App\Controllers\Dashboard))
18 SYSTEMPATH\CodeIgniter.php(366): CodeIgniter\CodeIgniter->handleRequest(null, Object(Config\Cache), false)
19 FCPATH\index.php(80): CodeIgniter\CodeIgniter->run()
WARNING - 2024-06-11 09:18:35 --> [DEPRECATED] strtotime(): Passing null to parameter #1 ($datetime) of type string is deprecated in APPPATH\Views\events\event_time.php on line 41.
 1 APPPATH\Views\events\event_time.php(41): strtotime(null)
 2 SYSTEMPATH\View\View.php(224): include('D:\\projects\\visaalliance-crm\\app\\Views\\events\\event_time.php')
 3 SYSTEMPATH\View\View.php(227): CodeIgniter\View\View->CodeIgniter\View\{closure}()
 4 SYSTEMPATH\Common.php(1180): CodeIgniter\View\View->render('events/event_time', [], true)
 5 APPPATH\Views\events\events_widget.php(15): view('events/event_time', [...])
 6 SYSTEMPATH\View\View.php(224): include('D:\\projects\\visaalliance-crm\\app\\Views\\events\\events_widget.php')
 7 SYSTEMPATH\View\View.php(227): CodeIgniter\View\View->CodeIgniter\View\{closure}()
 8 SYSTEMPATH\Common.php(1180): CodeIgniter\View\View->render('events/events_widget', [], true)
 9 APPPATH\Libraries\Template.php(42): view('events/events_widget', [...])
10 APPPATH\Helpers\widget_helper.php(294): App\Libraries\Template->view('events/events_widget', [...])
11 APPPATH\Controllers\Dashboard.php(1116): events_widget()
12 APPPATH\Controllers\Dashboard.php(1089): App\Controllers\Dashboard->_get_widgets_for_staffs('events', [...])
13 APPPATH\Controllers\Dashboard.php(1065): App\Controllers\Dashboard->_make_dashboard_widgets('events')
14 APPPATH\Controllers\Dashboard.php(411): App\Controllers\Dashboard->make_dashboard([...])
15 APPPATH\Controllers\Dashboard.php(36): App\Controllers\Dashboard->view('1')
16 SYSTEMPATH\CodeIgniter.php(932): App\Controllers\Dashboard->index()
17 SYSTEMPATH\CodeIgniter.php(497): CodeIgniter\CodeIgniter->runController(Object(App\Controllers\Dashboard))
18 SYSTEMPATH\CodeIgniter.php(366): CodeIgniter\CodeIgniter->handleRequest(null, Object(Config\Cache), false)
19 FCPATH\index.php(80): CodeIgniter\CodeIgniter->run()
