CRITICAL - 2023-12-21 06:33:11 --> The framework needs the following extension(s) installed and loaded: intl, mbstring.
in SYSTEMPATH\CodeIgniter.php on line 226.
 1 SYSTEMPATH\CodeIgniter.php(226): CodeIgniter\Exceptions\FrameworkException::forMissingExtension('intl, mbstring')
 2 SYSTEMPATH\CodeIgniter.php(190): CodeIgniter\CodeIgniter->resolvePlatformExtensions()
 3 FCPATH\index.php(68): CodeIgniter\CodeIgniter->initialize()
CRITICAL - 2023-12-21 06:35:50 --> The framework needs the following extension(s) installed and loaded: intl, mbstring.
in SYSTEMPATH\CodeIgniter.php on line 226.
 1 SYSTEMPATH\CodeIgniter.php(226): CodeIgniter\Exceptions\FrameworkException::forMissingExtension('intl, mbstring')
 2 SYSTEMPATH\CodeIgniter.php(190): CodeIgniter\CodeIgniter->resolvePlatformExtensions()
 3 FCPATH\index.php(68): CodeIgniter\CodeIgniter->initialize()
CRITICAL - 2023-12-21 06:36:57 --> The framework needs the following extension(s) installed and loaded: intl, mbstring.
in SYSTEMPATH\CodeIgniter.php on line 226.
 1 SYSTEMPATH\CodeIgniter.php(226): CodeIgniter\Exceptions\FrameworkException::forMissingExtension('intl, mbstring')
 2 SYSTEMPATH\CodeIgniter.php(190): CodeIgniter\CodeIgniter->resolvePlatformExtensions()
 3 FCPATH\index.php(68): CodeIgniter\CodeIgniter->initialize()
CRITICAL - 2023-12-21 06:38:56 --> The framework needs the following extension(s) installed and loaded: intl, mbstring.
in SYSTEMPATH\CodeIgniter.php on line 226.
 1 SYSTEMPATH\CodeIgniter.php(226): CodeIgniter\Exceptions\FrameworkException::forMissingExtension('intl, mbstring')
 2 SYSTEMPATH\CodeIgniter.php(190): CodeIgniter\CodeIgniter->resolvePlatformExtensions()
 3 FCPATH\index.php(68): CodeIgniter\CodeIgniter->initialize()
CRITICAL - 2023-12-21 06:38:58 --> The framework needs the following extension(s) installed and loaded: intl, mbstring.
in SYSTEMPATH\CodeIgniter.php on line 226.
 1 SYSTEMPATH\CodeIgniter.php(226): CodeIgniter\Exceptions\FrameworkException::forMissingExtension('intl, mbstring')
 2 SYSTEMPATH\CodeIgniter.php(190): CodeIgniter\CodeIgniter->resolvePlatformExtensions()
 3 FCPATH\index.php(68): CodeIgniter\CodeIgniter->initialize()
CRITICAL - 2023-12-21 06:38:59 --> The framework needs the following extension(s) installed and loaded: intl, mbstring.
in SYSTEMPATH\CodeIgniter.php on line 226.
 1 SYSTEMPATH\CodeIgniter.php(226): CodeIgniter\Exceptions\FrameworkException::forMissingExtension('intl, mbstring')
 2 SYSTEMPATH\CodeIgniter.php(190): CodeIgniter\CodeIgniter->resolvePlatformExtensions()
 3 FCPATH\index.php(68): CodeIgniter\CodeIgniter->initialize()
CRITICAL - 2023-12-21 06:52:27 --> The framework needs the following extension(s) installed and loaded: intl, mbstring.
in SYSTEMPATH\CodeIgniter.php on line 226.
 1 SYSTEMPATH\CodeIgniter.php(226): CodeIgniter\Exceptions\FrameworkException::forMissingExtension('intl, mbstring')
 2 SYSTEMPATH\CodeIgniter.php(190): CodeIgniter\CodeIgniter->resolvePlatformExtensions()
 3 FCPATH\index.php(68): CodeIgniter\CodeIgniter->initialize()
CRITICAL - 2023-12-21 06:56:11 --> The framework needs the following extension(s) installed and loaded: intl, mbstring.
in SYSTEMPATH\CodeIgniter.php on line 226.
 1 SYSTEMPATH\CodeIgniter.php(226): CodeIgniter\Exceptions\FrameworkException::forMissingExtension('intl, mbstring')
 2 SYSTEMPATH\CodeIgniter.php(190): CodeIgniter\CodeIgniter->resolvePlatformExtensions()
 3 FCPATH\index.php(68): CodeIgniter\CodeIgniter->initialize()
CRITICAL - 2023-12-21 07:13:13 --> The framework needs the following extension(s) installed and loaded: intl, mbstring.
in SYSTEMPATH\CodeIgniter.php on line 226.
 1 SYSTEMPATH\CodeIgniter.php(226): CodeIgniter\Exceptions\FrameworkException::forMissingExtension('intl, mbstring')
 2 SYSTEMPATH\CodeIgniter.php(190): CodeIgniter\CodeIgniter->resolvePlatformExtensions()
 3 FCPATH\index.php(68): CodeIgniter\CodeIgniter->initialize()
CRITICAL - 2023-12-21 07:13:24 --> The framework needs the following extension(s) installed and loaded: intl, mbstring.
in SYSTEMPATH\CodeIgniter.php on line 226.
 1 SYSTEMPATH\CodeIgniter.php(226): CodeIgniter\Exceptions\FrameworkException::forMissingExtension('intl, mbstring')
 2 SYSTEMPATH\CodeIgniter.php(190): CodeIgniter\CodeIgniter->resolvePlatformExtensions()
 3 FCPATH\index.php(68): CodeIgniter\CodeIgniter->initialize()
CRITICAL - 2023-12-21 07:37:37 --> The framework needs the following extension(s) installed and loaded: intl, mbstring.
in SYSTEMPATH\CodeIgniter.php on line 226.
 1 SYSTEMPATH\CodeIgniter.php(226): CodeIgniter\Exceptions\FrameworkException::forMissingExtension('intl, mbstring')
 2 SYSTEMPATH\CodeIgniter.php(190): CodeIgniter\CodeIgniter->resolvePlatformExtensions()
 3 FCPATH\index.php(68): CodeIgniter\CodeIgniter->initialize()
CRITICAL - 2023-12-21 08:13:28 --> The framework needs the following extension(s) installed and loaded: intl, mbstring.
in SYSTEMPATH\CodeIgniter.php on line 226.
 1 SYSTEMPATH\CodeIgniter.php(226): CodeIgniter\Exceptions\FrameworkException::forMissingExtension('intl, mbstring')
 2 SYSTEMPATH\CodeIgniter.php(190): CodeIgniter\CodeIgniter->resolvePlatformExtensions()
 3 FCPATH\index.php(68): CodeIgniter\CodeIgniter->initialize()
ERROR - 2023-12-21 02:51:28 --> Error connecting to the database: mysqli_sql_exception: Access denied for user 'visaalliance_crm'@'localhost' (using password: YES) in D:\projects\visaalliance-crm\system\Database\MySQLi\Connection.php:174
Stack trace:
#0 D:\projects\visaalliance-crm\system\Database\MySQLi\Connection.php(174): mysqli->real_connect('127.0.0.1', 'visaalliance_cr...', 'Gq-[NKqAHbx)b2M...', 'visaalliance_cr...', 3306, '', 0)
#1 D:\projects\visaalliance-crm\system\Database\BaseConnection.php(391): CodeIgniter\Database\MySQLi\Connection->connect(false)
#2 D:\projects\visaalliance-crm\system\Database\BaseConnection.php(574): CodeIgniter\Database\BaseConnection->initialize()
#3 D:\projects\visaalliance-crm\app\Models\Crud_model.php(28): CodeIgniter\Database\BaseConnection->query('SET sql_mode = ...')
#4 D:\projects\visaalliance-crm\app\Models\Settings_model.php(11): App\Models\Crud_model->__construct('settings')
#5 D:\projects\visaalliance-crm\system\Config\Factories.php(113): App\Models\Settings_model->__construct(NULL)
#6 D:\projects\visaalliance-crm\system\Common.php(825): CodeIgniter\Config\Factories::__callStatic('models', Array)
#7 D:\projects\visaalliance-crm\app\Controllers\App_Controller.php(97): model('App\\Models\\Sett...')
#8 D:\projects\visaalliance-crm\app\Controllers\Security_Controller.php(17): App\Controllers\App_Controller->__construct()
#9 D:\projects\visaalliance-crm\app\Controllers\Dashboard.php(11): App\Controllers\Security_Controller->__construct()
#10 D:\projects\visaalliance-crm\system\CodeIgniter.php(904): App\Controllers\Dashboard->__construct()
#11 D:\projects\visaalliance-crm\system\CodeIgniter.php(488): CodeIgniter\CodeIgniter->createController()
#12 D:\projects\visaalliance-crm\system\CodeIgniter.php(366): CodeIgniter\CodeIgniter->handleRequest(NULL, Object(Config\Cache), false)
#13 D:\projects\visaalliance-crm\index.php(80): CodeIgniter\CodeIgniter->run()
#14 {main}

Next CodeIgniter\Database\Exceptions\DatabaseException: Access denied for user '****'@'localhost' (using password: YES) in D:\projects\visaalliance-crm\system\Database\MySQLi\Connection.php:218
Stack trace:
#0 D:\projects\visaalliance-crm\system\Database\BaseConnection.php(391): CodeIgniter\Database\MySQLi\Connection->connect(false)
#1 D:\projects\visaalliance-crm\system\Database\BaseConnection.php(574): CodeIgniter\Database\BaseConnection->initialize()
#2 D:\projects\visaalliance-crm\app\Models\Crud_model.php(28): CodeIgniter\Database\BaseConnection->query('SET sql_mode = ...')
#3 D:\projects\visaalliance-crm\app\Models\Settings_model.php(11): App\Models\Crud_model->__construct('settings')
#4 D:\projects\visaalliance-crm\system\Config\Factories.php(113): App\Models\Settings_model->__construct(NULL)
#5 D:\projects\visaalliance-crm\system\Common.php(825): CodeIgniter\Config\Factories::__callStatic('models', Array)
#6 D:\projects\visaalliance-crm\app\Controllers\App_Controller.php(97): model('App\\Models\\Sett...')
#7 D:\projects\visaalliance-crm\app\Controllers\Security_Controller.php(17): App\Controllers\App_Controller->__construct()
#8 D:\projects\visaalliance-crm\app\Controllers\Dashboard.php(11): App\Controllers\Security_Controller->__construct()
#9 D:\projects\visaalliance-crm\system\CodeIgniter.php(904): App\Controllers\Dashboard->__construct()
#10 D:\projects\visaalliance-crm\system\CodeIgniter.php(488): CodeIgniter\CodeIgniter->createController()
#11 D:\projects\visaalliance-crm\system\CodeIgniter.php(366): CodeIgniter\CodeIgniter->handleRequest(NULL, Object(Config\Cache), false)
#12 D:\projects\visaalliance-crm\index.php(80): CodeIgniter\CodeIgniter->run()
#13 {main}
CRITICAL - 2023-12-21 02:51:28 --> Unable to connect to the database.
Main connection [MySQLi]: Access denied for user '****'@'localhost' (using password: YES)
in SYSTEMPATH\Database\BaseConnection.php on line 427.
 1 SYSTEMPATH\Database\BaseConnection.php(574): CodeIgniter\Database\BaseConnection->initialize()
 2 APPPATH\Models\Crud_model.php(28): CodeIgniter\Database\BaseConnection->query('SET sql_mode = \'\'')
 3 APPPATH\Models\Settings_model.php(11): App\Models\Crud_model->__construct('settings')
 4 SYSTEMPATH\Config\Factories.php(113): App\Models\Settings_model->__construct(null)
 5 SYSTEMPATH\Common.php(825): CodeIgniter\Config\Factories::__callStatic('models', [...])
 6 APPPATH\Controllers\App_Controller.php(97): model('App\\Models\\Settings_model')
 7 APPPATH\Controllers\Security_Controller.php(17): App\Controllers\App_Controller->__construct()
 8 APPPATH\Controllers\Dashboard.php(11): App\Controllers\Security_Controller->__construct()
 9 SYSTEMPATH\CodeIgniter.php(904): App\Controllers\Dashboard->__construct()
10 SYSTEMPATH\CodeIgniter.php(488): CodeIgniter\CodeIgniter->createController()
11 SYSTEMPATH\CodeIgniter.php(366): CodeIgniter\CodeIgniter->handleRequest(null, Object(Config\Cache), false)
12 FCPATH\index.php(80): CodeIgniter\CodeIgniter->run()
CRITICAL - 2023-12-21 05:39:09 --> Invalid file: "clients/star/topbar_icon.php"
in SYSTEMPATH\Exceptions\FrameworkException.php on line 33.
 1 SYSTEMPATH\View\View.php(212): CodeIgniter\Exceptions\FrameworkException::forInvalidFile('clients/star/topbar_icon.php')
 2 SYSTEMPATH\Common.php(1180): CodeIgniter\View\View->render('clients/star/topbar_icon', [], true)
 3 APPPATH\Views\includes\topbar.php(26): view('clients/star/topbar_icon')
 4 SYSTEMPATH\View\View.php(224): include('D:\\projects\\visaalliance-crm\\app\\Views\\includes\\topbar.php')
 5 SYSTEMPATH\View\View.php(227): CodeIgniter\View\View->CodeIgniter\View\{closure}()
 6 SYSTEMPATH\Common.php(1180): CodeIgniter\View\View->render('includes/topbar', [], true)
 7 APPPATH\Views\layout\index.php(17): view('includes/topbar')
 8 SYSTEMPATH\View\View.php(224): include('D:\\projects\\visaalliance-crm\\app\\Views\\layout\\index.php')
 9 SYSTEMPATH\View\View.php(227): CodeIgniter\View\View->CodeIgniter\View\{closure}()
10 SYSTEMPATH\Common.php(1180): CodeIgniter\View\View->render('layout/index', [], true)
11 APPPATH\Libraries\Template.php(38): view('layout/index', [...])
12 APPPATH\Libraries\Template.php(22): App\Libraries\Template->view('layout/index', [...])
13 APPPATH\Controllers\Students.php(41): App\Libraries\Template->rander('clients/index', [...])
14 SYSTEMPATH\CodeIgniter.php(932): App\Controllers\Students->index()
15 SYSTEMPATH\CodeIgniter.php(497): CodeIgniter\CodeIgniter->runController(Object(App\Controllers\Students))
16 SYSTEMPATH\CodeIgniter.php(366): CodeIgniter\CodeIgniter->handleRequest(null, Object(Config\Cache), false)
17 FCPATH\index.php(80): CodeIgniter\CodeIgniter->run()
CRITICAL - 2023-12-21 05:59:56 --> Invalid file: "organizations/overview/index.php"
in SYSTEMPATH\Exceptions\FrameworkException.php on line 33.
 1 SYSTEMPATH\View\View.php(212): CodeIgniter\Exceptions\FrameworkException::forInvalidFile('organizations/overview/index.php')
 2 SYSTEMPATH\Common.php(1180): CodeIgniter\View\View->render('organizations/overview/index', [], true)
 3 APPPATH\Views\organization\index.php(21): view('organizations/overview/index')
 4 SYSTEMPATH\View\View.php(224): include('D:\\projects\\visaalliance-crm\\app\\Views\\organization\\index.php')
 5 SYSTEMPATH\View\View.php(227): CodeIgniter\View\View->CodeIgniter\View\{closure}()
 6 SYSTEMPATH\Common.php(1180): CodeIgniter\View\View->render('organization/index', [], true)
 7 APPPATH\Views\layout\index.php(59): view('organization/index')
 8 SYSTEMPATH\View\View.php(224): include('D:\\projects\\visaalliance-crm\\app\\Views\\layout\\index.php')
 9 SYSTEMPATH\View\View.php(227): CodeIgniter\View\View->CodeIgniter\View\{closure}()
10 SYSTEMPATH\Common.php(1180): CodeIgniter\View\View->render('layout/index', [], true)
11 APPPATH\Libraries\Template.php(38): view('layout/index', [...])
12 APPPATH\Libraries\Template.php(22): App\Libraries\Template->view('layout/index', [...])
13 APPPATH\Controllers\Organizations.php(46): App\Libraries\Template->rander('organization/index', [...])
14 SYSTEMPATH\CodeIgniter.php(932): App\Controllers\Organizations->index()
15 SYSTEMPATH\CodeIgniter.php(497): CodeIgniter\CodeIgniter->runController(Object(App\Controllers\Organizations))
16 SYSTEMPATH\CodeIgniter.php(366): CodeIgniter\CodeIgniter->handleRequest(null, Object(Config\Cache), false)
17 FCPATH\index.php(80): CodeIgniter\CodeIgniter->run()
CRITICAL - 2023-12-21 06:00:53 --> Invalid file: "organization/index.php"
in SYSTEMPATH\Exceptions\FrameworkException.php on line 33.
 1 SYSTEMPATH\View\View.php(212): CodeIgniter\Exceptions\FrameworkException::forInvalidFile('organization/index.php')
 2 SYSTEMPATH\Common.php(1180): CodeIgniter\View\View->render('organization/index', [], true)
 3 APPPATH\Views\layout\index.php(59): view('organization/index')
 4 SYSTEMPATH\View\View.php(224): include('D:\\projects\\visaalliance-crm\\app\\Views\\layout\\index.php')
 5 SYSTEMPATH\View\View.php(227): CodeIgniter\View\View->CodeIgniter\View\{closure}()
 6 SYSTEMPATH\Common.php(1180): CodeIgniter\View\View->render('layout/index', [], true)
 7 APPPATH\Libraries\Template.php(38): view('layout/index', [...])
 8 APPPATH\Libraries\Template.php(22): App\Libraries\Template->view('layout/index', [...])
 9 APPPATH\Controllers\Organizations.php(46): App\Libraries\Template->rander('organization/index', [...])
10 SYSTEMPATH\CodeIgniter.php(932): App\Controllers\Organizations->index()
11 SYSTEMPATH\CodeIgniter.php(497): CodeIgniter\CodeIgniter->runController(Object(App\Controllers\Organizations))
12 SYSTEMPATH\CodeIgniter.php(366): CodeIgniter\CodeIgniter->handleRequest(null, Object(Config\Cache), false)
13 FCPATH\index.php(80): CodeIgniter\CodeIgniter->run()
CRITICAL - 2023-12-21 06:56:04 --> The action you requested is not allowed.
in SYSTEMPATH\Security\Security.php on line 306.
 1 SYSTEMPATH\Security\Security.php(306): CodeIgniter\Security\Exceptions\SecurityException::forDisallowedAction()
 2 SYSTEMPATH\Filters\CSRF.php(55): CodeIgniter\Security\Security->verify(Object(CodeIgniter\HTTP\IncomingRequest))
 3 SYSTEMPATH\Filters\Filters.php(173): CodeIgniter\Filters\CSRF->before(Object(CodeIgniter\HTTP\IncomingRequest), null)
 4 SYSTEMPATH\CodeIgniter.php(471): CodeIgniter\Filters\Filters->run('students/modal_form', 'before')
 5 SYSTEMPATH\CodeIgniter.php(366): CodeIgniter\CodeIgniter->handleRequest(null, Object(Config\Cache), false)
 6 FCPATH\index.php(80): CodeIgniter\CodeIgniter->run()
CRITICAL - 2023-12-21 07:20:44 --> Undefined property: stdClass::$first_name
in APPPATH\Views\students\client_form_fields.php on line 44.
 1 APPPATH\Views\students\client_form_fields.php(44): CodeIgniter\Debug\Exceptions->errorHandler(2, 'Undefined property: stdClass::$first_name', 'D:\\projects\\visaalliance-crm\\app\\Views\\students\\client_form_fields.php', 44)
 2 SYSTEMPATH\View\View.php(224): include('D:\\projects\\visaalliance-crm\\app\\Views\\students\\client_form_fields.php')
 3 SYSTEMPATH\View\View.php(227): CodeIgniter\View\View->CodeIgniter\View\{closure}()
 4 SYSTEMPATH\Common.php(1180): CodeIgniter\View\View->render('students/client_form_fields', [], true)
 5 APPPATH\Views\students\modal_form.php(25): view('students/client_form_fields')
 6 SYSTEMPATH\View\View.php(224): include('D:\\projects\\visaalliance-crm\\app\\Views\\students\\modal_form.php')
 7 SYSTEMPATH\View\View.php(227): CodeIgniter\View\View->CodeIgniter\View\{closure}()
 8 SYSTEMPATH\Common.php(1180): CodeIgniter\View\View->render('students/modal_form', [], true)
 9 APPPATH\Libraries\Template.php(38): view('students/modal_form', [...])
10 APPPATH\Controllers\Students.php(93): App\Libraries\Template->view('students/modal_form', [...])
11 SYSTEMPATH\CodeIgniter.php(932): App\Controllers\Students->modal_form()
12 SYSTEMPATH\CodeIgniter.php(497): CodeIgniter\CodeIgniter->runController(Object(App\Controllers\Students))
13 SYSTEMPATH\CodeIgniter.php(366): CodeIgniter\CodeIgniter->handleRequest(null, Object(Config\Cache), false)
14 FCPATH\index.php(80): CodeIgniter\CodeIgniter->run()
CRITICAL - 2023-12-21 07:23:08 --> Undefined property: stdClass::$first_name
in APPPATH\Views\students\client_form_fields.php on line 85.
 1 APPPATH\Views\students\client_form_fields.php(85): CodeIgniter\Debug\Exceptions->errorHandler(2, 'Undefined property: stdClass::$first_name', 'D:\\projects\\visaalliance-crm\\app\\Views\\students\\client_form_fields.php', 85)
 2 SYSTEMPATH\View\View.php(224): include('D:\\projects\\visaalliance-crm\\app\\Views\\students\\client_form_fields.php')
 3 SYSTEMPATH\View\View.php(227): CodeIgniter\View\View->CodeIgniter\View\{closure}()
 4 SYSTEMPATH\Common.php(1180): CodeIgniter\View\View->render('students/client_form_fields', [], true)
 5 APPPATH\Views\students\modal_form.php(25): view('students/client_form_fields')
 6 SYSTEMPATH\View\View.php(224): include('D:\\projects\\visaalliance-crm\\app\\Views\\students\\modal_form.php')
 7 SYSTEMPATH\View\View.php(227): CodeIgniter\View\View->CodeIgniter\View\{closure}()
 8 SYSTEMPATH\Common.php(1180): CodeIgniter\View\View->render('students/modal_form', [], true)
 9 APPPATH\Libraries\Template.php(38): view('students/modal_form', [...])
10 APPPATH\Controllers\Students.php(93): App\Libraries\Template->view('students/modal_form', [...])
11 SYSTEMPATH\CodeIgniter.php(932): App\Controllers\Students->modal_form()
12 SYSTEMPATH\CodeIgniter.php(497): CodeIgniter\CodeIgniter->runController(Object(App\Controllers\Students))
13 SYSTEMPATH\CodeIgniter.php(366): CodeIgniter\CodeIgniter->handleRequest(null, Object(Config\Cache), false)
14 FCPATH\index.php(80): CodeIgniter\CodeIgniter->run()
CRITICAL - 2023-12-21 07:42:19 --> Undefined property: stdClass::$contact_preference
in APPPATH\Views\students\client_form_fields.php on line 171.
 1 APPPATH\Views\students\client_form_fields.php(171): CodeIgniter\Debug\Exceptions->errorHandler(2, 'Undefined property: stdClass::$contact_preference', 'D:\\projects\\visaalliance-crm\\app\\Views\\students\\client_form_fields.php', 171)
 2 SYSTEMPATH\View\View.php(224): include('D:\\projects\\visaalliance-crm\\app\\Views\\students\\client_form_fields.php')
 3 SYSTEMPATH\View\View.php(227): CodeIgniter\View\View->CodeIgniter\View\{closure}()
 4 SYSTEMPATH\Common.php(1180): CodeIgniter\View\View->render('students/client_form_fields', [], true)
 5 APPPATH\Views\students\modal_form.php(25): view('students/client_form_fields')
 6 SYSTEMPATH\View\View.php(224): include('D:\\projects\\visaalliance-crm\\app\\Views\\students\\modal_form.php')
 7 SYSTEMPATH\View\View.php(227): CodeIgniter\View\View->CodeIgniter\View\{closure}()
 8 SYSTEMPATH\Common.php(1180): CodeIgniter\View\View->render('students/modal_form', [], true)
 9 APPPATH\Libraries\Template.php(38): view('students/modal_form', [...])
10 APPPATH\Controllers\Students.php(93): App\Libraries\Template->view('students/modal_form', [...])
11 SYSTEMPATH\CodeIgniter.php(932): App\Controllers\Students->modal_form()
12 SYSTEMPATH\CodeIgniter.php(497): CodeIgniter\CodeIgniter->runController(Object(App\Controllers\Students))
13 SYSTEMPATH\CodeIgniter.php(366): CodeIgniter\CodeIgniter->handleRequest(null, Object(Config\Cache), false)
14 FCPATH\index.php(80): CodeIgniter\CodeIgniter->run()
