CRITICAL - 2024-03-26 23:06:36 --> Undefined variable $_list
in APPPATH\Views\includes\multi_file_uploader.php on line 303.
 1 APPPATH\Views\includes\multi_file_uploader.php(303): CodeIgniter\Debug\Exceptions->errorHandler(2, 'Undefined variable $_list', 'D:\\projects\\visaalliance-crm\\app\\Views\\includes\\multi_file_uploader.php', 303)
 2 SYSTEMPATH\View\View.php(224): include('D:\\projects\\visaalliance-crm\\app\\Views\\includes\\multi_file_uploader.php')
 3 SYSTEMPATH\View\View.php(227): CodeIgniter\View\View->CodeIgniter\View\{closure}()
 4 SYSTEMPATH\Common.php(1180): CodeIgniter\View\View->render('includes/multi_file_uploader', [], true)
 5 APPPATH\Views\workflows\modal_form.php(9): view('includes/multi_file_uploader', [...])
 6 SYSTEMPATH\View\View.php(224): include('D:\\projects\\visaalliance-crm\\app\\Views\\workflows\\modal_form.php')
 7 SYSTEMPATH\View\View.php(227): CodeIgniter\View\View->CodeIgniter\View\{closure}()
 8 SYSTEMPATH\Common.php(1180): CodeIgniter\View\View->render('workflows/modal_form', [], true)
 9 APPPATH\Libraries\Template.php(42): view('workflows/modal_form', [...])
10 APPPATH\Controllers\Settings.php(1443): App\Libraries\Template->view('workflows/modal_form', [...])
11 SYSTEMPATH\CodeIgniter.php(932): App\Controllers\Settings->workflow_modal_form()
12 SYSTEMPATH\CodeIgniter.php(497): CodeIgniter\CodeIgniter->runController(Object(App\Controllers\Settings))
13 SYSTEMPATH\CodeIgniter.php(366): CodeIgniter\CodeIgniter->handleRequest(null, Object(Config\Cache), false)
14 FCPATH\index.php(80): CodeIgniter\CodeIgniter->run()
CRITICAL - 2024-03-26 23:06:41 --> Undefined variable $_list
in APPPATH\Views\includes\multi_file_uploader.php on line 303.
 1 APPPATH\Views\includes\multi_file_uploader.php(303): CodeIgniter\Debug\Exceptions->errorHandler(2, 'Undefined variable $_list', 'D:\\projects\\visaalliance-crm\\app\\Views\\includes\\multi_file_uploader.php', 303)
 2 SYSTEMPATH\View\View.php(224): include('D:\\projects\\visaalliance-crm\\app\\Views\\includes\\multi_file_uploader.php')
 3 SYSTEMPATH\View\View.php(227): CodeIgniter\View\View->CodeIgniter\View\{closure}()
 4 SYSTEMPATH\Common.php(1180): CodeIgniter\View\View->render('includes/multi_file_uploader', [], true)
 5 APPPATH\Views\workflows\modal_form.php(9): view('includes/multi_file_uploader', [...])
 6 SYSTEMPATH\View\View.php(224): include('D:\\projects\\visaalliance-crm\\app\\Views\\workflows\\modal_form.php')
 7 SYSTEMPATH\View\View.php(227): CodeIgniter\View\View->CodeIgniter\View\{closure}()
 8 SYSTEMPATH\Common.php(1180): CodeIgniter\View\View->render('workflows/modal_form', [], true)
 9 APPPATH\Libraries\Template.php(42): view('workflows/modal_form', [...])
10 APPPATH\Controllers\Settings.php(1443): App\Libraries\Template->view('workflows/modal_form', [...])
11 SYSTEMPATH\CodeIgniter.php(932): App\Controllers\Settings->workflow_modal_form()
12 SYSTEMPATH\CodeIgniter.php(497): CodeIgniter\CodeIgniter->runController(Object(App\Controllers\Settings))
13 SYSTEMPATH\CodeIgniter.php(366): CodeIgniter\CodeIgniter->handleRequest(null, Object(Config\Cache), false)
14 FCPATH\index.php(80): CodeIgniter\CodeIgniter->run()
CRITICAL - 2024-03-26 23:13:32 --> Undefined variable $_list
in APPPATH\Views\includes\multi_file_uploader.php on line 303.
 1 APPPATH\Views\includes\multi_file_uploader.php(303): CodeIgniter\Debug\Exceptions->errorHandler(2, 'Undefined variable $_list', 'D:\\projects\\visaalliance-crm\\app\\Views\\includes\\multi_file_uploader.php', 303)
 2 SYSTEMPATH\View\View.php(224): include('D:\\projects\\visaalliance-crm\\app\\Views\\includes\\multi_file_uploader.php')
 3 SYSTEMPATH\View\View.php(227): CodeIgniter\View\View->CodeIgniter\View\{closure}()
 4 SYSTEMPATH\Common.php(1180): CodeIgniter\View\View->render('includes/multi_file_uploader', [], true)
 5 APPPATH\Views\workflows\modal_form.php(9): view('includes/multi_file_uploader', [...])
 6 SYSTEMPATH\View\View.php(224): include('D:\\projects\\visaalliance-crm\\app\\Views\\workflows\\modal_form.php')
 7 SYSTEMPATH\View\View.php(227): CodeIgniter\View\View->CodeIgniter\View\{closure}()
 8 SYSTEMPATH\Common.php(1180): CodeIgniter\View\View->render('workflows/modal_form', [], true)
 9 APPPATH\Libraries\Template.php(42): view('workflows/modal_form', [...])
10 APPPATH\Controllers\Settings.php(1443): App\Libraries\Template->view('workflows/modal_form', [...])
11 SYSTEMPATH\CodeIgniter.php(932): App\Controllers\Settings->workflow_modal_form()
12 SYSTEMPATH\CodeIgniter.php(497): CodeIgniter\CodeIgniter->runController(Object(App\Controllers\Settings))
13 SYSTEMPATH\CodeIgniter.php(366): CodeIgniter\CodeIgniter->handleRequest(null, Object(Config\Cache), false)
14 FCPATH\index.php(80): CodeIgniter\CodeIgniter->run()
