ERROR - 2024-03-19 00:50:46 --> mysqli_sql_exception: Table 'visaalliance_crm.rise_ci_sessions' doesn't exist in D:\projects\visaalliance-crm\system\Database\MySQLi\Connection.php:295
Stack trace:
#0 D:\projects\visaalliance-crm\system\Database\MySQLi\Connection.php(295): mysqli->query('SELECT `data`\nF...', 0)
#1 D:\projects\visaalliance-crm\system\Database\BaseConnection.php(692): CodeIgniter\Database\MySQLi\Connection->execute('SELECT `data`\nF...')
#2 D:\projects\visaalliance-crm\system\Database\BaseConnection.php(606): CodeIgniter\Database\BaseConnection->simpleQuery('SELECT `data`\nF...')
#3 D:\projects\visaalliance-crm\system\Database\BaseBuilder.php(1616): CodeIgniter\Database\BaseConnection->query('SELECT `data`\nF...', Array, false)
#4 D:\projects\visaalliance-crm\system\Session\Handlers\DatabaseHandler.php(144): CodeIgniter\Database\BaseBuilder->get()
#5 [internal function]: CodeIgniter\Session\Handlers\DatabaseHandler->read('514gte5vag5l55v...')
#6 D:\projects\visaalliance-crm\system\Session\Session.php(920): session_start()
#7 D:\projects\visaalliance-crm\system\Session\Session.php(250): CodeIgniter\Session\Session->startSession()
#8 D:\projects\visaalliance-crm\system\Config\Services.php(674): CodeIgniter\Session\Session->start()
#9 D:\projects\visaalliance-crm\system\Config\BaseService.php(252): CodeIgniter\Config\Services::session(Object(Config\App), false)
#10 D:\projects\visaalliance-crm\system\Config\BaseService.php(193): CodeIgniter\Config\BaseService::__callStatic('session', Array)
#11 D:\projects\visaalliance-crm\system\Config\Services.php(641): CodeIgniter\Config\BaseService::getSharedInstance('session', NULL)
#12 D:\projects\visaalliance-crm\system\Config\BaseService.php(252): CodeIgniter\Config\Services::session()
#13 D:\projects\visaalliance-crm\app\Models\Users_model.php(88): CodeIgniter\Config\BaseService::__callStatic('session', Array)
#14 D:\projects\visaalliance-crm\app\Controllers\App_Controller.php(111): App\Models\Users_model->login_user_id()
#15 D:\projects\visaalliance-crm\app\Controllers\Security_Controller.php(20): App\Controllers\App_Controller->__construct()
#16 D:\projects\visaalliance-crm\app\Controllers\Messages.php(8): App\Controllers\Security_Controller->__construct()
#17 D:\projects\visaalliance-crm\system\CodeIgniter.php(904): App\Controllers\Messages->__construct()
#18 D:\projects\visaalliance-crm\system\CodeIgniter.php(488): CodeIgniter\CodeIgniter->createController()
#19 D:\projects\visaalliance-crm\system\CodeIgniter.php(366): CodeIgniter\CodeIgniter->handleRequest(NULL, Object(Config\Cache), false)
#20 D:\projects\visaalliance-crm\index.php(80): CodeIgniter\CodeIgniter->run()
#21 {main}
CRITICAL - 2024-03-19 00:50:46 --> Table 'visaalliance_crm.rise_ci_sessions' doesn't exist
in SYSTEMPATH\Database\MySQLi\Connection.php on line 295.
 1 SYSTEMPATH\Database\MySQLi\Connection.php(295): mysqli->query('SELECT `data`
FROM `rise_ci_sessions`
WHERE `id` = \'ci_session:514gte5vag5l55vdiqj3cghajs759p6r\'', 0)
 2 SYSTEMPATH\Database\BaseConnection.php(692): CodeIgniter\Database\MySQLi\Connection->execute('SELECT `data`
FROM `rise_ci_sessions`
WHERE `id` = \'ci_session:514gte5vag5l55vdiqj3cghajs759p6r\'')
 3 SYSTEMPATH\Database\BaseConnection.php(606): CodeIgniter\Database\BaseConnection->simpleQuery('SELECT `data`
FROM `rise_ci_sessions`
WHERE `id` = \'ci_session:514gte5vag5l55vdiqj3cghajs759p6r\'')
 4 SYSTEMPATH\Database\BaseBuilder.php(1616): CodeIgniter\Database\BaseConnection->query('SELECT `data`
FROM `rise_ci_sessions`
WHERE `id` = :id:', [...], false)
 5 SYSTEMPATH\Session\Handlers\DatabaseHandler.php(144): CodeIgniter\Database\BaseBuilder->get()
 6 [internal function]: CodeIgniter\Session\Handlers\DatabaseHandler->read('514gte5vag5l55vdiqj3cghajs759p6r')
 7 SYSTEMPATH\Session\Session.php(920): session_start()
 8 SYSTEMPATH\Session\Session.php(250): CodeIgniter\Session\Session->startSession()
 9 SYSTEMPATH\Config\Services.php(674): CodeIgniter\Session\Session->start()
10 SYSTEMPATH\Config\BaseService.php(252): CodeIgniter\Config\Services::session(Object(Config\App), false)
11 SYSTEMPATH\Config\BaseService.php(193): CodeIgniter\Config\BaseService::__callStatic('session', [...])
12 SYSTEMPATH\Config\Services.php(641): CodeIgniter\Config\BaseService::getSharedInstance('session', null)
13 SYSTEMPATH\Config\BaseService.php(252): CodeIgniter\Config\Services::session()
14 APPPATH\Models\Users_model.php(88): CodeIgniter\Config\BaseService::__callStatic('session', [])
15 APPPATH\Controllers\App_Controller.php(111): App\Models\Users_model->login_user_id()
16 APPPATH\Controllers\Security_Controller.php(20): App\Controllers\App_Controller->__construct()
17 APPPATH\Controllers\Messages.php(8): App\Controllers\Security_Controller->__construct()
18 SYSTEMPATH\CodeIgniter.php(904): App\Controllers\Messages->__construct()
19 SYSTEMPATH\CodeIgniter.php(488): CodeIgniter\CodeIgniter->createController()
20 SYSTEMPATH\CodeIgniter.php(366): CodeIgniter\CodeIgniter->handleRequest(null, Object(Config\Cache), false)
21 FCPATH\index.php(80): CodeIgniter\CodeIgniter->run()
WARNING - 2024-03-19 00:55:50 --> [DEPRECATED] Optional parameter $client_id declared before required parameter $location_id is implicitly treated as a required parameter in APPPATH\Controllers\Check_in.php on line 248.
 1 SYSTEMPATH\Autoloader\Autoloader.php(312): include_once('D:\\projects\\visaalliance-crm\\system\\Debug\\Exceptions.php')
 2 SYSTEMPATH\Autoloader\Autoloader.php(289): CodeIgniter\Autoloader\Autoloader->includeFile('D:\\projects\\visaalliance-crm\\app\\Controllers\\Check_in.php')
 3 SYSTEMPATH\Autoloader\Autoloader.php(267): CodeIgniter\Autoloader\Autoloader->loadInNamespace('App\\Controllers\\Check_in')
 4 [internal function]: CodeIgniter\Autoloader\Autoloader->loadClass('App\\Controllers\\Check_in')
 5 SYSTEMPATH\CodeIgniter.php(890): class_exists('\\App\\Controllers\\Check_in', true)
 6 SYSTEMPATH\CodeIgniter.php(484): CodeIgniter\CodeIgniter->startController()
 7 SYSTEMPATH\CodeIgniter.php(366): CodeIgniter\CodeIgniter->handleRequest(null, Object(Config\Cache), false)
 8 FCPATH\index.php(80): CodeIgniter\CodeIgniter->run()
WARNING - 2024-03-19 00:55:50 --> [DEPRECATED] Optional parameter $client_id declared before required parameter $location_id is implicitly treated as a required parameter in APPPATH\Controllers\Check_in.php on line 248.
 1 SYSTEMPATH\Autoloader\Autoloader.php(312): include_once('D:\\projects\\visaalliance-crm\\system\\Debug\\Exceptions.php')
 2 SYSTEMPATH\Autoloader\Autoloader.php(289): CodeIgniter\Autoloader\Autoloader->includeFile('D:\\projects\\visaalliance-crm\\app\\Controllers\\Check_in.php')
 3 SYSTEMPATH\Autoloader\Autoloader.php(267): CodeIgniter\Autoloader\Autoloader->loadInNamespace('App\\Controllers\\Check_in')
 4 [internal function]: CodeIgniter\Autoloader\Autoloader->loadClass('App\\Controllers\\Check_in')
 5 SYSTEMPATH\CodeIgniter.php(890): class_exists('\\App\\Controllers\\Check_in', true)
 6 SYSTEMPATH\CodeIgniter.php(484): CodeIgniter\CodeIgniter->startController()
 7 SYSTEMPATH\CodeIgniter.php(366): CodeIgniter\CodeIgniter->handleRequest(null, Object(Config\Cache), false)
 8 FCPATH\index.php(80): CodeIgniter\CodeIgniter->run()
WARNING - 2024-03-19 00:55:51 --> [DEPRECATED] Optional parameter $client_id declared before required parameter $location_id is implicitly treated as a required parameter in APPPATH\Controllers\Check_in.php on line 248.
 1 SYSTEMPATH\Autoloader\Autoloader.php(312): include_once('D:\\projects\\visaalliance-crm\\system\\Debug\\Exceptions.php')
 2 SYSTEMPATH\Autoloader\Autoloader.php(289): CodeIgniter\Autoloader\Autoloader->includeFile('D:\\projects\\visaalliance-crm\\app\\Controllers\\Check_in.php')
 3 SYSTEMPATH\Autoloader\Autoloader.php(267): CodeIgniter\Autoloader\Autoloader->loadInNamespace('App\\Controllers\\Check_in')
 4 [internal function]: CodeIgniter\Autoloader\Autoloader->loadClass('App\\Controllers\\Check_in')
 5 SYSTEMPATH\CodeIgniter.php(890): class_exists('\\App\\Controllers\\Check_in', true)
 6 SYSTEMPATH\CodeIgniter.php(484): CodeIgniter\CodeIgniter->startController()
 7 SYSTEMPATH\CodeIgniter.php(366): CodeIgniter\CodeIgniter->handleRequest(null, Object(Config\Cache), false)
 8 FCPATH\index.php(80): CodeIgniter\CodeIgniter->run()
WARNING - 2024-03-19 00:55:53 --> [DEPRECATED] Optional parameter $client_id declared before required parameter $location_id is implicitly treated as a required parameter in APPPATH\Controllers\Check_in.php on line 248.
 1 SYSTEMPATH\Autoloader\Autoloader.php(312): include_once('D:\\projects\\visaalliance-crm\\system\\Debug\\Exceptions.php')
 2 SYSTEMPATH\Autoloader\Autoloader.php(289): CodeIgniter\Autoloader\Autoloader->includeFile('D:\\projects\\visaalliance-crm\\app\\Controllers\\Check_in.php')
 3 SYSTEMPATH\Autoloader\Autoloader.php(267): CodeIgniter\Autoloader\Autoloader->loadInNamespace('App\\Controllers\\Check_in')
 4 [internal function]: CodeIgniter\Autoloader\Autoloader->loadClass('App\\Controllers\\Check_in')
 5 SYSTEMPATH\CodeIgniter.php(890): class_exists('\\App\\Controllers\\Check_in', true)
 6 SYSTEMPATH\CodeIgniter.php(484): CodeIgniter\CodeIgniter->startController()
 7 SYSTEMPATH\CodeIgniter.php(366): CodeIgniter\CodeIgniter->handleRequest(null, Object(Config\Cache), false)
 8 FCPATH\index.php(80): CodeIgniter\CodeIgniter->run()
WARNING - 2024-03-19 00:55:53 --> [DEPRECATED] Optional parameter $client_id declared before required parameter $location_id is implicitly treated as a required parameter in APPPATH\Controllers\Check_in.php on line 248.
 1 SYSTEMPATH\Autoloader\Autoloader.php(312): include_once('D:\\projects\\visaalliance-crm\\system\\Debug\\Exceptions.php')
 2 SYSTEMPATH\Autoloader\Autoloader.php(289): CodeIgniter\Autoloader\Autoloader->includeFile('D:\\projects\\visaalliance-crm\\app\\Controllers\\Check_in.php')
 3 SYSTEMPATH\Autoloader\Autoloader.php(267): CodeIgniter\Autoloader\Autoloader->loadInNamespace('App\\Controllers\\Check_in')
 4 [internal function]: CodeIgniter\Autoloader\Autoloader->loadClass('App\\Controllers\\Check_in')
 5 SYSTEMPATH\CodeIgniter.php(890): class_exists('\\App\\Controllers\\Check_in', true)
 6 SYSTEMPATH\CodeIgniter.php(484): CodeIgniter\CodeIgniter->startController()
 7 SYSTEMPATH\CodeIgniter.php(366): CodeIgniter\CodeIgniter->handleRequest(null, Object(Config\Cache), false)
 8 FCPATH\index.php(80): CodeIgniter\CodeIgniter->run()
WARNING - 2024-03-19 00:55:57 --> [DEPRECATED] Optional parameter $client_id declared before required parameter $location_id is implicitly treated as a required parameter in APPPATH\Controllers\Check_in.php on line 248.
 1 SYSTEMPATH\Autoloader\Autoloader.php(312): include_once('D:\\projects\\visaalliance-crm\\system\\Debug\\Exceptions.php')
 2 SYSTEMPATH\Autoloader\Autoloader.php(289): CodeIgniter\Autoloader\Autoloader->includeFile('D:\\projects\\visaalliance-crm\\app\\Controllers\\Check_in.php')
 3 SYSTEMPATH\Autoloader\Autoloader.php(267): CodeIgniter\Autoloader\Autoloader->loadInNamespace('App\\Controllers\\Check_in')
 4 [internal function]: CodeIgniter\Autoloader\Autoloader->loadClass('App\\Controllers\\Check_in')
 5 SYSTEMPATH\CodeIgniter.php(890): class_exists('\\App\\Controllers\\Check_in', true)
 6 SYSTEMPATH\CodeIgniter.php(484): CodeIgniter\CodeIgniter->startController()
 7 SYSTEMPATH\CodeIgniter.php(366): CodeIgniter\CodeIgniter->handleRequest(null, Object(Config\Cache), false)
 8 FCPATH\index.php(80): CodeIgniter\CodeIgniter->run()
WARNING - 2024-03-19 00:55:57 --> [DEPRECATED] Optional parameter $client_id declared before required parameter $location_id is implicitly treated as a required parameter in APPPATH\Controllers\Check_in.php on line 248.
 1 SYSTEMPATH\Autoloader\Autoloader.php(312): include_once('D:\\projects\\visaalliance-crm\\system\\Debug\\Exceptions.php')
 2 SYSTEMPATH\Autoloader\Autoloader.php(289): CodeIgniter\Autoloader\Autoloader->includeFile('D:\\projects\\visaalliance-crm\\app\\Controllers\\Check_in.php')
 3 SYSTEMPATH\Autoloader\Autoloader.php(267): CodeIgniter\Autoloader\Autoloader->loadInNamespace('App\\Controllers\\Check_in')
 4 [internal function]: CodeIgniter\Autoloader\Autoloader->loadClass('App\\Controllers\\Check_in')
 5 SYSTEMPATH\CodeIgniter.php(890): class_exists('\\App\\Controllers\\Check_in', true)
 6 SYSTEMPATH\CodeIgniter.php(484): CodeIgniter\CodeIgniter->startController()
 7 SYSTEMPATH\CodeIgniter.php(366): CodeIgniter\CodeIgniter->handleRequest(null, Object(Config\Cache), false)
 8 FCPATH\index.php(80): CodeIgniter\CodeIgniter->run()
WARNING - 2024-03-19 00:55:58 --> [DEPRECATED] Optional parameter $client_id declared before required parameter $location_id is implicitly treated as a required parameter in APPPATH\Controllers\Check_in.php on line 248.
 1 SYSTEMPATH\Autoloader\Autoloader.php(312): include_once('D:\\projects\\visaalliance-crm\\system\\Debug\\Exceptions.php')
 2 SYSTEMPATH\Autoloader\Autoloader.php(289): CodeIgniter\Autoloader\Autoloader->includeFile('D:\\projects\\visaalliance-crm\\app\\Controllers\\Check_in.php')
 3 SYSTEMPATH\Autoloader\Autoloader.php(267): CodeIgniter\Autoloader\Autoloader->loadInNamespace('App\\Controllers\\Check_in')
 4 [internal function]: CodeIgniter\Autoloader\Autoloader->loadClass('App\\Controllers\\Check_in')
 5 SYSTEMPATH\CodeIgniter.php(890): class_exists('\\App\\Controllers\\Check_in', true)
 6 SYSTEMPATH\CodeIgniter.php(484): CodeIgniter\CodeIgniter->startController()
 7 SYSTEMPATH\CodeIgniter.php(366): CodeIgniter\CodeIgniter->handleRequest(null, Object(Config\Cache), false)
 8 FCPATH\index.php(80): CodeIgniter\CodeIgniter->run()
WARNING - 2024-03-19 00:55:59 --> [DEPRECATED] Optional parameter $client_id declared before required parameter $location_id is implicitly treated as a required parameter in APPPATH\Controllers\Check_in.php on line 248.
 1 SYSTEMPATH\Autoloader\Autoloader.php(312): include_once('D:\\projects\\visaalliance-crm\\system\\Debug\\Exceptions.php')
 2 SYSTEMPATH\Autoloader\Autoloader.php(289): CodeIgniter\Autoloader\Autoloader->includeFile('D:\\projects\\visaalliance-crm\\app\\Controllers\\Check_in.php')
 3 SYSTEMPATH\Autoloader\Autoloader.php(267): CodeIgniter\Autoloader\Autoloader->loadInNamespace('App\\Controllers\\Check_in')
 4 [internal function]: CodeIgniter\Autoloader\Autoloader->loadClass('App\\Controllers\\Check_in')
 5 SYSTEMPATH\CodeIgniter.php(890): class_exists('\\App\\Controllers\\Check_in', true)
 6 SYSTEMPATH\CodeIgniter.php(484): CodeIgniter\CodeIgniter->startController()
 7 SYSTEMPATH\CodeIgniter.php(366): CodeIgniter\CodeIgniter->handleRequest(null, Object(Config\Cache), false)
 8 FCPATH\index.php(80): CodeIgniter\CodeIgniter->run()
WARNING - 2024-03-19 00:56:00 --> [DEPRECATED] Optional parameter $client_id declared before required parameter $location_id is implicitly treated as a required parameter in APPPATH\Controllers\Check_in.php on line 248.
 1 SYSTEMPATH\Autoloader\Autoloader.php(312): include_once('D:\\projects\\visaalliance-crm\\system\\Debug\\Exceptions.php')
 2 SYSTEMPATH\Autoloader\Autoloader.php(289): CodeIgniter\Autoloader\Autoloader->includeFile('D:\\projects\\visaalliance-crm\\app\\Controllers\\Check_in.php')
 3 SYSTEMPATH\Autoloader\Autoloader.php(267): CodeIgniter\Autoloader\Autoloader->loadInNamespace('App\\Controllers\\Check_in')
 4 [internal function]: CodeIgniter\Autoloader\Autoloader->loadClass('App\\Controllers\\Check_in')
 5 SYSTEMPATH\CodeIgniter.php(890): class_exists('\\App\\Controllers\\Check_in', true)
 6 SYSTEMPATH\CodeIgniter.php(484): CodeIgniter\CodeIgniter->startController()
 7 SYSTEMPATH\CodeIgniter.php(366): CodeIgniter\CodeIgniter->handleRequest(null, Object(Config\Cache), false)
 8 FCPATH\index.php(80): CodeIgniter\CodeIgniter->run()
WARNING - 2024-03-19 00:56:00 --> [DEPRECATED] Optional parameter $client_id declared before required parameter $location_id is implicitly treated as a required parameter in APPPATH\Controllers\Check_in.php on line 248.
 1 SYSTEMPATH\Autoloader\Autoloader.php(312): include_once('D:\\projects\\visaalliance-crm\\system\\Debug\\Exceptions.php')
 2 SYSTEMPATH\Autoloader\Autoloader.php(289): CodeIgniter\Autoloader\Autoloader->includeFile('D:\\projects\\visaalliance-crm\\app\\Controllers\\Check_in.php')
 3 SYSTEMPATH\Autoloader\Autoloader.php(267): CodeIgniter\Autoloader\Autoloader->loadInNamespace('App\\Controllers\\Check_in')
 4 [internal function]: CodeIgniter\Autoloader\Autoloader->loadClass('App\\Controllers\\Check_in')
 5 SYSTEMPATH\CodeIgniter.php(890): class_exists('\\App\\Controllers\\Check_in', true)
 6 SYSTEMPATH\CodeIgniter.php(484): CodeIgniter\CodeIgniter->startController()
 7 SYSTEMPATH\CodeIgniter.php(366): CodeIgniter\CodeIgniter->handleRequest(null, Object(Config\Cache), false)
 8 FCPATH\index.php(80): CodeIgniter\CodeIgniter->run()
WARNING - 2024-03-19 00:56:46 --> [DEPRECATED] Optional parameter $client_id declared before required parameter $location_id is implicitly treated as a required parameter in APPPATH\Controllers\Check_in.php on line 248.
 1 SYSTEMPATH\Autoloader\Autoloader.php(312): include_once('D:\\projects\\visaalliance-crm\\system\\Debug\\Exceptions.php')
 2 SYSTEMPATH\Autoloader\Autoloader.php(289): CodeIgniter\Autoloader\Autoloader->includeFile('D:\\projects\\visaalliance-crm\\app\\Controllers\\Check_in.php')
 3 SYSTEMPATH\Autoloader\Autoloader.php(267): CodeIgniter\Autoloader\Autoloader->loadInNamespace('App\\Controllers\\Check_in')
 4 [internal function]: CodeIgniter\Autoloader\Autoloader->loadClass('App\\Controllers\\Check_in')
 5 SYSTEMPATH\CodeIgniter.php(890): class_exists('\\App\\Controllers\\Check_in', true)
 6 SYSTEMPATH\CodeIgniter.php(484): CodeIgniter\CodeIgniter->startController()
 7 SYSTEMPATH\CodeIgniter.php(366): CodeIgniter\CodeIgniter->handleRequest(null, Object(Config\Cache), false)
 8 FCPATH\index.php(80): CodeIgniter\CodeIgniter->run()
WARNING - 2024-03-19 01:34:17 --> [DEPRECATED] Optional parameter $client_id declared before required parameter $location_id is implicitly treated as a required parameter in APPPATH\Controllers\Check_in.php on line 247.
 1 SYSTEMPATH\Autoloader\Autoloader.php(312): include_once('D:\\projects\\visaalliance-crm\\system\\Debug\\Exceptions.php')
 2 SYSTEMPATH\Autoloader\Autoloader.php(289): CodeIgniter\Autoloader\Autoloader->includeFile('D:\\projects\\visaalliance-crm\\app\\Controllers\\Check_in.php')
 3 SYSTEMPATH\Autoloader\Autoloader.php(267): CodeIgniter\Autoloader\Autoloader->loadInNamespace('App\\Controllers\\Check_in')
 4 [internal function]: CodeIgniter\Autoloader\Autoloader->loadClass('App\\Controllers\\Check_in')
 5 SYSTEMPATH\CodeIgniter.php(890): class_exists('\\App\\Controllers\\Check_in', true)
 6 SYSTEMPATH\CodeIgniter.php(484): CodeIgniter\CodeIgniter->startController()
 7 SYSTEMPATH\CodeIgniter.php(366): CodeIgniter\CodeIgniter->handleRequest(null, Object(Config\Cache), false)
 8 FCPATH\index.php(80): CodeIgniter\CodeIgniter->run()
WARNING - 2024-03-19 01:34:18 --> [DEPRECATED] Optional parameter $client_id declared before required parameter $location_id is implicitly treated as a required parameter in APPPATH\Controllers\Check_in.php on line 247.
 1 SYSTEMPATH\Autoloader\Autoloader.php(312): include_once('D:\\projects\\visaalliance-crm\\system\\Debug\\Exceptions.php')
 2 SYSTEMPATH\Autoloader\Autoloader.php(289): CodeIgniter\Autoloader\Autoloader->includeFile('D:\\projects\\visaalliance-crm\\app\\Controllers\\Check_in.php')
 3 SYSTEMPATH\Autoloader\Autoloader.php(267): CodeIgniter\Autoloader\Autoloader->loadInNamespace('App\\Controllers\\Check_in')
 4 [internal function]: CodeIgniter\Autoloader\Autoloader->loadClass('App\\Controllers\\Check_in')
 5 SYSTEMPATH\CodeIgniter.php(890): class_exists('\\App\\Controllers\\Check_in', true)
 6 SYSTEMPATH\CodeIgniter.php(484): CodeIgniter\CodeIgniter->startController()
 7 SYSTEMPATH\CodeIgniter.php(366): CodeIgniter\CodeIgniter->handleRequest(null, Object(Config\Cache), false)
 8 FCPATH\index.php(80): CodeIgniter\CodeIgniter->run()
WARNING - 2024-03-19 01:34:19 --> [DEPRECATED] Optional parameter $client_id declared before required parameter $location_id is implicitly treated as a required parameter in APPPATH\Controllers\Check_in.php on line 247.
 1 SYSTEMPATH\Autoloader\Autoloader.php(312): include_once('D:\\projects\\visaalliance-crm\\system\\Debug\\Exceptions.php')
 2 SYSTEMPATH\Autoloader\Autoloader.php(289): CodeIgniter\Autoloader\Autoloader->includeFile('D:\\projects\\visaalliance-crm\\app\\Controllers\\Check_in.php')
 3 SYSTEMPATH\Autoloader\Autoloader.php(267): CodeIgniter\Autoloader\Autoloader->loadInNamespace('App\\Controllers\\Check_in')
 4 [internal function]: CodeIgniter\Autoloader\Autoloader->loadClass('App\\Controllers\\Check_in')
 5 SYSTEMPATH\CodeIgniter.php(890): class_exists('\\App\\Controllers\\Check_in', true)
 6 SYSTEMPATH\CodeIgniter.php(484): CodeIgniter\CodeIgniter->startController()
 7 SYSTEMPATH\CodeIgniter.php(366): CodeIgniter\CodeIgniter->handleRequest(null, Object(Config\Cache), false)
 8 FCPATH\index.php(80): CodeIgniter\CodeIgniter->run()
WARNING - 2024-03-19 01:34:20 --> [DEPRECATED] Optional parameter $client_id declared before required parameter $location_id is implicitly treated as a required parameter in APPPATH\Controllers\Check_in.php on line 247.
 1 SYSTEMPATH\Autoloader\Autoloader.php(312): include_once('D:\\projects\\visaalliance-crm\\system\\Debug\\Exceptions.php')
 2 SYSTEMPATH\Autoloader\Autoloader.php(289): CodeIgniter\Autoloader\Autoloader->includeFile('D:\\projects\\visaalliance-crm\\app\\Controllers\\Check_in.php')
 3 SYSTEMPATH\Autoloader\Autoloader.php(267): CodeIgniter\Autoloader\Autoloader->loadInNamespace('App\\Controllers\\Check_in')
 4 [internal function]: CodeIgniter\Autoloader\Autoloader->loadClass('App\\Controllers\\Check_in')
 5 SYSTEMPATH\CodeIgniter.php(890): class_exists('\\App\\Controllers\\Check_in', true)
 6 SYSTEMPATH\CodeIgniter.php(484): CodeIgniter\CodeIgniter->startController()
 7 SYSTEMPATH\CodeIgniter.php(366): CodeIgniter\CodeIgniter->handleRequest(null, Object(Config\Cache), false)
 8 FCPATH\index.php(80): CodeIgniter\CodeIgniter->run()
WARNING - 2024-03-19 01:34:20 --> [DEPRECATED] Optional parameter $client_id declared before required parameter $location_id is implicitly treated as a required parameter in APPPATH\Controllers\Check_in.php on line 247.
 1 SYSTEMPATH\Autoloader\Autoloader.php(312): include_once('D:\\projects\\visaalliance-crm\\system\\Debug\\Exceptions.php')
 2 SYSTEMPATH\Autoloader\Autoloader.php(289): CodeIgniter\Autoloader\Autoloader->includeFile('D:\\projects\\visaalliance-crm\\app\\Controllers\\Check_in.php')
 3 SYSTEMPATH\Autoloader\Autoloader.php(267): CodeIgniter\Autoloader\Autoloader->loadInNamespace('App\\Controllers\\Check_in')
 4 [internal function]: CodeIgniter\Autoloader\Autoloader->loadClass('App\\Controllers\\Check_in')
 5 SYSTEMPATH\CodeIgniter.php(890): class_exists('\\App\\Controllers\\Check_in', true)
 6 SYSTEMPATH\CodeIgniter.php(484): CodeIgniter\CodeIgniter->startController()
 7 SYSTEMPATH\CodeIgniter.php(366): CodeIgniter\CodeIgniter->handleRequest(null, Object(Config\Cache), false)
 8 FCPATH\index.php(80): CodeIgniter\CodeIgniter->run()
WARNING - 2024-03-19 01:34:21 --> [DEPRECATED] Optional parameter $client_id declared before required parameter $location_id is implicitly treated as a required parameter in APPPATH\Controllers\Check_in.php on line 247.
 1 SYSTEMPATH\Autoloader\Autoloader.php(312): include_once('D:\\projects\\visaalliance-crm\\system\\Debug\\Exceptions.php')
 2 SYSTEMPATH\Autoloader\Autoloader.php(289): CodeIgniter\Autoloader\Autoloader->includeFile('D:\\projects\\visaalliance-crm\\app\\Controllers\\Check_in.php')
 3 SYSTEMPATH\Autoloader\Autoloader.php(267): CodeIgniter\Autoloader\Autoloader->loadInNamespace('App\\Controllers\\Check_in')
 4 [internal function]: CodeIgniter\Autoloader\Autoloader->loadClass('App\\Controllers\\Check_in')
 5 SYSTEMPATH\CodeIgniter.php(890): class_exists('\\App\\Controllers\\Check_in', true)
 6 SYSTEMPATH\CodeIgniter.php(484): CodeIgniter\CodeIgniter->startController()
 7 SYSTEMPATH\CodeIgniter.php(366): CodeIgniter\CodeIgniter->handleRequest(null, Object(Config\Cache), false)
 8 FCPATH\index.php(80): CodeIgniter\CodeIgniter->run()
WARNING - 2024-03-19 01:34:22 --> [DEPRECATED] Optional parameter $client_id declared before required parameter $location_id is implicitly treated as a required parameter in APPPATH\Controllers\Check_in.php on line 247.
 1 SYSTEMPATH\Autoloader\Autoloader.php(312): include_once('D:\\projects\\visaalliance-crm\\system\\Debug\\Exceptions.php')
 2 SYSTEMPATH\Autoloader\Autoloader.php(289): CodeIgniter\Autoloader\Autoloader->includeFile('D:\\projects\\visaalliance-crm\\app\\Controllers\\Check_in.php')
 3 SYSTEMPATH\Autoloader\Autoloader.php(267): CodeIgniter\Autoloader\Autoloader->loadInNamespace('App\\Controllers\\Check_in')
 4 [internal function]: CodeIgniter\Autoloader\Autoloader->loadClass('App\\Controllers\\Check_in')
 5 SYSTEMPATH\CodeIgniter.php(890): class_exists('\\App\\Controllers\\Check_in', true)
 6 SYSTEMPATH\CodeIgniter.php(484): CodeIgniter\CodeIgniter->startController()
 7 SYSTEMPATH\CodeIgniter.php(366): CodeIgniter\CodeIgniter->handleRequest(null, Object(Config\Cache), false)
 8 FCPATH\index.php(80): CodeIgniter\CodeIgniter->run()
WARNING - 2024-03-19 01:34:22 --> [DEPRECATED] Optional parameter $client_id declared before required parameter $location_id is implicitly treated as a required parameter in APPPATH\Controllers\Check_in.php on line 247.
 1 SYSTEMPATH\Autoloader\Autoloader.php(312): include_once('D:\\projects\\visaalliance-crm\\system\\Debug\\Exceptions.php')
 2 SYSTEMPATH\Autoloader\Autoloader.php(289): CodeIgniter\Autoloader\Autoloader->includeFile('D:\\projects\\visaalliance-crm\\app\\Controllers\\Check_in.php')
 3 SYSTEMPATH\Autoloader\Autoloader.php(267): CodeIgniter\Autoloader\Autoloader->loadInNamespace('App\\Controllers\\Check_in')
 4 [internal function]: CodeIgniter\Autoloader\Autoloader->loadClass('App\\Controllers\\Check_in')
 5 SYSTEMPATH\CodeIgniter.php(890): class_exists('\\App\\Controllers\\Check_in', true)
 6 SYSTEMPATH\CodeIgniter.php(484): CodeIgniter\CodeIgniter->startController()
 7 SYSTEMPATH\CodeIgniter.php(366): CodeIgniter\CodeIgniter->handleRequest(null, Object(Config\Cache), false)
 8 FCPATH\index.php(80): CodeIgniter\CodeIgniter->run()
WARNING - 2024-03-19 01:34:23 --> [DEPRECATED] Optional parameter $client_id declared before required parameter $location_id is implicitly treated as a required parameter in APPPATH\Controllers\Check_in.php on line 247.
 1 SYSTEMPATH\Autoloader\Autoloader.php(312): include_once('D:\\projects\\visaalliance-crm\\system\\Debug\\Exceptions.php')
 2 SYSTEMPATH\Autoloader\Autoloader.php(289): CodeIgniter\Autoloader\Autoloader->includeFile('D:\\projects\\visaalliance-crm\\app\\Controllers\\Check_in.php')
 3 SYSTEMPATH\Autoloader\Autoloader.php(267): CodeIgniter\Autoloader\Autoloader->loadInNamespace('App\\Controllers\\Check_in')
 4 [internal function]: CodeIgniter\Autoloader\Autoloader->loadClass('App\\Controllers\\Check_in')
 5 SYSTEMPATH\CodeIgniter.php(890): class_exists('\\App\\Controllers\\Check_in', true)
 6 SYSTEMPATH\CodeIgniter.php(484): CodeIgniter\CodeIgniter->startController()
 7 SYSTEMPATH\CodeIgniter.php(366): CodeIgniter\CodeIgniter->handleRequest(null, Object(Config\Cache), false)
 8 FCPATH\index.php(80): CodeIgniter\CodeIgniter->run()
WARNING - 2024-03-19 01:34:23 --> [DEPRECATED] Optional parameter $client_id declared before required parameter $location_id is implicitly treated as a required parameter in APPPATH\Controllers\Check_in.php on line 247.
 1 SYSTEMPATH\Autoloader\Autoloader.php(312): include_once('D:\\projects\\visaalliance-crm\\system\\Debug\\Exceptions.php')
 2 SYSTEMPATH\Autoloader\Autoloader.php(289): CodeIgniter\Autoloader\Autoloader->includeFile('D:\\projects\\visaalliance-crm\\app\\Controllers\\Check_in.php')
 3 SYSTEMPATH\Autoloader\Autoloader.php(267): CodeIgniter\Autoloader\Autoloader->loadInNamespace('App\\Controllers\\Check_in')
 4 [internal function]: CodeIgniter\Autoloader\Autoloader->loadClass('App\\Controllers\\Check_in')
 5 SYSTEMPATH\CodeIgniter.php(890): class_exists('\\App\\Controllers\\Check_in', true)
 6 SYSTEMPATH\CodeIgniter.php(484): CodeIgniter\CodeIgniter->startController()
 7 SYSTEMPATH\CodeIgniter.php(366): CodeIgniter\CodeIgniter->handleRequest(null, Object(Config\Cache), false)
 8 FCPATH\index.php(80): CodeIgniter\CodeIgniter->run()
WARNING - 2024-03-19 01:34:24 --> [DEPRECATED] Optional parameter $client_id declared before required parameter $location_id is implicitly treated as a required parameter in APPPATH\Controllers\Check_in.php on line 247.
 1 SYSTEMPATH\Autoloader\Autoloader.php(312): include_once('D:\\projects\\visaalliance-crm\\system\\Debug\\Exceptions.php')
 2 SYSTEMPATH\Autoloader\Autoloader.php(289): CodeIgniter\Autoloader\Autoloader->includeFile('D:\\projects\\visaalliance-crm\\app\\Controllers\\Check_in.php')
 3 SYSTEMPATH\Autoloader\Autoloader.php(267): CodeIgniter\Autoloader\Autoloader->loadInNamespace('App\\Controllers\\Check_in')
 4 [internal function]: CodeIgniter\Autoloader\Autoloader->loadClass('App\\Controllers\\Check_in')
 5 SYSTEMPATH\CodeIgniter.php(890): class_exists('\\App\\Controllers\\Check_in', true)
 6 SYSTEMPATH\CodeIgniter.php(484): CodeIgniter\CodeIgniter->startController()
 7 SYSTEMPATH\CodeIgniter.php(366): CodeIgniter\CodeIgniter->handleRequest(null, Object(Config\Cache), false)
 8 FCPATH\index.php(80): CodeIgniter\CodeIgniter->run()
WARNING - 2024-03-19 01:34:25 --> [DEPRECATED] Optional parameter $client_id declared before required parameter $location_id is implicitly treated as a required parameter in APPPATH\Controllers\Check_in.php on line 247.
 1 SYSTEMPATH\Autoloader\Autoloader.php(312): include_once('D:\\projects\\visaalliance-crm\\system\\Debug\\Exceptions.php')
 2 SYSTEMPATH\Autoloader\Autoloader.php(289): CodeIgniter\Autoloader\Autoloader->includeFile('D:\\projects\\visaalliance-crm\\app\\Controllers\\Check_in.php')
 3 SYSTEMPATH\Autoloader\Autoloader.php(267): CodeIgniter\Autoloader\Autoloader->loadInNamespace('App\\Controllers\\Check_in')
 4 [internal function]: CodeIgniter\Autoloader\Autoloader->loadClass('App\\Controllers\\Check_in')
 5 SYSTEMPATH\CodeIgniter.php(890): class_exists('\\App\\Controllers\\Check_in', true)
 6 SYSTEMPATH\CodeIgniter.php(484): CodeIgniter\CodeIgniter->startController()
 7 SYSTEMPATH\CodeIgniter.php(366): CodeIgniter\CodeIgniter->handleRequest(null, Object(Config\Cache), false)
 8 FCPATH\index.php(80): CodeIgniter\CodeIgniter->run()
WARNING - 2024-03-19 01:34:42 --> [DEPRECATED] Optional parameter $client_id declared before required parameter $location_id is implicitly treated as a required parameter in APPPATH\Controllers\Check_in.php on line 247.
 1 SYSTEMPATH\Autoloader\Autoloader.php(312): include_once('D:\\projects\\visaalliance-crm\\system\\Debug\\Exceptions.php')
 2 SYSTEMPATH\Autoloader\Autoloader.php(289): CodeIgniter\Autoloader\Autoloader->includeFile('D:\\projects\\visaalliance-crm\\app\\Controllers\\Check_in.php')
 3 SYSTEMPATH\Autoloader\Autoloader.php(267): CodeIgniter\Autoloader\Autoloader->loadInNamespace('App\\Controllers\\Check_in')
 4 [internal function]: CodeIgniter\Autoloader\Autoloader->loadClass('App\\Controllers\\Check_in')
 5 SYSTEMPATH\CodeIgniter.php(890): class_exists('\\App\\Controllers\\Check_in', true)
 6 SYSTEMPATH\CodeIgniter.php(484): CodeIgniter\CodeIgniter->startController()
 7 SYSTEMPATH\CodeIgniter.php(366): CodeIgniter\CodeIgniter->handleRequest(null, Object(Config\Cache), false)
 8 FCPATH\index.php(80): CodeIgniter\CodeIgniter->run()
WARNING - 2024-03-19 01:34:48 --> [DEPRECATED] Optional parameter $client_id declared before required parameter $location_id is implicitly treated as a required parameter in APPPATH\Controllers\Check_in.php on line 247.
 1 SYSTEMPATH\Autoloader\Autoloader.php(312): include_once('D:\\projects\\visaalliance-crm\\system\\Debug\\Exceptions.php')
 2 SYSTEMPATH\Autoloader\Autoloader.php(289): CodeIgniter\Autoloader\Autoloader->includeFile('D:\\projects\\visaalliance-crm\\app\\Controllers\\Check_in.php')
 3 SYSTEMPATH\Autoloader\Autoloader.php(267): CodeIgniter\Autoloader\Autoloader->loadInNamespace('App\\Controllers\\Check_in')
 4 [internal function]: CodeIgniter\Autoloader\Autoloader->loadClass('App\\Controllers\\Check_in')
 5 SYSTEMPATH\CodeIgniter.php(890): class_exists('\\App\\Controllers\\Check_in', true)
 6 SYSTEMPATH\CodeIgniter.php(484): CodeIgniter\CodeIgniter->startController()
 7 SYSTEMPATH\CodeIgniter.php(366): CodeIgniter\CodeIgniter->handleRequest(null, Object(Config\Cache), false)
 8 FCPATH\index.php(80): CodeIgniter\CodeIgniter->run()
WARNING - 2024-03-19 01:34:49 --> [DEPRECATED] Optional parameter $client_id declared before required parameter $location_id is implicitly treated as a required parameter in APPPATH\Controllers\Check_in.php on line 247.
 1 SYSTEMPATH\Autoloader\Autoloader.php(312): include_once('D:\\projects\\visaalliance-crm\\system\\Debug\\Exceptions.php')
 2 SYSTEMPATH\Autoloader\Autoloader.php(289): CodeIgniter\Autoloader\Autoloader->includeFile('D:\\projects\\visaalliance-crm\\app\\Controllers\\Check_in.php')
 3 SYSTEMPATH\Autoloader\Autoloader.php(267): CodeIgniter\Autoloader\Autoloader->loadInNamespace('App\\Controllers\\Check_in')
 4 [internal function]: CodeIgniter\Autoloader\Autoloader->loadClass('App\\Controllers\\Check_in')
 5 SYSTEMPATH\CodeIgniter.php(890): class_exists('\\App\\Controllers\\Check_in', true)
 6 SYSTEMPATH\CodeIgniter.php(484): CodeIgniter\CodeIgniter->startController()
 7 SYSTEMPATH\CodeIgniter.php(366): CodeIgniter\CodeIgniter->handleRequest(null, Object(Config\Cache), false)
 8 FCPATH\index.php(80): CodeIgniter\CodeIgniter->run()
CRITICAL - 2024-03-19 01:35:01 --> Undefined variable $view_data
in APPPATH\Controllers\Notes.php on line 68.
 1 APPPATH\Controllers\Notes.php(68): CodeIgniter\Debug\Exceptions->errorHandler(2, 'Undefined variable $view_data', 'D:\\projects\\visaalliance-crm\\app\\Controllers\\Notes.php', 68)
 2 SYSTEMPATH\CodeIgniter.php(932): App\Controllers\Notes->modal_form()
 3 SYSTEMPATH\CodeIgniter.php(497): CodeIgniter\CodeIgniter->runController(Object(App\Controllers\Notes))
 4 SYSTEMPATH\CodeIgniter.php(366): CodeIgniter\CodeIgniter->handleRequest(null, Object(Config\Cache), false)
 5 FCPATH\index.php(80): CodeIgniter\CodeIgniter->run()
CRITICAL - 2024-03-19 02:02:16 --> Invalid file: "organizations/subUsers/index.php"
in SYSTEMPATH\Exceptions\FrameworkException.php on line 33.
 1 SYSTEMPATH\View\View.php(212): CodeIgniter\Exceptions\FrameworkException::forInvalidFile('organizations/subUsers/index.php')
 2 SYSTEMPATH\Common.php(1180): CodeIgniter\View\View->render('organizations/subUsers/index', [], true)
 3 APPPATH\Libraries\Template.php(42): view('organizations/subUsers/index', [...])
 4 APPPATH\Controllers\Organizations.php(985): App\Libraries\Template->view('organizations/subUsers/index', [...])
 5 SYSTEMPATH\CodeIgniter.php(932): App\Controllers\Organizations->subUsers('36')
 6 SYSTEMPATH\CodeIgniter.php(497): CodeIgniter\CodeIgniter->runController(Object(App\Controllers\Organizations))
 7 SYSTEMPATH\CodeIgniter.php(366): CodeIgniter\CodeIgniter->handleRequest(null, Object(Config\Cache), false)
 8 FCPATH\index.php(80): CodeIgniter\CodeIgniter->run()
CRITICAL - 2024-03-19 02:51:32 --> Invalid file: "organizations/sub_users/index.php"
in SYSTEMPATH\Exceptions\FrameworkException.php on line 33.
 1 SYSTEMPATH\View\View.php(212): CodeIgniter\Exceptions\FrameworkException::forInvalidFile('organizations/sub_users/index.php')
 2 SYSTEMPATH\Common.php(1180): CodeIgniter\View\View->render('organizations/sub_users/index', [], true)
 3 APPPATH\Libraries\Template.php(42): view('organizations/sub_users/index', [...])
 4 APPPATH\Controllers\Organizations.php(1030): App\Libraries\Template->view('organizations/sub_users/index', [...])
 5 SYSTEMPATH\CodeIgniter.php(932): App\Controllers\Organizations->sub_users('36')
 6 SYSTEMPATH\CodeIgniter.php(497): CodeIgniter\CodeIgniter->runController(Object(App\Controllers\Organizations))
 7 SYSTEMPATH\CodeIgniter.php(366): CodeIgniter\CodeIgniter->handleRequest(null, Object(Config\Cache), false)
 8 FCPATH\index.php(80): CodeIgniter\CodeIgniter->run()
CRITICAL - 2024-03-19 03:02:15 --> Undefined variable $tab
in APPPATH\Views\organizations\sub_users\index.php on line 24.
 1 APPPATH\Views\organizations\sub_users\index.php(24): CodeIgniter\Debug\Exceptions->errorHandler(2, 'Undefined variable $tab', 'D:\\projects\\visaalliance-crm\\app\\Views\\organizations\\sub_users\\index.php', 24)
 2 SYSTEMPATH\View\View.php(224): include('D:\\projects\\visaalliance-crm\\app\\Views\\organizations\\sub_users\\index.php')
 3 SYSTEMPATH\View\View.php(227): CodeIgniter\View\View->CodeIgniter\View\{closure}()
 4 SYSTEMPATH\Common.php(1180): CodeIgniter\View\View->render('organizations/sub_users/index', [], true)
 5 APPPATH\Libraries\Template.php(42): view('organizations/sub_users/index', [...])
 6 APPPATH\Controllers\Organizations.php(1030): App\Libraries\Template->view('organizations/sub_users/index', [...])
 7 SYSTEMPATH\CodeIgniter.php(932): App\Controllers\Organizations->sub_users('36')
 8 SYSTEMPATH\CodeIgniter.php(497): CodeIgniter\CodeIgniter->runController(Object(App\Controllers\Organizations))
 9 SYSTEMPATH\CodeIgniter.php(366): CodeIgniter\CodeIgniter->handleRequest(null, Object(Config\Cache), false)
10 FCPATH\index.php(80): CodeIgniter\CodeIgniter->run()
CRITICAL - 2024-03-19 03:02:18 --> Undefined variable $tab
in APPPATH\Views\organizations\sub_users\index.php on line 24.
 1 APPPATH\Views\organizations\sub_users\index.php(24): CodeIgniter\Debug\Exceptions->errorHandler(2, 'Undefined variable $tab', 'D:\\projects\\visaalliance-crm\\app\\Views\\organizations\\sub_users\\index.php', 24)
 2 SYSTEMPATH\View\View.php(224): include('D:\\projects\\visaalliance-crm\\app\\Views\\organizations\\sub_users\\index.php')
 3 SYSTEMPATH\View\View.php(227): CodeIgniter\View\View->CodeIgniter\View\{closure}()
 4 SYSTEMPATH\Common.php(1180): CodeIgniter\View\View->render('organizations/sub_users/index', [], true)
 5 APPPATH\Libraries\Template.php(42): view('organizations/sub_users/index', [...])
 6 APPPATH\Controllers\Organizations.php(1030): App\Libraries\Template->view('organizations/sub_users/index', [...])
 7 SYSTEMPATH\CodeIgniter.php(932): App\Controllers\Organizations->sub_users('36')
 8 SYSTEMPATH\CodeIgniter.php(497): CodeIgniter\CodeIgniter->runController(Object(App\Controllers\Organizations))
 9 SYSTEMPATH\CodeIgniter.php(366): CodeIgniter\CodeIgniter->handleRequest(null, Object(Config\Cache), false)
10 FCPATH\index.php(80): CodeIgniter\CodeIgniter->run()
WARNING - 2024-03-19 21:35:46 --> [DEPRECATED] Optional parameter $client_id declared before required parameter $location_id is implicitly treated as a required parameter in APPPATH\Controllers\Check_in.php on line 247.
 1 SYSTEMPATH\Autoloader\Autoloader.php(312): include_once('D:\\projects\\visaalliance-crm\\system\\Debug\\Exceptions.php')
 2 SYSTEMPATH\Autoloader\Autoloader.php(289): CodeIgniter\Autoloader\Autoloader->includeFile('D:\\projects\\visaalliance-crm\\app\\Controllers\\Check_in.php')
 3 SYSTEMPATH\Autoloader\Autoloader.php(267): CodeIgniter\Autoloader\Autoloader->loadInNamespace('App\\Controllers\\Check_in')
 4 [internal function]: CodeIgniter\Autoloader\Autoloader->loadClass('App\\Controllers\\Check_in')
 5 SYSTEMPATH\CodeIgniter.php(890): class_exists('\\App\\Controllers\\Check_in', true)
 6 SYSTEMPATH\CodeIgniter.php(484): CodeIgniter\CodeIgniter->startController()
 7 SYSTEMPATH\CodeIgniter.php(366): CodeIgniter\CodeIgniter->handleRequest(null, Object(Config\Cache), false)
 8 FCPATH\index.php(80): CodeIgniter\CodeIgniter->run()
WARNING - 2024-03-19 21:35:47 --> [DEPRECATED] Optional parameter $client_id declared before required parameter $location_id is implicitly treated as a required parameter in APPPATH\Controllers\Check_in.php on line 247.
 1 SYSTEMPATH\Autoloader\Autoloader.php(312): include_once('D:\\projects\\visaalliance-crm\\system\\Debug\\Exceptions.php')
 2 SYSTEMPATH\Autoloader\Autoloader.php(289): CodeIgniter\Autoloader\Autoloader->includeFile('D:\\projects\\visaalliance-crm\\app\\Controllers\\Check_in.php')
 3 SYSTEMPATH\Autoloader\Autoloader.php(267): CodeIgniter\Autoloader\Autoloader->loadInNamespace('App\\Controllers\\Check_in')
 4 [internal function]: CodeIgniter\Autoloader\Autoloader->loadClass('App\\Controllers\\Check_in')
 5 SYSTEMPATH\CodeIgniter.php(890): class_exists('\\App\\Controllers\\Check_in', true)
 6 SYSTEMPATH\CodeIgniter.php(484): CodeIgniter\CodeIgniter->startController()
 7 SYSTEMPATH\CodeIgniter.php(366): CodeIgniter\CodeIgniter->handleRequest(null, Object(Config\Cache), false)
 8 FCPATH\index.php(80): CodeIgniter\CodeIgniter->run()
WARNING - 2024-03-19 21:35:48 --> [DEPRECATED] Optional parameter $client_id declared before required parameter $location_id is implicitly treated as a required parameter in APPPATH\Controllers\Check_in.php on line 247.
 1 SYSTEMPATH\Autoloader\Autoloader.php(312): include_once('D:\\projects\\visaalliance-crm\\system\\Debug\\Exceptions.php')
 2 SYSTEMPATH\Autoloader\Autoloader.php(289): CodeIgniter\Autoloader\Autoloader->includeFile('D:\\projects\\visaalliance-crm\\app\\Controllers\\Check_in.php')
 3 SYSTEMPATH\Autoloader\Autoloader.php(267): CodeIgniter\Autoloader\Autoloader->loadInNamespace('App\\Controllers\\Check_in')
 4 [internal function]: CodeIgniter\Autoloader\Autoloader->loadClass('App\\Controllers\\Check_in')
 5 SYSTEMPATH\CodeIgniter.php(890): class_exists('\\App\\Controllers\\Check_in', true)
 6 SYSTEMPATH\CodeIgniter.php(484): CodeIgniter\CodeIgniter->startController()
 7 SYSTEMPATH\CodeIgniter.php(366): CodeIgniter\CodeIgniter->handleRequest(null, Object(Config\Cache), false)
 8 FCPATH\index.php(80): CodeIgniter\CodeIgniter->run()
WARNING - 2024-03-19 21:35:50 --> [DEPRECATED] Optional parameter $client_id declared before required parameter $location_id is implicitly treated as a required parameter in APPPATH\Controllers\Check_in.php on line 247.
 1 SYSTEMPATH\Autoloader\Autoloader.php(312): include_once('D:\\projects\\visaalliance-crm\\system\\Debug\\Exceptions.php')
 2 SYSTEMPATH\Autoloader\Autoloader.php(289): CodeIgniter\Autoloader\Autoloader->includeFile('D:\\projects\\visaalliance-crm\\app\\Controllers\\Check_in.php')
 3 SYSTEMPATH\Autoloader\Autoloader.php(267): CodeIgniter\Autoloader\Autoloader->loadInNamespace('App\\Controllers\\Check_in')
 4 [internal function]: CodeIgniter\Autoloader\Autoloader->loadClass('App\\Controllers\\Check_in')
 5 SYSTEMPATH\CodeIgniter.php(890): class_exists('\\App\\Controllers\\Check_in', true)
 6 SYSTEMPATH\CodeIgniter.php(484): CodeIgniter\CodeIgniter->startController()
 7 SYSTEMPATH\CodeIgniter.php(366): CodeIgniter\CodeIgniter->handleRequest(null, Object(Config\Cache), false)
 8 FCPATH\index.php(80): CodeIgniter\CodeIgniter->run()
CRITICAL - 2024-03-19 22:17:29 --> Undefined array key "hostname"
in APPPATH\Controllers\Organizations.php on line 302.
 1 APPPATH\Controllers\Organizations.php(302): CodeIgniter\Debug\Exceptions->errorHandler(2, 'Undefined array key "hostname"', 'D:\\projects\\visaalliance-crm\\app\\Controllers\\Organizations.php', 302)
 2 APPPATH\Controllers\Organizations.php(406): App\Controllers\Organizations->save_primary_contact(43)
 3 SYSTEMPATH\CodeIgniter.php(932): App\Controllers\Organizations->save_sub_user()
 4 SYSTEMPATH\CodeIgniter.php(497): CodeIgniter\CodeIgniter->runController(Object(App\Controllers\Organizations))
 5 SYSTEMPATH\CodeIgniter.php(366): CodeIgniter\CodeIgniter->handleRequest(null, Object(Config\Cache), false)
 6 FCPATH\index.php(80): CodeIgniter\CodeIgniter->run()
CRITICAL - 2024-03-19 22:17:55 --> Undefined array key "hostname"
in APPPATH\Controllers\Organizations.php on line 302.
 1 APPPATH\Controllers\Organizations.php(302): CodeIgniter\Debug\Exceptions->errorHandler(2, 'Undefined array key "hostname"', 'D:\\projects\\visaalliance-crm\\app\\Controllers\\Organizations.php', 302)
 2 APPPATH\Controllers\Organizations.php(406): App\Controllers\Organizations->save_primary_contact(44)
 3 SYSTEMPATH\CodeIgniter.php(932): App\Controllers\Organizations->save_sub_user()
 4 SYSTEMPATH\CodeIgniter.php(497): CodeIgniter\CodeIgniter->runController(Object(App\Controllers\Organizations))
 5 SYSTEMPATH\CodeIgniter.php(366): CodeIgniter\CodeIgniter->handleRequest(null, Object(Config\Cache), false)
 6 FCPATH\index.php(80): CodeIgniter\CodeIgniter->run()
CRITICAL - 2024-03-19 22:19:38 --> Undefined array key "host_name"
in APPPATH\Controllers\Organizations.php on line 302.
 1 APPPATH\Controllers\Organizations.php(302): CodeIgniter\Debug\Exceptions->errorHandler(2, 'Undefined array key "host_name"', 'D:\\projects\\visaalliance-crm\\app\\Controllers\\Organizations.php', 302)
 2 APPPATH\Controllers\Organizations.php(406): App\Controllers\Organizations->save_primary_contact(45)
 3 SYSTEMPATH\CodeIgniter.php(932): App\Controllers\Organizations->save_sub_user()
 4 SYSTEMPATH\CodeIgniter.php(497): CodeIgniter\CodeIgniter->runController(Object(App\Controllers\Organizations))
 5 SYSTEMPATH\CodeIgniter.php(366): CodeIgniter\CodeIgniter->handleRequest(null, Object(Config\Cache), false)
 6 FCPATH\index.php(80): CodeIgniter\CodeIgniter->run()
CRITICAL - 2024-03-19 23:36:20 --> The action you requested is not allowed.
in SYSTEMPATH\Security\Security.php on line 306.
 1 SYSTEMPATH\Security\Security.php(306): CodeIgniter\Security\Exceptions\SecurityException::forDisallowedAction()
 2 SYSTEMPATH\Filters\CSRF.php(55): CodeIgniter\Security\Security->verify(Object(CodeIgniter\HTTP\IncomingRequest))
 3 SYSTEMPATH\Filters\Filters.php(173): CodeIgniter\Filters\CSRF->before(Object(CodeIgniter\HTTP\IncomingRequest), null)
 4 SYSTEMPATH\CodeIgniter.php(471): CodeIgniter\Filters\Filters->run('organizations/sub_users_modal_form', 'before')
 5 SYSTEMPATH\CodeIgniter.php(366): CodeIgniter\CodeIgniter->handleRequest(null, Object(Config\Cache), false)
 6 FCPATH\index.php(80): CodeIgniter\CodeIgniter->run()
