CRITICAL - 2024-09-17 21:02:31 --> Undefined variable $team_members_dropdown
in APPPATH\Views\leads\lead_form_fields.php on line 601.
 1 APPPATH\Views\leads\lead_form_fields.php(601): CodeIgniter\Debug\Exceptions->errorHandler(2, 'Undefined variable $team_members_dropdown', 'C:\\xampp\\htdocs\\VA-CRM\\app\\Views\\leads\\lead_form_fields.php', 601)
 2 SYSTEMPATH\View\View.php(224): include('C:\\xampp\\htdocs\\VA-CRM\\app\\Views\\leads\\lead_form_fields.php')
 3 SYSTEMPATH\View\View.php(227): CodeIgniter\View\View->CodeIgniter\View\{closure}()
 4 SYSTEMPATH\Common.php(1180): CodeIgniter\View\View->render('leads/lead_form_fields', [], true)
 5 APPPATH\Views\leads\contacts\company_info_tab.php(8): view('leads/lead_form_fields')
 6 SYSTEMPATH\View\View.php(224): include('C:\\xampp\\htdocs\\VA-CRM\\app\\Views\\leads\\contacts\\company_info_tab.php')
 7 SYSTEMPATH\View\View.php(227): CodeIgniter\View\View->CodeIgniter\View\{closure}()
 8 SYSTEMPATH\Common.php(1180): CodeIgniter\View\View->render('leads/contacts/company_info_tab', [], true)
 9 APPPATH\Libraries\Template.php(42): view('leads/contacts/company_info_tab', [...])
10 APPPATH\Controllers\Leads.php(830): App\Libraries\Template->view('leads/contacts/company_info_tab', [...])
11 SYSTEMPATH\CodeIgniter.php(932): App\Controllers\Leads->company_info_tab('6141')
12 SYSTEMPATH\CodeIgniter.php(497): CodeIgniter\CodeIgniter->runController(Object(App\Controllers\Leads))
13 SYSTEMPATH\CodeIgniter.php(366): CodeIgniter\CodeIgniter->handleRequest(null, Object(Config\Cache), false)
14 FCPATH\index.php(84): CodeIgniter\CodeIgniter->run()
CRITICAL - 2024-09-17 21:03:01 --> Undefined variable $team_members_dropdown
in APPPATH\Views\leads\lead_form_fields.php on line 601.
 1 APPPATH\Views\leads\lead_form_fields.php(601): CodeIgniter\Debug\Exceptions->errorHandler(2, 'Undefined variable $team_members_dropdown', 'C:\\xampp\\htdocs\\VA-CRM\\app\\Views\\leads\\lead_form_fields.php', 601)
 2 SYSTEMPATH\View\View.php(224): include('C:\\xampp\\htdocs\\VA-CRM\\app\\Views\\leads\\lead_form_fields.php')
 3 SYSTEMPATH\View\View.php(227): CodeIgniter\View\View->CodeIgniter\View\{closure}()
 4 SYSTEMPATH\Common.php(1180): CodeIgniter\View\View->render('leads/lead_form_fields', [], true)
 5 APPPATH\Views\leads\contacts\company_info_tab.php(8): view('leads/lead_form_fields')
 6 SYSTEMPATH\View\View.php(224): include('C:\\xampp\\htdocs\\VA-CRM\\app\\Views\\leads\\contacts\\company_info_tab.php')
 7 SYSTEMPATH\View\View.php(227): CodeIgniter\View\View->CodeIgniter\View\{closure}()
 8 SYSTEMPATH\Common.php(1180): CodeIgniter\View\View->render('leads/contacts/company_info_tab', [], true)
 9 APPPATH\Libraries\Template.php(42): view('leads/contacts/company_info_tab', [...])
10 APPPATH\Controllers\Leads.php(830): App\Libraries\Template->view('leads/contacts/company_info_tab', [...])
11 SYSTEMPATH\CodeIgniter.php(932): App\Controllers\Leads->company_info_tab('6141')
12 SYSTEMPATH\CodeIgniter.php(497): CodeIgniter\CodeIgniter->runController(Object(App\Controllers\Leads))
13 SYSTEMPATH\CodeIgniter.php(366): CodeIgniter\CodeIgniter->handleRequest(null, Object(Config\Cache), false)
14 FCPATH\index.php(84): CodeIgniter\CodeIgniter->run()
CRITICAL - 2024-09-17 21:19:34 --> Undefined property: stdClass::$assignee
in APPPATH\Views\leads\lead_form_fields.php on line 285.
 1 APPPATH\Views\leads\lead_form_fields.php(285): CodeIgniter\Debug\Exceptions->errorHandler(2, 'Undefined property: stdClass::$assignee', 'C:\\xampp\\htdocs\\VA-CRM\\app\\Views\\leads\\lead_form_fields.php', 285)
 2 SYSTEMPATH\View\View.php(224): include('C:\\xampp\\htdocs\\VA-CRM\\app\\Views\\leads\\lead_form_fields.php')
 3 SYSTEMPATH\View\View.php(227): CodeIgniter\View\View->CodeIgniter\View\{closure}()
 4 SYSTEMPATH\Common.php(1180): CodeIgniter\View\View->render('leads/lead_form_fields', [], true)
 5 APPPATH\Views\leads\contacts\company_info_tab.php(8): view('leads/lead_form_fields')
 6 SYSTEMPATH\View\View.php(224): include('C:\\xampp\\htdocs\\VA-CRM\\app\\Views\\leads\\contacts\\company_info_tab.php')
 7 SYSTEMPATH\View\View.php(227): CodeIgniter\View\View->CodeIgniter\View\{closure}()
 8 SYSTEMPATH\Common.php(1180): CodeIgniter\View\View->render('leads/contacts/company_info_tab', [], true)
 9 APPPATH\Libraries\Template.php(42): view('leads/contacts/company_info_tab', [...])
10 APPPATH\Controllers\Leads.php(836): App\Libraries\Template->view('leads/contacts/company_info_tab', [...])
11 SYSTEMPATH\CodeIgniter.php(932): App\Controllers\Leads->company_info_tab('6141')
12 SYSTEMPATH\CodeIgniter.php(497): CodeIgniter\CodeIgniter->runController(Object(App\Controllers\Leads))
13 SYSTEMPATH\CodeIgniter.php(366): CodeIgniter\CodeIgniter->handleRequest(null, Object(Config\Cache), false)
14 FCPATH\index.php(84): CodeIgniter\CodeIgniter->run()
CRITICAL - 2024-09-17 21:20:26 --> Undefined property: stdClass::$assignee
in APPPATH\Views\leads\lead_form_fields.php on line 285.
 1 APPPATH\Views\leads\lead_form_fields.php(285): CodeIgniter\Debug\Exceptions->errorHandler(2, 'Undefined property: stdClass::$assignee', 'C:\\xampp\\htdocs\\VA-CRM\\app\\Views\\leads\\lead_form_fields.php', 285)
 2 SYSTEMPATH\View\View.php(224): include('C:\\xampp\\htdocs\\VA-CRM\\app\\Views\\leads\\lead_form_fields.php')
 3 SYSTEMPATH\View\View.php(227): CodeIgniter\View\View->CodeIgniter\View\{closure}()
 4 SYSTEMPATH\Common.php(1180): CodeIgniter\View\View->render('leads/lead_form_fields', [], true)
 5 APPPATH\Views\leads\contacts\company_info_tab.php(8): view('leads/lead_form_fields')
 6 SYSTEMPATH\View\View.php(224): include('C:\\xampp\\htdocs\\VA-CRM\\app\\Views\\leads\\contacts\\company_info_tab.php')
 7 SYSTEMPATH\View\View.php(227): CodeIgniter\View\View->CodeIgniter\View\{closure}()
 8 SYSTEMPATH\Common.php(1180): CodeIgniter\View\View->render('leads/contacts/company_info_tab', [], true)
 9 APPPATH\Libraries\Template.php(42): view('leads/contacts/company_info_tab', [...])
10 APPPATH\Controllers\Leads.php(836): App\Libraries\Template->view('leads/contacts/company_info_tab', [...])
11 SYSTEMPATH\CodeIgniter.php(932): App\Controllers\Leads->company_info_tab('6141')
12 SYSTEMPATH\CodeIgniter.php(497): CodeIgniter\CodeIgniter->runController(Object(App\Controllers\Leads))
13 SYSTEMPATH\CodeIgniter.php(366): CodeIgniter\CodeIgniter->handleRequest(null, Object(Config\Cache), false)
14 FCPATH\index.php(84): CodeIgniter\CodeIgniter->run()
CRITICAL - 2024-09-17 21:31:00 --> Cannot redeclare App\Controllers\Security_Controller::get_locations_dropdown_for_filter()
in APPPATH\Controllers\Security_Controller.php on line 1131.
 1 [internal function]: CodeIgniter\Debug\Exceptions->shutdownHandler()
CRITICAL - 2024-09-17 21:31:01 --> Cannot redeclare App\Controllers\Security_Controller::get_locations_dropdown_for_filter()
in APPPATH\Controllers\Security_Controller.php on line 1131.
 1 [internal function]: CodeIgniter\Debug\Exceptions->shutdownHandler()
CRITICAL - 2024-09-17 21:31:02 --> Cannot redeclare App\Controllers\Security_Controller::get_locations_dropdown_for_filter()
in APPPATH\Controllers\Security_Controller.php on line 1131.
 1 [internal function]: CodeIgniter\Debug\Exceptions->shutdownHandler()
CRITICAL - 2024-09-17 21:31:04 --> Cannot redeclare App\Controllers\Security_Controller::get_locations_dropdown_for_filter()
in APPPATH\Controllers\Security_Controller.php on line 1131.
 1 [internal function]: CodeIgniter\Debug\Exceptions->shutdownHandler()
CRITICAL - 2024-09-17 21:31:04 --> Cannot redeclare App\Controllers\Security_Controller::get_locations_dropdown_for_filter()
in APPPATH\Controllers\Security_Controller.php on line 1131.
 1 [internal function]: CodeIgniter\Debug\Exceptions->shutdownHandler()
CRITICAL - 2024-09-17 21:32:11 --> syntax error, unexpected token "->"
in APPPATH\Controllers\Security_Controller.php on line 1137.
 1 SYSTEMPATH\Autoloader\Autoloader.php(289): CodeIgniter\Autoloader\Autoloader->includeFile('C:\\xampp\\htdocs\\VA-CRM\\app\\Controllers\\Security_Controller.php')
 2 SYSTEMPATH\Autoloader\Autoloader.php(267): CodeIgniter\Autoloader\Autoloader->loadInNamespace('App\\Controllers\\Security_Controller')
 3 APPPATH\Controllers\Notifications.php(5): CodeIgniter\Autoloader\Autoloader->loadClass('App\\Controllers\\Security_Controller')
 4 SYSTEMPATH\Autoloader\Autoloader.php(312): include_once('C:\\xampp\\htdocs\\VA-CRM\\app\\Controllers\\Notifications.php')
 5 SYSTEMPATH\Autoloader\Autoloader.php(289): CodeIgniter\Autoloader\Autoloader->includeFile('C:\\xampp\\htdocs\\VA-CRM\\app\\Controllers\\Notifications.php')
 6 SYSTEMPATH\Autoloader\Autoloader.php(267): CodeIgniter\Autoloader\Autoloader->loadInNamespace('App\\Controllers\\Notifications')
 7 [internal function]: CodeIgniter\Autoloader\Autoloader->loadClass('App\\Controllers\\Notifications')
 8 SYSTEMPATH\CodeIgniter.php(890): class_exists('\\App\\Controllers\\Notifications', true)
 9 SYSTEMPATH\CodeIgniter.php(484): CodeIgniter\CodeIgniter->startController()
10 SYSTEMPATH\CodeIgniter.php(366): CodeIgniter\CodeIgniter->handleRequest(null, Object(Config\Cache), false)
11 FCPATH\index.php(84): CodeIgniter\CodeIgniter->run()
CRITICAL - 2024-09-17 21:34:13 --> Array to string conversion
in APPPATH\Views\leads\lead_form_fields.php on line 610.
 1 APPPATH\Views\leads\lead_form_fields.php(610): CodeIgniter\Debug\Exceptions->errorHandler(2, 'Array to string conversion', 'C:\\xampp\\htdocs\\VA-CRM\\app\\Views\\leads\\lead_form_fields.php', 610)
 2 SYSTEMPATH\View\View.php(224): include('C:\\xampp\\htdocs\\VA-CRM\\app\\Views\\leads\\lead_form_fields.php')
 3 SYSTEMPATH\View\View.php(227): CodeIgniter\View\View->CodeIgniter\View\{closure}()
 4 SYSTEMPATH\Common.php(1180): CodeIgniter\View\View->render('leads/lead_form_fields', [], true)
 5 APPPATH\Views\leads\contacts\company_info_tab.php(8): view('leads/lead_form_fields')
 6 SYSTEMPATH\View\View.php(224): include('C:\\xampp\\htdocs\\VA-CRM\\app\\Views\\leads\\contacts\\company_info_tab.php')
 7 SYSTEMPATH\View\View.php(227): CodeIgniter\View\View->CodeIgniter\View\{closure}()
 8 SYSTEMPATH\Common.php(1180): CodeIgniter\View\View->render('leads/contacts/company_info_tab', [], true)
 9 APPPATH\Libraries\Template.php(42): view('leads/contacts/company_info_tab', [...])
10 APPPATH\Controllers\Leads.php(836): App\Libraries\Template->view('leads/contacts/company_info_tab', [...])
11 SYSTEMPATH\CodeIgniter.php(932): App\Controllers\Leads->company_info_tab('6141')
12 SYSTEMPATH\CodeIgniter.php(497): CodeIgniter\CodeIgniter->runController(Object(App\Controllers\Leads))
13 SYSTEMPATH\CodeIgniter.php(366): CodeIgniter\CodeIgniter->handleRequest(null, Object(Config\Cache), false)
14 FCPATH\index.php(84): CodeIgniter\CodeIgniter->run()
CRITICAL - 2024-09-17 21:34:23 --> Array to string conversion
in APPPATH\Views\leads\lead_form_fields.php on line 610.
 1 APPPATH\Views\leads\lead_form_fields.php(610): CodeIgniter\Debug\Exceptions->errorHandler(2, 'Array to string conversion', 'C:\\xampp\\htdocs\\VA-CRM\\app\\Views\\leads\\lead_form_fields.php', 610)
 2 SYSTEMPATH\View\View.php(224): include('C:\\xampp\\htdocs\\VA-CRM\\app\\Views\\leads\\lead_form_fields.php')
 3 SYSTEMPATH\View\View.php(227): CodeIgniter\View\View->CodeIgniter\View\{closure}()
 4 SYSTEMPATH\Common.php(1180): CodeIgniter\View\View->render('leads/lead_form_fields', [], true)
 5 APPPATH\Views\leads\contacts\company_info_tab.php(8): view('leads/lead_form_fields')
 6 SYSTEMPATH\View\View.php(224): include('C:\\xampp\\htdocs\\VA-CRM\\app\\Views\\leads\\contacts\\company_info_tab.php')
 7 SYSTEMPATH\View\View.php(227): CodeIgniter\View\View->CodeIgniter\View\{closure}()
 8 SYSTEMPATH\Common.php(1180): CodeIgniter\View\View->render('leads/contacts/company_info_tab', [], true)
 9 APPPATH\Libraries\Template.php(42): view('leads/contacts/company_info_tab', [...])
10 APPPATH\Controllers\Leads.php(836): App\Libraries\Template->view('leads/contacts/company_info_tab', [...])
11 SYSTEMPATH\CodeIgniter.php(932): App\Controllers\Leads->company_info_tab('6141')
12 SYSTEMPATH\CodeIgniter.php(497): CodeIgniter\CodeIgniter->runController(Object(App\Controllers\Leads))
13 SYSTEMPATH\CodeIgniter.php(366): CodeIgniter\CodeIgniter->handleRequest(null, Object(Config\Cache), false)
14 FCPATH\index.php(84): CodeIgniter\CodeIgniter->run()
CRITICAL - 2024-09-17 21:48:00 --> Undefined variable $team_members_dropdown
in APPPATH\Views\leads\lead_form_fields.php on line 600.
 1 APPPATH\Views\leads\lead_form_fields.php(600): CodeIgniter\Debug\Exceptions->errorHandler(2, 'Undefined variable $team_members_dropdown', 'C:\\xampp\\htdocs\\VA-CRM\\app\\Views\\leads\\lead_form_fields.php', 600)
 2 SYSTEMPATH\View\View.php(224): include('C:\\xampp\\htdocs\\VA-CRM\\app\\Views\\leads\\lead_form_fields.php')
 3 SYSTEMPATH\View\View.php(227): CodeIgniter\View\View->CodeIgniter\View\{closure}()
 4 SYSTEMPATH\Common.php(1180): CodeIgniter\View\View->render('leads/lead_form_fields', [], true)
 5 APPPATH\Views\leads\contacts\company_info_tab.php(8): view('leads/lead_form_fields')
 6 SYSTEMPATH\View\View.php(224): include('C:\\xampp\\htdocs\\VA-CRM\\app\\Views\\leads\\contacts\\company_info_tab.php')
 7 SYSTEMPATH\View\View.php(227): CodeIgniter\View\View->CodeIgniter\View\{closure}()
 8 SYSTEMPATH\Common.php(1180): CodeIgniter\View\View->render('leads/contacts/company_info_tab', [], true)
 9 APPPATH\Libraries\Template.php(42): view('leads/contacts/company_info_tab', [...])
10 APPPATH\Controllers\Leads.php(830): App\Libraries\Template->view('leads/contacts/company_info_tab', [...])
11 SYSTEMPATH\CodeIgniter.php(932): App\Controllers\Leads->company_info_tab('6141')
12 SYSTEMPATH\CodeIgniter.php(497): CodeIgniter\CodeIgniter->runController(Object(App\Controllers\Leads))
13 SYSTEMPATH\CodeIgniter.php(366): CodeIgniter\CodeIgniter->handleRequest(null, Object(Config\Cache), false)
14 FCPATH\index.php(84): CodeIgniter\CodeIgniter->run()
CRITICAL - 2024-09-17 21:48:53 --> Undefined variable $team_members_dropdown
in APPPATH\Views\leads\lead_form_fields.php on line 600.
 1 APPPATH\Views\leads\lead_form_fields.php(600): CodeIgniter\Debug\Exceptions->errorHandler(2, 'Undefined variable $team_members_dropdown', 'C:\\xampp\\htdocs\\VA-CRM\\app\\Views\\leads\\lead_form_fields.php', 600)
 2 SYSTEMPATH\View\View.php(224): include('C:\\xampp\\htdocs\\VA-CRM\\app\\Views\\leads\\lead_form_fields.php')
 3 SYSTEMPATH\View\View.php(227): CodeIgniter\View\View->CodeIgniter\View\{closure}()
 4 SYSTEMPATH\Common.php(1180): CodeIgniter\View\View->render('leads/lead_form_fields', [], true)
 5 APPPATH\Views\leads\contacts\company_info_tab.php(8): view('leads/lead_form_fields')
 6 SYSTEMPATH\View\View.php(224): include('C:\\xampp\\htdocs\\VA-CRM\\app\\Views\\leads\\contacts\\company_info_tab.php')
 7 SYSTEMPATH\View\View.php(227): CodeIgniter\View\View->CodeIgniter\View\{closure}()
 8 SYSTEMPATH\Common.php(1180): CodeIgniter\View\View->render('leads/contacts/company_info_tab', [], true)
 9 APPPATH\Libraries\Template.php(42): view('leads/contacts/company_info_tab', [...])
10 APPPATH\Controllers\Leads.php(830): App\Libraries\Template->view('leads/contacts/company_info_tab', [...])
11 SYSTEMPATH\CodeIgniter.php(932): App\Controllers\Leads->company_info_tab('6141')
12 SYSTEMPATH\CodeIgniter.php(497): CodeIgniter\CodeIgniter->runController(Object(App\Controllers\Leads))
13 SYSTEMPATH\CodeIgniter.php(366): CodeIgniter\CodeIgniter->handleRequest(null, Object(Config\Cache), false)
14 FCPATH\index.php(84): CodeIgniter\CodeIgniter->run()
CRITICAL - 2024-09-17 21:50:03 --> Undefined variable $team_members_dropdown
in APPPATH\Views\leads\lead_form_fields.php on line 600.
 1 APPPATH\Views\leads\lead_form_fields.php(600): CodeIgniter\Debug\Exceptions->errorHandler(2, 'Undefined variable $team_members_dropdown', 'C:\\xampp\\htdocs\\VA-CRM\\app\\Views\\leads\\lead_form_fields.php', 600)
 2 SYSTEMPATH\View\View.php(224): include('C:\\xampp\\htdocs\\VA-CRM\\app\\Views\\leads\\lead_form_fields.php')
 3 SYSTEMPATH\View\View.php(227): CodeIgniter\View\View->CodeIgniter\View\{closure}()
 4 SYSTEMPATH\Common.php(1180): CodeIgniter\View\View->render('leads/lead_form_fields', [], true)
 5 APPPATH\Views\leads\contacts\company_info_tab.php(8): view('leads/lead_form_fields')
 6 SYSTEMPATH\View\View.php(224): include('C:\\xampp\\htdocs\\VA-CRM\\app\\Views\\leads\\contacts\\company_info_tab.php')
 7 SYSTEMPATH\View\View.php(227): CodeIgniter\View\View->CodeIgniter\View\{closure}()
 8 SYSTEMPATH\Common.php(1180): CodeIgniter\View\View->render('leads/contacts/company_info_tab', [], true)
 9 APPPATH\Libraries\Template.php(42): view('leads/contacts/company_info_tab', [...])
10 APPPATH\Controllers\Leads.php(830): App\Libraries\Template->view('leads/contacts/company_info_tab', [...])
11 SYSTEMPATH\CodeIgniter.php(932): App\Controllers\Leads->company_info_tab('6141')
12 SYSTEMPATH\CodeIgniter.php(497): CodeIgniter\CodeIgniter->runController(Object(App\Controllers\Leads))
13 SYSTEMPATH\CodeIgniter.php(366): CodeIgniter\CodeIgniter->handleRequest(null, Object(Config\Cache), false)
14 FCPATH\index.php(84): CodeIgniter\CodeIgniter->run()
CRITICAL - 2024-09-17 21:52:20 --> Undefined variable $team_members_dropdown
in APPPATH\Views\leads\lead_form_fields.php on line 600.
 1 APPPATH\Views\leads\lead_form_fields.php(600): CodeIgniter\Debug\Exceptions->errorHandler(2, 'Undefined variable $team_members_dropdown', 'C:\\xampp\\htdocs\\VA-CRM\\app\\Views\\leads\\lead_form_fields.php', 600)
 2 SYSTEMPATH\View\View.php(224): include('C:\\xampp\\htdocs\\VA-CRM\\app\\Views\\leads\\lead_form_fields.php')
 3 SYSTEMPATH\View\View.php(227): CodeIgniter\View\View->CodeIgniter\View\{closure}()
 4 SYSTEMPATH\Common.php(1180): CodeIgniter\View\View->render('leads/lead_form_fields', [], true)
 5 APPPATH\Views\leads\contacts\company_info_tab.php(8): view('leads/lead_form_fields')
 6 SYSTEMPATH\View\View.php(224): include('C:\\xampp\\htdocs\\VA-CRM\\app\\Views\\leads\\contacts\\company_info_tab.php')
 7 SYSTEMPATH\View\View.php(227): CodeIgniter\View\View->CodeIgniter\View\{closure}()
 8 SYSTEMPATH\Common.php(1180): CodeIgniter\View\View->render('leads/contacts/company_info_tab', [], true)
 9 APPPATH\Libraries\Template.php(42): view('leads/contacts/company_info_tab', [...])
10 APPPATH\Controllers\Leads.php(833): App\Libraries\Template->view('leads/contacts/company_info_tab', [...])
11 SYSTEMPATH\CodeIgniter.php(932): App\Controllers\Leads->company_info_tab('6141')
12 SYSTEMPATH\CodeIgniter.php(497): CodeIgniter\CodeIgniter->runController(Object(App\Controllers\Leads))
13 SYSTEMPATH\CodeIgniter.php(366): CodeIgniter\CodeIgniter->handleRequest(null, Object(Config\Cache), false)
14 FCPATH\index.php(84): CodeIgniter\CodeIgniter->run()
CRITICAL - 2024-09-17 21:54:08 --> Undefined variable $team_members_dropdown
in APPPATH\Views\leads\lead_form_fields.php on line 599.
 1 APPPATH\Views\leads\lead_form_fields.php(599): CodeIgniter\Debug\Exceptions->errorHandler(2, 'Undefined variable $team_members_dropdown', 'C:\\xampp\\htdocs\\VA-CRM\\app\\Views\\leads\\lead_form_fields.php', 599)
 2 SYSTEMPATH\View\View.php(224): include('C:\\xampp\\htdocs\\VA-CRM\\app\\Views\\leads\\lead_form_fields.php')
 3 SYSTEMPATH\View\View.php(227): CodeIgniter\View\View->CodeIgniter\View\{closure}()
 4 SYSTEMPATH\Common.php(1180): CodeIgniter\View\View->render('leads/lead_form_fields', [], true)
 5 APPPATH\Views\leads\contacts\company_info_tab.php(8): view('leads/lead_form_fields')
 6 SYSTEMPATH\View\View.php(224): include('C:\\xampp\\htdocs\\VA-CRM\\app\\Views\\leads\\contacts\\company_info_tab.php')
 7 SYSTEMPATH\View\View.php(227): CodeIgniter\View\View->CodeIgniter\View\{closure}()
 8 SYSTEMPATH\Common.php(1180): CodeIgniter\View\View->render('leads/contacts/company_info_tab', [], true)
 9 APPPATH\Libraries\Template.php(42): view('leads/contacts/company_info_tab', [...])
10 APPPATH\Controllers\Leads.php(833): App\Libraries\Template->view('leads/contacts/company_info_tab', [...])
11 SYSTEMPATH\CodeIgniter.php(932): App\Controllers\Leads->company_info_tab('6141')
12 SYSTEMPATH\CodeIgniter.php(497): CodeIgniter\CodeIgniter->runController(Object(App\Controllers\Leads))
13 SYSTEMPATH\CodeIgniter.php(366): CodeIgniter\CodeIgniter->handleRequest(null, Object(Config\Cache), false)
14 FCPATH\index.php(84): CodeIgniter\CodeIgniter->run()
CRITICAL - 2024-09-17 22:14:51 --> syntax error, unexpected single-quoted string "<br>", expecting ")"
in APPPATH\Controllers\Students.php on line 437.
 1 SYSTEMPATH\Autoloader\Autoloader.php(289): CodeIgniter\Autoloader\Autoloader->includeFile('C:\\xampp\\htdocs\\VA-CRM\\app\\Controllers\\Students.php')
 2 SYSTEMPATH\Autoloader\Autoloader.php(267): CodeIgniter\Autoloader\Autoloader->loadInNamespace('App\\Controllers\\Students')
 3 [internal function]: CodeIgniter\Autoloader\Autoloader->loadClass('App\\Controllers\\Students')
 4 SYSTEMPATH\CodeIgniter.php(890): class_exists('\\App\\Controllers\\Students', true)
 5 SYSTEMPATH\CodeIgniter.php(484): CodeIgniter\CodeIgniter->startController()
 6 SYSTEMPATH\CodeIgniter.php(366): CodeIgniter\CodeIgniter->handleRequest(null, Object(Config\Cache), false)
 7 FCPATH\index.php(84): CodeIgniter\CodeIgniter->run()
CRITICAL - 2024-09-17 22:18:25 --> Undefined variable $client
in APPPATH\Controllers\Students.php on line 431.
 1 APPPATH\Controllers\Students.php(431): CodeIgniter\Debug\Exceptions->errorHandler(2, 'Undefined variable $client', 'C:\\xampp\\htdocs\\VA-CRM\\app\\Controllers\\Students.php', 431)
 2 APPPATH\Controllers\Students.php(392): App\Controllers\Students->_make_row(Object(stdClass), [])
 3 SYSTEMPATH\CodeIgniter.php(932): App\Controllers\Students->list_data()
 4 SYSTEMPATH\CodeIgniter.php(497): CodeIgniter\CodeIgniter->runController(Object(App\Controllers\Students))
 5 SYSTEMPATH\CodeIgniter.php(366): CodeIgniter\CodeIgniter->handleRequest(null, Object(Config\Cache), false)
 6 FCPATH\index.php(84): CodeIgniter\CodeIgniter->run()
CRITICAL - 2024-09-17 22:18:56 --> Undefined variable $client
in APPPATH\Controllers\Students.php on line 431.
 1 APPPATH\Controllers\Students.php(431): CodeIgniter\Debug\Exceptions->errorHandler(2, 'Undefined variable $client', 'C:\\xampp\\htdocs\\VA-CRM\\app\\Controllers\\Students.php', 431)
 2 APPPATH\Controllers\Students.php(392): App\Controllers\Students->_make_row(Object(stdClass), [])
 3 SYSTEMPATH\CodeIgniter.php(932): App\Controllers\Students->list_data()
 4 SYSTEMPATH\CodeIgniter.php(497): CodeIgniter\CodeIgniter->runController(Object(App\Controllers\Students))
 5 SYSTEMPATH\CodeIgniter.php(366): CodeIgniter\CodeIgniter->handleRequest(null, Object(Config\Cache), false)
 6 FCPATH\index.php(84): CodeIgniter\CodeIgniter->run()
CRITICAL - 2024-09-17 22:19:19 --> Undefined variable $client
in APPPATH\Controllers\Students.php on line 432.
 1 APPPATH\Controllers\Students.php(432): CodeIgniter\Debug\Exceptions->errorHandler(2, 'Undefined variable $client', 'C:\\xampp\\htdocs\\VA-CRM\\app\\Controllers\\Students.php', 432)
 2 APPPATH\Controllers\Students.php(392): App\Controllers\Students->_make_row(Object(stdClass), [])
 3 SYSTEMPATH\CodeIgniter.php(932): App\Controllers\Students->list_data()
 4 SYSTEMPATH\CodeIgniter.php(497): CodeIgniter\CodeIgniter->runController(Object(App\Controllers\Students))
 5 SYSTEMPATH\CodeIgniter.php(366): CodeIgniter\CodeIgniter->handleRequest(null, Object(Config\Cache), false)
 6 FCPATH\index.php(84): CodeIgniter\CodeIgniter->run()
CRITICAL - 2024-09-17 22:27:21 --> syntax error, unexpected token "=>", expecting ")"
in APPPATH\Views\students\client_form_fields.php on line 1276.
 1 SYSTEMPATH\View\View.php(227): CodeIgniter\View\View->CodeIgniter\View\{closure}()
 2 SYSTEMPATH\Common.php(1180): CodeIgniter\View\View->render('students/client_form_fields', [], true)
 3 APPPATH\Views\students\contacts\company_info_tab.php(12): view('students/client_form_fields')
 4 SYSTEMPATH\View\View.php(224): include('C:\\xampp\\htdocs\\VA-CRM\\app\\Views\\students\\contacts\\company_info_tab.php')
 5 SYSTEMPATH\View\View.php(227): CodeIgniter\View\View->CodeIgniter\View\{closure}()
 6 SYSTEMPATH\Common.php(1180): CodeIgniter\View\View->render('students/contacts/company_info_tab', [], true)
 7 APPPATH\Libraries\Template.php(42): view('students/contacts/company_info_tab', [...])
 8 APPPATH\Controllers\Students.php(1329): App\Libraries\Template->view('students/contacts/company_info_tab', [...])
 9 SYSTEMPATH\CodeIgniter.php(932): App\Controllers\Students->company_info_tab('5')
10 SYSTEMPATH\CodeIgniter.php(497): CodeIgniter\CodeIgniter->runController(Object(App\Controllers\Students))
11 SYSTEMPATH\CodeIgniter.php(366): CodeIgniter\CodeIgniter->handleRequest(null, Object(Config\Cache), false)
12 FCPATH\index.php(84): CodeIgniter\CodeIgniter->run()
CRITICAL - 2024-09-17 22:34:12 --> Cannot use empty array elements in arrays
in APPPATH\Controllers\Migration_clients.php on line 419.
 1 [internal function]: CodeIgniter\Debug\Exceptions->shutdownHandler()
CRITICAL - 2024-09-17 22:34:15 --> Cannot use empty array elements in arrays
in APPPATH\Controllers\Migration_clients.php on line 419.
 1 [internal function]: CodeIgniter\Debug\Exceptions->shutdownHandler()
CRITICAL - 2024-09-17 23:51:52 --> syntax error, unexpected token "/", expecting ")"
in APPPATH\Controllers\Projects.php on line 1698.
 1 SYSTEMPATH\Autoloader\Autoloader.php(289): CodeIgniter\Autoloader\Autoloader->includeFile('C:\\xampp\\htdocs\\VA-CRM\\app\\Controllers\\Projects.php')
 2 SYSTEMPATH\Autoloader\Autoloader.php(267): CodeIgniter\Autoloader\Autoloader->loadInNamespace('App\\Controllers\\Projects')
 3 [internal function]: CodeIgniter\Autoloader\Autoloader->loadClass('App\\Controllers\\Projects')
 4 SYSTEMPATH\CodeIgniter.php(890): class_exists('\\App\\Controllers\\Projects', true)
 5 SYSTEMPATH\CodeIgniter.php(484): CodeIgniter\CodeIgniter->startController()
 6 SYSTEMPATH\CodeIgniter.php(366): CodeIgniter\CodeIgniter->handleRequest(null, Object(Config\Cache), false)
 7 FCPATH\index.php(84): CodeIgniter\CodeIgniter->run()
CRITICAL - 2024-09-17 23:52:02 --> syntax error, unexpected token "/", expecting ")"
in APPPATH\Controllers\Projects.php on line 1698.
 1 SYSTEMPATH\Autoloader\Autoloader.php(289): CodeIgniter\Autoloader\Autoloader->includeFile('C:\\xampp\\htdocs\\VA-CRM\\app\\Controllers\\Projects.php')
 2 SYSTEMPATH\Autoloader\Autoloader.php(267): CodeIgniter\Autoloader\Autoloader->loadInNamespace('App\\Controllers\\Projects')
 3 [internal function]: CodeIgniter\Autoloader\Autoloader->loadClass('App\\Controllers\\Projects')
 4 SYSTEMPATH\CodeIgniter.php(890): class_exists('\\App\\Controllers\\Projects', true)
 5 SYSTEMPATH\CodeIgniter.php(484): CodeIgniter\CodeIgniter->startController()
 6 SYSTEMPATH\CodeIgniter.php(366): CodeIgniter\CodeIgniter->handleRequest(null, Object(Config\Cache), false)
 7 FCPATH\index.php(84): CodeIgniter\CodeIgniter->run()
CRITICAL - 2024-09-17 23:54:50 --> syntax error, unexpected variable "$lead_member", expecting ")"
in APPPATH\Controllers\Projects.php on line 1700.
 1 SYSTEMPATH\Autoloader\Autoloader.php(289): CodeIgniter\Autoloader\Autoloader->includeFile('C:\\xampp\\htdocs\\VA-CRM\\app\\Controllers\\Projects.php')
 2 SYSTEMPATH\Autoloader\Autoloader.php(267): CodeIgniter\Autoloader\Autoloader->loadInNamespace('App\\Controllers\\Projects')
 3 [internal function]: CodeIgniter\Autoloader\Autoloader->loadClass('App\\Controllers\\Projects')
 4 SYSTEMPATH\CodeIgniter.php(890): class_exists('\\App\\Controllers\\Projects', true)
 5 SYSTEMPATH\CodeIgniter.php(484): CodeIgniter\CodeIgniter->startController()
 6 SYSTEMPATH\CodeIgniter.php(366): CodeIgniter\CodeIgniter->handleRequest(null, Object(Config\Cache), false)
 7 FCPATH\index.php(84): CodeIgniter\CodeIgniter->run()
CRITICAL - 2024-09-17 23:55:01 --> syntax error, unexpected variable "$lead_member", expecting ")"
in APPPATH\Controllers\Projects.php on line 1700.
 1 SYSTEMPATH\Autoloader\Autoloader.php(289): CodeIgniter\Autoloader\Autoloader->includeFile('C:\\xampp\\htdocs\\VA-CRM\\app\\Controllers\\Projects.php')
 2 SYSTEMPATH\Autoloader\Autoloader.php(267): CodeIgniter\Autoloader\Autoloader->loadInNamespace('App\\Controllers\\Projects')
 3 [internal function]: CodeIgniter\Autoloader\Autoloader->loadClass('App\\Controllers\\Projects')
 4 SYSTEMPATH\CodeIgniter.php(890): class_exists('\\App\\Controllers\\Projects', true)
 5 SYSTEMPATH\CodeIgniter.php(484): CodeIgniter\CodeIgniter->startController()
 6 SYSTEMPATH\CodeIgniter.php(366): CodeIgniter\CodeIgniter->handleRequest(null, Object(Config\Cache), false)
 7 FCPATH\index.php(84): CodeIgniter\CodeIgniter->run()
CRITICAL - 2024-09-17 23:55:19 --> syntax error, unexpected single-quoted string "</a>", expecting ")"
in APPPATH\Controllers\Projects.php on line 1700.
 1 SYSTEMPATH\Autoloader\Autoloader.php(289): CodeIgniter\Autoloader\Autoloader->includeFile('C:\\xampp\\htdocs\\VA-CRM\\app\\Controllers\\Projects.php')
 2 SYSTEMPATH\Autoloader\Autoloader.php(267): CodeIgniter\Autoloader\Autoloader->loadInNamespace('App\\Controllers\\Projects')
 3 [internal function]: CodeIgniter\Autoloader\Autoloader->loadClass('App\\Controllers\\Projects')
 4 SYSTEMPATH\CodeIgniter.php(890): class_exists('\\App\\Controllers\\Projects', true)
 5 SYSTEMPATH\CodeIgniter.php(484): CodeIgniter\CodeIgniter->startController()
 6 SYSTEMPATH\CodeIgniter.php(366): CodeIgniter\CodeIgniter->handleRequest(null, Object(Config\Cache), false)
 7 FCPATH\index.php(84): CodeIgniter\CodeIgniter->run()
CRITICAL - 2024-09-17 23:55:29 --> syntax error, unexpected single-quoted string "</a>", expecting ")"
in APPPATH\Controllers\Projects.php on line 1700.
 1 SYSTEMPATH\Autoloader\Autoloader.php(289): CodeIgniter\Autoloader\Autoloader->includeFile('C:\\xampp\\htdocs\\VA-CRM\\app\\Controllers\\Projects.php')
 2 SYSTEMPATH\Autoloader\Autoloader.php(267): CodeIgniter\Autoloader\Autoloader->loadInNamespace('App\\Controllers\\Projects')
 3 [internal function]: CodeIgniter\Autoloader\Autoloader->loadClass('App\\Controllers\\Projects')
 4 SYSTEMPATH\CodeIgniter.php(890): class_exists('\\App\\Controllers\\Projects', true)
 5 SYSTEMPATH\CodeIgniter.php(484): CodeIgniter\CodeIgniter->startController()
 6 SYSTEMPATH\CodeIgniter.php(366): CodeIgniter\CodeIgniter->handleRequest(null, Object(Config\Cache), false)
 7 FCPATH\index.php(84): CodeIgniter\CodeIgniter->run()
CRITICAL - 2024-09-17 23:55:56 --> Undefined property: stdClass::$first_name
in APPPATH\Controllers\Projects.php on line 1700.
 1 APPPATH\Controllers\Projects.php(1700): CodeIgniter\Debug\Exceptions->errorHandler(2, 'Undefined property: stdClass::$first_name', 'C:\\xampp\\htdocs\\VA-CRM\\app\\Controllers\\Projects.php', 1700)
 2 APPPATH\Controllers\Projects.php(1506): App\Controllers\Projects->_make_row(Object(stdClass), [])
 3 SYSTEMPATH\CodeIgniter.php(932): App\Controllers\Projects->list_data()
 4 SYSTEMPATH\CodeIgniter.php(497): CodeIgniter\CodeIgniter->runController(Object(App\Controllers\Projects))
 5 SYSTEMPATH\CodeIgniter.php(366): CodeIgniter\CodeIgniter->handleRequest(null, Object(Config\Cache), false)
 6 FCPATH\index.php(84): CodeIgniter\CodeIgniter->run()
