WARNING - 2024-02-21 02:06:06 --> [DEPRECATED] preg_replace(): Passing null to parameter #3 ($subject) of type array|string is deprecated in APPPATH\Helpers\currency_helper.php on line 95.
 1 APPPATH\Helpers\currency_helper.php(95): preg_replace('/[^\\d,-\\.]/', '', null)
 2 APPPATH\Controllers\Projects.php(339): unformat_currency(null)
 3 SYSTEMPATH\CodeIgniter.php(932): App\Controllers\Projects->save()
 4 SYSTEMPATH\CodeIgniter.php(497): CodeIgniter\CodeIgniter->runController(Object(App\Controllers\Projects))
 5 SYSTEMPATH\CodeIgniter.php(366): CodeIgniter\CodeIgniter->handleRequest(null, Object(Config\Cache), false)
 6 FCPATH\index.php(80): CodeIgniter\CodeIgniter->run()
CRITICAL - 2024-02-21 02:06:06 --> file_get_contents(http://localhost/visaalliance-crm/files/general/staff/1/_file65d5aead06079-text-workflow.json): Failed to open stream: HTTP request failed! HTTP/1.1 404 Not Found

in APPPATH\Controllers\Projects.php on line 413.
 1 [internal function]: CodeIgniter\Debug\Exceptions->errorHandler(2, 'file_get_contents(http://localhost/visaalliance-crm/files/general/staff/1/_file65d5aead06079-text-workflow.json): Failed to open stream: HTTP request failed! HTTP/1.1 404 Not Found
', 'D:\\projects\\visaalliance-crm\\app\\Controllers\\Projects.php', 413)
 2 APPPATH\Controllers\Projects.php(413): file_get_contents('http://localhost/visaalliance-crm/files/general/staff/1/_file65d5aead06079-text-workflow.json')
 3 SYSTEMPATH\CodeIgniter.php(932): App\Controllers\Projects->save()
 4 SYSTEMPATH\CodeIgniter.php(497): CodeIgniter\CodeIgniter->runController(Object(App\Controllers\Projects))
 5 SYSTEMPATH\CodeIgniter.php(366): CodeIgniter\CodeIgniter->handleRequest(null, Object(Config\Cache), false)
 6 FCPATH\index.php(80): CodeIgniter\CodeIgniter->run()
WARNING - 2024-02-21 02:19:35 --> [DEPRECATED] preg_replace(): Passing null to parameter #3 ($subject) of type array|string is deprecated in APPPATH\Helpers\currency_helper.php on line 95.
 1 APPPATH\Helpers\currency_helper.php(95): preg_replace('/[^\\d,-\\.]/', '', null)
 2 APPPATH\Controllers\Projects.php(339): unformat_currency(null)
 3 SYSTEMPATH\CodeIgniter.php(932): App\Controllers\Projects->save()
 4 SYSTEMPATH\CodeIgniter.php(497): CodeIgniter\CodeIgniter->runController(Object(App\Controllers\Projects))
 5 SYSTEMPATH\CodeIgniter.php(366): CodeIgniter\CodeIgniter->handleRequest(null, Object(Config\Cache), false)
 6 FCPATH\index.php(80): CodeIgniter\CodeIgniter->run()
CRITICAL - 2024-02-21 02:19:35 --> file_get_contents(http://localhost/visaalliance-crm/files/general/staff/1/_file65d5aead06079-text-workflow.json): Failed to open stream: HTTP request failed! HTTP/1.1 404 Not Found

in APPPATH\Controllers\Projects.php on line 413.
 1 [internal function]: CodeIgniter\Debug\Exceptions->errorHandler(2, 'file_get_contents(http://localhost/visaalliance-crm/files/general/staff/1/_file65d5aead06079-text-workflow.json): Failed to open stream: HTTP request failed! HTTP/1.1 404 Not Found
', 'D:\\projects\\visaalliance-crm\\app\\Controllers\\Projects.php', 413)
 2 APPPATH\Controllers\Projects.php(413): file_get_contents('http://localhost/visaalliance-crm/files/general/staff/1/_file65d5aead06079-text-workflow.json')
 3 SYSTEMPATH\CodeIgniter.php(932): App\Controllers\Projects->save()
 4 SYSTEMPATH\CodeIgniter.php(497): CodeIgniter\CodeIgniter->runController(Object(App\Controllers\Projects))
 5 SYSTEMPATH\CodeIgniter.php(366): CodeIgniter\CodeIgniter->handleRequest(null, Object(Config\Cache), false)
 6 FCPATH\index.php(80): CodeIgniter\CodeIgniter->run()
WARNING - 2024-02-21 03:36:13 --> [DEPRECATED] preg_replace(): Passing null to parameter #3 ($subject) of type array|string is deprecated in APPPATH\Helpers\currency_helper.php on line 95.
 1 APPPATH\Helpers\currency_helper.php(95): preg_replace('/[^\\d,-\\.]/', '', null)
 2 APPPATH\Controllers\Projects.php(339): unformat_currency(null)
 3 SYSTEMPATH\CodeIgniter.php(932): App\Controllers\Projects->save()
 4 SYSTEMPATH\CodeIgniter.php(497): CodeIgniter\CodeIgniter->runController(Object(App\Controllers\Projects))
 5 SYSTEMPATH\CodeIgniter.php(366): CodeIgniter\CodeIgniter->handleRequest(null, Object(Config\Cache), false)
 6 FCPATH\index.php(80): CodeIgniter\CodeIgniter->run()
WARNING - 2024-02-21 03:41:50 --> [DEPRECATED] preg_replace(): Passing null to parameter #3 ($subject) of type array|string is deprecated in APPPATH\Helpers\currency_helper.php on line 95.
 1 APPPATH\Helpers\currency_helper.php(95): preg_replace('/[^\\d,-\\.]/', '', null)
 2 APPPATH\Controllers\Projects.php(339): unformat_currency(null)
 3 SYSTEMPATH\CodeIgniter.php(932): App\Controllers\Projects->save()
 4 SYSTEMPATH\CodeIgniter.php(497): CodeIgniter\CodeIgniter->runController(Object(App\Controllers\Projects))
 5 SYSTEMPATH\CodeIgniter.php(366): CodeIgniter\CodeIgniter->handleRequest(null, Object(Config\Cache), false)
 6 FCPATH\index.php(80): CodeIgniter\CodeIgniter->run()
WARNING - 2024-02-21 03:46:26 --> [DEPRECATED] preg_replace(): Passing null to parameter #3 ($subject) of type array|string is deprecated in APPPATH\Helpers\currency_helper.php on line 95.
 1 APPPATH\Helpers\currency_helper.php(95): preg_replace('/[^\\d,-\\.]/', '', null)
 2 APPPATH\Controllers\Projects.php(339): unformat_currency(null)
 3 SYSTEMPATH\CodeIgniter.php(932): App\Controllers\Projects->save()
 4 SYSTEMPATH\CodeIgniter.php(497): CodeIgniter\CodeIgniter->runController(Object(App\Controllers\Projects))
 5 SYSTEMPATH\CodeIgniter.php(366): CodeIgniter\CodeIgniter->handleRequest(null, Object(Config\Cache), false)
 6 FCPATH\index.php(80): CodeIgniter\CodeIgniter->run()
CRITICAL - 2024-02-21 04:41:53 --> Object of class stdClass could not be converted to string
in APPPATH\Views\projects\project_description.php on line 7.
 1 SYSTEMPATH\View\View.php(224): include()
 2 SYSTEMPATH\View\View.php(227): CodeIgniter\View\View->CodeIgniter\View\{closure}()
 3 SYSTEMPATH\Common.php(1180): CodeIgniter\View\View->render('projects/project_description', [], true)
 4 APPPATH\Views\projects\overview.php(6): view('projects/project_description')
 5 SYSTEMPATH\View\View.php(224): include('D:\\projects\\visaalliance-crm\\app\\Views\\projects\\overview.php')
 6 SYSTEMPATH\View\View.php(227): CodeIgniter\View\View->CodeIgniter\View\{closure}()
 7 SYSTEMPATH\Common.php(1180): CodeIgniter\View\View->render('projects/overview', [], true)
 8 APPPATH\Libraries\Template.php(42): view('projects/overview', [...])
 9 APPPATH\Controllers\Projects.php(1260): App\Libraries\Template->view('projects/overview', [...])
10 SYSTEMPATH\CodeIgniter.php(932): App\Controllers\Projects->overview('8')
11 SYSTEMPATH\CodeIgniter.php(497): CodeIgniter\CodeIgniter->runController(Object(App\Controllers\Projects))
12 SYSTEMPATH\CodeIgniter.php(366): CodeIgniter\CodeIgniter->handleRequest(null, Object(Config\Cache), false)
13 FCPATH\index.php(80): CodeIgniter\CodeIgniter->run()
CRITICAL - 2024-02-21 04:42:12 --> Object of class stdClass could not be converted to string
in APPPATH\Views\projects\project_description.php on line 7.
 1 SYSTEMPATH\View\View.php(224): include()
 2 SYSTEMPATH\View\View.php(227): CodeIgniter\View\View->CodeIgniter\View\{closure}()
 3 SYSTEMPATH\Common.php(1180): CodeIgniter\View\View->render('projects/project_description', [], true)
 4 APPPATH\Views\projects\overview.php(6): view('projects/project_description')
 5 SYSTEMPATH\View\View.php(224): include('D:\\projects\\visaalliance-crm\\app\\Views\\projects\\overview.php')
 6 SYSTEMPATH\View\View.php(227): CodeIgniter\View\View->CodeIgniter\View\{closure}()
 7 SYSTEMPATH\Common.php(1180): CodeIgniter\View\View->render('projects/overview', [], true)
 8 APPPATH\Libraries\Template.php(42): view('projects/overview', [...])
 9 APPPATH\Controllers\Projects.php(1260): App\Libraries\Template->view('projects/overview', [...])
10 SYSTEMPATH\CodeIgniter.php(932): App\Controllers\Projects->overview('8')
11 SYSTEMPATH\CodeIgniter.php(497): CodeIgniter\CodeIgniter->runController(Object(App\Controllers\Projects))
12 SYSTEMPATH\CodeIgniter.php(366): CodeIgniter\CodeIgniter->handleRequest(null, Object(Config\Cache), false)
13 FCPATH\index.php(80): CodeIgniter\CodeIgniter->run()
CRITICAL - 2024-02-21 04:42:26 --> Object of class stdClass could not be converted to string
in APPPATH\Views\projects\project_description.php on line 7.
 1 SYSTEMPATH\View\View.php(224): include()
 2 SYSTEMPATH\View\View.php(227): CodeIgniter\View\View->CodeIgniter\View\{closure}()
 3 SYSTEMPATH\Common.php(1180): CodeIgniter\View\View->render('projects/project_description', [], true)
 4 APPPATH\Views\projects\overview.php(6): view('projects/project_description')
 5 SYSTEMPATH\View\View.php(224): include('D:\\projects\\visaalliance-crm\\app\\Views\\projects\\overview.php')
 6 SYSTEMPATH\View\View.php(227): CodeIgniter\View\View->CodeIgniter\View\{closure}()
 7 SYSTEMPATH\Common.php(1180): CodeIgniter\View\View->render('projects/overview', [], true)
 8 APPPATH\Libraries\Template.php(42): view('projects/overview', [...])
 9 APPPATH\Controllers\Projects.php(1260): App\Libraries\Template->view('projects/overview', [...])
10 SYSTEMPATH\CodeIgniter.php(932): App\Controllers\Projects->overview('8')
11 SYSTEMPATH\CodeIgniter.php(497): CodeIgniter\CodeIgniter->runController(Object(App\Controllers\Projects))
12 SYSTEMPATH\CodeIgniter.php(366): CodeIgniter\CodeIgniter->handleRequest(null, Object(Config\Cache), false)
13 FCPATH\index.php(80): CodeIgniter\CodeIgniter->run()
CRITICAL - 2024-02-21 04:54:57 --> Undefined variable $18
in APPPATH\Controllers\Projects.php on line 497.
 1 APPPATH\Controllers\Projects.php(497): CodeIgniter\Debug\Exceptions->errorHandler(2, 'Undefined variable $18', 'D:\\projects\\visaalliance-crm\\app\\Controllers\\Projects.php', 497)
 2 SYSTEMPATH\CodeIgniter.php(932): App\Controllers\Projects->next_milestone('8')
 3 SYSTEMPATH\CodeIgniter.php(497): CodeIgniter\CodeIgniter->runController(Object(App\Controllers\Projects))
 4 SYSTEMPATH\CodeIgniter.php(366): CodeIgniter\CodeIgniter->handleRequest(null, Object(Config\Cache), false)
 5 FCPATH\index.php(80): CodeIgniter\CodeIgniter->run()
CRITICAL - 2024-02-21 05:46:04 --> The action you requested is not allowed.
in SYSTEMPATH\Security\Security.php on line 306.
 1 SYSTEMPATH\Security\Security.php(306): CodeIgniter\Security\Exceptions\SecurityException::forDisallowedAction()
 2 SYSTEMPATH\Filters\CSRF.php(55): CodeIgniter\Security\Security->verify(Object(CodeIgniter\HTTP\IncomingRequest))
 3 SYSTEMPATH\Filters\Filters.php(173): CodeIgniter\Filters\CSRF->before(Object(CodeIgniter\HTTP\IncomingRequest), null)
 4 SYSTEMPATH\CodeIgniter.php(471): CodeIgniter\Filters\Filters->run('projects/next_milestone/8', 'before')
 5 SYSTEMPATH\CodeIgniter.php(366): CodeIgniter\CodeIgniter->handleRequest(null, Object(Config\Cache), false)
 6 FCPATH\index.php(80): CodeIgniter\CodeIgniter->run()
CRITICAL - 2024-02-21 05:46:40 --> The action you requested is not allowed.
in SYSTEMPATH\Security\Security.php on line 306.
 1 SYSTEMPATH\Security\Security.php(306): CodeIgniter\Security\Exceptions\SecurityException::forDisallowedAction()
 2 SYSTEMPATH\Filters\CSRF.php(55): CodeIgniter\Security\Security->verify(Object(CodeIgniter\HTTP\IncomingRequest))
 3 SYSTEMPATH\Filters\Filters.php(173): CodeIgniter\Filters\CSRF->before(Object(CodeIgniter\HTTP\IncomingRequest), null)
 4 SYSTEMPATH\CodeIgniter.php(471): CodeIgniter\Filters\Filters->run('projects/next_milestone/8', 'before')
 5 SYSTEMPATH\CodeIgniter.php(366): CodeIgniter\CodeIgniter->handleRequest(null, Object(Config\Cache), false)
 6 FCPATH\index.php(80): CodeIgniter\CodeIgniter->run()
CRITICAL - 2024-02-21 05:48:42 --> The action you requested is not allowed.
in SYSTEMPATH\Security\Security.php on line 306.
 1 SYSTEMPATH\Security\Security.php(306): CodeIgniter\Security\Exceptions\SecurityException::forDisallowedAction()
 2 SYSTEMPATH\Filters\CSRF.php(55): CodeIgniter\Security\Security->verify(Object(CodeIgniter\HTTP\IncomingRequest))
 3 SYSTEMPATH\Filters\Filters.php(173): CodeIgniter\Filters\CSRF->before(Object(CodeIgniter\HTTP\IncomingRequest), null)
 4 SYSTEMPATH\CodeIgniter.php(471): CodeIgniter\Filters\Filters->run('projects/next_milestone/8', 'before')
 5 SYSTEMPATH\CodeIgniter.php(366): CodeIgniter\CodeIgniter->handleRequest(null, Object(Config\Cache), false)
 6 FCPATH\index.php(80): CodeIgniter\CodeIgniter->run()
CRITICAL - 2024-02-21 07:44:32 --> Undefined variable $view_data
in APPPATH\Controllers\Notes.php on line 68.
 1 APPPATH\Controllers\Notes.php(68): CodeIgniter\Debug\Exceptions->errorHandler(2, 'Undefined variable $view_data', 'D:\\projects\\visaalliance-crm\\app\\Controllers\\Notes.php', 68)
 2 SYSTEMPATH\CodeIgniter.php(932): App\Controllers\Notes->modal_form()
 3 SYSTEMPATH\CodeIgniter.php(497): CodeIgniter\CodeIgniter->runController(Object(App\Controllers\Notes))
 4 SYSTEMPATH\CodeIgniter.php(366): CodeIgniter\CodeIgniter->handleRequest(null, Object(Config\Cache), false)
 5 FCPATH\index.php(80): CodeIgniter\CodeIgniter->run()
CRITICAL - 2024-02-21 07:44:36 --> Undefined variable $view_data
in APPPATH\Controllers\Notes.php on line 68.
 1 APPPATH\Controllers\Notes.php(68): CodeIgniter\Debug\Exceptions->errorHandler(2, 'Undefined variable $view_data', 'D:\\projects\\visaalliance-crm\\app\\Controllers\\Notes.php', 68)
 2 SYSTEMPATH\CodeIgniter.php(932): App\Controllers\Notes->modal_form()
 3 SYSTEMPATH\CodeIgniter.php(497): CodeIgniter\CodeIgniter->runController(Object(App\Controllers\Notes))
 4 SYSTEMPATH\CodeIgniter.php(366): CodeIgniter\CodeIgniter->handleRequest(null, Object(Config\Cache), false)
 5 FCPATH\index.php(80): CodeIgniter\CodeIgniter->run()
CRITICAL - 2024-02-21 08:21:00 --> Undefined variable $client
in APPPATH\Views\activity_logs\milestone_activity_logs_widget.php on line 32.
 1 APPPATH\Views\activity_logs\milestone_activity_logs_widget.php(32): CodeIgniter\Debug\Exceptions->errorHandler(2, 'Undefined variable $client', 'D:\\projects\\visaalliance-crm\\app\\Views\\activity_logs\\milestone_activity_logs_widget.php', 32)
 2 SYSTEMPATH\View\View.php(224): include('D:\\projects\\visaalliance-crm\\app\\Views\\activity_logs\\milestone_activity_logs_widget.php')
 3 SYSTEMPATH\View\View.php(227): CodeIgniter\View\View->CodeIgniter\View\{closure}()
 4 SYSTEMPATH\Common.php(1180): CodeIgniter\View\View->render('activity_logs/milestone_activity_logs_widget', [], true)
 5 APPPATH\Helpers\widget_helper.php(97): view('activity_logs/milestone_activity_logs_widget', [...])
 6 APPPATH\Views\projects\history\index.php(9): milestone_activity_logs_widget([...], [...])
 7 SYSTEMPATH\View\View.php(224): include('D:\\projects\\visaalliance-crm\\app\\Views\\projects\\history\\index.php')
 8 SYSTEMPATH\View\View.php(227): CodeIgniter\View\View->CodeIgniter\View\{closure}()
 9 SYSTEMPATH\Common.php(1180): CodeIgniter\View\View->render('projects/history/index', [], true)
10 APPPATH\Views\projects\overview.php(22): view('projects/history/index')
11 SYSTEMPATH\View\View.php(224): include('D:\\projects\\visaalliance-crm\\app\\Views\\projects\\overview.php')
12 SYSTEMPATH\View\View.php(227): CodeIgniter\View\View->CodeIgniter\View\{closure}()
13 SYSTEMPATH\Common.php(1180): CodeIgniter\View\View->render('projects/overview', [], true)
14 APPPATH\Libraries\Template.php(42): view('projects/overview', [...])
15 APPPATH\Controllers\Projects.php(1248): App\Libraries\Template->view('projects/overview', [...])
16 SYSTEMPATH\CodeIgniter.php(932): App\Controllers\Projects->overview('8')
17 SYSTEMPATH\CodeIgniter.php(497): CodeIgniter\CodeIgniter->runController(Object(App\Controllers\Projects))
18 SYSTEMPATH\CodeIgniter.php(366): CodeIgniter\CodeIgniter->handleRequest(null, Object(Config\Cache), false)
19 FCPATH\index.php(80): CodeIgniter\CodeIgniter->run()
ERROR - 2024-02-21 08:35:43 --> mysqli_sql_exception: Unknown column 'milestone_id' in 'field list' in D:\projects\visaalliance-crm\system\Database\MySQLi\Connection.php:295
Stack trace:
#0 D:\projects\visaalliance-crm\system\Database\MySQLi\Connection.php(295): mysqli->query('INSERT INTO `ri...', 0)
#1 D:\projects\visaalliance-crm\system\Database\BaseConnection.php(692): CodeIgniter\Database\MySQLi\Connection->execute('INSERT INTO `ri...')
#2 D:\projects\visaalliance-crm\system\Database\BaseConnection.php(606): CodeIgniter\Database\BaseConnection->simpleQuery('INSERT INTO `ri...')
#3 D:\projects\visaalliance-crm\system\Database\BaseBuilder.php(2309): CodeIgniter\Database\BaseConnection->query('INSERT INTO `ri...', Array, false)
#4 D:\projects\visaalliance-crm\app\Models\Crud_model.php(255): CodeIgniter\Database\BaseBuilder->insert(Array)
#5 D:\projects\visaalliance-crm\app\Controllers\Events.php(239): App\Models\Crud_model->ci_save(Array, '')
#6 D:\projects\visaalliance-crm\system\CodeIgniter.php(932): App\Controllers\Events->save()
#7 D:\projects\visaalliance-crm\system\CodeIgniter.php(497): CodeIgniter\CodeIgniter->runController(Object(App\Controllers\Events))
#8 D:\projects\visaalliance-crm\system\CodeIgniter.php(366): CodeIgniter\CodeIgniter->handleRequest(NULL, Object(Config\Cache), false)
#9 D:\projects\visaalliance-crm\index.php(80): CodeIgniter\CodeIgniter->run()
#10 {main}
CRITICAL - 2024-02-21 08:35:43 --> Unknown column 'milestone_id' in 'field list'
in SYSTEMPATH\Database\MySQLi\Connection.php on line 295.
 1 SYSTEMPATH\Database\MySQLi\Connection.php(295): mysqli->query('INSERT INTO `rise_events` (`title`, `description`, `start_date`, `start_time`, `end_time`, `location`, `labels`, `color`, `created_by`, `share_with`, `recurring`, `repeat_every`, `repeat_type`, `no_of_cycles`, `type`, `client_id`, `task_id`, `project_id`, `lead_id`, `ticket_id`, `proposal_id`, `contract_id`, `subscription_id`, `invoice_id`, `order_id`, `estimate_id`, `milestone_id`, `end_date`, `confirmed_by`, `rejected_by`, `recurring_dates`, `last_start_date`, `files`) VALUES (\'Appointment with Client\', \'\', \'2024-02-22\', \'22:00:00\', \'23:00:00\', \'\', \'\', \'#4a8af4\', \'1\', \'\', \'0\', \'1\', \'months\', \'0\', \'event\', \'3\', \'\', \'\', \'\', \'\', \'\', \'\', \'\', \'\', \'\', \'\', \'21\', \'2024-02-22\', \'0\', \'0\', \'\', \'\', \'a:0:{}\')', 0)
 2 SYSTEMPATH\Database\BaseConnection.php(692): CodeIgniter\Database\MySQLi\Connection->execute('INSERT INTO `rise_events` (`title`, `description`, `start_date`, `start_time`, `end_time`, `location`, `labels`, `color`, `created_by`, `share_with`, `recurring`, `repeat_every`, `repeat_type`, `no_of_cycles`, `type`, `client_id`, `task_id`, `project_id`, `lead_id`, `ticket_id`, `proposal_id`, `contract_id`, `subscription_id`, `invoice_id`, `order_id`, `estimate_id`, `milestone_id`, `end_date`, `confirmed_by`, `rejected_by`, `recurring_dates`, `last_start_date`, `files`) VALUES (\'Appointment with Client\', \'\', \'2024-02-22\', \'22:00:00\', \'23:00:00\', \'\', \'\', \'#4a8af4\', \'1\', \'\', \'0\', \'1\', \'months\', \'0\', \'event\', \'3\', \'\', \'\', \'\', \'\', \'\', \'\', \'\', \'\', \'\', \'\', \'21\', \'2024-02-22\', \'0\', \'0\', \'\', \'\', \'a:0:{}\')')
 3 SYSTEMPATH\Database\BaseConnection.php(606): CodeIgniter\Database\BaseConnection->simpleQuery('INSERT INTO `rise_events` (`title`, `description`, `start_date`, `start_time`, `end_time`, `location`, `labels`, `color`, `created_by`, `share_with`, `recurring`, `repeat_every`, `repeat_type`, `no_of_cycles`, `type`, `client_id`, `task_id`, `project_id`, `lead_id`, `ticket_id`, `proposal_id`, `contract_id`, `subscription_id`, `invoice_id`, `order_id`, `estimate_id`, `milestone_id`, `end_date`, `confirmed_by`, `rejected_by`, `recurring_dates`, `last_start_date`, `files`) VALUES (\'Appointment with Client\', \'\', \'2024-02-22\', \'22:00:00\', \'23:00:00\', \'\', \'\', \'#4a8af4\', \'1\', \'\', \'0\', \'1\', \'months\', \'0\', \'event\', \'3\', \'\', \'\', \'\', \'\', \'\', \'\', \'\', \'\', \'\', \'\', \'21\', \'2024-02-22\', \'0\', \'0\', \'\', \'\', \'a:0:{}\')')
 4 SYSTEMPATH\Database\BaseBuilder.php(2309): CodeIgniter\Database\BaseConnection->query('INSERT INTO `rise_events` (`title`, `description`, `start_date`, `start_time`, `end_time`, `location`, `labels`, `color`, `created_by`, `share_with`, `recurring`, `repeat_every`, `repeat_type`, `no_of_cycles`, `type`, `client_id`, `task_id`, `project_id`, `lead_id`, `ticket_id`, `proposal_id`, `contract_id`, `subscription_id`, `invoice_id`, `order_id`, `estimate_id`, `milestone_id`, `end_date`, `confirmed_by`, `rejected_by`, `recurring_dates`, `last_start_date`, `files`) VALUES (:title:, :description:, :start_date:, :start_time:, :end_time:, :location:, :labels:, :color:, :created_by:, :share_with:, :recurring:, :repeat_every:, :repeat_type:, :no_of_cycles:, :type:, :client_id:, :task_id:, :project_id:, :lead_id:, :ticket_id:, :proposal_id:, :contract_id:, :subscription_id:, :invoice_id:, :order_id:, :estimate_id:, :milestone_id:, :end_date:, :confirmed_by:, :rejected_by:, :recurring_dates:, :last_start_date:, :files:)', [...], false)
 5 APPPATH\Models\Crud_model.php(255): CodeIgniter\Database\BaseBuilder->insert([...])
 6 APPPATH\Controllers\Events.php(239): App\Models\Crud_model->ci_save([...], '')
 7 SYSTEMPATH\CodeIgniter.php(932): App\Controllers\Events->save()
 8 SYSTEMPATH\CodeIgniter.php(497): CodeIgniter\CodeIgniter->runController(Object(App\Controllers\Events))
 9 SYSTEMPATH\CodeIgniter.php(366): CodeIgniter\CodeIgniter->handleRequest(null, Object(Config\Cache), false)
10 FCPATH\index.php(80): CodeIgniter\CodeIgniter->run()
ERROR - 2024-02-21 08:37:09 --> mysqli_sql_exception: Column 'log_for_id3' cannot be null in D:\projects\visaalliance-crm\system\Database\MySQLi\Connection.php:295
Stack trace:
#0 D:\projects\visaalliance-crm\system\Database\MySQLi\Connection.php(295): mysqli->query('INSERT INTO `ri...', 0)
#1 D:\projects\visaalliance-crm\system\Database\BaseConnection.php(692): CodeIgniter\Database\MySQLi\Connection->execute('INSERT INTO `ri...')
#2 D:\projects\visaalliance-crm\system\Database\BaseConnection.php(606): CodeIgniter\Database\BaseConnection->simpleQuery('INSERT INTO `ri...')
#3 D:\projects\visaalliance-crm\system\Database\BaseBuilder.php(2309): CodeIgniter\Database\BaseConnection->query('INSERT INTO `ri...', Array, false)
#4 D:\projects\visaalliance-crm\app\Models\Activity_logs_model.php(36): CodeIgniter\Database\BaseBuilder->insert(Array)
#5 D:\projects\visaalliance-crm\app\Models\Crud_model.php(293): App\Models\Activity_logs_model->ci_save(Array, false)
#6 D:\projects\visaalliance-crm\app\Controllers\Events.php(239): App\Models\Crud_model->ci_save(Array, '')
#7 D:\projects\visaalliance-crm\system\CodeIgniter.php(932): App\Controllers\Events->save()
#8 D:\projects\visaalliance-crm\system\CodeIgniter.php(497): CodeIgniter\CodeIgniter->runController(Object(App\Controllers\Events))
#9 D:\projects\visaalliance-crm\system\CodeIgniter.php(366): CodeIgniter\CodeIgniter->handleRequest(NULL, Object(Config\Cache), false)
#10 D:\projects\visaalliance-crm\index.php(80): CodeIgniter\CodeIgniter->run()
#11 {main}
CRITICAL - 2024-02-21 08:37:09 --> Column 'log_for_id3' cannot be null
in SYSTEMPATH\Database\MySQLi\Connection.php on line 295.
 1 SYSTEMPATH\Database\MySQLi\Connection.php(295): mysqli->query('INSERT INTO `rise_activity_logs` (`action`, `log_type`, `log_type_title`, `log_type_id`, `log_for`, `log_for_id`, `log_for2`, `log_for_id2`, `log_for3`, `log_for_id3`, `created_at`, `created_by`) VALUES (\'created\', \'event\', \'Appointment with client\', 2, \'project\', \'\', \'\', 0, \'milestone\', NULL, \'2024-02-21 14:37:09\', \'1\')', 0)
 2 SYSTEMPATH\Database\BaseConnection.php(692): CodeIgniter\Database\MySQLi\Connection->execute('INSERT INTO `rise_activity_logs` (`action`, `log_type`, `log_type_title`, `log_type_id`, `log_for`, `log_for_id`, `log_for2`, `log_for_id2`, `log_for3`, `log_for_id3`, `created_at`, `created_by`) VALUES (\'created\', \'event\', \'Appointment with client\', 2, \'project\', \'\', \'\', 0, \'milestone\', NULL, \'2024-02-21 14:37:09\', \'1\')')
 3 SYSTEMPATH\Database\BaseConnection.php(606): CodeIgniter\Database\BaseConnection->simpleQuery('INSERT INTO `rise_activity_logs` (`action`, `log_type`, `log_type_title`, `log_type_id`, `log_for`, `log_for_id`, `log_for2`, `log_for_id2`, `log_for3`, `log_for_id3`, `created_at`, `created_by`) VALUES (\'created\', \'event\', \'Appointment with client\', 2, \'project\', \'\', \'\', 0, \'milestone\', NULL, \'2024-02-21 14:37:09\', \'1\')')
 4 SYSTEMPATH\Database\BaseBuilder.php(2309): CodeIgniter\Database\BaseConnection->query('INSERT INTO `rise_activity_logs` (`action`, `log_type`, `log_type_title`, `log_type_id`, `log_for`, `log_for_id`, `log_for2`, `log_for_id2`, `log_for3`, `log_for_id3`, `created_at`, `created_by`) VALUES (:action:, :log_type:, :log_type_title:, :log_type_id:, :log_for:, :log_for_id:, :log_for2:, :log_for_id2:, :log_for3:, :log_for_id3:, :created_at:, :created_by:)', [...], false)
 5 APPPATH\Models\Activity_logs_model.php(36): CodeIgniter\Database\BaseBuilder->insert([...])
 6 APPPATH\Models\Crud_model.php(293): App\Models\Activity_logs_model->ci_save([...], false)
 7 APPPATH\Controllers\Events.php(239): App\Models\Crud_model->ci_save([...], '')
 8 SYSTEMPATH\CodeIgniter.php(932): App\Controllers\Events->save()
 9 SYSTEMPATH\CodeIgniter.php(497): CodeIgniter\CodeIgniter->runController(Object(App\Controllers\Events))
10 SYSTEMPATH\CodeIgniter.php(366): CodeIgniter\CodeIgniter->handleRequest(null, Object(Config\Cache), false)
11 FCPATH\index.php(80): CodeIgniter\CodeIgniter->run()
ERROR - 2024-02-21 08:37:37 --> mysqli_sql_exception: Column 'log_for_id3' cannot be null in D:\projects\visaalliance-crm\system\Database\MySQLi\Connection.php:295
Stack trace:
#0 D:\projects\visaalliance-crm\system\Database\MySQLi\Connection.php(295): mysqli->query('INSERT INTO `ri...', 0)
#1 D:\projects\visaalliance-crm\system\Database\BaseConnection.php(692): CodeIgniter\Database\MySQLi\Connection->execute('INSERT INTO `ri...')
#2 D:\projects\visaalliance-crm\system\Database\BaseConnection.php(606): CodeIgniter\Database\BaseConnection->simpleQuery('INSERT INTO `ri...')
#3 D:\projects\visaalliance-crm\system\Database\BaseBuilder.php(2309): CodeIgniter\Database\BaseConnection->query('INSERT INTO `ri...', Array, false)
#4 D:\projects\visaalliance-crm\app\Models\Activity_logs_model.php(36): CodeIgniter\Database\BaseBuilder->insert(Array)
#5 D:\projects\visaalliance-crm\app\Models\Crud_model.php(293): App\Models\Activity_logs_model->ci_save(Array, false)
#6 D:\projects\visaalliance-crm\app\Controllers\Events.php(239): App\Models\Crud_model->ci_save(Array, '')
#7 D:\projects\visaalliance-crm\system\CodeIgniter.php(932): App\Controllers\Events->save()
#8 D:\projects\visaalliance-crm\system\CodeIgniter.php(497): CodeIgniter\CodeIgniter->runController(Object(App\Controllers\Events))
#9 D:\projects\visaalliance-crm\system\CodeIgniter.php(366): CodeIgniter\CodeIgniter->handleRequest(NULL, Object(Config\Cache), false)
#10 D:\projects\visaalliance-crm\index.php(80): CodeIgniter\CodeIgniter->run()
#11 {main}
CRITICAL - 2024-02-21 08:37:37 --> Column 'log_for_id3' cannot be null
in SYSTEMPATH\Database\MySQLi\Connection.php on line 295.
 1 SYSTEMPATH\Database\MySQLi\Connection.php(295): mysqli->query('INSERT INTO `rise_activity_logs` (`action`, `log_type`, `log_type_title`, `log_type_id`, `log_for`, `log_for_id`, `log_for2`, `log_for_id2`, `log_for3`, `log_for_id3`, `created_at`, `created_by`) VALUES (\'created\', \'event\', \'Appointment with client\', 3, \'project\', \'\', \'\', 0, \'milestone\', NULL, \'2024-02-21 14:37:37\', \'1\')', 0)
 2 SYSTEMPATH\Database\BaseConnection.php(692): CodeIgniter\Database\MySQLi\Connection->execute('INSERT INTO `rise_activity_logs` (`action`, `log_type`, `log_type_title`, `log_type_id`, `log_for`, `log_for_id`, `log_for2`, `log_for_id2`, `log_for3`, `log_for_id3`, `created_at`, `created_by`) VALUES (\'created\', \'event\', \'Appointment with client\', 3, \'project\', \'\', \'\', 0, \'milestone\', NULL, \'2024-02-21 14:37:37\', \'1\')')
 3 SYSTEMPATH\Database\BaseConnection.php(606): CodeIgniter\Database\BaseConnection->simpleQuery('INSERT INTO `rise_activity_logs` (`action`, `log_type`, `log_type_title`, `log_type_id`, `log_for`, `log_for_id`, `log_for2`, `log_for_id2`, `log_for3`, `log_for_id3`, `created_at`, `created_by`) VALUES (\'created\', \'event\', \'Appointment with client\', 3, \'project\', \'\', \'\', 0, \'milestone\', NULL, \'2024-02-21 14:37:37\', \'1\')')
 4 SYSTEMPATH\Database\BaseBuilder.php(2309): CodeIgniter\Database\BaseConnection->query('INSERT INTO `rise_activity_logs` (`action`, `log_type`, `log_type_title`, `log_type_id`, `log_for`, `log_for_id`, `log_for2`, `log_for_id2`, `log_for3`, `log_for_id3`, `created_at`, `created_by`) VALUES (:action:, :log_type:, :log_type_title:, :log_type_id:, :log_for:, :log_for_id:, :log_for2:, :log_for_id2:, :log_for3:, :log_for_id3:, :created_at:, :created_by:)', [...], false)
 5 APPPATH\Models\Activity_logs_model.php(36): CodeIgniter\Database\BaseBuilder->insert([...])
 6 APPPATH\Models\Crud_model.php(293): App\Models\Activity_logs_model->ci_save([...], false)
 7 APPPATH\Controllers\Events.php(239): App\Models\Crud_model->ci_save([...], '')
 8 SYSTEMPATH\CodeIgniter.php(932): App\Controllers\Events->save()
 9 SYSTEMPATH\CodeIgniter.php(497): CodeIgniter\CodeIgniter->runController(Object(App\Controllers\Events))
10 SYSTEMPATH\CodeIgniter.php(366): CodeIgniter\CodeIgniter->handleRequest(null, Object(Config\Cache), false)
11 FCPATH\index.php(80): CodeIgniter\CodeIgniter->run()
ERROR - 2024-02-21 08:49:22 --> mysqli_sql_exception: Column 'log_for_id3' cannot be null in D:\projects\visaalliance-crm\system\Database\MySQLi\Connection.php:295
Stack trace:
#0 D:\projects\visaalliance-crm\system\Database\MySQLi\Connection.php(295): mysqli->query('INSERT INTO `ri...', 0)
#1 D:\projects\visaalliance-crm\system\Database\BaseConnection.php(692): CodeIgniter\Database\MySQLi\Connection->execute('INSERT INTO `ri...')
#2 D:\projects\visaalliance-crm\system\Database\BaseConnection.php(606): CodeIgniter\Database\BaseConnection->simpleQuery('INSERT INTO `ri...')
#3 D:\projects\visaalliance-crm\system\Database\BaseBuilder.php(2309): CodeIgniter\Database\BaseConnection->query('INSERT INTO `ri...', Array, false)
#4 D:\projects\visaalliance-crm\app\Models\Activity_logs_model.php(36): CodeIgniter\Database\BaseBuilder->insert(Array)
#5 D:\projects\visaalliance-crm\app\Models\Crud_model.php(293): App\Models\Activity_logs_model->ci_save(Array, false)
#6 D:\projects\visaalliance-crm\app\Controllers\Events.php(239): App\Models\Crud_model->ci_save(Array, '')
#7 D:\projects\visaalliance-crm\system\CodeIgniter.php(932): App\Controllers\Events->save()
#8 D:\projects\visaalliance-crm\system\CodeIgniter.php(497): CodeIgniter\CodeIgniter->runController(Object(App\Controllers\Events))
#9 D:\projects\visaalliance-crm\system\CodeIgniter.php(366): CodeIgniter\CodeIgniter->handleRequest(NULL, Object(Config\Cache), false)
#10 D:\projects\visaalliance-crm\index.php(80): CodeIgniter\CodeIgniter->run()
#11 {main}
CRITICAL - 2024-02-21 08:49:22 --> Column 'log_for_id3' cannot be null
in SYSTEMPATH\Database\MySQLi\Connection.php on line 295.
 1 SYSTEMPATH\Database\MySQLi\Connection.php(295): mysqli->query('INSERT INTO `rise_activity_logs` (`action`, `log_type`, `log_type_title`, `log_type_id`, `log_for`, `log_for_id`, `log_for2`, `log_for_id2`, `log_for3`, `log_for_id3`, `created_at`, `created_by`) VALUES (\'created\', \'event\', \'Appointment with client\', 4, \'project\', \'\', \'\', 0, \'milestone\', NULL, \'2024-02-21 14:49:22\', \'1\')', 0)
 2 SYSTEMPATH\Database\BaseConnection.php(692): CodeIgniter\Database\MySQLi\Connection->execute('INSERT INTO `rise_activity_logs` (`action`, `log_type`, `log_type_title`, `log_type_id`, `log_for`, `log_for_id`, `log_for2`, `log_for_id2`, `log_for3`, `log_for_id3`, `created_at`, `created_by`) VALUES (\'created\', \'event\', \'Appointment with client\', 4, \'project\', \'\', \'\', 0, \'milestone\', NULL, \'2024-02-21 14:49:22\', \'1\')')
 3 SYSTEMPATH\Database\BaseConnection.php(606): CodeIgniter\Database\BaseConnection->simpleQuery('INSERT INTO `rise_activity_logs` (`action`, `log_type`, `log_type_title`, `log_type_id`, `log_for`, `log_for_id`, `log_for2`, `log_for_id2`, `log_for3`, `log_for_id3`, `created_at`, `created_by`) VALUES (\'created\', \'event\', \'Appointment with client\', 4, \'project\', \'\', \'\', 0, \'milestone\', NULL, \'2024-02-21 14:49:22\', \'1\')')
 4 SYSTEMPATH\Database\BaseBuilder.php(2309): CodeIgniter\Database\BaseConnection->query('INSERT INTO `rise_activity_logs` (`action`, `log_type`, `log_type_title`, `log_type_id`, `log_for`, `log_for_id`, `log_for2`, `log_for_id2`, `log_for3`, `log_for_id3`, `created_at`, `created_by`) VALUES (:action:, :log_type:, :log_type_title:, :log_type_id:, :log_for:, :log_for_id:, :log_for2:, :log_for_id2:, :log_for3:, :log_for_id3:, :created_at:, :created_by:)', [...], false)
 5 APPPATH\Models\Activity_logs_model.php(36): CodeIgniter\Database\BaseBuilder->insert([...])
 6 APPPATH\Models\Crud_model.php(293): App\Models\Activity_logs_model->ci_save([...], false)
 7 APPPATH\Controllers\Events.php(239): App\Models\Crud_model->ci_save([...], '')
 8 SYSTEMPATH\CodeIgniter.php(932): App\Controllers\Events->save()
 9 SYSTEMPATH\CodeIgniter.php(497): CodeIgniter\CodeIgniter->runController(Object(App\Controllers\Events))
10 SYSTEMPATH\CodeIgniter.php(366): CodeIgniter\CodeIgniter->handleRequest(null, Object(Config\Cache), false)
11 FCPATH\index.php(80): CodeIgniter\CodeIgniter->run()
ERROR - 2024-02-21 08:53:36 --> mysqli_sql_exception: Column 'log_for_id3' cannot be null in D:\projects\visaalliance-crm\system\Database\MySQLi\Connection.php:295
Stack trace:
#0 D:\projects\visaalliance-crm\system\Database\MySQLi\Connection.php(295): mysqli->query('INSERT INTO `ri...', 0)
#1 D:\projects\visaalliance-crm\system\Database\BaseConnection.php(692): CodeIgniter\Database\MySQLi\Connection->execute('INSERT INTO `ri...')
#2 D:\projects\visaalliance-crm\system\Database\BaseConnection.php(606): CodeIgniter\Database\BaseConnection->simpleQuery('INSERT INTO `ri...')
#3 D:\projects\visaalliance-crm\system\Database\BaseBuilder.php(2309): CodeIgniter\Database\BaseConnection->query('INSERT INTO `ri...', Array, false)
#4 D:\projects\visaalliance-crm\app\Models\Activity_logs_model.php(36): CodeIgniter\Database\BaseBuilder->insert(Array)
#5 D:\projects\visaalliance-crm\app\Models\Crud_model.php(293): App\Models\Activity_logs_model->ci_save(Array, false)
#6 D:\projects\visaalliance-crm\app\Controllers\Events.php(239): App\Models\Crud_model->ci_save(Array, '')
#7 D:\projects\visaalliance-crm\system\CodeIgniter.php(932): App\Controllers\Events->save()
#8 D:\projects\visaalliance-crm\system\CodeIgniter.php(497): CodeIgniter\CodeIgniter->runController(Object(App\Controllers\Events))
#9 D:\projects\visaalliance-crm\system\CodeIgniter.php(366): CodeIgniter\CodeIgniter->handleRequest(NULL, Object(Config\Cache), false)
#10 D:\projects\visaalliance-crm\index.php(80): CodeIgniter\CodeIgniter->run()
#11 {main}
CRITICAL - 2024-02-21 08:53:36 --> Column 'log_for_id3' cannot be null
in SYSTEMPATH\Database\MySQLi\Connection.php on line 295.
 1 SYSTEMPATH\Database\MySQLi\Connection.php(295): mysqli->query('INSERT INTO `rise_activity_logs` (`action`, `log_type`, `log_type_title`, `log_type_id`, `log_for`, `log_for_id`, `log_for2`, `log_for_id2`, `log_for3`, `log_for_id3`, `created_at`, `created_by`) VALUES (\'created\', \'event\', \'Appointment with client\', 5, \'project\', \'\', \'\', 0, \'milestone\', NULL, \'2024-02-21 14:53:36\', \'1\')', 0)
 2 SYSTEMPATH\Database\BaseConnection.php(692): CodeIgniter\Database\MySQLi\Connection->execute('INSERT INTO `rise_activity_logs` (`action`, `log_type`, `log_type_title`, `log_type_id`, `log_for`, `log_for_id`, `log_for2`, `log_for_id2`, `log_for3`, `log_for_id3`, `created_at`, `created_by`) VALUES (\'created\', \'event\', \'Appointment with client\', 5, \'project\', \'\', \'\', 0, \'milestone\', NULL, \'2024-02-21 14:53:36\', \'1\')')
 3 SYSTEMPATH\Database\BaseConnection.php(606): CodeIgniter\Database\BaseConnection->simpleQuery('INSERT INTO `rise_activity_logs` (`action`, `log_type`, `log_type_title`, `log_type_id`, `log_for`, `log_for_id`, `log_for2`, `log_for_id2`, `log_for3`, `log_for_id3`, `created_at`, `created_by`) VALUES (\'created\', \'event\', \'Appointment with client\', 5, \'project\', \'\', \'\', 0, \'milestone\', NULL, \'2024-02-21 14:53:36\', \'1\')')
 4 SYSTEMPATH\Database\BaseBuilder.php(2309): CodeIgniter\Database\BaseConnection->query('INSERT INTO `rise_activity_logs` (`action`, `log_type`, `log_type_title`, `log_type_id`, `log_for`, `log_for_id`, `log_for2`, `log_for_id2`, `log_for3`, `log_for_id3`, `created_at`, `created_by`) VALUES (:action:, :log_type:, :log_type_title:, :log_type_id:, :log_for:, :log_for_id:, :log_for2:, :log_for_id2:, :log_for3:, :log_for_id3:, :created_at:, :created_by:)', [...], false)
 5 APPPATH\Models\Activity_logs_model.php(36): CodeIgniter\Database\BaseBuilder->insert([...])
 6 APPPATH\Models\Crud_model.php(293): App\Models\Activity_logs_model->ci_save([...], false)
 7 APPPATH\Controllers\Events.php(239): App\Models\Crud_model->ci_save([...], '')
 8 SYSTEMPATH\CodeIgniter.php(932): App\Controllers\Events->save()
 9 SYSTEMPATH\CodeIgniter.php(497): CodeIgniter\CodeIgniter->runController(Object(App\Controllers\Events))
10 SYSTEMPATH\CodeIgniter.php(366): CodeIgniter\CodeIgniter->handleRequest(null, Object(Config\Cache), false)
11 FCPATH\index.php(80): CodeIgniter\CodeIgniter->run()
