CRITICAL - 2023-12-23 02:28:02 --> foreach() argument must be of type array|object, string given
in APPPATH\Views\students\client_form_fields.php on line 143.
 1 APPPATH\Views\students\client_form_fields.php(143): CodeIgniter\Debug\Exceptions->errorHandler(2, 'foreach() argument must be of type array|object, string given', 'D:\\projects\\visaalliance-crm\\app\\Views\\students\\client_form_fields.php', 143)
 2 SYSTEMPATH\View\View.php(224): include('D:\\projects\\visaalliance-crm\\app\\Views\\students\\client_form_fields.php')
 3 SYSTEMPATH\View\View.php(227): CodeIgniter\View\View->CodeIgniter\View\{closure}()
 4 SYSTEMPATH\Common.php(1180): CodeIgniter\View\View->render('students/client_form_fields', [], true)
 5 APPPATH\Views\students\modal_form.php(25): view('students/client_form_fields')
 6 SYSTEMPATH\View\View.php(224): include('D:\\projects\\visaalliance-crm\\app\\Views\\students\\modal_form.php')
 7 SYSTEMPATH\View\View.php(227): CodeIgniter\View\View->CodeIgniter\View\{closure}()
 8 SYSTEMPATH\Common.php(1180): CodeIgniter\View\View->render('students/modal_form', [], true)
 9 APPPATH\Libraries\Template.php(38): view('students/modal_form', [...])
10 APPPATH\Controllers\Students.php(95): App\Libraries\Template->view('students/modal_form', [...])
11 SYSTEMPATH\CodeIgniter.php(932): App\Controllers\Students->modal_form()
12 SYSTEMPATH\CodeIgniter.php(497): CodeIgniter\CodeIgniter->runController(Object(App\Controllers\Students))
13 SYSTEMPATH\CodeIgniter.php(366): CodeIgniter\CodeIgniter->handleRequest(null, Object(Config\Cache), false)
14 FCPATH\index.php(80): CodeIgniter\CodeIgniter->run()
CRITICAL - 2023-12-23 02:28:11 --> foreach() argument must be of type array|object, string given
in APPPATH\Views\students\client_form_fields.php on line 143.
 1 APPPATH\Views\students\client_form_fields.php(143): CodeIgniter\Debug\Exceptions->errorHandler(2, 'foreach() argument must be of type array|object, string given', 'D:\\projects\\visaalliance-crm\\app\\Views\\students\\client_form_fields.php', 143)
 2 SYSTEMPATH\View\View.php(224): include('D:\\projects\\visaalliance-crm\\app\\Views\\students\\client_form_fields.php')
 3 SYSTEMPATH\View\View.php(227): CodeIgniter\View\View->CodeIgniter\View\{closure}()
 4 SYSTEMPATH\Common.php(1180): CodeIgniter\View\View->render('students/client_form_fields', [], true)
 5 APPPATH\Views\students\modal_form.php(25): view('students/client_form_fields')
 6 SYSTEMPATH\View\View.php(224): include('D:\\projects\\visaalliance-crm\\app\\Views\\students\\modal_form.php')
 7 SYSTEMPATH\View\View.php(227): CodeIgniter\View\View->CodeIgniter\View\{closure}()
 8 SYSTEMPATH\Common.php(1180): CodeIgniter\View\View->render('students/modal_form', [], true)
 9 APPPATH\Libraries\Template.php(38): view('students/modal_form', [...])
10 APPPATH\Controllers\Students.php(95): App\Libraries\Template->view('students/modal_form', [...])
11 SYSTEMPATH\CodeIgniter.php(932): App\Controllers\Students->modal_form()
12 SYSTEMPATH\CodeIgniter.php(497): CodeIgniter\CodeIgniter->runController(Object(App\Controllers\Students))
13 SYSTEMPATH\CodeIgniter.php(366): CodeIgniter\CodeIgniter->handleRequest(null, Object(Config\Cache), false)
14 FCPATH\index.php(80): CodeIgniter\CodeIgniter->run()
CRITICAL - 2023-12-23 02:39:58 --> The action you requested is not allowed.
in SYSTEMPATH\Security\Security.php on line 306.
 1 SYSTEMPATH\Security\Security.php(306): CodeIgniter\Security\Exceptions\SecurityException::forDisallowedAction()
 2 SYSTEMPATH\Filters\CSRF.php(55): CodeIgniter\Security\Security->verify(Object(CodeIgniter\HTTP\IncomingRequest))
 3 SYSTEMPATH\Filters\Filters.php(173): CodeIgniter\Filters\CSRF->before(Object(CodeIgniter\HTTP\IncomingRequest), null)
 4 SYSTEMPATH\CodeIgniter.php(471): CodeIgniter\Filters\Filters->run('students/modal_form', 'before')
 5 SYSTEMPATH\CodeIgniter.php(366): CodeIgniter\CodeIgniter->handleRequest(null, Object(Config\Cache), false)
 6 FCPATH\index.php(80): CodeIgniter\CodeIgniter->run()
ERROR - 2023-12-23 02:54:17 --> mysqli_sql_exception: You have an error in your SQL syntax; check the manual that corresponds to your MariaDB server version for the right syntax to use near 'BYphonecode ASC' at line 1 in D:\projects\visaalliance-crm\system\Database\MySQLi\Connection.php:295
Stack trace:
#0 D:\projects\visaalliance-crm\system\Database\MySQLi\Connection.php(295): mysqli->query('SELECT * FROM r...', 0)
#1 D:\projects\visaalliance-crm\system\Database\BaseConnection.php(692): CodeIgniter\Database\MySQLi\Connection->execute('SELECT * FROM r...')
#2 D:\projects\visaalliance-crm\system\Database\BaseConnection.php(606): CodeIgniter\Database\BaseConnection->simpleQuery('SELECT * FROM r...')
#3 D:\projects\visaalliance-crm\app\Models\Countries_model.php(27): CodeIgniter\Database\BaseConnection->query('SELECT * FROM r...')
#4 D:\projects\visaalliance-crm\app\Controllers\Security_Controller.php(707): App\Models\Countries_model->get_details(Array)
#5 D:\projects\visaalliance-crm\app\Controllers\Students.php(95): App\Controllers\Security_Controller->get_countries_dropdown(Array)
#6 D:\projects\visaalliance-crm\system\CodeIgniter.php(932): App\Controllers\Students->modal_form()
#7 D:\projects\visaalliance-crm\system\CodeIgniter.php(497): CodeIgniter\CodeIgniter->runController(Object(App\Controllers\Students))
#8 D:\projects\visaalliance-crm\system\CodeIgniter.php(366): CodeIgniter\CodeIgniter->handleRequest(NULL, Object(Config\Cache), false)
#9 D:\projects\visaalliance-crm\index.php(80): CodeIgniter\CodeIgniter->run()
#10 {main}
CRITICAL - 2023-12-23 02:54:17 --> You have an error in your SQL syntax; check the manual that corresponds to your MariaDB server version for the right syntax to use near 'BYphonecode ASC' at line 1
in SYSTEMPATH\Database\MySQLi\Connection.php on line 295.
 1 SYSTEMPATH\Database\MySQLi\Connection.php(295): mysqli->query('SELECT * FROM rise_country ORDER BYphonecode ASC', 0)
 2 SYSTEMPATH\Database\BaseConnection.php(692): CodeIgniter\Database\MySQLi\Connection->execute('SELECT * FROM rise_country ORDER BYphonecode ASC')
 3 SYSTEMPATH\Database\BaseConnection.php(606): CodeIgniter\Database\BaseConnection->simpleQuery('SELECT * FROM rise_country ORDER BYphonecode ASC')
 4 APPPATH\Models\Countries_model.php(27): CodeIgniter\Database\BaseConnection->query('SELECT * FROM rise_country ORDER BYphonecode ASC')
 5 APPPATH\Controllers\Security_Controller.php(707): App\Models\Countries_model->get_details([...])
 6 APPPATH\Controllers\Students.php(95): App\Controllers\Security_Controller->get_countries_dropdown([...])
 7 SYSTEMPATH\CodeIgniter.php(932): App\Controllers\Students->modal_form()
 8 SYSTEMPATH\CodeIgniter.php(497): CodeIgniter\CodeIgniter->runController(Object(App\Controllers\Students))
 9 SYSTEMPATH\CodeIgniter.php(366): CodeIgniter\CodeIgniter->handleRequest(null, Object(Config\Cache), false)
10 FCPATH\index.php(80): CodeIgniter\CodeIgniter->run()
CRITICAL - 2023-12-23 03:01:39 --> Undefined array key "orderBy"
in APPPATH\Models\Countries_model.php on line 21.
 1 APPPATH\Models\Countries_model.php(21): CodeIgniter\Debug\Exceptions->errorHandler(2, 'Undefined array key "orderBy"', 'D:\\projects\\visaalliance-crm\\app\\Models\\Countries_model.php', 21)
 2 APPPATH\Controllers\Security_Controller.php(707): App\Models\Countries_model->get_details([])
 3 APPPATH\Controllers\Students.php(95): App\Controllers\Security_Controller->get_countries_dropdown([])
 4 SYSTEMPATH\CodeIgniter.php(932): App\Controllers\Students->modal_form()
 5 SYSTEMPATH\CodeIgniter.php(497): CodeIgniter\CodeIgniter->runController(Object(App\Controllers\Students))
 6 SYSTEMPATH\CodeIgniter.php(366): CodeIgniter\CodeIgniter->handleRequest(null, Object(Config\Cache), false)
 7 FCPATH\index.php(80): CodeIgniter\CodeIgniter->run()
CRITICAL - 2023-12-23 03:06:15 --> Array to string conversion
in SYSTEMPATH\Helpers\form_helper.php on line 796.
 1 SYSTEMPATH\Helpers\form_helper.php(796): CodeIgniter\Debug\Exceptions->errorHandler(2, 'Array to string conversion', 'D:\\projects\\visaalliance-crm\\system\\Helpers\\form_helper.php', 796)
 2 SYSTEMPATH\Helpers\form_helper.php(306): parse_form_attributes([...], [...])
 3 APPPATH\Views\students\client_form_fields.php(167): form_dropdown([...])
 4 SYSTEMPATH\View\View.php(224): include('D:\\projects\\visaalliance-crm\\app\\Views\\students\\client_form_fields.php')
 5 SYSTEMPATH\View\View.php(227): CodeIgniter\View\View->CodeIgniter\View\{closure}()
 6 SYSTEMPATH\Common.php(1180): CodeIgniter\View\View->render('students/client_form_fields', [], true)
 7 APPPATH\Views\students\modal_form.php(25): view('students/client_form_fields')
 8 SYSTEMPATH\View\View.php(224): include('D:\\projects\\visaalliance-crm\\app\\Views\\students\\modal_form.php')
 9 SYSTEMPATH\View\View.php(227): CodeIgniter\View\View->CodeIgniter\View\{closure}()
10 SYSTEMPATH\Common.php(1180): CodeIgniter\View\View->render('students/modal_form', [], true)
11 APPPATH\Libraries\Template.php(38): view('students/modal_form', [...])
12 APPPATH\Controllers\Students.php(103): App\Libraries\Template->view('students/modal_form', [...])
13 SYSTEMPATH\CodeIgniter.php(932): App\Controllers\Students->modal_form()
14 SYSTEMPATH\CodeIgniter.php(497): CodeIgniter\CodeIgniter->runController(Object(App\Controllers\Students))
15 SYSTEMPATH\CodeIgniter.php(366): CodeIgniter\CodeIgniter->handleRequest(null, Object(Config\Cache), false)
16 FCPATH\index.php(80): CodeIgniter\CodeIgniter->run()
CRITICAL - 2023-12-23 05:10:01 --> The action you requested is not allowed.
in SYSTEMPATH\Security\Security.php on line 306.
 1 SYSTEMPATH\Security\Security.php(306): CodeIgniter\Security\Exceptions\SecurityException::forDisallowedAction()
 2 SYSTEMPATH\Filters\CSRF.php(55): CodeIgniter\Security\Security->verify(Object(CodeIgniter\HTTP\IncomingRequest))
 3 SYSTEMPATH\Filters\Filters.php(173): CodeIgniter\Filters\CSRF->before(Object(CodeIgniter\HTTP\IncomingRequest), null)
 4 SYSTEMPATH\CodeIgniter.php(471): CodeIgniter\Filters\Filters->run('students/modal_form', 'before')
 5 SYSTEMPATH\CodeIgniter.php(366): CodeIgniter\CodeIgniter->handleRequest(null, Object(Config\Cache), false)
 6 FCPATH\index.php(80): CodeIgniter\CodeIgniter->run()
CRITICAL - 2023-12-23 05:54:41 --> Undefined property: stdClass::$assignee
in APPPATH\Views\students\client_form_fields.php on line 688.
 1 APPPATH\Views\students\client_form_fields.php(688): CodeIgniter\Debug\Exceptions->errorHandler(2, 'Undefined property: stdClass::$assignee', 'D:\\projects\\visaalliance-crm\\app\\Views\\students\\client_form_fields.php', 688)
 2 SYSTEMPATH\View\View.php(224): include('D:\\projects\\visaalliance-crm\\app\\Views\\students\\client_form_fields.php')
 3 SYSTEMPATH\View\View.php(227): CodeIgniter\View\View->CodeIgniter\View\{closure}()
 4 SYSTEMPATH\Common.php(1180): CodeIgniter\View\View->render('students/client_form_fields', [], true)
 5 APPPATH\Views\students\modal_form.php(25): view('students/client_form_fields')
 6 SYSTEMPATH\View\View.php(224): include('D:\\projects\\visaalliance-crm\\app\\Views\\students\\modal_form.php')
 7 SYSTEMPATH\View\View.php(227): CodeIgniter\View\View->CodeIgniter\View\{closure}()
 8 SYSTEMPATH\Common.php(1180): CodeIgniter\View\View->render('students/modal_form', [], true)
 9 APPPATH\Libraries\Template.php(38): view('students/modal_form', [...])
10 APPPATH\Controllers\Students.php(103): App\Libraries\Template->view('students/modal_form', [...])
11 SYSTEMPATH\CodeIgniter.php(932): App\Controllers\Students->modal_form()
12 SYSTEMPATH\CodeIgniter.php(497): CodeIgniter\CodeIgniter->runController(Object(App\Controllers\Students))
13 SYSTEMPATH\CodeIgniter.php(366): CodeIgniter\CodeIgniter->handleRequest(null, Object(Config\Cache), false)
14 FCPATH\index.php(80): CodeIgniter\CodeIgniter->run()
CRITICAL - 2023-12-23 06:57:29 --> foreach() argument must be of type array|object, null given
in APPPATH\Views\students\client_form_fields.php on line 176.
 1 APPPATH\Views\students\client_form_fields.php(176): CodeIgniter\Debug\Exceptions->errorHandler(2, 'foreach() argument must be of type array|object, null given', 'D:\\projects\\visaalliance-crm\\app\\Views\\students\\client_form_fields.php', 176)
 2 SYSTEMPATH\View\View.php(224): include('D:\\projects\\visaalliance-crm\\app\\Views\\students\\client_form_fields.php')
 3 SYSTEMPATH\View\View.php(227): CodeIgniter\View\View->CodeIgniter\View\{closure}()
 4 SYSTEMPATH\Common.php(1180): CodeIgniter\View\View->render('students/client_form_fields', [], true)
 5 APPPATH\Views\organizations\modal_form.php(25): view('students/client_form_fields')
 6 SYSTEMPATH\View\View.php(224): include('D:\\projects\\visaalliance-crm\\app\\Views\\organizations\\modal_form.php')
 7 SYSTEMPATH\View\View.php(227): CodeIgniter\View\View->CodeIgniter\View\{closure}()
 8 SYSTEMPATH\Common.php(1180): CodeIgniter\View\View->render('organizations/modal_form', [], true)
 9 APPPATH\Libraries\Template.php(38): view('organizations/modal_form', [...])
10 APPPATH\Controllers\Organizations.php(101): App\Libraries\Template->view('organizations/modal_form', [...])
11 SYSTEMPATH\CodeIgniter.php(932): App\Controllers\Organizations->modal_form()
12 SYSTEMPATH\CodeIgniter.php(497): CodeIgniter\CodeIgniter->runController(Object(App\Controllers\Organizations))
13 SYSTEMPATH\CodeIgniter.php(366): CodeIgniter\CodeIgniter->handleRequest(null, Object(Config\Cache), false)
14 FCPATH\index.php(80): CodeIgniter\CodeIgniter->run()
CRITICAL - 2023-12-23 06:57:32 --> foreach() argument must be of type array|object, null given
in APPPATH\Views\students\client_form_fields.php on line 176.
 1 APPPATH\Views\students\client_form_fields.php(176): CodeIgniter\Debug\Exceptions->errorHandler(2, 'foreach() argument must be of type array|object, null given', 'D:\\projects\\visaalliance-crm\\app\\Views\\students\\client_form_fields.php', 176)
 2 SYSTEMPATH\View\View.php(224): include('D:\\projects\\visaalliance-crm\\app\\Views\\students\\client_form_fields.php')
 3 SYSTEMPATH\View\View.php(227): CodeIgniter\View\View->CodeIgniter\View\{closure}()
 4 SYSTEMPATH\Common.php(1180): CodeIgniter\View\View->render('students/client_form_fields', [], true)
 5 APPPATH\Views\organizations\modal_form.php(25): view('students/client_form_fields')
 6 SYSTEMPATH\View\View.php(224): include('D:\\projects\\visaalliance-crm\\app\\Views\\organizations\\modal_form.php')
 7 SYSTEMPATH\View\View.php(227): CodeIgniter\View\View->CodeIgniter\View\{closure}()
 8 SYSTEMPATH\Common.php(1180): CodeIgniter\View\View->render('organizations/modal_form', [], true)
 9 APPPATH\Libraries\Template.php(38): view('organizations/modal_form', [...])
10 APPPATH\Controllers\Organizations.php(101): App\Libraries\Template->view('organizations/modal_form', [...])
11 SYSTEMPATH\CodeIgniter.php(932): App\Controllers\Organizations->modal_form()
12 SYSTEMPATH\CodeIgniter.php(497): CodeIgniter\CodeIgniter->runController(Object(App\Controllers\Organizations))
13 SYSTEMPATH\CodeIgniter.php(366): CodeIgniter\CodeIgniter->handleRequest(null, Object(Config\Cache), false)
14 FCPATH\index.php(80): CodeIgniter\CodeIgniter->run()
CRITICAL - 2023-12-23 06:57:45 --> foreach() argument must be of type array|object, null given
in APPPATH\Views\students\client_form_fields.php on line 176.
 1 APPPATH\Views\students\client_form_fields.php(176): CodeIgniter\Debug\Exceptions->errorHandler(2, 'foreach() argument must be of type array|object, null given', 'D:\\projects\\visaalliance-crm\\app\\Views\\students\\client_form_fields.php', 176)
 2 SYSTEMPATH\View\View.php(224): include('D:\\projects\\visaalliance-crm\\app\\Views\\students\\client_form_fields.php')
 3 SYSTEMPATH\View\View.php(227): CodeIgniter\View\View->CodeIgniter\View\{closure}()
 4 SYSTEMPATH\Common.php(1180): CodeIgniter\View\View->render('students/client_form_fields', [], true)
 5 APPPATH\Views\organizations\modal_form.php(25): view('students/client_form_fields')
 6 SYSTEMPATH\View\View.php(224): include('D:\\projects\\visaalliance-crm\\app\\Views\\organizations\\modal_form.php')
 7 SYSTEMPATH\View\View.php(227): CodeIgniter\View\View->CodeIgniter\View\{closure}()
 8 SYSTEMPATH\Common.php(1180): CodeIgniter\View\View->render('organizations/modal_form', [], true)
 9 APPPATH\Libraries\Template.php(38): view('organizations/modal_form', [...])
10 APPPATH\Controllers\Organizations.php(101): App\Libraries\Template->view('organizations/modal_form', [...])
11 SYSTEMPATH\CodeIgniter.php(932): App\Controllers\Organizations->modal_form()
12 SYSTEMPATH\CodeIgniter.php(497): CodeIgniter\CodeIgniter->runController(Object(App\Controllers\Organizations))
13 SYSTEMPATH\CodeIgniter.php(366): CodeIgniter\CodeIgniter->handleRequest(null, Object(Config\Cache), false)
14 FCPATH\index.php(80): CodeIgniter\CodeIgniter->run()
CRITICAL - 2023-12-23 07:18:11 --> The action you requested is not allowed.
in SYSTEMPATH\Security\Security.php on line 306.
 1 SYSTEMPATH\Security\Security.php(306): CodeIgniter\Security\Exceptions\SecurityException::forDisallowedAction()
 2 SYSTEMPATH\Filters\CSRF.php(55): CodeIgniter\Security\Security->verify(Object(CodeIgniter\HTTP\IncomingRequest))
 3 SYSTEMPATH\Filters\Filters.php(173): CodeIgniter\Filters\CSRF->before(Object(CodeIgniter\HTTP\IncomingRequest), null)
 4 SYSTEMPATH\CodeIgniter.php(471): CodeIgniter\Filters\Filters->run('organizations/modal_form', 'before')
 5 SYSTEMPATH\CodeIgniter.php(366): CodeIgniter\CodeIgniter->handleRequest(null, Object(Config\Cache), false)
 6 FCPATH\index.php(80): CodeIgniter\CodeIgniter->run()
