CRITICAL - 2024-02-23 01:08:01 --> Unclosed '{' on line 496
in APPPATH\Helpers\app_files_helper.php on line 1120.
 1 APPPATH\Controllers\App_Controller.php(99): helper([...])
 2 APPPATH\Controllers\Security_Controller.php(20): App\Controllers\App_Controller->__construct()
 3 APPPATH\Controllers\Courses.php(10): App\Controllers\Security_Controller->__construct()
 4 SYSTEMPATH\CodeIgniter.php(904): App\Controllers\Courses->__construct()
 5 SYSTEMPATH\CodeIgniter.php(488): CodeIgniter\CodeIgniter->createController()
 6 SYSTEMPATH\CodeIgniter.php(366): CodeIgniter\CodeIgniter->handleRequest(null, Object(Config\Cache), false)
 7 FCPATH\index.php(80): CodeIgniter\CodeIgniter->run()
WARNING - 2024-02-23 05:28:54 --> [DEPRECATED] preg_replace(): Passing null to parameter #3 ($subject) of type array|string is deprecated in APPPATH\Helpers\currency_helper.php on line 95.
 1 APPPATH\Helpers\currency_helper.php(95): preg_replace('/[^\\d,-\\.]/', '', null)
 2 APPPATH\Controllers\Projects.php(345): unformat_currency(null)
 3 SYSTEMPATH\CodeIgniter.php(932): App\Controllers\Projects->save()
 4 SYSTEMPATH\CodeIgniter.php(497): CodeIgniter\CodeIgniter->runController(Object(App\Controllers\Projects))
 5 SYSTEMPATH\CodeIgniter.php(366): CodeIgniter\CodeIgniter->handleRequest(null, Object(Config\Cache), false)
 6 FCPATH\index.php(80): CodeIgniter\CodeIgniter->run()
ERROR - 2024-02-23 05:28:54 --> mysqli_sql_exception: Column 'log_for_id3' cannot be null in D:\projects\visaalliance-crm\system\Database\MySQLi\Connection.php:295
Stack trace:
#0 D:\projects\visaalliance-crm\system\Database\MySQLi\Connection.php(295): mysqli->query('INSERT INTO `ri...', 0)
#1 D:\projects\visaalliance-crm\system\Database\BaseConnection.php(692): CodeIgniter\Database\MySQLi\Connection->execute('INSERT INTO `ri...')
#2 D:\projects\visaalliance-crm\system\Database\BaseConnection.php(606): CodeIgniter\Database\BaseConnection->simpleQuery('INSERT INTO `ri...')
#3 D:\projects\visaalliance-crm\system\Database\BaseBuilder.php(2309): CodeIgniter\Database\BaseConnection->query('INSERT INTO `ri...', Array, false)
#4 D:\projects\visaalliance-crm\app\Models\Activity_logs_model.php(36): CodeIgniter\Database\BaseBuilder->insert(Array)
#5 D:\projects\visaalliance-crm\app\Models\Crud_model.php(293): App\Models\Activity_logs_model->ci_save(Array, false)
#6 D:\projects\visaalliance-crm\app\Controllers\Projects.php(453): App\Models\Crud_model->ci_save(Array, '')
#7 D:\projects\visaalliance-crm\system\CodeIgniter.php(932): App\Controllers\Projects->save()
#8 D:\projects\visaalliance-crm\system\CodeIgniter.php(497): CodeIgniter\CodeIgniter->runController(Object(App\Controllers\Projects))
#9 D:\projects\visaalliance-crm\system\CodeIgniter.php(366): CodeIgniter\CodeIgniter->handleRequest(NULL, Object(Config\Cache), false)
#10 D:\projects\visaalliance-crm\index.php(80): CodeIgniter\CodeIgniter->run()
#11 {main}
CRITICAL - 2024-02-23 05:28:54 --> Column 'log_for_id3' cannot be null
in SYSTEMPATH\Database\MySQLi\Connection.php on line 295.
 1 SYSTEMPATH\Database\MySQLi\Connection.php(295): mysqli->query('INSERT INTO `rise_activity_logs` (`action`, `log_type`, `log_type_title`, `log_type_id`, `log_for`, `log_for_id`, `log_for2`, `log_for_id2`, `log_for3`, `log_for_id3`, `created_at`, `created_by`) VALUES (\'created\', \'milestone\', \'Contract and 956 Form\', 25, \'project\', 9, \'\', 0, \'milestone\', NULL, \'2024-02-23 11:28:54\', \'1\')', 0)
 2 SYSTEMPATH\Database\BaseConnection.php(692): CodeIgniter\Database\MySQLi\Connection->execute('INSERT INTO `rise_activity_logs` (`action`, `log_type`, `log_type_title`, `log_type_id`, `log_for`, `log_for_id`, `log_for2`, `log_for_id2`, `log_for3`, `log_for_id3`, `created_at`, `created_by`) VALUES (\'created\', \'milestone\', \'Contract and 956 Form\', 25, \'project\', 9, \'\', 0, \'milestone\', NULL, \'2024-02-23 11:28:54\', \'1\')')
 3 SYSTEMPATH\Database\BaseConnection.php(606): CodeIgniter\Database\BaseConnection->simpleQuery('INSERT INTO `rise_activity_logs` (`action`, `log_type`, `log_type_title`, `log_type_id`, `log_for`, `log_for_id`, `log_for2`, `log_for_id2`, `log_for3`, `log_for_id3`, `created_at`, `created_by`) VALUES (\'created\', \'milestone\', \'Contract and 956 Form\', 25, \'project\', 9, \'\', 0, \'milestone\', NULL, \'2024-02-23 11:28:54\', \'1\')')
 4 SYSTEMPATH\Database\BaseBuilder.php(2309): CodeIgniter\Database\BaseConnection->query('INSERT INTO `rise_activity_logs` (`action`, `log_type`, `log_type_title`, `log_type_id`, `log_for`, `log_for_id`, `log_for2`, `log_for_id2`, `log_for3`, `log_for_id3`, `created_at`, `created_by`) VALUES (:action:, :log_type:, :log_type_title:, :log_type_id:, :log_for:, :log_for_id:, :log_for2:, :log_for_id2:, :log_for3:, :log_for_id3:, :created_at:, :created_by:)', [...], false)
 5 APPPATH\Models\Activity_logs_model.php(36): CodeIgniter\Database\BaseBuilder->insert([...])
 6 APPPATH\Models\Crud_model.php(293): App\Models\Activity_logs_model->ci_save([...], false)
 7 APPPATH\Controllers\Projects.php(453): App\Models\Crud_model->ci_save([...], '')
 8 SYSTEMPATH\CodeIgniter.php(932): App\Controllers\Projects->save()
 9 SYSTEMPATH\CodeIgniter.php(497): CodeIgniter\CodeIgniter->runController(Object(App\Controllers\Projects))
10 SYSTEMPATH\CodeIgniter.php(366): CodeIgniter\CodeIgniter->handleRequest(null, Object(Config\Cache), false)
11 FCPATH\index.php(80): CodeIgniter\CodeIgniter->run()
CRITICAL - 2024-02-23 06:02:51 --> Call to undefined method App\Models\Clients_model::findOne
in SYSTEMPATH\Model.php on line 838.
 1 APPPATH\Controllers\Security_Controller.php(71): CodeIgniter\Model->__call('findOne', [...])
 2 APPPATH\Controllers\Projects.php(1051): App\Controllers\Security_Controller->get_client_view_route('1')
 3 APPPATH\Controllers\Projects.php(924): App\Controllers\Projects->_make_row(Object(stdClass), [])
 4 SYSTEMPATH\CodeIgniter.php(932): App\Controllers\Projects->list_data()
 5 SYSTEMPATH\CodeIgniter.php(497): CodeIgniter\CodeIgniter->runController(Object(App\Controllers\Projects))
 6 SYSTEMPATH\CodeIgniter.php(366): CodeIgniter\CodeIgniter->handleRequest(null, Object(Config\Cache), false)
 7 FCPATH\index.php(80): CodeIgniter\CodeIgniter->run()
CRITICAL - 2024-02-23 06:02:57 --> Call to undefined method App\Models\Clients_model::findOne
in SYSTEMPATH\Model.php on line 838.
 1 APPPATH\Controllers\Security_Controller.php(71): CodeIgniter\Model->__call('findOne', [...])
 2 APPPATH\Controllers\Projects.php(1051): App\Controllers\Security_Controller->get_client_view_route('1')
 3 APPPATH\Controllers\Projects.php(924): App\Controllers\Projects->_make_row(Object(stdClass), [])
 4 SYSTEMPATH\CodeIgniter.php(932): App\Controllers\Projects->list_data()
 5 SYSTEMPATH\CodeIgniter.php(497): CodeIgniter\CodeIgniter->runController(Object(App\Controllers\Projects))
 6 SYSTEMPATH\CodeIgniter.php(366): CodeIgniter\CodeIgniter->handleRequest(null, Object(Config\Cache), false)
 7 FCPATH\index.php(80): CodeIgniter\CodeIgniter->run()
