WARNING - 2024-05-05 12:08:08 --> [DEPRECATED] Optional parameter $parseables declared before required parameter $label_context is implicitly treated as a required parameter in APPPATH\Controllers\Import.php on line 280.
 1 SYSTEMPATH\Autoloader\Autoloader.php(312): include_once('D:\\projects\\visaalliance-crm\\system\\Debug\\Exceptions.php')
 2 SYSTEMPATH\Autoloader\Autoloader.php(289): CodeIgniter\Autoloader\Autoloader->includeFile('D:\\projects\\visaalliance-crm\\app\\Controllers\\Import.php')
 3 SYSTEMPATH\Autoloader\Autoloader.php(267): CodeIgniter\Autoloader\Autoloader->loadInNamespace('App\\Controllers\\Import')
 4 [internal function]: CodeIgniter\Autoloader\Autoloader->loadClass('App\\Controllers\\Import')
 5 SYSTEMPATH\CodeIgniter.php(890): class_exists('\\App\\Controllers\\Import', true)
 6 SYSTEMPATH\CodeIgniter.php(484): CodeIgniter\CodeIgniter->startController()
 7 SYSTEMPATH\CodeIgniter.php(366): CodeIgniter\CodeIgniter->handleRequest(null, Object(Config\Cache), false)
 8 FCPATH\index.php(80): CodeIgniter\CodeIgniter->run()
WARNING - 2024-05-05 12:08:45 --> [DEPRECATED] Optional parameter $parseables declared before required parameter $label_context is implicitly treated as a required parameter in APPPATH\Controllers\Import.php on line 280.
 1 SYSTEMPATH\Autoloader\Autoloader.php(312): include_once('D:\\projects\\visaalliance-crm\\system\\Debug\\Exceptions.php')
 2 SYSTEMPATH\Autoloader\Autoloader.php(289): CodeIgniter\Autoloader\Autoloader->includeFile('D:\\projects\\visaalliance-crm\\app\\Controllers\\Import.php')
 3 SYSTEMPATH\Autoloader\Autoloader.php(267): CodeIgniter\Autoloader\Autoloader->loadInNamespace('App\\Controllers\\Import')
 4 [internal function]: CodeIgniter\Autoloader\Autoloader->loadClass('App\\Controllers\\Import')
 5 SYSTEMPATH\CodeIgniter.php(890): class_exists('\\App\\Controllers\\Import', true)
 6 SYSTEMPATH\CodeIgniter.php(484): CodeIgniter\CodeIgniter->startController()
 7 SYSTEMPATH\CodeIgniter.php(366): CodeIgniter\CodeIgniter->handleRequest(null, Object(Config\Cache), false)
 8 FCPATH\index.php(80): CodeIgniter\CodeIgniter->run()
WARNING - 2024-05-05 12:10:35 --> [DEPRECATED] Optional parameter $parseables declared before required parameter $label_context is implicitly treated as a required parameter in APPPATH\Controllers\Import.php on line 280.
 1 SYSTEMPATH\Autoloader\Autoloader.php(312): include_once('D:\\projects\\visaalliance-crm\\system\\Debug\\Exceptions.php')
 2 SYSTEMPATH\Autoloader\Autoloader.php(289): CodeIgniter\Autoloader\Autoloader->includeFile('D:\\projects\\visaalliance-crm\\app\\Controllers\\Import.php')
 3 SYSTEMPATH\Autoloader\Autoloader.php(267): CodeIgniter\Autoloader\Autoloader->loadInNamespace('App\\Controllers\\Import')
 4 [internal function]: CodeIgniter\Autoloader\Autoloader->loadClass('App\\Controllers\\Import')
 5 SYSTEMPATH\CodeIgniter.php(890): class_exists('\\App\\Controllers\\Import', true)
 6 SYSTEMPATH\CodeIgniter.php(484): CodeIgniter\CodeIgniter->startController()
 7 SYSTEMPATH\CodeIgniter.php(366): CodeIgniter\CodeIgniter->handleRequest(null, Object(Config\Cache), false)
 8 FCPATH\index.php(80): CodeIgniter\CodeIgniter->run()
WARNING - 2024-05-05 12:12:04 --> [DEPRECATED] Optional parameter $parseables declared before required parameter $label_context is implicitly treated as a required parameter in APPPATH\Controllers\Import.php on line 280.
 1 SYSTEMPATH\Autoloader\Autoloader.php(312): include_once('D:\\projects\\visaalliance-crm\\system\\Debug\\Exceptions.php')
 2 SYSTEMPATH\Autoloader\Autoloader.php(289): CodeIgniter\Autoloader\Autoloader->includeFile('D:\\projects\\visaalliance-crm\\app\\Controllers\\Import.php')
 3 SYSTEMPATH\Autoloader\Autoloader.php(267): CodeIgniter\Autoloader\Autoloader->loadInNamespace('App\\Controllers\\Import')
 4 [internal function]: CodeIgniter\Autoloader\Autoloader->loadClass('App\\Controllers\\Import')
 5 SYSTEMPATH\CodeIgniter.php(890): class_exists('\\App\\Controllers\\Import', true)
 6 SYSTEMPATH\CodeIgniter.php(484): CodeIgniter\CodeIgniter->startController()
 7 SYSTEMPATH\CodeIgniter.php(366): CodeIgniter\CodeIgniter->handleRequest(null, Object(Config\Cache), false)
 8 FCPATH\index.php(80): CodeIgniter\CodeIgniter->run()
WARNING - 2024-05-05 12:13:48 --> [DEPRECATED] Optional parameter $parseables declared before required parameter $label_context is implicitly treated as a required parameter in APPPATH\Controllers\Import.php on line 280.
 1 SYSTEMPATH\Autoloader\Autoloader.php(312): include_once('D:\\projects\\visaalliance-crm\\system\\Debug\\Exceptions.php')
 2 SYSTEMPATH\Autoloader\Autoloader.php(289): CodeIgniter\Autoloader\Autoloader->includeFile('D:\\projects\\visaalliance-crm\\app\\Controllers\\Import.php')
 3 SYSTEMPATH\Autoloader\Autoloader.php(267): CodeIgniter\Autoloader\Autoloader->loadInNamespace('App\\Controllers\\Import')
 4 [internal function]: CodeIgniter\Autoloader\Autoloader->loadClass('App\\Controllers\\Import')
 5 SYSTEMPATH\CodeIgniter.php(890): class_exists('\\App\\Controllers\\Import', true)
 6 SYSTEMPATH\CodeIgniter.php(484): CodeIgniter\CodeIgniter->startController()
 7 SYSTEMPATH\CodeIgniter.php(366): CodeIgniter\CodeIgniter->handleRequest(null, Object(Config\Cache), false)
 8 FCPATH\index.php(80): CodeIgniter\CodeIgniter->run()
CRITICAL - 2024-05-05 12:14:04 --> Maximum execution time of 120 seconds exceeded
in APPPATH\Controllers\Import.php on line 507.
 1 [internal function]: CodeIgniter\Debug\Exceptions->shutdownHandler()
WARNING - 2024-05-05 12:16:47 --> [DEPRECATED] Optional parameter $parseables declared before required parameter $label_context is implicitly treated as a required parameter in APPPATH\Controllers\Import.php on line 280.
 1 SYSTEMPATH\Autoloader\Autoloader.php(312): include_once('D:\\projects\\visaalliance-crm\\system\\Debug\\Exceptions.php')
 2 SYSTEMPATH\Autoloader\Autoloader.php(289): CodeIgniter\Autoloader\Autoloader->includeFile('D:\\projects\\visaalliance-crm\\app\\Controllers\\Import.php')
 3 SYSTEMPATH\Autoloader\Autoloader.php(267): CodeIgniter\Autoloader\Autoloader->loadInNamespace('App\\Controllers\\Import')
 4 [internal function]: CodeIgniter\Autoloader\Autoloader->loadClass('App\\Controllers\\Import')
 5 SYSTEMPATH\CodeIgniter.php(890): class_exists('\\App\\Controllers\\Import', true)
 6 SYSTEMPATH\CodeIgniter.php(484): CodeIgniter\CodeIgniter->startController()
 7 SYSTEMPATH\CodeIgniter.php(366): CodeIgniter\CodeIgniter->handleRequest(null, Object(Config\Cache), false)
 8 FCPATH\index.php(80): CodeIgniter\CodeIgniter->run()
WARNING - 2024-05-05 12:16:58 --> [DEPRECATED] Optional parameter $parseables declared before required parameter $label_context is implicitly treated as a required parameter in APPPATH\Controllers\Import.php on line 280.
 1 SYSTEMPATH\Autoloader\Autoloader.php(312): include_once('D:\\projects\\visaalliance-crm\\system\\Debug\\Exceptions.php')
 2 SYSTEMPATH\Autoloader\Autoloader.php(289): CodeIgniter\Autoloader\Autoloader->includeFile('D:\\projects\\visaalliance-crm\\app\\Controllers\\Import.php')
 3 SYSTEMPATH\Autoloader\Autoloader.php(267): CodeIgniter\Autoloader\Autoloader->loadInNamespace('App\\Controllers\\Import')
 4 [internal function]: CodeIgniter\Autoloader\Autoloader->loadClass('App\\Controllers\\Import')
 5 SYSTEMPATH\CodeIgniter.php(890): class_exists('\\App\\Controllers\\Import', true)
 6 SYSTEMPATH\CodeIgniter.php(484): CodeIgniter\CodeIgniter->startController()
 7 SYSTEMPATH\CodeIgniter.php(366): CodeIgniter\CodeIgniter->handleRequest(null, Object(Config\Cache), false)
 8 FCPATH\index.php(80): CodeIgniter\CodeIgniter->run()
CRITICAL - 2024-05-05 12:18:58 --> Maximum execution time of 120 seconds exceeded
in APPPATH\Controllers\Import.php on line 507.
 1 [internal function]: CodeIgniter\Debug\Exceptions->shutdownHandler()
CRITICAL - 2024-05-05 12:52:52 --> Maximum execution time of 120 seconds exceeded
in APPPATH\Controllers\Import.php on line 514.
 1 [internal function]: CodeIgniter\Debug\Exceptions->shutdownHandler()
WARNING - 2024-05-05 23:37:15 --> [DEPRECATED] preg_replace(): Passing null to parameter #3 ($subject) of type array|string is deprecated in APPPATH\Helpers\currency_helper.php on line 95.
 1 APPPATH\Helpers\currency_helper.php(95): preg_replace('/[^\\d,-\\.]/', '', null)
 2 APPPATH\Controllers\Projects.php(555): unformat_currency(null)
 3 SYSTEMPATH\CodeIgniter.php(932): App\Controllers\Projects->save()
 4 SYSTEMPATH\CodeIgniter.php(497): CodeIgniter\CodeIgniter->runController(Object(App\Controllers\Projects))
 5 SYSTEMPATH\CodeIgniter.php(366): CodeIgniter\CodeIgniter->handleRequest(null, Object(Config\Cache), false)
 6 FCPATH\index.php(80): CodeIgniter\CodeIgniter->run()
