CRITICAL - 2024-02-26 04:20:03 --> syntax error, unexpected token "->"
in APPPATH\Helpers\general_helper.php on line 642.
 1 APPPATH\Controllers\App_Controller.php(100): helper([...])
 2 APPPATH\Controllers\Security_Controller.php(20): App\Controllers\App_Controller->__construct()
 3 APPPATH\Controllers\Messages.php(8): App\Controllers\Security_Controller->__construct()
 4 SYSTEMPATH\CodeIgniter.php(904): App\Controllers\Messages->__construct()
 5 SYSTEMPATH\CodeIgniter.php(488): CodeIgniter\CodeIgniter->createController()
 6 SYSTEMPATH\CodeIgniter.php(366): CodeIgniter\CodeIgniter->handleRequest(null, Object(Config\Cache), false)
 7 FCPATH\index.php(80): CodeIgniter\CodeIgniter->run()
CRITICAL - 2024-02-26 05:35:33 --> Undefined property: stdClass::$phone_code
in APPPATH\Controllers\Projects.php on line 1226.
 1 APPPATH\Controllers\Projects.php(1226): CodeIgniter\Debug\Exceptions->errorHandler(2, 'Undefined property: stdClass::$phone_code', 'D:\\projects\\visaalliance-crm\\app\\Controllers\\Projects.php', 1226)
 2 APPPATH\Controllers\Projects.php(1090): App\Controllers\Projects->_make_row(Object(stdClass), [])
 3 SYSTEMPATH\CodeIgniter.php(932): App\Controllers\Projects->list_data()
 4 SYSTEMPATH\CodeIgniter.php(497): CodeIgniter\CodeIgniter->runController(Object(App\Controllers\Projects))
 5 SYSTEMPATH\CodeIgniter.php(366): CodeIgniter\CodeIgniter->handleRequest(null, Object(Config\Cache), false)
 6 FCPATH\index.php(80): CodeIgniter\CodeIgniter->run()
CRITICAL - 2024-02-26 05:44:28 --> Undefined property: stdClass::$phone_code
in APPPATH\Controllers\Projects.php on line 1227.
 1 APPPATH\Controllers\Projects.php(1227): CodeIgniter\Debug\Exceptions->errorHandler(2, 'Undefined property: stdClass::$phone_code', 'D:\\projects\\visaalliance-crm\\app\\Controllers\\Projects.php', 1227)
 2 APPPATH\Controllers\Projects.php(1090): App\Controllers\Projects->_make_row(Object(stdClass), [])
 3 SYSTEMPATH\CodeIgniter.php(932): App\Controllers\Projects->list_data()
 4 SYSTEMPATH\CodeIgniter.php(497): CodeIgniter\CodeIgniter->runController(Object(App\Controllers\Projects))
 5 SYSTEMPATH\CodeIgniter.php(366): CodeIgniter\CodeIgniter->handleRequest(null, Object(Config\Cache), false)
 6 FCPATH\index.php(80): CodeIgniter\CodeIgniter->run()
