WARNING - 2024-04-29 01:19:34 --> [DEPRECATED] Optional parameter $parseables declared before required parameter $label_context is implicitly treated as a required parameter in APPPATH\Controllers\Import.php on line 186.
 1 SYSTEMPATH\Autoloader\Autoloader.php(312): include_once('D:\\projects\\visaalliance-crm\\system\\Debug\\Exceptions.php')
 2 SYSTEMPATH\Autoloader\Autoloader.php(289): CodeIgniter\Autoloader\Autoloader->includeFile('D:\\projects\\visaalliance-crm\\app\\Controllers\\Import.php')
 3 SYSTEMPATH\Autoloader\Autoloader.php(267): CodeIgniter\Autoloader\Autoloader->loadInNamespace('App\\Controllers\\Import')
 4 [internal function]: CodeIgniter\Autoloader\Autoloader->loadClass('App\\Controllers\\Import')
 5 SYSTEMPATH\CodeIgniter.php(890): class_exists('\\App\\Controllers\\Import', true)
 6 SYSTEMPATH\CodeIgniter.php(484): CodeIgniter\CodeIgniter->startController()
 7 SYSTEMPATH\CodeIgniter.php(366): CodeIgniter\CodeIgniter->handleRequest(null, Object(Config\Cache), false)
 8 FCPATH\index.php(80): CodeIgniter\CodeIgniter->run()
WARNING - 2024-04-29 01:19:49 --> [DEPRECATED] Optional parameter $parseables declared before required parameter $label_context is implicitly treated as a required parameter in APPPATH\Controllers\Import.php on line 186.
 1 SYSTEMPATH\Autoloader\Autoloader.php(312): include_once('D:\\projects\\visaalliance-crm\\system\\Debug\\Exceptions.php')
 2 SYSTEMPATH\Autoloader\Autoloader.php(289): CodeIgniter\Autoloader\Autoloader->includeFile('D:\\projects\\visaalliance-crm\\app\\Controllers\\Import.php')
 3 SYSTEMPATH\Autoloader\Autoloader.php(267): CodeIgniter\Autoloader\Autoloader->loadInNamespace('App\\Controllers\\Import')
 4 [internal function]: CodeIgniter\Autoloader\Autoloader->loadClass('App\\Controllers\\Import')
 5 SYSTEMPATH\CodeIgniter.php(890): class_exists('\\App\\Controllers\\Import', true)
 6 SYSTEMPATH\CodeIgniter.php(484): CodeIgniter\CodeIgniter->startController()
 7 SYSTEMPATH\CodeIgniter.php(366): CodeIgniter\CodeIgniter->handleRequest(null, Object(Config\Cache), false)
 8 FCPATH\index.php(80): CodeIgniter\CodeIgniter->run()
WARNING - 2024-04-29 01:41:11 --> [DEPRECATED] Optional parameter $parseables declared before required parameter $label_context is implicitly treated as a required parameter in APPPATH\Controllers\Import.php on line 166.
 1 SYSTEMPATH\Autoloader\Autoloader.php(312): include_once('D:\\projects\\visaalliance-crm\\system\\Debug\\Exceptions.php')
 2 SYSTEMPATH\Autoloader\Autoloader.php(289): CodeIgniter\Autoloader\Autoloader->includeFile('D:\\projects\\visaalliance-crm\\app\\Controllers\\Import.php')
 3 SYSTEMPATH\Autoloader\Autoloader.php(267): CodeIgniter\Autoloader\Autoloader->loadInNamespace('App\\Controllers\\Import')
 4 [internal function]: CodeIgniter\Autoloader\Autoloader->loadClass('App\\Controllers\\Import')
 5 SYSTEMPATH\CodeIgniter.php(890): class_exists('\\App\\Controllers\\Import', true)
 6 SYSTEMPATH\CodeIgniter.php(484): CodeIgniter\CodeIgniter->startController()
 7 SYSTEMPATH\CodeIgniter.php(366): CodeIgniter\CodeIgniter->handleRequest(null, Object(Config\Cache), false)
 8 FCPATH\index.php(80): CodeIgniter\CodeIgniter->run()
WARNING - 2024-04-29 01:41:14 --> [DEPRECATED] Optional parameter $parseables declared before required parameter $label_context is implicitly treated as a required parameter in APPPATH\Controllers\Import.php on line 166.
 1 SYSTEMPATH\Autoloader\Autoloader.php(312): include_once('D:\\projects\\visaalliance-crm\\system\\Debug\\Exceptions.php')
 2 SYSTEMPATH\Autoloader\Autoloader.php(289): CodeIgniter\Autoloader\Autoloader->includeFile('D:\\projects\\visaalliance-crm\\app\\Controllers\\Import.php')
 3 SYSTEMPATH\Autoloader\Autoloader.php(267): CodeIgniter\Autoloader\Autoloader->loadInNamespace('App\\Controllers\\Import')
 4 [internal function]: CodeIgniter\Autoloader\Autoloader->loadClass('App\\Controllers\\Import')
 5 SYSTEMPATH\CodeIgniter.php(890): class_exists('\\App\\Controllers\\Import', true)
 6 SYSTEMPATH\CodeIgniter.php(484): CodeIgniter\CodeIgniter->startController()
 7 SYSTEMPATH\CodeIgniter.php(366): CodeIgniter\CodeIgniter->handleRequest(null, Object(Config\Cache), false)
 8 FCPATH\index.php(80): CodeIgniter\CodeIgniter->run()
WARNING - 2024-04-29 01:44:47 --> [DEPRECATED] Optional parameter $parseables declared before required parameter $label_context is implicitly treated as a required parameter in APPPATH\Controllers\Import.php on line 166.
 1 SYSTEMPATH\Autoloader\Autoloader.php(312): include_once('D:\\projects\\visaalliance-crm\\system\\Debug\\Exceptions.php')
 2 SYSTEMPATH\Autoloader\Autoloader.php(289): CodeIgniter\Autoloader\Autoloader->includeFile('D:\\projects\\visaalliance-crm\\app\\Controllers\\Import.php')
 3 SYSTEMPATH\Autoloader\Autoloader.php(267): CodeIgniter\Autoloader\Autoloader->loadInNamespace('App\\Controllers\\Import')
 4 [internal function]: CodeIgniter\Autoloader\Autoloader->loadClass('App\\Controllers\\Import')
 5 SYSTEMPATH\CodeIgniter.php(890): class_exists('\\App\\Controllers\\Import', true)
 6 SYSTEMPATH\CodeIgniter.php(484): CodeIgniter\CodeIgniter->startController()
 7 SYSTEMPATH\CodeIgniter.php(366): CodeIgniter\CodeIgniter->handleRequest(null, Object(Config\Cache), false)
 8 FCPATH\index.php(80): CodeIgniter\CodeIgniter->run()
WARNING - 2024-04-29 01:45:20 --> [DEPRECATED] Optional parameter $parseables declared before required parameter $label_context is implicitly treated as a required parameter in APPPATH\Controllers\Import.php on line 166.
 1 SYSTEMPATH\Autoloader\Autoloader.php(312): include_once('D:\\projects\\visaalliance-crm\\system\\Debug\\Exceptions.php')
 2 SYSTEMPATH\Autoloader\Autoloader.php(289): CodeIgniter\Autoloader\Autoloader->includeFile('D:\\projects\\visaalliance-crm\\app\\Controllers\\Import.php')
 3 SYSTEMPATH\Autoloader\Autoloader.php(267): CodeIgniter\Autoloader\Autoloader->loadInNamespace('App\\Controllers\\Import')
 4 [internal function]: CodeIgniter\Autoloader\Autoloader->loadClass('App\\Controllers\\Import')
 5 SYSTEMPATH\CodeIgniter.php(890): class_exists('\\App\\Controllers\\Import', true)
 6 SYSTEMPATH\CodeIgniter.php(484): CodeIgniter\CodeIgniter->startController()
 7 SYSTEMPATH\CodeIgniter.php(366): CodeIgniter\CodeIgniter->handleRequest(null, Object(Config\Cache), false)
 8 FCPATH\index.php(80): CodeIgniter\CodeIgniter->run()
WARNING - 2024-04-29 01:45:25 --> [DEPRECATED] Optional parameter $parseables declared before required parameter $label_context is implicitly treated as a required parameter in APPPATH\Controllers\Import.php on line 166.
 1 SYSTEMPATH\Autoloader\Autoloader.php(312): include_once('D:\\projects\\visaalliance-crm\\system\\Debug\\Exceptions.php')
 2 SYSTEMPATH\Autoloader\Autoloader.php(289): CodeIgniter\Autoloader\Autoloader->includeFile('D:\\projects\\visaalliance-crm\\app\\Controllers\\Import.php')
 3 SYSTEMPATH\Autoloader\Autoloader.php(267): CodeIgniter\Autoloader\Autoloader->loadInNamespace('App\\Controllers\\Import')
 4 [internal function]: CodeIgniter\Autoloader\Autoloader->loadClass('App\\Controllers\\Import')
 5 SYSTEMPATH\CodeIgniter.php(890): class_exists('\\App\\Controllers\\Import', true)
 6 SYSTEMPATH\CodeIgniter.php(484): CodeIgniter\CodeIgniter->startController()
 7 SYSTEMPATH\CodeIgniter.php(366): CodeIgniter\CodeIgniter->handleRequest(null, Object(Config\Cache), false)
 8 FCPATH\index.php(80): CodeIgniter\CodeIgniter->run()
WARNING - 2024-04-29 01:50:55 --> [DEPRECATED] Optional parameter $parseables declared before required parameter $label_context is implicitly treated as a required parameter in APPPATH\Controllers\Import.php on line 166.
 1 SYSTEMPATH\Autoloader\Autoloader.php(312): include_once('D:\\projects\\visaalliance-crm\\system\\Debug\\Exceptions.php')
 2 SYSTEMPATH\Autoloader\Autoloader.php(289): CodeIgniter\Autoloader\Autoloader->includeFile('D:\\projects\\visaalliance-crm\\app\\Controllers\\Import.php')
 3 SYSTEMPATH\Autoloader\Autoloader.php(267): CodeIgniter\Autoloader\Autoloader->loadInNamespace('App\\Controllers\\Import')
 4 [internal function]: CodeIgniter\Autoloader\Autoloader->loadClass('App\\Controllers\\Import')
 5 SYSTEMPATH\CodeIgniter.php(890): class_exists('\\App\\Controllers\\Import', true)
 6 SYSTEMPATH\CodeIgniter.php(484): CodeIgniter\CodeIgniter->startController()
 7 SYSTEMPATH\CodeIgniter.php(366): CodeIgniter\CodeIgniter->handleRequest(null, Object(Config\Cache), false)
 8 FCPATH\index.php(80): CodeIgniter\CodeIgniter->run()
WARNING - 2024-04-29 01:52:58 --> [DEPRECATED] Optional parameter $parseables declared before required parameter $label_context is implicitly treated as a required parameter in APPPATH\Controllers\Import.php on line 166.
 1 SYSTEMPATH\Autoloader\Autoloader.php(312): include_once('D:\\projects\\visaalliance-crm\\system\\Debug\\Exceptions.php')
 2 SYSTEMPATH\Autoloader\Autoloader.php(289): CodeIgniter\Autoloader\Autoloader->includeFile('D:\\projects\\visaalliance-crm\\app\\Controllers\\Import.php')
 3 SYSTEMPATH\Autoloader\Autoloader.php(267): CodeIgniter\Autoloader\Autoloader->loadInNamespace('App\\Controllers\\Import')
 4 [internal function]: CodeIgniter\Autoloader\Autoloader->loadClass('App\\Controllers\\Import')
 5 SYSTEMPATH\CodeIgniter.php(890): class_exists('\\App\\Controllers\\Import', true)
 6 SYSTEMPATH\CodeIgniter.php(484): CodeIgniter\CodeIgniter->startController()
 7 SYSTEMPATH\CodeIgniter.php(366): CodeIgniter\CodeIgniter->handleRequest(null, Object(Config\Cache), false)
 8 FCPATH\index.php(80): CodeIgniter\CodeIgniter->run()
WARNING - 2024-04-29 01:54:02 --> [DEPRECATED] Optional parameter $parseables declared before required parameter $label_context is implicitly treated as a required parameter in APPPATH\Controllers\Import.php on line 166.
 1 SYSTEMPATH\Autoloader\Autoloader.php(312): include_once('D:\\projects\\visaalliance-crm\\system\\Debug\\Exceptions.php')
 2 SYSTEMPATH\Autoloader\Autoloader.php(289): CodeIgniter\Autoloader\Autoloader->includeFile('D:\\projects\\visaalliance-crm\\app\\Controllers\\Import.php')
 3 SYSTEMPATH\Autoloader\Autoloader.php(267): CodeIgniter\Autoloader\Autoloader->loadInNamespace('App\\Controllers\\Import')
 4 [internal function]: CodeIgniter\Autoloader\Autoloader->loadClass('App\\Controllers\\Import')
 5 SYSTEMPATH\CodeIgniter.php(890): class_exists('\\App\\Controllers\\Import', true)
 6 SYSTEMPATH\CodeIgniter.php(484): CodeIgniter\CodeIgniter->startController()
 7 SYSTEMPATH\CodeIgniter.php(366): CodeIgniter\CodeIgniter->handleRequest(null, Object(Config\Cache), false)
 8 FCPATH\index.php(80): CodeIgniter\CodeIgniter->run()
WARNING - 2024-04-29 01:54:05 --> [DEPRECATED] Optional parameter $parseables declared before required parameter $label_context is implicitly treated as a required parameter in APPPATH\Controllers\Import.php on line 166.
 1 SYSTEMPATH\Autoloader\Autoloader.php(312): include_once('D:\\projects\\visaalliance-crm\\system\\Debug\\Exceptions.php')
 2 SYSTEMPATH\Autoloader\Autoloader.php(289): CodeIgniter\Autoloader\Autoloader->includeFile('D:\\projects\\visaalliance-crm\\app\\Controllers\\Import.php')
 3 SYSTEMPATH\Autoloader\Autoloader.php(267): CodeIgniter\Autoloader\Autoloader->loadInNamespace('App\\Controllers\\Import')
 4 [internal function]: CodeIgniter\Autoloader\Autoloader->loadClass('App\\Controllers\\Import')
 5 SYSTEMPATH\CodeIgniter.php(890): class_exists('\\App\\Controllers\\Import', true)
 6 SYSTEMPATH\CodeIgniter.php(484): CodeIgniter\CodeIgniter->startController()
 7 SYSTEMPATH\CodeIgniter.php(366): CodeIgniter\CodeIgniter->handleRequest(null, Object(Config\Cache), false)
 8 FCPATH\index.php(80): CodeIgniter\CodeIgniter->run()
WARNING - 2024-04-29 01:58:47 --> [DEPRECATED] Optional parameter $parseables declared before required parameter $label_context is implicitly treated as a required parameter in APPPATH\Controllers\Import.php on line 166.
 1 SYSTEMPATH\Autoloader\Autoloader.php(312): include_once('D:\\projects\\visaalliance-crm\\system\\Debug\\Exceptions.php')
 2 SYSTEMPATH\Autoloader\Autoloader.php(289): CodeIgniter\Autoloader\Autoloader->includeFile('D:\\projects\\visaalliance-crm\\app\\Controllers\\Import.php')
 3 SYSTEMPATH\Autoloader\Autoloader.php(267): CodeIgniter\Autoloader\Autoloader->loadInNamespace('App\\Controllers\\Import')
 4 [internal function]: CodeIgniter\Autoloader\Autoloader->loadClass('App\\Controllers\\Import')
 5 SYSTEMPATH\CodeIgniter.php(890): class_exists('\\App\\Controllers\\Import', true)
 6 SYSTEMPATH\CodeIgniter.php(484): CodeIgniter\CodeIgniter->startController()
 7 SYSTEMPATH\CodeIgniter.php(366): CodeIgniter\CodeIgniter->handleRequest(null, Object(Config\Cache), false)
 8 FCPATH\index.php(80): CodeIgniter\CodeIgniter->run()
WARNING - 2024-04-29 01:58:51 --> [DEPRECATED] Optional parameter $parseables declared before required parameter $label_context is implicitly treated as a required parameter in APPPATH\Controllers\Import.php on line 166.
 1 SYSTEMPATH\Autoloader\Autoloader.php(312): include_once('D:\\projects\\visaalliance-crm\\system\\Debug\\Exceptions.php')
 2 SYSTEMPATH\Autoloader\Autoloader.php(289): CodeIgniter\Autoloader\Autoloader->includeFile('D:\\projects\\visaalliance-crm\\app\\Controllers\\Import.php')
 3 SYSTEMPATH\Autoloader\Autoloader.php(267): CodeIgniter\Autoloader\Autoloader->loadInNamespace('App\\Controllers\\Import')
 4 [internal function]: CodeIgniter\Autoloader\Autoloader->loadClass('App\\Controllers\\Import')
 5 SYSTEMPATH\CodeIgniter.php(890): class_exists('\\App\\Controllers\\Import', true)
 6 SYSTEMPATH\CodeIgniter.php(484): CodeIgniter\CodeIgniter->startController()
 7 SYSTEMPATH\CodeIgniter.php(366): CodeIgniter\CodeIgniter->handleRequest(null, Object(Config\Cache), false)
 8 FCPATH\index.php(80): CodeIgniter\CodeIgniter->run()
WARNING - 2024-04-29 01:59:50 --> [DEPRECATED] Optional parameter $parseables declared before required parameter $label_context is implicitly treated as a required parameter in APPPATH\Controllers\Import.php on line 166.
 1 SYSTEMPATH\Autoloader\Autoloader.php(312): include_once('D:\\projects\\visaalliance-crm\\system\\Debug\\Exceptions.php')
 2 SYSTEMPATH\Autoloader\Autoloader.php(289): CodeIgniter\Autoloader\Autoloader->includeFile('D:\\projects\\visaalliance-crm\\app\\Controllers\\Import.php')
 3 SYSTEMPATH\Autoloader\Autoloader.php(267): CodeIgniter\Autoloader\Autoloader->loadInNamespace('App\\Controllers\\Import')
 4 [internal function]: CodeIgniter\Autoloader\Autoloader->loadClass('App\\Controllers\\Import')
 5 SYSTEMPATH\CodeIgniter.php(890): class_exists('\\App\\Controllers\\Import', true)
 6 SYSTEMPATH\CodeIgniter.php(484): CodeIgniter\CodeIgniter->startController()
 7 SYSTEMPATH\CodeIgniter.php(366): CodeIgniter\CodeIgniter->handleRequest(null, Object(Config\Cache), false)
 8 FCPATH\index.php(80): CodeIgniter\CodeIgniter->run()
WARNING - 2024-04-29 01:59:52 --> [DEPRECATED] Optional parameter $parseables declared before required parameter $label_context is implicitly treated as a required parameter in APPPATH\Controllers\Import.php on line 166.
 1 SYSTEMPATH\Autoloader\Autoloader.php(312): include_once('D:\\projects\\visaalliance-crm\\system\\Debug\\Exceptions.php')
 2 SYSTEMPATH\Autoloader\Autoloader.php(289): CodeIgniter\Autoloader\Autoloader->includeFile('D:\\projects\\visaalliance-crm\\app\\Controllers\\Import.php')
 3 SYSTEMPATH\Autoloader\Autoloader.php(267): CodeIgniter\Autoloader\Autoloader->loadInNamespace('App\\Controllers\\Import')
 4 [internal function]: CodeIgniter\Autoloader\Autoloader->loadClass('App\\Controllers\\Import')
 5 SYSTEMPATH\CodeIgniter.php(890): class_exists('\\App\\Controllers\\Import', true)
 6 SYSTEMPATH\CodeIgniter.php(484): CodeIgniter\CodeIgniter->startController()
 7 SYSTEMPATH\CodeIgniter.php(366): CodeIgniter\CodeIgniter->handleRequest(null, Object(Config\Cache), false)
 8 FCPATH\index.php(80): CodeIgniter\CodeIgniter->run()
WARNING - 2024-04-29 02:04:31 --> [DEPRECATED] Optional parameter $parseables declared before required parameter $label_context is implicitly treated as a required parameter in APPPATH\Controllers\Import.php on line 167.
 1 SYSTEMPATH\Autoloader\Autoloader.php(312): include_once('D:\\projects\\visaalliance-crm\\system\\Debug\\Exceptions.php')
 2 SYSTEMPATH\Autoloader\Autoloader.php(289): CodeIgniter\Autoloader\Autoloader->includeFile('D:\\projects\\visaalliance-crm\\app\\Controllers\\Import.php')
 3 SYSTEMPATH\Autoloader\Autoloader.php(267): CodeIgniter\Autoloader\Autoloader->loadInNamespace('App\\Controllers\\Import')
 4 [internal function]: CodeIgniter\Autoloader\Autoloader->loadClass('App\\Controllers\\Import')
 5 SYSTEMPATH\CodeIgniter.php(890): class_exists('\\App\\Controllers\\Import', true)
 6 SYSTEMPATH\CodeIgniter.php(484): CodeIgniter\CodeIgniter->startController()
 7 SYSTEMPATH\CodeIgniter.php(366): CodeIgniter\CodeIgniter->handleRequest(null, Object(Config\Cache), false)
 8 FCPATH\index.php(80): CodeIgniter\CodeIgniter->run()
WARNING - 2024-04-29 02:04:34 --> [DEPRECATED] Optional parameter $parseables declared before required parameter $label_context is implicitly treated as a required parameter in APPPATH\Controllers\Import.php on line 167.
 1 SYSTEMPATH\Autoloader\Autoloader.php(312): include_once('D:\\projects\\visaalliance-crm\\system\\Debug\\Exceptions.php')
 2 SYSTEMPATH\Autoloader\Autoloader.php(289): CodeIgniter\Autoloader\Autoloader->includeFile('D:\\projects\\visaalliance-crm\\app\\Controllers\\Import.php')
 3 SYSTEMPATH\Autoloader\Autoloader.php(267): CodeIgniter\Autoloader\Autoloader->loadInNamespace('App\\Controllers\\Import')
 4 [internal function]: CodeIgniter\Autoloader\Autoloader->loadClass('App\\Controllers\\Import')
 5 SYSTEMPATH\CodeIgniter.php(890): class_exists('\\App\\Controllers\\Import', true)
 6 SYSTEMPATH\CodeIgniter.php(484): CodeIgniter\CodeIgniter->startController()
 7 SYSTEMPATH\CodeIgniter.php(366): CodeIgniter\CodeIgniter->handleRequest(null, Object(Config\Cache), false)
 8 FCPATH\index.php(80): CodeIgniter\CodeIgniter->run()
WARNING - 2024-04-29 02:06:07 --> [DEPRECATED] Optional parameter $parseables declared before required parameter $label_context is implicitly treated as a required parameter in APPPATH\Controllers\Import.php on line 166.
 1 SYSTEMPATH\Autoloader\Autoloader.php(312): include_once('D:\\projects\\visaalliance-crm\\system\\Debug\\Exceptions.php')
 2 SYSTEMPATH\Autoloader\Autoloader.php(289): CodeIgniter\Autoloader\Autoloader->includeFile('D:\\projects\\visaalliance-crm\\app\\Controllers\\Import.php')
 3 SYSTEMPATH\Autoloader\Autoloader.php(267): CodeIgniter\Autoloader\Autoloader->loadInNamespace('App\\Controllers\\Import')
 4 [internal function]: CodeIgniter\Autoloader\Autoloader->loadClass('App\\Controllers\\Import')
 5 SYSTEMPATH\CodeIgniter.php(890): class_exists('\\App\\Controllers\\Import', true)
 6 SYSTEMPATH\CodeIgniter.php(484): CodeIgniter\CodeIgniter->startController()
 7 SYSTEMPATH\CodeIgniter.php(366): CodeIgniter\CodeIgniter->handleRequest(null, Object(Config\Cache), false)
 8 FCPATH\index.php(80): CodeIgniter\CodeIgniter->run()
WARNING - 2024-04-29 02:06:10 --> [DEPRECATED] Optional parameter $parseables declared before required parameter $label_context is implicitly treated as a required parameter in APPPATH\Controllers\Import.php on line 166.
 1 SYSTEMPATH\Autoloader\Autoloader.php(312): include_once('D:\\projects\\visaalliance-crm\\system\\Debug\\Exceptions.php')
 2 SYSTEMPATH\Autoloader\Autoloader.php(289): CodeIgniter\Autoloader\Autoloader->includeFile('D:\\projects\\visaalliance-crm\\app\\Controllers\\Import.php')
 3 SYSTEMPATH\Autoloader\Autoloader.php(267): CodeIgniter\Autoloader\Autoloader->loadInNamespace('App\\Controllers\\Import')
 4 [internal function]: CodeIgniter\Autoloader\Autoloader->loadClass('App\\Controllers\\Import')
 5 SYSTEMPATH\CodeIgniter.php(890): class_exists('\\App\\Controllers\\Import', true)
 6 SYSTEMPATH\CodeIgniter.php(484): CodeIgniter\CodeIgniter->startController()
 7 SYSTEMPATH\CodeIgniter.php(366): CodeIgniter\CodeIgniter->handleRequest(null, Object(Config\Cache), false)
 8 FCPATH\index.php(80): CodeIgniter\CodeIgniter->run()
WARNING - 2024-04-29 02:07:28 --> [DEPRECATED] Optional parameter $parseables declared before required parameter $label_context is implicitly treated as a required parameter in APPPATH\Controllers\Import.php on line 166.
 1 SYSTEMPATH\Autoloader\Autoloader.php(312): include_once('D:\\projects\\visaalliance-crm\\system\\Debug\\Exceptions.php')
 2 SYSTEMPATH\Autoloader\Autoloader.php(289): CodeIgniter\Autoloader\Autoloader->includeFile('D:\\projects\\visaalliance-crm\\app\\Controllers\\Import.php')
 3 SYSTEMPATH\Autoloader\Autoloader.php(267): CodeIgniter\Autoloader\Autoloader->loadInNamespace('App\\Controllers\\Import')
 4 [internal function]: CodeIgniter\Autoloader\Autoloader->loadClass('App\\Controllers\\Import')
 5 SYSTEMPATH\CodeIgniter.php(890): class_exists('\\App\\Controllers\\Import', true)
 6 SYSTEMPATH\CodeIgniter.php(484): CodeIgniter\CodeIgniter->startController()
 7 SYSTEMPATH\CodeIgniter.php(366): CodeIgniter\CodeIgniter->handleRequest(null, Object(Config\Cache), false)
 8 FCPATH\index.php(80): CodeIgniter\CodeIgniter->run()
WARNING - 2024-04-29 02:07:31 --> [DEPRECATED] Optional parameter $parseables declared before required parameter $label_context is implicitly treated as a required parameter in APPPATH\Controllers\Import.php on line 166.
 1 SYSTEMPATH\Autoloader\Autoloader.php(312): include_once('D:\\projects\\visaalliance-crm\\system\\Debug\\Exceptions.php')
 2 SYSTEMPATH\Autoloader\Autoloader.php(289): CodeIgniter\Autoloader\Autoloader->includeFile('D:\\projects\\visaalliance-crm\\app\\Controllers\\Import.php')
 3 SYSTEMPATH\Autoloader\Autoloader.php(267): CodeIgniter\Autoloader\Autoloader->loadInNamespace('App\\Controllers\\Import')
 4 [internal function]: CodeIgniter\Autoloader\Autoloader->loadClass('App\\Controllers\\Import')
 5 SYSTEMPATH\CodeIgniter.php(890): class_exists('\\App\\Controllers\\Import', true)
 6 SYSTEMPATH\CodeIgniter.php(484): CodeIgniter\CodeIgniter->startController()
 7 SYSTEMPATH\CodeIgniter.php(366): CodeIgniter\CodeIgniter->handleRequest(null, Object(Config\Cache), false)
 8 FCPATH\index.php(80): CodeIgniter\CodeIgniter->run()
WARNING - 2024-04-29 02:36:02 --> [DEPRECATED] Optional parameter $parseables declared before required parameter $label_context is implicitly treated as a required parameter in APPPATH\Controllers\Import.php on line 166.
 1 SYSTEMPATH\Autoloader\Autoloader.php(312): include_once('D:\\projects\\visaalliance-crm\\system\\Debug\\Exceptions.php')
 2 SYSTEMPATH\Autoloader\Autoloader.php(289): CodeIgniter\Autoloader\Autoloader->includeFile('D:\\projects\\visaalliance-crm\\app\\Controllers\\Import.php')
 3 SYSTEMPATH\Autoloader\Autoloader.php(267): CodeIgniter\Autoloader\Autoloader->loadInNamespace('App\\Controllers\\Import')
 4 [internal function]: CodeIgniter\Autoloader\Autoloader->loadClass('App\\Controllers\\Import')
 5 SYSTEMPATH\CodeIgniter.php(890): class_exists('\\App\\Controllers\\Import', true)
 6 SYSTEMPATH\CodeIgniter.php(484): CodeIgniter\CodeIgniter->startController()
 7 SYSTEMPATH\CodeIgniter.php(366): CodeIgniter\CodeIgniter->handleRequest(null, Object(Config\Cache), false)
 8 FCPATH\index.php(80): CodeIgniter\CodeIgniter->run()
WARNING - 2024-04-29 02:36:05 --> [DEPRECATED] Optional parameter $parseables declared before required parameter $label_context is implicitly treated as a required parameter in APPPATH\Controllers\Import.php on line 166.
 1 SYSTEMPATH\Autoloader\Autoloader.php(312): include_once('D:\\projects\\visaalliance-crm\\system\\Debug\\Exceptions.php')
 2 SYSTEMPATH\Autoloader\Autoloader.php(289): CodeIgniter\Autoloader\Autoloader->includeFile('D:\\projects\\visaalliance-crm\\app\\Controllers\\Import.php')
 3 SYSTEMPATH\Autoloader\Autoloader.php(267): CodeIgniter\Autoloader\Autoloader->loadInNamespace('App\\Controllers\\Import')
 4 [internal function]: CodeIgniter\Autoloader\Autoloader->loadClass('App\\Controllers\\Import')
 5 SYSTEMPATH\CodeIgniter.php(890): class_exists('\\App\\Controllers\\Import', true)
 6 SYSTEMPATH\CodeIgniter.php(484): CodeIgniter\CodeIgniter->startController()
 7 SYSTEMPATH\CodeIgniter.php(366): CodeIgniter\CodeIgniter->handleRequest(null, Object(Config\Cache), false)
 8 FCPATH\index.php(80): CodeIgniter\CodeIgniter->run()
WARNING - 2024-04-29 02:42:46 --> [DEPRECATED] Optional parameter $parseables declared before required parameter $label_context is implicitly treated as a required parameter in APPPATH\Controllers\Import.php on line 166.
 1 SYSTEMPATH\Autoloader\Autoloader.php(312): include_once('D:\\projects\\visaalliance-crm\\system\\Debug\\Exceptions.php')
 2 SYSTEMPATH\Autoloader\Autoloader.php(289): CodeIgniter\Autoloader\Autoloader->includeFile('D:\\projects\\visaalliance-crm\\app\\Controllers\\Import.php')
 3 SYSTEMPATH\Autoloader\Autoloader.php(267): CodeIgniter\Autoloader\Autoloader->loadInNamespace('App\\Controllers\\Import')
 4 [internal function]: CodeIgniter\Autoloader\Autoloader->loadClass('App\\Controllers\\Import')
 5 SYSTEMPATH\CodeIgniter.php(890): class_exists('\\App\\Controllers\\Import', true)
 6 SYSTEMPATH\CodeIgniter.php(484): CodeIgniter\CodeIgniter->startController()
 7 SYSTEMPATH\CodeIgniter.php(366): CodeIgniter\CodeIgniter->handleRequest(null, Object(Config\Cache), false)
 8 FCPATH\index.php(80): CodeIgniter\CodeIgniter->run()
WARNING - 2024-04-29 02:42:50 --> [DEPRECATED] Optional parameter $parseables declared before required parameter $label_context is implicitly treated as a required parameter in APPPATH\Controllers\Import.php on line 166.
 1 SYSTEMPATH\Autoloader\Autoloader.php(312): include_once('D:\\projects\\visaalliance-crm\\system\\Debug\\Exceptions.php')
 2 SYSTEMPATH\Autoloader\Autoloader.php(289): CodeIgniter\Autoloader\Autoloader->includeFile('D:\\projects\\visaalliance-crm\\app\\Controllers\\Import.php')
 3 SYSTEMPATH\Autoloader\Autoloader.php(267): CodeIgniter\Autoloader\Autoloader->loadInNamespace('App\\Controllers\\Import')
 4 [internal function]: CodeIgniter\Autoloader\Autoloader->loadClass('App\\Controllers\\Import')
 5 SYSTEMPATH\CodeIgniter.php(890): class_exists('\\App\\Controllers\\Import', true)
 6 SYSTEMPATH\CodeIgniter.php(484): CodeIgniter\CodeIgniter->startController()
 7 SYSTEMPATH\CodeIgniter.php(366): CodeIgniter\CodeIgniter->handleRequest(null, Object(Config\Cache), false)
 8 FCPATH\index.php(80): CodeIgniter\CodeIgniter->run()
WARNING - 2024-04-29 03:13:52 --> [DEPRECATED] Optional parameter $parseables declared before required parameter $label_context is implicitly treated as a required parameter in APPPATH\Controllers\Import.php on line 166.
 1 SYSTEMPATH\Autoloader\Autoloader.php(312): include_once('D:\\projects\\visaalliance-crm\\system\\Debug\\Exceptions.php')
 2 SYSTEMPATH\Autoloader\Autoloader.php(289): CodeIgniter\Autoloader\Autoloader->includeFile('D:\\projects\\visaalliance-crm\\app\\Controllers\\Import.php')
 3 SYSTEMPATH\Autoloader\Autoloader.php(267): CodeIgniter\Autoloader\Autoloader->loadInNamespace('App\\Controllers\\Import')
 4 [internal function]: CodeIgniter\Autoloader\Autoloader->loadClass('App\\Controllers\\Import')
 5 SYSTEMPATH\CodeIgniter.php(890): class_exists('\\App\\Controllers\\Import', true)
 6 SYSTEMPATH\CodeIgniter.php(484): CodeIgniter\CodeIgniter->startController()
 7 SYSTEMPATH\CodeIgniter.php(366): CodeIgniter\CodeIgniter->handleRequest(null, Object(Config\Cache), false)
 8 FCPATH\index.php(80): CodeIgniter\CodeIgniter->run()
WARNING - 2024-04-29 03:13:57 --> [DEPRECATED] Optional parameter $parseables declared before required parameter $label_context is implicitly treated as a required parameter in APPPATH\Controllers\Import.php on line 166.
 1 SYSTEMPATH\Autoloader\Autoloader.php(312): include_once('D:\\projects\\visaalliance-crm\\system\\Debug\\Exceptions.php')
 2 SYSTEMPATH\Autoloader\Autoloader.php(289): CodeIgniter\Autoloader\Autoloader->includeFile('D:\\projects\\visaalliance-crm\\app\\Controllers\\Import.php')
 3 SYSTEMPATH\Autoloader\Autoloader.php(267): CodeIgniter\Autoloader\Autoloader->loadInNamespace('App\\Controllers\\Import')
 4 [internal function]: CodeIgniter\Autoloader\Autoloader->loadClass('App\\Controllers\\Import')
 5 SYSTEMPATH\CodeIgniter.php(890): class_exists('\\App\\Controllers\\Import', true)
 6 SYSTEMPATH\CodeIgniter.php(484): CodeIgniter\CodeIgniter->startController()
 7 SYSTEMPATH\CodeIgniter.php(366): CodeIgniter\CodeIgniter->handleRequest(null, Object(Config\Cache), false)
 8 FCPATH\index.php(80): CodeIgniter\CodeIgniter->run()
WARNING - 2024-04-29 03:47:11 --> [DEPRECATED] Optional parameter $parseables declared before required parameter $label_context is implicitly treated as a required parameter in APPPATH\Controllers\Import.php on line 166.
 1 SYSTEMPATH\Autoloader\Autoloader.php(312): include_once('D:\\projects\\visaalliance-crm\\system\\Debug\\Exceptions.php')
 2 SYSTEMPATH\Autoloader\Autoloader.php(289): CodeIgniter\Autoloader\Autoloader->includeFile('D:\\projects\\visaalliance-crm\\app\\Controllers\\Import.php')
 3 SYSTEMPATH\Autoloader\Autoloader.php(267): CodeIgniter\Autoloader\Autoloader->loadInNamespace('App\\Controllers\\Import')
 4 [internal function]: CodeIgniter\Autoloader\Autoloader->loadClass('App\\Controllers\\Import')
 5 SYSTEMPATH\CodeIgniter.php(890): class_exists('\\App\\Controllers\\Import', true)
 6 SYSTEMPATH\CodeIgniter.php(484): CodeIgniter\CodeIgniter->startController()
 7 SYSTEMPATH\CodeIgniter.php(366): CodeIgniter\CodeIgniter->handleRequest(null, Object(Config\Cache), false)
 8 FCPATH\index.php(80): CodeIgniter\CodeIgniter->run()
WARNING - 2024-04-29 03:47:22 --> [DEPRECATED] Optional parameter $parseables declared before required parameter $label_context is implicitly treated as a required parameter in APPPATH\Controllers\Import.php on line 166.
 1 SYSTEMPATH\Autoloader\Autoloader.php(312): include_once('D:\\projects\\visaalliance-crm\\system\\Debug\\Exceptions.php')
 2 SYSTEMPATH\Autoloader\Autoloader.php(289): CodeIgniter\Autoloader\Autoloader->includeFile('D:\\projects\\visaalliance-crm\\app\\Controllers\\Import.php')
 3 SYSTEMPATH\Autoloader\Autoloader.php(267): CodeIgniter\Autoloader\Autoloader->loadInNamespace('App\\Controllers\\Import')
 4 [internal function]: CodeIgniter\Autoloader\Autoloader->loadClass('App\\Controllers\\Import')
 5 SYSTEMPATH\CodeIgniter.php(890): class_exists('\\App\\Controllers\\Import', true)
 6 SYSTEMPATH\CodeIgniter.php(484): CodeIgniter\CodeIgniter->startController()
 7 SYSTEMPATH\CodeIgniter.php(366): CodeIgniter\CodeIgniter->handleRequest(null, Object(Config\Cache), false)
 8 FCPATH\index.php(80): CodeIgniter\CodeIgniter->run()
WARNING - 2024-04-29 03:49:29 --> [DEPRECATED] Optional parameter $parseables declared before required parameter $label_context is implicitly treated as a required parameter in APPPATH\Controllers\Import.php on line 166.
 1 SYSTEMPATH\Autoloader\Autoloader.php(312): include_once('D:\\projects\\visaalliance-crm\\system\\Debug\\Exceptions.php')
 2 SYSTEMPATH\Autoloader\Autoloader.php(289): CodeIgniter\Autoloader\Autoloader->includeFile('D:\\projects\\visaalliance-crm\\app\\Controllers\\Import.php')
 3 SYSTEMPATH\Autoloader\Autoloader.php(267): CodeIgniter\Autoloader\Autoloader->loadInNamespace('App\\Controllers\\Import')
 4 [internal function]: CodeIgniter\Autoloader\Autoloader->loadClass('App\\Controllers\\Import')
 5 SYSTEMPATH\CodeIgniter.php(890): class_exists('\\App\\Controllers\\Import', true)
 6 SYSTEMPATH\CodeIgniter.php(484): CodeIgniter\CodeIgniter->startController()
 7 SYSTEMPATH\CodeIgniter.php(366): CodeIgniter\CodeIgniter->handleRequest(null, Object(Config\Cache), false)
 8 FCPATH\index.php(80): CodeIgniter\CodeIgniter->run()
WARNING - 2024-04-29 03:49:56 --> [DEPRECATED] Optional parameter $parseables declared before required parameter $label_context is implicitly treated as a required parameter in APPPATH\Controllers\Import.php on line 166.
 1 SYSTEMPATH\Autoloader\Autoloader.php(312): include_once('D:\\projects\\visaalliance-crm\\system\\Debug\\Exceptions.php')
 2 SYSTEMPATH\Autoloader\Autoloader.php(289): CodeIgniter\Autoloader\Autoloader->includeFile('D:\\projects\\visaalliance-crm\\app\\Controllers\\Import.php')
 3 SYSTEMPATH\Autoloader\Autoloader.php(267): CodeIgniter\Autoloader\Autoloader->loadInNamespace('App\\Controllers\\Import')
 4 [internal function]: CodeIgniter\Autoloader\Autoloader->loadClass('App\\Controllers\\Import')
 5 SYSTEMPATH\CodeIgniter.php(890): class_exists('\\App\\Controllers\\Import', true)
 6 SYSTEMPATH\CodeIgniter.php(484): CodeIgniter\CodeIgniter->startController()
 7 SYSTEMPATH\CodeIgniter.php(366): CodeIgniter\CodeIgniter->handleRequest(null, Object(Config\Cache), false)
 8 FCPATH\index.php(80): CodeIgniter\CodeIgniter->run()
WARNING - 2024-04-29 04:55:34 --> [DEPRECATED] Optional parameter $parseables declared before required parameter $label_context is implicitly treated as a required parameter in APPPATH\Controllers\Import.php on line 166.
 1 SYSTEMPATH\Autoloader\Autoloader.php(312): include_once('D:\\projects\\visaalliance-crm\\system\\Debug\\Exceptions.php')
 2 SYSTEMPATH\Autoloader\Autoloader.php(289): CodeIgniter\Autoloader\Autoloader->includeFile('D:\\projects\\visaalliance-crm\\app\\Controllers\\Import.php')
 3 SYSTEMPATH\Autoloader\Autoloader.php(267): CodeIgniter\Autoloader\Autoloader->loadInNamespace('App\\Controllers\\Import')
 4 [internal function]: CodeIgniter\Autoloader\Autoloader->loadClass('App\\Controllers\\Import')
 5 SYSTEMPATH\CodeIgniter.php(890): class_exists('\\App\\Controllers\\Import', true)
 6 SYSTEMPATH\CodeIgniter.php(484): CodeIgniter\CodeIgniter->startController()
 7 SYSTEMPATH\CodeIgniter.php(366): CodeIgniter\CodeIgniter->handleRequest(null, Object(Config\Cache), false)
 8 FCPATH\index.php(80): CodeIgniter\CodeIgniter->run()
WARNING - 2024-04-29 04:55:40 --> [DEPRECATED] Optional parameter $parseables declared before required parameter $label_context is implicitly treated as a required parameter in APPPATH\Controllers\Import.php on line 166.
 1 SYSTEMPATH\Autoloader\Autoloader.php(312): include_once('D:\\projects\\visaalliance-crm\\system\\Debug\\Exceptions.php')
 2 SYSTEMPATH\Autoloader\Autoloader.php(289): CodeIgniter\Autoloader\Autoloader->includeFile('D:\\projects\\visaalliance-crm\\app\\Controllers\\Import.php')
 3 SYSTEMPATH\Autoloader\Autoloader.php(267): CodeIgniter\Autoloader\Autoloader->loadInNamespace('App\\Controllers\\Import')
 4 [internal function]: CodeIgniter\Autoloader\Autoloader->loadClass('App\\Controllers\\Import')
 5 SYSTEMPATH\CodeIgniter.php(890): class_exists('\\App\\Controllers\\Import', true)
 6 SYSTEMPATH\CodeIgniter.php(484): CodeIgniter\CodeIgniter->startController()
 7 SYSTEMPATH\CodeIgniter.php(366): CodeIgniter\CodeIgniter->handleRequest(null, Object(Config\Cache), false)
 8 FCPATH\index.php(80): CodeIgniter\CodeIgniter->run()
WARNING - 2024-04-29 05:00:22 --> [DEPRECATED] Optional parameter $parseables declared before required parameter $label_context is implicitly treated as a required parameter in APPPATH\Controllers\Import.php on line 166.
 1 SYSTEMPATH\Autoloader\Autoloader.php(312): include_once('D:\\projects\\visaalliance-crm\\system\\Debug\\Exceptions.php')
 2 SYSTEMPATH\Autoloader\Autoloader.php(289): CodeIgniter\Autoloader\Autoloader->includeFile('D:\\projects\\visaalliance-crm\\app\\Controllers\\Import.php')
 3 SYSTEMPATH\Autoloader\Autoloader.php(267): CodeIgniter\Autoloader\Autoloader->loadInNamespace('App\\Controllers\\Import')
 4 [internal function]: CodeIgniter\Autoloader\Autoloader->loadClass('App\\Controllers\\Import')
 5 SYSTEMPATH\CodeIgniter.php(890): class_exists('\\App\\Controllers\\Import', true)
 6 SYSTEMPATH\CodeIgniter.php(484): CodeIgniter\CodeIgniter->startController()
 7 SYSTEMPATH\CodeIgniter.php(366): CodeIgniter\CodeIgniter->handleRequest(null, Object(Config\Cache), false)
 8 FCPATH\index.php(80): CodeIgniter\CodeIgniter->run()
WARNING - 2024-04-29 05:00:28 --> [DEPRECATED] Optional parameter $parseables declared before required parameter $label_context is implicitly treated as a required parameter in APPPATH\Controllers\Import.php on line 166.
 1 SYSTEMPATH\Autoloader\Autoloader.php(312): include_once('D:\\projects\\visaalliance-crm\\system\\Debug\\Exceptions.php')
 2 SYSTEMPATH\Autoloader\Autoloader.php(289): CodeIgniter\Autoloader\Autoloader->includeFile('D:\\projects\\visaalliance-crm\\app\\Controllers\\Import.php')
 3 SYSTEMPATH\Autoloader\Autoloader.php(267): CodeIgniter\Autoloader\Autoloader->loadInNamespace('App\\Controllers\\Import')
 4 [internal function]: CodeIgniter\Autoloader\Autoloader->loadClass('App\\Controllers\\Import')
 5 SYSTEMPATH\CodeIgniter.php(890): class_exists('\\App\\Controllers\\Import', true)
 6 SYSTEMPATH\CodeIgniter.php(484): CodeIgniter\CodeIgniter->startController()
 7 SYSTEMPATH\CodeIgniter.php(366): CodeIgniter\CodeIgniter->handleRequest(null, Object(Config\Cache), false)
 8 FCPATH\index.php(80): CodeIgniter\CodeIgniter->run()
WARNING - 2024-04-29 05:01:50 --> [DEPRECATED] Optional parameter $parseables declared before required parameter $label_context is implicitly treated as a required parameter in APPPATH\Controllers\Import.php on line 166.
 1 SYSTEMPATH\Autoloader\Autoloader.php(312): include_once('D:\\projects\\visaalliance-crm\\system\\Debug\\Exceptions.php')
 2 SYSTEMPATH\Autoloader\Autoloader.php(289): CodeIgniter\Autoloader\Autoloader->includeFile('D:\\projects\\visaalliance-crm\\app\\Controllers\\Import.php')
 3 SYSTEMPATH\Autoloader\Autoloader.php(267): CodeIgniter\Autoloader\Autoloader->loadInNamespace('App\\Controllers\\Import')
 4 [internal function]: CodeIgniter\Autoloader\Autoloader->loadClass('App\\Controllers\\Import')
 5 SYSTEMPATH\CodeIgniter.php(890): class_exists('\\App\\Controllers\\Import', true)
 6 SYSTEMPATH\CodeIgniter.php(484): CodeIgniter\CodeIgniter->startController()
 7 SYSTEMPATH\CodeIgniter.php(366): CodeIgniter\CodeIgniter->handleRequest(null, Object(Config\Cache), false)
 8 FCPATH\index.php(80): CodeIgniter\CodeIgniter->run()
WARNING - 2024-04-29 05:01:55 --> [DEPRECATED] Optional parameter $parseables declared before required parameter $label_context is implicitly treated as a required parameter in APPPATH\Controllers\Import.php on line 166.
 1 SYSTEMPATH\Autoloader\Autoloader.php(312): include_once('D:\\projects\\visaalliance-crm\\system\\Debug\\Exceptions.php')
 2 SYSTEMPATH\Autoloader\Autoloader.php(289): CodeIgniter\Autoloader\Autoloader->includeFile('D:\\projects\\visaalliance-crm\\app\\Controllers\\Import.php')
 3 SYSTEMPATH\Autoloader\Autoloader.php(267): CodeIgniter\Autoloader\Autoloader->loadInNamespace('App\\Controllers\\Import')
 4 [internal function]: CodeIgniter\Autoloader\Autoloader->loadClass('App\\Controllers\\Import')
 5 SYSTEMPATH\CodeIgniter.php(890): class_exists('\\App\\Controllers\\Import', true)
 6 SYSTEMPATH\CodeIgniter.php(484): CodeIgniter\CodeIgniter->startController()
 7 SYSTEMPATH\CodeIgniter.php(366): CodeIgniter\CodeIgniter->handleRequest(null, Object(Config\Cache), false)
 8 FCPATH\index.php(80): CodeIgniter\CodeIgniter->run()
WARNING - 2024-04-29 05:02:30 --> [DEPRECATED] Optional parameter $parseables declared before required parameter $label_context is implicitly treated as a required parameter in APPPATH\Controllers\Import.php on line 166.
 1 SYSTEMPATH\Autoloader\Autoloader.php(312): include_once('D:\\projects\\visaalliance-crm\\system\\Debug\\Exceptions.php')
 2 SYSTEMPATH\Autoloader\Autoloader.php(289): CodeIgniter\Autoloader\Autoloader->includeFile('D:\\projects\\visaalliance-crm\\app\\Controllers\\Import.php')
 3 SYSTEMPATH\Autoloader\Autoloader.php(267): CodeIgniter\Autoloader\Autoloader->loadInNamespace('App\\Controllers\\Import')
 4 [internal function]: CodeIgniter\Autoloader\Autoloader->loadClass('App\\Controllers\\Import')
 5 SYSTEMPATH\CodeIgniter.php(890): class_exists('\\App\\Controllers\\Import', true)
 6 SYSTEMPATH\CodeIgniter.php(484): CodeIgniter\CodeIgniter->startController()
 7 SYSTEMPATH\CodeIgniter.php(366): CodeIgniter\CodeIgniter->handleRequest(null, Object(Config\Cache), false)
 8 FCPATH\index.php(80): CodeIgniter\CodeIgniter->run()
WARNING - 2024-04-29 05:02:35 --> [DEPRECATED] Optional parameter $parseables declared before required parameter $label_context is implicitly treated as a required parameter in APPPATH\Controllers\Import.php on line 166.
 1 SYSTEMPATH\Autoloader\Autoloader.php(312): include_once('D:\\projects\\visaalliance-crm\\system\\Debug\\Exceptions.php')
 2 SYSTEMPATH\Autoloader\Autoloader.php(289): CodeIgniter\Autoloader\Autoloader->includeFile('D:\\projects\\visaalliance-crm\\app\\Controllers\\Import.php')
 3 SYSTEMPATH\Autoloader\Autoloader.php(267): CodeIgniter\Autoloader\Autoloader->loadInNamespace('App\\Controllers\\Import')
 4 [internal function]: CodeIgniter\Autoloader\Autoloader->loadClass('App\\Controllers\\Import')
 5 SYSTEMPATH\CodeIgniter.php(890): class_exists('\\App\\Controllers\\Import', true)
 6 SYSTEMPATH\CodeIgniter.php(484): CodeIgniter\CodeIgniter->startController()
 7 SYSTEMPATH\CodeIgniter.php(366): CodeIgniter\CodeIgniter->handleRequest(null, Object(Config\Cache), false)
 8 FCPATH\index.php(80): CodeIgniter\CodeIgniter->run()
WARNING - 2024-04-29 05:08:33 --> [DEPRECATED] Optional parameter $parseables declared before required parameter $label_context is implicitly treated as a required parameter in APPPATH\Controllers\Import.php on line 166.
 1 SYSTEMPATH\Autoloader\Autoloader.php(312): include_once('D:\\projects\\visaalliance-crm\\system\\Debug\\Exceptions.php')
 2 SYSTEMPATH\Autoloader\Autoloader.php(289): CodeIgniter\Autoloader\Autoloader->includeFile('D:\\projects\\visaalliance-crm\\app\\Controllers\\Import.php')
 3 SYSTEMPATH\Autoloader\Autoloader.php(267): CodeIgniter\Autoloader\Autoloader->loadInNamespace('App\\Controllers\\Import')
 4 [internal function]: CodeIgniter\Autoloader\Autoloader->loadClass('App\\Controllers\\Import')
 5 SYSTEMPATH\CodeIgniter.php(890): class_exists('\\App\\Controllers\\Import', true)
 6 SYSTEMPATH\CodeIgniter.php(484): CodeIgniter\CodeIgniter->startController()
 7 SYSTEMPATH\CodeIgniter.php(366): CodeIgniter\CodeIgniter->handleRequest(null, Object(Config\Cache), false)
 8 FCPATH\index.php(80): CodeIgniter\CodeIgniter->run()
WARNING - 2024-04-29 05:08:36 --> [DEPRECATED] Optional parameter $parseables declared before required parameter $label_context is implicitly treated as a required parameter in APPPATH\Controllers\Import.php on line 166.
 1 SYSTEMPATH\Autoloader\Autoloader.php(312): include_once('D:\\projects\\visaalliance-crm\\system\\Debug\\Exceptions.php')
 2 SYSTEMPATH\Autoloader\Autoloader.php(289): CodeIgniter\Autoloader\Autoloader->includeFile('D:\\projects\\visaalliance-crm\\app\\Controllers\\Import.php')
 3 SYSTEMPATH\Autoloader\Autoloader.php(267): CodeIgniter\Autoloader\Autoloader->loadInNamespace('App\\Controllers\\Import')
 4 [internal function]: CodeIgniter\Autoloader\Autoloader->loadClass('App\\Controllers\\Import')
 5 SYSTEMPATH\CodeIgniter.php(890): class_exists('\\App\\Controllers\\Import', true)
 6 SYSTEMPATH\CodeIgniter.php(484): CodeIgniter\CodeIgniter->startController()
 7 SYSTEMPATH\CodeIgniter.php(366): CodeIgniter\CodeIgniter->handleRequest(null, Object(Config\Cache), false)
 8 FCPATH\index.php(80): CodeIgniter\CodeIgniter->run()
WARNING - 2024-04-29 05:08:51 --> [DEPRECATED] Optional parameter $parseables declared before required parameter $label_context is implicitly treated as a required parameter in APPPATH\Controllers\Import.php on line 166.
 1 SYSTEMPATH\Autoloader\Autoloader.php(312): include_once('D:\\projects\\visaalliance-crm\\system\\Debug\\Exceptions.php')
 2 SYSTEMPATH\Autoloader\Autoloader.php(289): CodeIgniter\Autoloader\Autoloader->includeFile('D:\\projects\\visaalliance-crm\\app\\Controllers\\Import.php')
 3 SYSTEMPATH\Autoloader\Autoloader.php(267): CodeIgniter\Autoloader\Autoloader->loadInNamespace('App\\Controllers\\Import')
 4 [internal function]: CodeIgniter\Autoloader\Autoloader->loadClass('App\\Controllers\\Import')
 5 SYSTEMPATH\CodeIgniter.php(890): class_exists('\\App\\Controllers\\Import', true)
 6 SYSTEMPATH\CodeIgniter.php(484): CodeIgniter\CodeIgniter->startController()
 7 SYSTEMPATH\CodeIgniter.php(366): CodeIgniter\CodeIgniter->handleRequest(null, Object(Config\Cache), false)
 8 FCPATH\index.php(80): CodeIgniter\CodeIgniter->run()
WARNING - 2024-04-29 05:08:57 --> [DEPRECATED] Optional parameter $parseables declared before required parameter $label_context is implicitly treated as a required parameter in APPPATH\Controllers\Import.php on line 166.
 1 SYSTEMPATH\Autoloader\Autoloader.php(312): include_once('D:\\projects\\visaalliance-crm\\system\\Debug\\Exceptions.php')
 2 SYSTEMPATH\Autoloader\Autoloader.php(289): CodeIgniter\Autoloader\Autoloader->includeFile('D:\\projects\\visaalliance-crm\\app\\Controllers\\Import.php')
 3 SYSTEMPATH\Autoloader\Autoloader.php(267): CodeIgniter\Autoloader\Autoloader->loadInNamespace('App\\Controllers\\Import')
 4 [internal function]: CodeIgniter\Autoloader\Autoloader->loadClass('App\\Controllers\\Import')
 5 SYSTEMPATH\CodeIgniter.php(890): class_exists('\\App\\Controllers\\Import', true)
 6 SYSTEMPATH\CodeIgniter.php(484): CodeIgniter\CodeIgniter->startController()
 7 SYSTEMPATH\CodeIgniter.php(366): CodeIgniter\CodeIgniter->handleRequest(null, Object(Config\Cache), false)
 8 FCPATH\index.php(80): CodeIgniter\CodeIgniter->run()
WARNING - 2024-04-29 05:09:04 --> [DEPRECATED] Optional parameter $parseables declared before required parameter $label_context is implicitly treated as a required parameter in APPPATH\Controllers\Import.php on line 166.
 1 SYSTEMPATH\Autoloader\Autoloader.php(312): include_once('D:\\projects\\visaalliance-crm\\system\\Debug\\Exceptions.php')
 2 SYSTEMPATH\Autoloader\Autoloader.php(289): CodeIgniter\Autoloader\Autoloader->includeFile('D:\\projects\\visaalliance-crm\\app\\Controllers\\Import.php')
 3 SYSTEMPATH\Autoloader\Autoloader.php(267): CodeIgniter\Autoloader\Autoloader->loadInNamespace('App\\Controllers\\Import')
 4 [internal function]: CodeIgniter\Autoloader\Autoloader->loadClass('App\\Controllers\\Import')
 5 SYSTEMPATH\CodeIgniter.php(890): class_exists('\\App\\Controllers\\Import', true)
 6 SYSTEMPATH\CodeIgniter.php(484): CodeIgniter\CodeIgniter->startController()
 7 SYSTEMPATH\CodeIgniter.php(366): CodeIgniter\CodeIgniter->handleRequest(null, Object(Config\Cache), false)
 8 FCPATH\index.php(80): CodeIgniter\CodeIgniter->run()
WARNING - 2024-04-29 05:09:11 --> [DEPRECATED] Optional parameter $parseables declared before required parameter $label_context is implicitly treated as a required parameter in APPPATH\Controllers\Import.php on line 166.
 1 SYSTEMPATH\Autoloader\Autoloader.php(312): include_once('D:\\projects\\visaalliance-crm\\system\\Debug\\Exceptions.php')
 2 SYSTEMPATH\Autoloader\Autoloader.php(289): CodeIgniter\Autoloader\Autoloader->includeFile('D:\\projects\\visaalliance-crm\\app\\Controllers\\Import.php')
 3 SYSTEMPATH\Autoloader\Autoloader.php(267): CodeIgniter\Autoloader\Autoloader->loadInNamespace('App\\Controllers\\Import')
 4 [internal function]: CodeIgniter\Autoloader\Autoloader->loadClass('App\\Controllers\\Import')
 5 SYSTEMPATH\CodeIgniter.php(890): class_exists('\\App\\Controllers\\Import', true)
 6 SYSTEMPATH\CodeIgniter.php(484): CodeIgniter\CodeIgniter->startController()
 7 SYSTEMPATH\CodeIgniter.php(366): CodeIgniter\CodeIgniter->handleRequest(null, Object(Config\Cache), false)
 8 FCPATH\index.php(80): CodeIgniter\CodeIgniter->run()
WARNING - 2024-04-29 05:09:23 --> [DEPRECATED] Optional parameter $parseables declared before required parameter $label_context is implicitly treated as a required parameter in APPPATH\Controllers\Import.php on line 166.
 1 SYSTEMPATH\Autoloader\Autoloader.php(312): include_once('D:\\projects\\visaalliance-crm\\system\\Debug\\Exceptions.php')
 2 SYSTEMPATH\Autoloader\Autoloader.php(289): CodeIgniter\Autoloader\Autoloader->includeFile('D:\\projects\\visaalliance-crm\\app\\Controllers\\Import.php')
 3 SYSTEMPATH\Autoloader\Autoloader.php(267): CodeIgniter\Autoloader\Autoloader->loadInNamespace('App\\Controllers\\Import')
 4 [internal function]: CodeIgniter\Autoloader\Autoloader->loadClass('App\\Controllers\\Import')
 5 SYSTEMPATH\CodeIgniter.php(890): class_exists('\\App\\Controllers\\Import', true)
 6 SYSTEMPATH\CodeIgniter.php(484): CodeIgniter\CodeIgniter->startController()
 7 SYSTEMPATH\CodeIgniter.php(366): CodeIgniter\CodeIgniter->handleRequest(null, Object(Config\Cache), false)
 8 FCPATH\index.php(80): CodeIgniter\CodeIgniter->run()
WARNING - 2024-04-29 05:09:26 --> [DEPRECATED] Optional parameter $parseables declared before required parameter $label_context is implicitly treated as a required parameter in APPPATH\Controllers\Import.php on line 166.
 1 SYSTEMPATH\Autoloader\Autoloader.php(312): include_once('D:\\projects\\visaalliance-crm\\system\\Debug\\Exceptions.php')
 2 SYSTEMPATH\Autoloader\Autoloader.php(289): CodeIgniter\Autoloader\Autoloader->includeFile('D:\\projects\\visaalliance-crm\\app\\Controllers\\Import.php')
 3 SYSTEMPATH\Autoloader\Autoloader.php(267): CodeIgniter\Autoloader\Autoloader->loadInNamespace('App\\Controllers\\Import')
 4 [internal function]: CodeIgniter\Autoloader\Autoloader->loadClass('App\\Controllers\\Import')
 5 SYSTEMPATH\CodeIgniter.php(890): class_exists('\\App\\Controllers\\Import', true)
 6 SYSTEMPATH\CodeIgniter.php(484): CodeIgniter\CodeIgniter->startController()
 7 SYSTEMPATH\CodeIgniter.php(366): CodeIgniter\CodeIgniter->handleRequest(null, Object(Config\Cache), false)
 8 FCPATH\index.php(80): CodeIgniter\CodeIgniter->run()
WARNING - 2024-04-29 05:09:53 --> [DEPRECATED] Optional parameter $parseables declared before required parameter $label_context is implicitly treated as a required parameter in APPPATH\Controllers\Import.php on line 166.
 1 SYSTEMPATH\Autoloader\Autoloader.php(312): include_once('D:\\projects\\visaalliance-crm\\system\\Debug\\Exceptions.php')
 2 SYSTEMPATH\Autoloader\Autoloader.php(289): CodeIgniter\Autoloader\Autoloader->includeFile('D:\\projects\\visaalliance-crm\\app\\Controllers\\Import.php')
 3 SYSTEMPATH\Autoloader\Autoloader.php(267): CodeIgniter\Autoloader\Autoloader->loadInNamespace('App\\Controllers\\Import')
 4 [internal function]: CodeIgniter\Autoloader\Autoloader->loadClass('App\\Controllers\\Import')
 5 SYSTEMPATH\CodeIgniter.php(890): class_exists('\\App\\Controllers\\Import', true)
 6 SYSTEMPATH\CodeIgniter.php(484): CodeIgniter\CodeIgniter->startController()
 7 SYSTEMPATH\CodeIgniter.php(366): CodeIgniter\CodeIgniter->handleRequest(null, Object(Config\Cache), false)
 8 FCPATH\index.php(80): CodeIgniter\CodeIgniter->run()
WARNING - 2024-04-29 05:09:56 --> [DEPRECATED] Optional parameter $parseables declared before required parameter $label_context is implicitly treated as a required parameter in APPPATH\Controllers\Import.php on line 166.
 1 SYSTEMPATH\Autoloader\Autoloader.php(312): include_once('D:\\projects\\visaalliance-crm\\system\\Debug\\Exceptions.php')
 2 SYSTEMPATH\Autoloader\Autoloader.php(289): CodeIgniter\Autoloader\Autoloader->includeFile('D:\\projects\\visaalliance-crm\\app\\Controllers\\Import.php')
 3 SYSTEMPATH\Autoloader\Autoloader.php(267): CodeIgniter\Autoloader\Autoloader->loadInNamespace('App\\Controllers\\Import')
 4 [internal function]: CodeIgniter\Autoloader\Autoloader->loadClass('App\\Controllers\\Import')
 5 SYSTEMPATH\CodeIgniter.php(890): class_exists('\\App\\Controllers\\Import', true)
 6 SYSTEMPATH\CodeIgniter.php(484): CodeIgniter\CodeIgniter->startController()
 7 SYSTEMPATH\CodeIgniter.php(366): CodeIgniter\CodeIgniter->handleRequest(null, Object(Config\Cache), false)
 8 FCPATH\index.php(80): CodeIgniter\CodeIgniter->run()
WARNING - 2024-04-29 05:10:57 --> [DEPRECATED] Optional parameter $parseables declared before required parameter $label_context is implicitly treated as a required parameter in APPPATH\Controllers\Import.php on line 166.
 1 SYSTEMPATH\Autoloader\Autoloader.php(312): include_once('D:\\projects\\visaalliance-crm\\system\\Debug\\Exceptions.php')
 2 SYSTEMPATH\Autoloader\Autoloader.php(289): CodeIgniter\Autoloader\Autoloader->includeFile('D:\\projects\\visaalliance-crm\\app\\Controllers\\Import.php')
 3 SYSTEMPATH\Autoloader\Autoloader.php(267): CodeIgniter\Autoloader\Autoloader->loadInNamespace('App\\Controllers\\Import')
 4 [internal function]: CodeIgniter\Autoloader\Autoloader->loadClass('App\\Controllers\\Import')
 5 SYSTEMPATH\CodeIgniter.php(890): class_exists('\\App\\Controllers\\Import', true)
 6 SYSTEMPATH\CodeIgniter.php(484): CodeIgniter\CodeIgniter->startController()
 7 SYSTEMPATH\CodeIgniter.php(366): CodeIgniter\CodeIgniter->handleRequest(null, Object(Config\Cache), false)
 8 FCPATH\index.php(80): CodeIgniter\CodeIgniter->run()
CRITICAL - 2024-04-29 05:11:01 --> The action you requested is not allowed.
in SYSTEMPATH\Security\Security.php on line 306.
 1 SYSTEMPATH\Security\Security.php(306): CodeIgniter\Security\Exceptions\SecurityException::forDisallowedAction()
 2 SYSTEMPATH\Filters\CSRF.php(55): CodeIgniter\Security\Security->verify(Object(CodeIgniter\HTTP\IncomingRequest))
 3 SYSTEMPATH\Filters\Filters.php(173): CodeIgniter\Filters\CSRF->before(Object(CodeIgniter\HTTP\IncomingRequest), null)
 4 SYSTEMPATH\CodeIgniter.php(471): CodeIgniter\Filters\Filters->run('import/run', 'before')
 5 SYSTEMPATH\CodeIgniter.php(366): CodeIgniter\CodeIgniter->handleRequest(null, Object(Config\Cache), false)
 6 FCPATH\index.php(80): CodeIgniter\CodeIgniter->run()
CRITICAL - 2024-04-29 05:11:34 --> The action you requested is not allowed.
in SYSTEMPATH\Security\Security.php on line 306.
 1 SYSTEMPATH\Security\Security.php(306): CodeIgniter\Security\Exceptions\SecurityException::forDisallowedAction()
 2 SYSTEMPATH\Filters\CSRF.php(55): CodeIgniter\Security\Security->verify(Object(CodeIgniter\HTTP\IncomingRequest))
 3 SYSTEMPATH\Filters\Filters.php(173): CodeIgniter\Filters\CSRF->before(Object(CodeIgniter\HTTP\IncomingRequest), null)
 4 SYSTEMPATH\CodeIgniter.php(471): CodeIgniter\Filters\Filters->run('projects/timelog_modal_form', 'before')
 5 SYSTEMPATH\CodeIgniter.php(366): CodeIgniter\CodeIgniter->handleRequest(null, Object(Config\Cache), false)
 6 FCPATH\index.php(80): CodeIgniter\CodeIgniter->run()
WARNING - 2024-04-29 05:12:27 --> [DEPRECATED] Optional parameter $parseables declared before required parameter $label_context is implicitly treated as a required parameter in APPPATH\Controllers\Import.php on line 166.
 1 SYSTEMPATH\Autoloader\Autoloader.php(312): include_once('D:\\projects\\visaalliance-crm\\system\\Debug\\Exceptions.php')
 2 SYSTEMPATH\Autoloader\Autoloader.php(289): CodeIgniter\Autoloader\Autoloader->includeFile('D:\\projects\\visaalliance-crm\\app\\Controllers\\Import.php')
 3 SYSTEMPATH\Autoloader\Autoloader.php(267): CodeIgniter\Autoloader\Autoloader->loadInNamespace('App\\Controllers\\Import')
 4 [internal function]: CodeIgniter\Autoloader\Autoloader->loadClass('App\\Controllers\\Import')
 5 SYSTEMPATH\CodeIgniter.php(890): class_exists('\\App\\Controllers\\Import', true)
 6 SYSTEMPATH\CodeIgniter.php(484): CodeIgniter\CodeIgniter->startController()
 7 SYSTEMPATH\CodeIgniter.php(366): CodeIgniter\CodeIgniter->handleRequest(null, Object(Config\Cache), false)
 8 FCPATH\index.php(80): CodeIgniter\CodeIgniter->run()
WARNING - 2024-04-29 05:12:31 --> [DEPRECATED] Optional parameter $parseables declared before required parameter $label_context is implicitly treated as a required parameter in APPPATH\Controllers\Import.php on line 166.
 1 SYSTEMPATH\Autoloader\Autoloader.php(312): include_once('D:\\projects\\visaalliance-crm\\system\\Debug\\Exceptions.php')
 2 SYSTEMPATH\Autoloader\Autoloader.php(289): CodeIgniter\Autoloader\Autoloader->includeFile('D:\\projects\\visaalliance-crm\\app\\Controllers\\Import.php')
 3 SYSTEMPATH\Autoloader\Autoloader.php(267): CodeIgniter\Autoloader\Autoloader->loadInNamespace('App\\Controllers\\Import')
 4 [internal function]: CodeIgniter\Autoloader\Autoloader->loadClass('App\\Controllers\\Import')
 5 SYSTEMPATH\CodeIgniter.php(890): class_exists('\\App\\Controllers\\Import', true)
 6 SYSTEMPATH\CodeIgniter.php(484): CodeIgniter\CodeIgniter->startController()
 7 SYSTEMPATH\CodeIgniter.php(366): CodeIgniter\CodeIgniter->handleRequest(null, Object(Config\Cache), false)
 8 FCPATH\index.php(80): CodeIgniter\CodeIgniter->run()
WARNING - 2024-04-29 05:12:50 --> [DEPRECATED] Optional parameter $parseables declared before required parameter $label_context is implicitly treated as a required parameter in APPPATH\Controllers\Import.php on line 166.
 1 SYSTEMPATH\Autoloader\Autoloader.php(312): include_once('D:\\projects\\visaalliance-crm\\system\\Debug\\Exceptions.php')
 2 SYSTEMPATH\Autoloader\Autoloader.php(289): CodeIgniter\Autoloader\Autoloader->includeFile('D:\\projects\\visaalliance-crm\\app\\Controllers\\Import.php')
 3 SYSTEMPATH\Autoloader\Autoloader.php(267): CodeIgniter\Autoloader\Autoloader->loadInNamespace('App\\Controllers\\Import')
 4 [internal function]: CodeIgniter\Autoloader\Autoloader->loadClass('App\\Controllers\\Import')
 5 SYSTEMPATH\CodeIgniter.php(890): class_exists('\\App\\Controllers\\Import', true)
 6 SYSTEMPATH\CodeIgniter.php(484): CodeIgniter\CodeIgniter->startController()
 7 SYSTEMPATH\CodeIgniter.php(366): CodeIgniter\CodeIgniter->handleRequest(null, Object(Config\Cache), false)
 8 FCPATH\index.php(80): CodeIgniter\CodeIgniter->run()
WARNING - 2024-04-29 05:12:54 --> [DEPRECATED] Optional parameter $parseables declared before required parameter $label_context is implicitly treated as a required parameter in APPPATH\Controllers\Import.php on line 166.
 1 SYSTEMPATH\Autoloader\Autoloader.php(312): include_once('D:\\projects\\visaalliance-crm\\system\\Debug\\Exceptions.php')
 2 SYSTEMPATH\Autoloader\Autoloader.php(289): CodeIgniter\Autoloader\Autoloader->includeFile('D:\\projects\\visaalliance-crm\\app\\Controllers\\Import.php')
 3 SYSTEMPATH\Autoloader\Autoloader.php(267): CodeIgniter\Autoloader\Autoloader->loadInNamespace('App\\Controllers\\Import')
 4 [internal function]: CodeIgniter\Autoloader\Autoloader->loadClass('App\\Controllers\\Import')
 5 SYSTEMPATH\CodeIgniter.php(890): class_exists('\\App\\Controllers\\Import', true)
 6 SYSTEMPATH\CodeIgniter.php(484): CodeIgniter\CodeIgniter->startController()
 7 SYSTEMPATH\CodeIgniter.php(366): CodeIgniter\CodeIgniter->handleRequest(null, Object(Config\Cache), false)
 8 FCPATH\index.php(80): CodeIgniter\CodeIgniter->run()
WARNING - 2024-04-29 05:13:11 --> [DEPRECATED] Optional parameter $parseables declared before required parameter $label_context is implicitly treated as a required parameter in APPPATH\Controllers\Import.php on line 166.
 1 SYSTEMPATH\Autoloader\Autoloader.php(312): include_once('D:\\projects\\visaalliance-crm\\system\\Debug\\Exceptions.php')
 2 SYSTEMPATH\Autoloader\Autoloader.php(289): CodeIgniter\Autoloader\Autoloader->includeFile('D:\\projects\\visaalliance-crm\\app\\Controllers\\Import.php')
 3 SYSTEMPATH\Autoloader\Autoloader.php(267): CodeIgniter\Autoloader\Autoloader->loadInNamespace('App\\Controllers\\Import')
 4 [internal function]: CodeIgniter\Autoloader\Autoloader->loadClass('App\\Controllers\\Import')
 5 SYSTEMPATH\CodeIgniter.php(890): class_exists('\\App\\Controllers\\Import', true)
 6 SYSTEMPATH\CodeIgniter.php(484): CodeIgniter\CodeIgniter->startController()
 7 SYSTEMPATH\CodeIgniter.php(366): CodeIgniter\CodeIgniter->handleRequest(null, Object(Config\Cache), false)
 8 FCPATH\index.php(80): CodeIgniter\CodeIgniter->run()
WARNING - 2024-04-29 05:13:15 --> [DEPRECATED] Optional parameter $parseables declared before required parameter $label_context is implicitly treated as a required parameter in APPPATH\Controllers\Import.php on line 166.
 1 SYSTEMPATH\Autoloader\Autoloader.php(312): include_once('D:\\projects\\visaalliance-crm\\system\\Debug\\Exceptions.php')
 2 SYSTEMPATH\Autoloader\Autoloader.php(289): CodeIgniter\Autoloader\Autoloader->includeFile('D:\\projects\\visaalliance-crm\\app\\Controllers\\Import.php')
 3 SYSTEMPATH\Autoloader\Autoloader.php(267): CodeIgniter\Autoloader\Autoloader->loadInNamespace('App\\Controllers\\Import')
 4 [internal function]: CodeIgniter\Autoloader\Autoloader->loadClass('App\\Controllers\\Import')
 5 SYSTEMPATH\CodeIgniter.php(890): class_exists('\\App\\Controllers\\Import', true)
 6 SYSTEMPATH\CodeIgniter.php(484): CodeIgniter\CodeIgniter->startController()
 7 SYSTEMPATH\CodeIgniter.php(366): CodeIgniter\CodeIgniter->handleRequest(null, Object(Config\Cache), false)
 8 FCPATH\index.php(80): CodeIgniter\CodeIgniter->run()
