CRITICAL - 2024-07-21 00:08:00 --> Undefined array key 0
in APPPATH\Controllers\Import.php on line 246.
 1 APPPATH\Controllers\Import.php(246): CodeIgniter\Debug\Exceptions->errorHandler(2, 'Undefined array key 0', 'D:\\projects\\visaalliance-crm\\app\\Controllers\\Import.php', 246)
 2 SYSTEMPATH\CodeIgniter.php(932): App\Controllers\Import->populate_application_notes()
 3 SYSTEMPATH\CodeIgniter.php(497): CodeIgniter\CodeIgniter->runController(Object(App\Controllers\Import))
 4 SYSTEMPATH\CodeIgniter.php(366): CodeIgniter\CodeIgniter->handleRequest(null, Object(Config\Cache), false)
 5 FCPATH\index.php(84): CodeIgniter\CodeIgniter->run()
WARNING - 2024-07-21 01:06:12 --> [DEPRECATED] strtolower(): Passing null to parameter #1 ($string) of type string is deprecated in APPPATH\Controllers\Import.php on line 385.
 1 APPPATH\Controllers\Import.php(385): strtolower(null)
 2 SYSTEMPATH\CodeIgniter.php(932): App\Controllers\Import->populate_application_payment_schedule()
 3 SYSTEMPATH\CodeIgniter.php(497): CodeIgniter\CodeIgniter->runController(Object(App\Controllers\Import))
 4 SYSTEMPATH\CodeIgniter.php(366): CodeIgniter\CodeIgniter->handleRequest(null, Object(Config\Cache), false)
 5 FCPATH\index.php(84): CodeIgniter\CodeIgniter->run()
CRITICAL - 2024-07-21 01:06:12 --> Undefined array key ""
in APPPATH\Controllers\Import.php on line 385.
 1 APPPATH\Controllers\Import.php(385): CodeIgniter\Debug\Exceptions->errorHandler(2, 'Undefined array key ""', 'D:\\projects\\visaalliance-crm\\app\\Controllers\\Import.php', 385)
 2 SYSTEMPATH\CodeIgniter.php(932): App\Controllers\Import->populate_application_payment_schedule()
 3 SYSTEMPATH\CodeIgniter.php(497): CodeIgniter\CodeIgniter->runController(Object(App\Controllers\Import))
 4 SYSTEMPATH\CodeIgniter.php(366): CodeIgniter\CodeIgniter->handleRequest(null, Object(Config\Cache), false)
 5 FCPATH\index.php(84): CodeIgniter\CodeIgniter->run()
CRITICAL - 2024-07-21 01:06:55 --> foreach() argument must be of type array|object, null given
in APPPATH\Controllers\Import.php on line 345.
 1 APPPATH\Controllers\Import.php(345): CodeIgniter\Debug\Exceptions->errorHandler(2, 'foreach() argument must be of type array|object, null given', 'D:\\projects\\visaalliance-crm\\app\\Controllers\\Import.php', 345)
 2 SYSTEMPATH\CodeIgniter.php(932): App\Controllers\Import->populate_application_payment_schedule()
 3 SYSTEMPATH\CodeIgniter.php(497): CodeIgniter\CodeIgniter->runController(Object(App\Controllers\Import))
 4 SYSTEMPATH\CodeIgniter.php(366): CodeIgniter\CodeIgniter->handleRequest(null, Object(Config\Cache), false)
 5 FCPATH\index.php(84): CodeIgniter\CodeIgniter->run()
CRITICAL - 2024-07-21 01:10:22 --> foreach() argument must be of type array|object, null given
in APPPATH\Controllers\Import.php on line 347.
 1 APPPATH\Controllers\Import.php(347): CodeIgniter\Debug\Exceptions->errorHandler(2, 'foreach() argument must be of type array|object, null given', 'D:\\projects\\visaalliance-crm\\app\\Controllers\\Import.php', 347)
 2 SYSTEMPATH\CodeIgniter.php(932): App\Controllers\Import->populate_application_payment_schedule()
 3 SYSTEMPATH\CodeIgniter.php(497): CodeIgniter\CodeIgniter->runController(Object(App\Controllers\Import))
 4 SYSTEMPATH\CodeIgniter.php(366): CodeIgniter\CodeIgniter->handleRequest(null, Object(Config\Cache), false)
 5 FCPATH\index.php(84): CodeIgniter\CodeIgniter->run()
CRITICAL - 2024-07-21 01:21:27 --> foreach() argument must be of type array|object, null given
in APPPATH\Controllers\Import.php on line 348.
 1 APPPATH\Controllers\Import.php(348): CodeIgniter\Debug\Exceptions->errorHandler(2, 'foreach() argument must be of type array|object, null given', 'D:\\projects\\visaalliance-crm\\app\\Controllers\\Import.php', 348)
 2 SYSTEMPATH\CodeIgniter.php(932): App\Controllers\Import->populate_application_payment_schedule()
 3 SYSTEMPATH\CodeIgniter.php(497): CodeIgniter\CodeIgniter->runController(Object(App\Controllers\Import))
 4 SYSTEMPATH\CodeIgniter.php(366): CodeIgniter\CodeIgniter->handleRequest(null, Object(Config\Cache), false)
 5 FCPATH\index.php(84): CodeIgniter\CodeIgniter->run()
CRITICAL - 2024-07-21 04:37:06 --> The action you requested is not allowed.
in SYSTEMPATH\Security\Security.php on line 306.
 1 SYSTEMPATH\Security\Security.php(306): CodeIgniter\Security\Exceptions\SecurityException::forDisallowedAction()
 2 SYSTEMPATH\Filters\CSRF.php(55): CodeIgniter\Security\Security->verify(Object(CodeIgniter\HTTP\IncomingRequest))
 3 SYSTEMPATH\Filters\Filters.php(173): CodeIgniter\Filters\CSRF->before(Object(CodeIgniter\HTTP\IncomingRequest), null)
 4 SYSTEMPATH\CodeIgniter.php(471): CodeIgniter\Filters\Filters->run('invoices/modal_form', 'before')
 5 SYSTEMPATH\CodeIgniter.php(366): CodeIgniter\CodeIgniter->handleRequest(null, Object(Config\Cache), false)
 6 FCPATH\index.php(84): CodeIgniter\CodeIgniter->run()
CRITICAL - 2024-07-21 06:48:20 --> file_get_contents(http://localhost/visaalliance-crm/files/general/import/1/run_results_client_notes.json): Failed to open stream: HTTP request failed! HTTP/1.1 404 Not Found

in APPPATH\Controllers\Import.php on line 1325.
 1 [internal function]: CodeIgniter\Debug\Exceptions->errorHandler(2, 'file_get_contents(http://localhost/visaalliance-crm/files/general/import/1/run_results_client_notes.json): Failed to open stream: HTTP request failed! HTTP/1.1 404 Not Found
', 'D:\\projects\\visaalliance-crm\\app\\Controllers\\Import.php', 1325)
 2 APPPATH\Controllers\Import.php(1325): file_get_contents('http://localhost/visaalliance-crm/files/general/import/1/run_results_client_notes.json')
 3 APPPATH\Controllers\Import.php(543): App\Controllers\Import->_read_json('http://localhost/visaalliance-crm/files/general/import/1/run_results_client_notes.json')
 4 SYSTEMPATH\CodeIgniter.php(932): App\Controllers\Import->populate_client_notes()
 5 SYSTEMPATH\CodeIgniter.php(497): CodeIgniter\CodeIgniter->runController(Object(App\Controllers\Import))
 6 SYSTEMPATH\CodeIgniter.php(366): CodeIgniter\CodeIgniter->handleRequest(null, Object(Config\Cache), false)
 7 FCPATH\index.php(84): CodeIgniter\CodeIgniter->run()
ERROR - 2024-07-21 06:49:17 --> mysqli_sql_exception: Column 'log_for_id' cannot be null in D:\projects\visaalliance-crm\system\Database\MySQLi\Connection.php:295
Stack trace:
#0 D:\projects\visaalliance-crm\system\Database\MySQLi\Connection.php(295): mysqli->query('INSERT INTO `ri...', 0)
#1 D:\projects\visaalliance-crm\system\Database\BaseConnection.php(692): CodeIgniter\Database\MySQLi\Connection->execute('INSERT INTO `ri...')
#2 D:\projects\visaalliance-crm\system\Database\BaseConnection.php(606): CodeIgniter\Database\BaseConnection->simpleQuery('INSERT INTO `ri...')
#3 D:\projects\visaalliance-crm\system\Database\BaseBuilder.php(2309): CodeIgniter\Database\BaseConnection->query('INSERT INTO `ri...', Array, false)
#4 D:\projects\visaalliance-crm\app\Models\Activity_logs_model.php(41): CodeIgniter\Database\BaseBuilder->insert(Array)
#5 D:\projects\visaalliance-crm\app\Models\Crud_model.php(358): App\Models\Activity_logs_model->ci_save(Array, false)
#6 D:\projects\visaalliance-crm\app\Controllers\Import.php(581): App\Models\Crud_model->ci_save(Array)
#7 D:\projects\visaalliance-crm\system\CodeIgniter.php(932): App\Controllers\Import->populate_client_notes()
#8 D:\projects\visaalliance-crm\system\CodeIgniter.php(497): CodeIgniter\CodeIgniter->runController(Object(App\Controllers\Import))
#9 D:\projects\visaalliance-crm\system\CodeIgniter.php(366): CodeIgniter\CodeIgniter->handleRequest(NULL, Object(Config\Cache), false)
#10 D:\projects\visaalliance-crm\index.php(84): CodeIgniter\CodeIgniter->run()
#11 {main}
CRITICAL - 2024-07-21 06:49:17 --> Column 'log_for_id' cannot be null
in SYSTEMPATH\Database\MySQLi\Connection.php on line 295.
 1 SYSTEMPATH\Database\MySQLi\Connection.php(295): mysqli->query('INSERT INTO `rise_activity_logs` (`created_at`, `created_by`, `action`, `log_type`, `log_type_title`, `log_type_id`, `log_for`, `log_for_id`, `log_for2`, `log_for_id2`, `log_for3`, `log_for_id3`, `changes`) VALUES (\'2022-03-30 06:03:17\', 0, \'created\', \'note\', \'30-03-2022 Online Appointment\', 1494, \'project\', NULL, \'\', 0, \'milestone\', 0, NULL)', 0)
 2 SYSTEMPATH\Database\BaseConnection.php(692): CodeIgniter\Database\MySQLi\Connection->execute('INSERT INTO `rise_activity_logs` (`created_at`, `created_by`, `action`, `log_type`, `log_type_title`, `log_type_id`, `log_for`, `log_for_id`, `log_for2`, `log_for_id2`, `log_for3`, `log_for_id3`, `changes`) VALUES (\'2022-03-30 06:03:17\', 0, \'created\', \'note\', \'30-03-2022 Online Appointment\', 1494, \'project\', NULL, \'\', 0, \'milestone\', 0, NULL)')
 3 SYSTEMPATH\Database\BaseConnection.php(606): CodeIgniter\Database\BaseConnection->simpleQuery('INSERT INTO `rise_activity_logs` (`created_at`, `created_by`, `action`, `log_type`, `log_type_title`, `log_type_id`, `log_for`, `log_for_id`, `log_for2`, `log_for_id2`, `log_for3`, `log_for_id3`, `changes`) VALUES (\'2022-03-30 06:03:17\', 0, \'created\', \'note\', \'30-03-2022 Online Appointment\', 1494, \'project\', NULL, \'\', 0, \'milestone\', 0, NULL)')
 4 SYSTEMPATH\Database\BaseBuilder.php(2309): CodeIgniter\Database\BaseConnection->query('INSERT INTO `rise_activity_logs` (`created_at`, `created_by`, `action`, `log_type`, `log_type_title`, `log_type_id`, `log_for`, `log_for_id`, `log_for2`, `log_for_id2`, `log_for3`, `log_for_id3`, `changes`) VALUES (:created_at:, :created_by:, :action:, :log_type:, :log_type_title:, :log_type_id:, :log_for:, :log_for_id:, :log_for2:, :log_for_id2:, :log_for3:, :log_for_id3:, :changes:)', [...], false)
 5 APPPATH\Models\Activity_logs_model.php(41): CodeIgniter\Database\BaseBuilder->insert([...])
 6 APPPATH\Models\Crud_model.php(358): App\Models\Activity_logs_model->ci_save([...], false)
 7 APPPATH\Controllers\Import.php(581): App\Models\Crud_model->ci_save([...])
 8 SYSTEMPATH\CodeIgniter.php(932): App\Controllers\Import->populate_client_notes()
 9 SYSTEMPATH\CodeIgniter.php(497): CodeIgniter\CodeIgniter->runController(Object(App\Controllers\Import))
10 SYSTEMPATH\CodeIgniter.php(366): CodeIgniter\CodeIgniter->handleRequest(null, Object(Config\Cache), false)
11 FCPATH\index.php(84): CodeIgniter\CodeIgniter->run()
ERROR - 2024-07-21 06:50:27 --> mysqli_sql_exception: Column 'log_for_id' cannot be null in D:\projects\visaalliance-crm\system\Database\MySQLi\Connection.php:295
Stack trace:
#0 D:\projects\visaalliance-crm\system\Database\MySQLi\Connection.php(295): mysqli->query('INSERT INTO `ri...', 0)
#1 D:\projects\visaalliance-crm\system\Database\BaseConnection.php(692): CodeIgniter\Database\MySQLi\Connection->execute('INSERT INTO `ri...')
#2 D:\projects\visaalliance-crm\system\Database\BaseConnection.php(606): CodeIgniter\Database\BaseConnection->simpleQuery('INSERT INTO `ri...')
#3 D:\projects\visaalliance-crm\system\Database\BaseBuilder.php(2309): CodeIgniter\Database\BaseConnection->query('INSERT INTO `ri...', Array, false)
#4 D:\projects\visaalliance-crm\app\Models\Activity_logs_model.php(41): CodeIgniter\Database\BaseBuilder->insert(Array)
#5 D:\projects\visaalliance-crm\app\Models\Crud_model.php(358): App\Models\Activity_logs_model->ci_save(Array, false)
#6 D:\projects\visaalliance-crm\app\Controllers\Import.php(581): App\Models\Crud_model->ci_save(Array)
#7 D:\projects\visaalliance-crm\system\CodeIgniter.php(932): App\Controllers\Import->populate_client_notes()
#8 D:\projects\visaalliance-crm\system\CodeIgniter.php(497): CodeIgniter\CodeIgniter->runController(Object(App\Controllers\Import))
#9 D:\projects\visaalliance-crm\system\CodeIgniter.php(366): CodeIgniter\CodeIgniter->handleRequest(NULL, Object(Config\Cache), false)
#10 D:\projects\visaalliance-crm\index.php(84): CodeIgniter\CodeIgniter->run()
#11 {main}
CRITICAL - 2024-07-21 06:50:27 --> Column 'log_for_id' cannot be null
in SYSTEMPATH\Database\MySQLi\Connection.php on line 295.
 1 SYSTEMPATH\Database\MySQLi\Connection.php(295): mysqli->query('INSERT INTO `rise_activity_logs` (`created_at`, `created_by`, `action`, `log_type`, `log_type_title`, `log_type_id`, `log_for`, `log_for_id`, `log_for2`, `log_for_id2`, `log_for3`, `log_for_id3`, `changes`) VALUES (\'2022-03-30 06:03:27\', 0, \'created\', \'note\', \'30-03-2022 Online Appointment\', 1495, \'project\', NULL, \'\', 0, \'milestone\', 0, NULL)', 0)
 2 SYSTEMPATH\Database\BaseConnection.php(692): CodeIgniter\Database\MySQLi\Connection->execute('INSERT INTO `rise_activity_logs` (`created_at`, `created_by`, `action`, `log_type`, `log_type_title`, `log_type_id`, `log_for`, `log_for_id`, `log_for2`, `log_for_id2`, `log_for3`, `log_for_id3`, `changes`) VALUES (\'2022-03-30 06:03:27\', 0, \'created\', \'note\', \'30-03-2022 Online Appointment\', 1495, \'project\', NULL, \'\', 0, \'milestone\', 0, NULL)')
 3 SYSTEMPATH\Database\BaseConnection.php(606): CodeIgniter\Database\BaseConnection->simpleQuery('INSERT INTO `rise_activity_logs` (`created_at`, `created_by`, `action`, `log_type`, `log_type_title`, `log_type_id`, `log_for`, `log_for_id`, `log_for2`, `log_for_id2`, `log_for3`, `log_for_id3`, `changes`) VALUES (\'2022-03-30 06:03:27\', 0, \'created\', \'note\', \'30-03-2022 Online Appointment\', 1495, \'project\', NULL, \'\', 0, \'milestone\', 0, NULL)')
 4 SYSTEMPATH\Database\BaseBuilder.php(2309): CodeIgniter\Database\BaseConnection->query('INSERT INTO `rise_activity_logs` (`created_at`, `created_by`, `action`, `log_type`, `log_type_title`, `log_type_id`, `log_for`, `log_for_id`, `log_for2`, `log_for_id2`, `log_for3`, `log_for_id3`, `changes`) VALUES (:created_at:, :created_by:, :action:, :log_type:, :log_type_title:, :log_type_id:, :log_for:, :log_for_id:, :log_for2:, :log_for_id2:, :log_for3:, :log_for_id3:, :changes:)', [...], false)
 5 APPPATH\Models\Activity_logs_model.php(41): CodeIgniter\Database\BaseBuilder->insert([...])
 6 APPPATH\Models\Crud_model.php(358): App\Models\Activity_logs_model->ci_save([...], false)
 7 APPPATH\Controllers\Import.php(581): App\Models\Crud_model->ci_save([...])
 8 SYSTEMPATH\CodeIgniter.php(932): App\Controllers\Import->populate_client_notes()
 9 SYSTEMPATH\CodeIgniter.php(497): CodeIgniter\CodeIgniter->runController(Object(App\Controllers\Import))
10 SYSTEMPATH\CodeIgniter.php(366): CodeIgniter\CodeIgniter->handleRequest(null, Object(Config\Cache), false)
11 FCPATH\index.php(84): CodeIgniter\CodeIgniter->run()
WARNING - 2024-07-21 06:53:53 --> [DEPRECATED] date_create_from_format(): Passing null to parameter #2 ($datetime) of type string is deprecated in APPPATH\Controllers\Import.php on line 573.
 1 APPPATH\Controllers\Import.php(573): date_create_from_format('d/m/Y', null)
 2 SYSTEMPATH\CodeIgniter.php(932): App\Controllers\Import->populate_client_notes()
 3 SYSTEMPATH\CodeIgniter.php(497): CodeIgniter\CodeIgniter->runController(Object(App\Controllers\Import))
 4 SYSTEMPATH\CodeIgniter.php(366): CodeIgniter\CodeIgniter->handleRequest(null, Object(Config\Cache), false)
 5 FCPATH\index.php(84): CodeIgniter\CodeIgniter->run()
CRITICAL - 2024-07-21 06:53:53 --> date_format(): Argument #1 ($object) must be of type DateTimeInterface, bool given
in APPPATH\Controllers\Import.php on line 573.
 1 APPPATH\Controllers\Import.php(573): date_format(false, 'Y-m-d h:m:s')
 2 SYSTEMPATH\CodeIgniter.php(932): App\Controllers\Import->populate_client_notes()
 3 SYSTEMPATH\CodeIgniter.php(497): CodeIgniter\CodeIgniter->runController(Object(App\Controllers\Import))
 4 SYSTEMPATH\CodeIgniter.php(366): CodeIgniter\CodeIgniter->handleRequest(null, Object(Config\Cache), false)
 5 FCPATH\index.php(84): CodeIgniter\CodeIgniter->run()
CRITICAL - 2024-07-21 06:58:57 --> Maximum execution time of 120 seconds exceeded
in SYSTEMPATH\Database\MySQLi\Connection.php on line 295.
 1 [internal function]: CodeIgniter\Debug\Exceptions->shutdownHandler()
CRITICAL - 2024-07-21 07:52:14 --> Maximum execution time of 120 seconds exceeded
in SYSTEMPATH\Database\MySQLi\Connection.php on line 295.
 1 [internal function]: CodeIgniter\Debug\Exceptions->shutdownHandler()
ERROR - 2024-07-21 07:53:44 --> mysqli_sql_exception: Table 'visaalliance_crm.rise_ci_sessions' doesn't exist in D:\projects\visaalliance-crm\system\Database\MySQLi\Connection.php:295
Stack trace:
#0 D:\projects\visaalliance-crm\system\Database\MySQLi\Connection.php(295): mysqli->query('SELECT `data`\nF...', 0)
#1 D:\projects\visaalliance-crm\system\Database\BaseConnection.php(692): CodeIgniter\Database\MySQLi\Connection->execute('SELECT `data`\nF...')
#2 D:\projects\visaalliance-crm\system\Database\BaseConnection.php(606): CodeIgniter\Database\BaseConnection->simpleQuery('SELECT `data`\nF...')
#3 D:\projects\visaalliance-crm\system\Database\BaseBuilder.php(1616): CodeIgniter\Database\BaseConnection->query('SELECT `data`\nF...', Array, false)
#4 D:\projects\visaalliance-crm\system\Session\Handlers\DatabaseHandler.php(144): CodeIgniter\Database\BaseBuilder->get()
#5 [internal function]: CodeIgniter\Session\Handlers\DatabaseHandler->read('2ttnemc99idraqd...')
#6 D:\projects\visaalliance-crm\system\Session\Session.php(920): session_start()
#7 D:\projects\visaalliance-crm\system\Session\Session.php(250): CodeIgniter\Session\Session->startSession()
#8 D:\projects\visaalliance-crm\system\Config\Services.php(674): CodeIgniter\Session\Session->start()
#9 D:\projects\visaalliance-crm\system\Config\BaseService.php(252): CodeIgniter\Config\Services::session(Object(Config\App), false)
#10 D:\projects\visaalliance-crm\system\Config\BaseService.php(193): CodeIgniter\Config\BaseService::__callStatic('session', Array)
#11 D:\projects\visaalliance-crm\system\Config\Services.php(641): CodeIgniter\Config\BaseService::getSharedInstance('session', NULL)
#12 D:\projects\visaalliance-crm\system\Config\BaseService.php(252): CodeIgniter\Config\Services::session()
#13 D:\projects\visaalliance-crm\app\Models\Users_model.php(88): CodeIgniter\Config\BaseService::__callStatic('session', Array)
#14 D:\projects\visaalliance-crm\app\Controllers\App_Controller.php(117): App\Models\Users_model->login_user_id()
#15 D:\projects\visaalliance-crm\app\Controllers\Security_Controller.php(20): App\Controllers\App_Controller->__construct()
#16 D:\projects\visaalliance-crm\app\Controllers\Messages.php(8): App\Controllers\Security_Controller->__construct()
#17 D:\projects\visaalliance-crm\system\CodeIgniter.php(904): App\Controllers\Messages->__construct()
#18 D:\projects\visaalliance-crm\system\CodeIgniter.php(488): CodeIgniter\CodeIgniter->createController()
#19 D:\projects\visaalliance-crm\system\CodeIgniter.php(366): CodeIgniter\CodeIgniter->handleRequest(NULL, Object(Config\Cache), false)
#20 D:\projects\visaalliance-crm\index.php(84): CodeIgniter\CodeIgniter->run()
#21 {main}
CRITICAL - 2024-07-21 07:53:44 --> Table 'visaalliance_crm.rise_ci_sessions' doesn't exist
in SYSTEMPATH\Database\MySQLi\Connection.php on line 295.
 1 SYSTEMPATH\Database\MySQLi\Connection.php(295): mysqli->query('SELECT `data`
FROM `rise_ci_sessions`
WHERE `id` = \'ci_session:2ttnemc99idraqdhooljncihm46iabka\'', 0)
 2 SYSTEMPATH\Database\BaseConnection.php(692): CodeIgniter\Database\MySQLi\Connection->execute('SELECT `data`
FROM `rise_ci_sessions`
WHERE `id` = \'ci_session:2ttnemc99idraqdhooljncihm46iabka\'')
 3 SYSTEMPATH\Database\BaseConnection.php(606): CodeIgniter\Database\BaseConnection->simpleQuery('SELECT `data`
FROM `rise_ci_sessions`
WHERE `id` = \'ci_session:2ttnemc99idraqdhooljncihm46iabka\'')
 4 SYSTEMPATH\Database\BaseBuilder.php(1616): CodeIgniter\Database\BaseConnection->query('SELECT `data`
FROM `rise_ci_sessions`
WHERE `id` = :id:', [...], false)
 5 SYSTEMPATH\Session\Handlers\DatabaseHandler.php(144): CodeIgniter\Database\BaseBuilder->get()
 6 [internal function]: CodeIgniter\Session\Handlers\DatabaseHandler->read('2ttnemc99idraqdhooljncihm46iabka')
 7 SYSTEMPATH\Session\Session.php(920): session_start()
 8 SYSTEMPATH\Session\Session.php(250): CodeIgniter\Session\Session->startSession()
 9 SYSTEMPATH\Config\Services.php(674): CodeIgniter\Session\Session->start()
10 SYSTEMPATH\Config\BaseService.php(252): CodeIgniter\Config\Services::session(Object(Config\App), false)
11 SYSTEMPATH\Config\BaseService.php(193): CodeIgniter\Config\BaseService::__callStatic('session', [...])
12 SYSTEMPATH\Config\Services.php(641): CodeIgniter\Config\BaseService::getSharedInstance('session', null)
13 SYSTEMPATH\Config\BaseService.php(252): CodeIgniter\Config\Services::session()
14 APPPATH\Models\Users_model.php(88): CodeIgniter\Config\BaseService::__callStatic('session', [])
15 APPPATH\Controllers\App_Controller.php(117): App\Models\Users_model->login_user_id()
16 APPPATH\Controllers\Security_Controller.php(20): App\Controllers\App_Controller->__construct()
17 APPPATH\Controllers\Messages.php(8): App\Controllers\Security_Controller->__construct()
18 SYSTEMPATH\CodeIgniter.php(904): App\Controllers\Messages->__construct()
19 SYSTEMPATH\CodeIgniter.php(488): CodeIgniter\CodeIgniter->createController()
20 SYSTEMPATH\CodeIgniter.php(366): CodeIgniter\CodeIgniter->handleRequest(null, Object(Config\Cache), false)
21 FCPATH\index.php(84): CodeIgniter\CodeIgniter->run()
ERROR - 2024-07-21 07:53:44 --> mysqli_sql_exception: Table 'visaalliance_crm.rise_ci_sessions' doesn't exist in D:\projects\visaalliance-crm\system\Database\MySQLi\Connection.php:295
Stack trace:
#0 D:\projects\visaalliance-crm\system\Database\MySQLi\Connection.php(295): mysqli->query('SELECT `data`\nF...', 0)
#1 D:\projects\visaalliance-crm\system\Database\BaseConnection.php(692): CodeIgniter\Database\MySQLi\Connection->execute('SELECT `data`\nF...')
#2 D:\projects\visaalliance-crm\system\Database\BaseConnection.php(606): CodeIgniter\Database\BaseConnection->simpleQuery('SELECT `data`\nF...')
#3 D:\projects\visaalliance-crm\system\Database\BaseBuilder.php(1616): CodeIgniter\Database\BaseConnection->query('SELECT `data`\nF...', Array, false)
#4 D:\projects\visaalliance-crm\system\Session\Handlers\DatabaseHandler.php(144): CodeIgniter\Database\BaseBuilder->get()
#5 [internal function]: CodeIgniter\Session\Handlers\DatabaseHandler->read('2ttnemc99idraqd...')
#6 D:\projects\visaalliance-crm\system\Session\Session.php(920): session_start()
#7 D:\projects\visaalliance-crm\system\Session\Session.php(250): CodeIgniter\Session\Session->startSession()
#8 D:\projects\visaalliance-crm\system\Config\Services.php(674): CodeIgniter\Session\Session->start()
#9 D:\projects\visaalliance-crm\system\Config\BaseService.php(252): CodeIgniter\Config\Services::session(Object(Config\App), false)
#10 D:\projects\visaalliance-crm\system\Config\BaseService.php(193): CodeIgniter\Config\BaseService::__callStatic('session', Array)
#11 D:\projects\visaalliance-crm\system\Config\Services.php(641): CodeIgniter\Config\BaseService::getSharedInstance('session', NULL)
#12 D:\projects\visaalliance-crm\system\Config\BaseService.php(252): CodeIgniter\Config\Services::session()
#13 D:\projects\visaalliance-crm\app\Models\Users_model.php(88): CodeIgniter\Config\BaseService::__callStatic('session', Array)
#14 D:\projects\visaalliance-crm\app\Controllers\App_Controller.php(117): App\Models\Users_model->login_user_id()
#15 D:\projects\visaalliance-crm\app\Controllers\Security_Controller.php(20): App\Controllers\App_Controller->__construct()
#16 D:\projects\visaalliance-crm\app\Controllers\Messages.php(8): App\Controllers\Security_Controller->__construct()
#17 D:\projects\visaalliance-crm\system\CodeIgniter.php(904): App\Controllers\Messages->__construct()
#18 D:\projects\visaalliance-crm\system\CodeIgniter.php(488): CodeIgniter\CodeIgniter->createController()
#19 D:\projects\visaalliance-crm\system\CodeIgniter.php(366): CodeIgniter\CodeIgniter->handleRequest(NULL, Object(Config\Cache), false)
#20 D:\projects\visaalliance-crm\index.php(84): CodeIgniter\CodeIgniter->run()
#21 {main}
CRITICAL - 2024-07-21 07:53:44 --> Table 'visaalliance_crm.rise_ci_sessions' doesn't exist
in SYSTEMPATH\Database\MySQLi\Connection.php on line 295.
 1 SYSTEMPATH\Database\MySQLi\Connection.php(295): mysqli->query('SELECT `data`
FROM `rise_ci_sessions`
WHERE `id` = \'ci_session:2ttnemc99idraqdhooljncihm46iabka\'', 0)
 2 SYSTEMPATH\Database\BaseConnection.php(692): CodeIgniter\Database\MySQLi\Connection->execute('SELECT `data`
FROM `rise_ci_sessions`
WHERE `id` = \'ci_session:2ttnemc99idraqdhooljncihm46iabka\'')
 3 SYSTEMPATH\Database\BaseConnection.php(606): CodeIgniter\Database\BaseConnection->simpleQuery('SELECT `data`
FROM `rise_ci_sessions`
WHERE `id` = \'ci_session:2ttnemc99idraqdhooljncihm46iabka\'')
 4 SYSTEMPATH\Database\BaseBuilder.php(1616): CodeIgniter\Database\BaseConnection->query('SELECT `data`
FROM `rise_ci_sessions`
WHERE `id` = :id:', [...], false)
 5 SYSTEMPATH\Session\Handlers\DatabaseHandler.php(144): CodeIgniter\Database\BaseBuilder->get()
 6 [internal function]: CodeIgniter\Session\Handlers\DatabaseHandler->read('2ttnemc99idraqdhooljncihm46iabka')
 7 SYSTEMPATH\Session\Session.php(920): session_start()
 8 SYSTEMPATH\Session\Session.php(250): CodeIgniter\Session\Session->startSession()
 9 SYSTEMPATH\Config\Services.php(674): CodeIgniter\Session\Session->start()
10 SYSTEMPATH\Config\BaseService.php(252): CodeIgniter\Config\Services::session(Object(Config\App), false)
11 SYSTEMPATH\Config\BaseService.php(193): CodeIgniter\Config\BaseService::__callStatic('session', [...])
12 SYSTEMPATH\Config\Services.php(641): CodeIgniter\Config\BaseService::getSharedInstance('session', null)
13 SYSTEMPATH\Config\BaseService.php(252): CodeIgniter\Config\Services::session()
14 APPPATH\Models\Users_model.php(88): CodeIgniter\Config\BaseService::__callStatic('session', [])
15 APPPATH\Controllers\App_Controller.php(117): App\Models\Users_model->login_user_id()
16 APPPATH\Controllers\Security_Controller.php(20): App\Controllers\App_Controller->__construct()
17 APPPATH\Controllers\Messages.php(8): App\Controllers\Security_Controller->__construct()
18 SYSTEMPATH\CodeIgniter.php(904): App\Controllers\Messages->__construct()
19 SYSTEMPATH\CodeIgniter.php(488): CodeIgniter\CodeIgniter->createController()
20 SYSTEMPATH\CodeIgniter.php(366): CodeIgniter\CodeIgniter->handleRequest(null, Object(Config\Cache), false)
21 FCPATH\index.php(84): CodeIgniter\CodeIgniter->run()
ERROR - 2024-07-21 07:54:16 --> mysqli_sql_exception: Table 'visaalliance_crm.rise_settings' doesn't exist in D:\projects\visaalliance-crm\system\Database\MySQLi\Connection.php:295
Stack trace:
#0 D:\projects\visaalliance-crm\system\Database\MySQLi\Connection.php(295): mysqli->query('SELECT rise_set...', 0)
#1 D:\projects\visaalliance-crm\system\Database\BaseConnection.php(692): CodeIgniter\Database\MySQLi\Connection->execute('SELECT rise_set...')
#2 D:\projects\visaalliance-crm\system\Database\BaseConnection.php(606): CodeIgniter\Database\BaseConnection->simpleQuery('SELECT rise_set...')
#3 D:\projects\visaalliance-crm\app\Models\Settings_model.php(45): CodeIgniter\Database\BaseConnection->query('SELECT rise_set...')
#4 D:\projects\visaalliance-crm\app\Controllers\App_Controller.php(120): App\Models\Settings_model->get_all_required_settings('')
#5 D:\projects\visaalliance-crm\app\Controllers\Security_Controller.php(20): App\Controllers\App_Controller->__construct()
#6 D:\projects\visaalliance-crm\app\Controllers\Notifications.php(8): App\Controllers\Security_Controller->__construct()
#7 D:\projects\visaalliance-crm\system\CodeIgniter.php(904): App\Controllers\Notifications->__construct()
#8 D:\projects\visaalliance-crm\system\CodeIgniter.php(488): CodeIgniter\CodeIgniter->createController()
#9 D:\projects\visaalliance-crm\system\CodeIgniter.php(366): CodeIgniter\CodeIgniter->handleRequest(NULL, Object(Config\Cache), false)
#10 D:\projects\visaalliance-crm\index.php(84): CodeIgniter\CodeIgniter->run()
#11 {main}
CRITICAL - 2024-07-21 07:54:16 --> Table 'visaalliance_crm.rise_settings' doesn't exist
in SYSTEMPATH\Database\MySQLi\Connection.php on line 295.
 1 SYSTEMPATH\Database\MySQLi\Connection.php(295): mysqli->query('SELECT rise_settings.setting_name,  rise_settings.setting_value
        FROM rise_settings
        WHERE rise_settings.deleted=0 AND (rise_settings.type = \'app\' OR (rise_settings.type =\'user\' AND rise_settings.setting_name LIKE \'user__%\'))', 0)
 2 SYSTEMPATH\Database\BaseConnection.php(692): CodeIgniter\Database\MySQLi\Connection->execute('SELECT rise_settings.setting_name,  rise_settings.setting_value
        FROM rise_settings
        WHERE rise_settings.deleted=0 AND (rise_settings.type = \'app\' OR (rise_settings.type =\'user\' AND rise_settings.setting_name LIKE \'user__%\'))')
 3 SYSTEMPATH\Database\BaseConnection.php(606): CodeIgniter\Database\BaseConnection->simpleQuery('SELECT rise_settings.setting_name,  rise_settings.setting_value
        FROM rise_settings
        WHERE rise_settings.deleted=0 AND (rise_settings.type = \'app\' OR (rise_settings.type =\'user\' AND rise_settings.setting_name LIKE \'user__%\'))')
 4 APPPATH\Models\Settings_model.php(45): CodeIgniter\Database\BaseConnection->query('SELECT rise_settings.setting_name,  rise_settings.setting_value
        FROM rise_settings
        WHERE rise_settings.deleted=0 AND (rise_settings.type = \'app\' OR (rise_settings.type =\'user\' AND rise_settings.setting_name LIKE \'user__%\'))')
 5 APPPATH\Controllers\App_Controller.php(120): App\Models\Settings_model->get_all_required_settings('')
 6 APPPATH\Controllers\Security_Controller.php(20): App\Controllers\App_Controller->__construct()
 7 APPPATH\Controllers\Notifications.php(8): App\Controllers\Security_Controller->__construct()
 8 SYSTEMPATH\CodeIgniter.php(904): App\Controllers\Notifications->__construct()
 9 SYSTEMPATH\CodeIgniter.php(488): CodeIgniter\CodeIgniter->createController()
10 SYSTEMPATH\CodeIgniter.php(366): CodeIgniter\CodeIgniter->handleRequest(null, Object(Config\Cache), false)
11 FCPATH\index.php(84): CodeIgniter\CodeIgniter->run()
ERROR - 2024-07-21 07:54:16 --> mysqli_sql_exception: Table 'visaalliance_crm.rise_settings' doesn't exist in D:\projects\visaalliance-crm\system\Database\MySQLi\Connection.php:295
Stack trace:
#0 D:\projects\visaalliance-crm\system\Database\MySQLi\Connection.php(295): mysqli->query('SELECT rise_set...', 0)
#1 D:\projects\visaalliance-crm\system\Database\BaseConnection.php(692): CodeIgniter\Database\MySQLi\Connection->execute('SELECT rise_set...')
#2 D:\projects\visaalliance-crm\system\Database\BaseConnection.php(606): CodeIgniter\Database\BaseConnection->simpleQuery('SELECT rise_set...')
#3 D:\projects\visaalliance-crm\app\Models\Settings_model.php(45): CodeIgniter\Database\BaseConnection->query('SELECT rise_set...')
#4 D:\projects\visaalliance-crm\app\Controllers\App_Controller.php(120): App\Models\Settings_model->get_all_required_settings('')
#5 D:\projects\visaalliance-crm\app\Controllers\Security_Controller.php(20): App\Controllers\App_Controller->__construct()
#6 D:\projects\visaalliance-crm\app\Controllers\Notifications.php(8): App\Controllers\Security_Controller->__construct()
#7 D:\projects\visaalliance-crm\system\CodeIgniter.php(904): App\Controllers\Notifications->__construct()
#8 D:\projects\visaalliance-crm\system\CodeIgniter.php(488): CodeIgniter\CodeIgniter->createController()
#9 D:\projects\visaalliance-crm\system\CodeIgniter.php(366): CodeIgniter\CodeIgniter->handleRequest(NULL, Object(Config\Cache), false)
#10 D:\projects\visaalliance-crm\index.php(84): CodeIgniter\CodeIgniter->run()
#11 {main}
CRITICAL - 2024-07-21 07:54:16 --> Table 'visaalliance_crm.rise_settings' doesn't exist
in SYSTEMPATH\Database\MySQLi\Connection.php on line 295.
 1 SYSTEMPATH\Database\MySQLi\Connection.php(295): mysqli->query('SELECT rise_settings.setting_name,  rise_settings.setting_value
        FROM rise_settings
        WHERE rise_settings.deleted=0 AND (rise_settings.type = \'app\' OR (rise_settings.type =\'user\' AND rise_settings.setting_name LIKE \'user__%\'))', 0)
 2 SYSTEMPATH\Database\BaseConnection.php(692): CodeIgniter\Database\MySQLi\Connection->execute('SELECT rise_settings.setting_name,  rise_settings.setting_value
        FROM rise_settings
        WHERE rise_settings.deleted=0 AND (rise_settings.type = \'app\' OR (rise_settings.type =\'user\' AND rise_settings.setting_name LIKE \'user__%\'))')
 3 SYSTEMPATH\Database\BaseConnection.php(606): CodeIgniter\Database\BaseConnection->simpleQuery('SELECT rise_settings.setting_name,  rise_settings.setting_value
        FROM rise_settings
        WHERE rise_settings.deleted=0 AND (rise_settings.type = \'app\' OR (rise_settings.type =\'user\' AND rise_settings.setting_name LIKE \'user__%\'))')
 4 APPPATH\Models\Settings_model.php(45): CodeIgniter\Database\BaseConnection->query('SELECT rise_settings.setting_name,  rise_settings.setting_value
        FROM rise_settings
        WHERE rise_settings.deleted=0 AND (rise_settings.type = \'app\' OR (rise_settings.type =\'user\' AND rise_settings.setting_name LIKE \'user__%\'))')
 5 APPPATH\Controllers\App_Controller.php(120): App\Models\Settings_model->get_all_required_settings('')
 6 APPPATH\Controllers\Security_Controller.php(20): App\Controllers\App_Controller->__construct()
 7 APPPATH\Controllers\Notifications.php(8): App\Controllers\Security_Controller->__construct()
 8 SYSTEMPATH\CodeIgniter.php(904): App\Controllers\Notifications->__construct()
 9 SYSTEMPATH\CodeIgniter.php(488): CodeIgniter\CodeIgniter->createController()
10 SYSTEMPATH\CodeIgniter.php(366): CodeIgniter\CodeIgniter->handleRequest(null, Object(Config\Cache), false)
11 FCPATH\index.php(84): CodeIgniter\CodeIgniter->run()
CRITICAL - 2024-07-21 11:27:04 --> Maximum execution time of 120 seconds exceeded
in SYSTEMPATH\Database\MySQLi\Connection.php on line 295.
 1 [internal function]: CodeIgniter\Debug\Exceptions->shutdownHandler()
CRITICAL - 2024-07-21 11:27:04 --> Maximum execution time of 120 seconds exceeded
in SYSTEMPATH\Database\MySQLi\Connection.php on line 295.
 1 [internal function]: CodeIgniter\Debug\Exceptions->shutdownHandler()
CRITICAL - 2024-07-21 11:35:35 --> Maximum execution time of 300 seconds exceeded
in SYSTEMPATH\Database\MySQLi\Connection.php on line 295.
 1 [internal function]: CodeIgniter\Debug\Exceptions->shutdownHandler()
CRITICAL - 2024-07-21 11:35:35 --> Maximum execution time of 120 seconds exceeded
in SYSTEMPATH\Database\MySQLi\Connection.php on line 295.
 1 [internal function]: CodeIgniter\Debug\Exceptions->shutdownHandler()
CRITICAL - 2024-07-21 11:35:35 --> Maximum execution time of 120 seconds exceeded
in SYSTEMPATH\Database\MySQLi\Connection.php on line 295.
 1 [internal function]: CodeIgniter\Debug\Exceptions->shutdownHandler()
CRITICAL - 2024-07-21 11:35:35 --> Maximum execution time of 120 seconds exceeded
in SYSTEMPATH\Database\MySQLi\Connection.php on line 295.
 1 [internal function]: CodeIgniter\Debug\Exceptions->shutdownHandler()
CRITICAL - 2024-07-21 11:35:35 --> Maximum execution time of 120 seconds exceeded
in SYSTEMPATH\Database\MySQLi\Connection.php on line 295.
 1 [internal function]: CodeIgniter\Debug\Exceptions->shutdownHandler()
CRITICAL - 2024-07-21 22:17:02 --> syntax error, unexpected token "==", expecting ")"
in APPPATH\Helpers\app_files_helper.php on line 293.
 1 APPPATH\Controllers\App_Controller.php(109): helper([...])
 2 APPPATH\Controllers\Security_Controller.php(20): App\Controllers\App_Controller->__construct()
 3 APPPATH\Controllers\Notifications.php(8): App\Controllers\Security_Controller->__construct()
 4 SYSTEMPATH\CodeIgniter.php(904): App\Controllers\Notifications->__construct()
 5 SYSTEMPATH\CodeIgniter.php(488): CodeIgniter\CodeIgniter->createController()
 6 SYSTEMPATH\CodeIgniter.php(366): CodeIgniter\CodeIgniter->handleRequest(null, Object(Config\Cache), false)
 7 FCPATH\index.php(84): CodeIgniter\CodeIgniter->run()
CRITICAL - 2024-07-21 22:17:05 --> syntax error, unexpected token "==", expecting ")"
in APPPATH\Helpers\app_files_helper.php on line 293.
 1 APPPATH\Controllers\App_Controller.php(109): helper([...])
 2 APPPATH\Controllers\Security_Controller.php(20): App\Controllers\App_Controller->__construct()
 3 APPPATH\Controllers\Messages.php(8): App\Controllers\Security_Controller->__construct()
 4 SYSTEMPATH\CodeIgniter.php(904): App\Controllers\Messages->__construct()
 5 SYSTEMPATH\CodeIgniter.php(488): CodeIgniter\CodeIgniter->createController()
 6 SYSTEMPATH\CodeIgniter.php(366): CodeIgniter\CodeIgniter->handleRequest(null, Object(Config\Cache), false)
 7 FCPATH\index.php(84): CodeIgniter\CodeIgniter->run()
CRITICAL - 2024-07-21 22:27:33 --> Undefined property: stdClass::$user_type
in APPPATH\Controllers\Security_Controller.php on line 693.
 1 APPPATH\Controllers\Security_Controller.php(693): CodeIgniter\Debug\Exceptions->errorHandler(2, 'Undefined property: stdClass::$user_type', 'D:\\projects\\visaalliance-crm\\app\\Controllers\\Security_Controller.php', 693)
 2 APPPATH\Controllers\Security_Controller.php(53): App\Controllers\Security_Controller->make_locations_dropdown()
 3 APPPATH\Helpers\activity_logs_helper.php(166): App\Controllers\Security_Controller->__construct(false)
 4 APPPATH\Helpers\activity_logs_helper.php(286): get_change_logs_of_custom_fields('status_id', true)
 5 APPPATH\Controllers\Notification_processor.php(159): get_change_logs_array([...], 'task', 'updated', true)
 6 APPPATH\Controllers\Notification_processor.php(91): App\Controllers\Notification_processor->_clasified_task_modification('general_task_updated', [...], '16046')
 7 SYSTEMPATH\CodeIgniter.php(932): App\Controllers\Notification_processor->create_notification()
 8 SYSTEMPATH\CodeIgniter.php(497): CodeIgniter\CodeIgniter->runController(Object(App\Controllers\Notification_processor))
 9 SYSTEMPATH\CodeIgniter.php(366): CodeIgniter\CodeIgniter->handleRequest(null, Object(Config\Cache), false)
10 FCPATH\index.php(84): CodeIgniter\CodeIgniter->run()
CRITICAL - 2024-07-21 23:11:12 --> syntax error, unexpected variable "$data"
in APPPATH\Controllers\Tasks.php on line 1052.
 1 SYSTEMPATH\Autoloader\Autoloader.php(289): CodeIgniter\Autoloader\Autoloader->includeFile('D:\\projects\\visaalliance-crm\\app\\Controllers\\Tasks.php')
 2 SYSTEMPATH\Autoloader\Autoloader.php(267): CodeIgniter\Autoloader\Autoloader->loadInNamespace('App\\Controllers\\Tasks')
 3 [internal function]: CodeIgniter\Autoloader\Autoloader->loadClass('App\\Controllers\\Tasks')
 4 SYSTEMPATH\CodeIgniter.php(890): class_exists('\\App\\Controllers\\Tasks', true)
 5 SYSTEMPATH\CodeIgniter.php(484): CodeIgniter\CodeIgniter->startController()
 6 SYSTEMPATH\CodeIgniter.php(366): CodeIgniter\CodeIgniter->handleRequest(null, Object(Config\Cache), false)
 7 FCPATH\index.php(84): CodeIgniter\CodeIgniter->run()
CRITICAL - 2024-07-21 23:53:26 --> Undefined variable $points_dropdown
in APPPATH\Views\tasks\update_task_info_script.php on line 3.
 1 APPPATH\Views\tasks\update_task_info_script.php(3): CodeIgniter\Debug\Exceptions->errorHandler(2, 'Undefined variable $points_dropdown', 'D:\\projects\\visaalliance-crm\\app\\Views\\tasks\\update_task_info_script.php', 3)
 2 SYSTEMPATH\View\View.php(224): include('D:\\projects\\visaalliance-crm\\app\\Views\\tasks\\update_task_info_script.php')
 3 SYSTEMPATH\View\View.php(227): CodeIgniter\View\View->CodeIgniter\View\{closure}()
 4 SYSTEMPATH\Common.php(1180): CodeIgniter\View\View->render('tasks/update_task_info_script', [], true)
 5 APPPATH\Views\tasks\all_tasks.php(309): view('tasks/update_task_info_script')
 6 SYSTEMPATH\View\View.php(224): include('D:\\projects\\visaalliance-crm\\app\\Views\\tasks\\all_tasks.php')
 7 SYSTEMPATH\View\View.php(227): CodeIgniter\View\View->CodeIgniter\View\{closure}()
 8 SYSTEMPATH\Common.php(1180): CodeIgniter\View\View->render('tasks/all_tasks', [], true)
 9 APPPATH\Views\layout\index.php(62): view('tasks/all_tasks')
10 SYSTEMPATH\View\View.php(224): include('D:\\projects\\visaalliance-crm\\app\\Views\\layout\\index.php')
11 SYSTEMPATH\View\View.php(227): CodeIgniter\View\View->CodeIgniter\View\{closure}()
12 SYSTEMPATH\Common.php(1180): CodeIgniter\View\View->render('layout/index', [], true)
13 APPPATH\Libraries\Template.php(42): view('layout/index', [...])
14 APPPATH\Libraries\Template.php(24): App\Libraries\Template->view('layout/index', [...])
15 APPPATH\Controllers\Tasks.php(2916): App\Libraries\Template->rander('tasks/all_tasks', [...])
16 SYSTEMPATH\CodeIgniter.php(932): App\Controllers\Tasks->all_tasks()
17 SYSTEMPATH\CodeIgniter.php(497): CodeIgniter\CodeIgniter->runController(Object(App\Controllers\Tasks))
18 SYSTEMPATH\CodeIgniter.php(366): CodeIgniter\CodeIgniter->handleRequest(null, Object(Config\Cache), false)
19 FCPATH\index.php(84): CodeIgniter\CodeIgniter->run()
CRITICAL - 2024-07-21 23:55:07 --> Undefined variable $statuses_dropdown
in APPPATH\Views\tasks\update_task_info_script.php on line 24.
 1 APPPATH\Views\tasks\update_task_info_script.php(24): CodeIgniter\Debug\Exceptions->errorHandler(2, 'Undefined variable $statuses_dropdown', 'D:\\projects\\visaalliance-crm\\app\\Views\\tasks\\update_task_info_script.php', 24)
 2 SYSTEMPATH\View\View.php(224): include('D:\\projects\\visaalliance-crm\\app\\Views\\tasks\\update_task_info_script.php')
 3 SYSTEMPATH\View\View.php(227): CodeIgniter\View\View->CodeIgniter\View\{closure}()
 4 SYSTEMPATH\Common.php(1180): CodeIgniter\View\View->render('tasks/update_task_info_script', [], true)
 5 APPPATH\Views\tasks\all_tasks.php(309): view('tasks/update_task_info_script')
 6 SYSTEMPATH\View\View.php(224): include('D:\\projects\\visaalliance-crm\\app\\Views\\tasks\\all_tasks.php')
 7 SYSTEMPATH\View\View.php(227): CodeIgniter\View\View->CodeIgniter\View\{closure}()
 8 SYSTEMPATH\Common.php(1180): CodeIgniter\View\View->render('tasks/all_tasks', [], true)
 9 APPPATH\Views\layout\index.php(62): view('tasks/all_tasks')
10 SYSTEMPATH\View\View.php(224): include('D:\\projects\\visaalliance-crm\\app\\Views\\layout\\index.php')
11 SYSTEMPATH\View\View.php(227): CodeIgniter\View\View->CodeIgniter\View\{closure}()
12 SYSTEMPATH\Common.php(1180): CodeIgniter\View\View->render('layout/index', [], true)
13 APPPATH\Libraries\Template.php(42): view('layout/index', [...])
14 APPPATH\Libraries\Template.php(24): App\Libraries\Template->view('layout/index', [...])
15 APPPATH\Controllers\Tasks.php(2916): App\Libraries\Template->rander('tasks/all_tasks', [...])
16 SYSTEMPATH\CodeIgniter.php(932): App\Controllers\Tasks->all_tasks()
17 SYSTEMPATH\CodeIgniter.php(497): CodeIgniter\CodeIgniter->runController(Object(App\Controllers\Tasks))
18 SYSTEMPATH\CodeIgniter.php(366): CodeIgniter\CodeIgniter->handleRequest(null, Object(Config\Cache), false)
19 FCPATH\index.php(84): CodeIgniter\CodeIgniter->run()
