CRITICAL - 2023-12-29 04:21:32 --> Undefined variable $show_own_clients_only_user_id
in APPPATH\Views\students\overview\index.php on line 4.
 1 APPPATH\Views\students\overview\index.php(4): CodeIgniter\Debug\Exceptions->errorHandler(2, 'Undefined variable $show_own_clients_only_user_id', 'D:\\projects\\visaalliance-crm\\app\\Views\\students\\overview\\index.php', 4)
 2 SYSTEMPATH\View\View.php(224): include('D:\\projects\\visaalliance-crm\\app\\Views\\students\\overview\\index.php')
 3 SYSTEMPATH\View\View.php(227): CodeIgniter\View\View->CodeIgniter\View\{closure}()
 4 SYSTEMPATH\Common.php(1180): CodeIgniter\View\View->render('students/overview/index', [], true)
 5 APPPATH\Views\check_in\index.php(21): view('students/overview/index')
 6 SYSTEMPATH\View\View.php(224): include('D:\\projects\\visaalliance-crm\\app\\Views\\check_in\\index.php')
 7 SYSTEMPATH\View\View.php(227): CodeIgniter\View\View->CodeIgniter\View\{closure}()
 8 SYSTEMPATH\Common.php(1180): CodeIgniter\View\View->render('check_in/index', [], true)
 9 APPPATH\Views\layout\index.php(59): view('check_in/index')
10 SYSTEMPATH\View\View.php(224): include('D:\\projects\\visaalliance-crm\\app\\Views\\layout\\index.php')
11 SYSTEMPATH\View\View.php(227): CodeIgniter\View\View->CodeIgniter\View\{closure}()
12 SYSTEMPATH\Common.php(1180): CodeIgniter\View\View->render('layout/index', [], true)
13 APPPATH\Libraries\Template.php(38): view('layout/index', [...])
14 APPPATH\Libraries\Template.php(22): App\Libraries\Template->view('layout/index', [...])
15 APPPATH\Controllers\Check_in.php(22): App\Libraries\Template->rander('check_in/index', [...])
16 SYSTEMPATH\CodeIgniter.php(932): App\Controllers\Check_in->index()
17 SYSTEMPATH\CodeIgniter.php(497): CodeIgniter\CodeIgniter->runController(Object(App\Controllers\Check_in))
18 SYSTEMPATH\CodeIgniter.php(366): CodeIgniter\CodeIgniter->handleRequest(null, Object(Config\Cache), false)
19 FCPATH\index.php(80): CodeIgniter\CodeIgniter->run()
