CRITICAL - 2023-11-02 21:15:03 --> ini_set(): Session ini settings cannot be changed after headers have already been sent
in SYSTEMPATH/Session/Session.php on line 294.
 1 [internal function]: CodeIgniter\Debug\Exceptions->errorHandler(2, 'ini_set(): Session ini settings cannot be changed after headers have already been sent', '/home/visaalliance/public_html/crm.visaalliance.com/system/Session/Session.php', 294)
 2 SYSTEMPATH/Session/Session.php(294): ini_set('session.name', 'ci_session')
 3 SYSTEMPATH/Session/Session.php(240): CodeIgniter\Session\Session->configure()
 4 SYSTEMPATH/Config/Services.php(674): CodeIgniter\Session\Session->start()
 5 SYSTEMPATH/Config/BaseService.php(252): CodeIgniter\Config\Services::session(Object(Config\App), false)
 6 SYSTEMPATH/Config/BaseService.php(193): CodeIgniter\Config\BaseService::__callStatic('session', [...])
 7 SYSTEMPATH/Config/Services.php(641): CodeIgniter\Config\BaseService::getSharedInstance('session', null)
 8 SYSTEMPATH/Config/BaseService.php(252): CodeIgniter\Config\Services::session()
 9 APPPATH/Models/Users_model.php(82): CodeIgniter\Config\BaseService::__callStatic('session', [])
10 APPPATH/Controllers/App_Controller.php(100): App\Models\Users_model->login_user_id()
11 APPPATH/Controllers/Security_Controller.php(17): App\Controllers\App_Controller->__construct()
12 APPPATH/Controllers/Messages.php(8): App\Controllers\Security_Controller->__construct()
13 SYSTEMPATH/CodeIgniter.php(904): App\Controllers\Messages->__construct()
14 SYSTEMPATH/CodeIgniter.php(488): CodeIgniter\CodeIgniter->createController()
15 SYSTEMPATH/CodeIgniter.php(366): CodeIgniter\CodeIgniter->handleRequest(null, Object(Config\Cache), false)
16 FCPATH/index.php(80): CodeIgniter\CodeIgniter->run()
CRITICAL - 2023-11-02 21:15:07 --> ini_set(): Session ini settings cannot be changed after headers have already been sent
in SYSTEMPATH/Session/Session.php on line 294.
 1 [internal function]: CodeIgniter\Debug\Exceptions->errorHandler(2, 'ini_set(): Session ini settings cannot be changed after headers have already been sent', '/home/visaalliance/public_html/crm.visaalliance.com/system/Session/Session.php', 294)
 2 SYSTEMPATH/Session/Session.php(294): ini_set('session.name', 'ci_session')
 3 SYSTEMPATH/Session/Session.php(240): CodeIgniter\Session\Session->configure()
 4 SYSTEMPATH/Config/Services.php(674): CodeIgniter\Session\Session->start()
 5 SYSTEMPATH/Config/BaseService.php(252): CodeIgniter\Config\Services::session(Object(Config\App), false)
 6 SYSTEMPATH/Config/BaseService.php(193): CodeIgniter\Config\BaseService::__callStatic('session', [...])
 7 SYSTEMPATH/Config/Services.php(641): CodeIgniter\Config\BaseService::getSharedInstance('session', null)
 8 SYSTEMPATH/Config/BaseService.php(252): CodeIgniter\Config\Services::session()
 9 APPPATH/Models/Users_model.php(82): CodeIgniter\Config\BaseService::__callStatic('session', [])
10 APPPATH/Controllers/App_Controller.php(100): App\Models\Users_model->login_user_id()
11 APPPATH/Controllers/Security_Controller.php(17): App\Controllers\App_Controller->__construct()
12 APPPATH/Controllers/Dashboard.php(11): App\Controllers\Security_Controller->__construct()
13 SYSTEMPATH/CodeIgniter.php(904): App\Controllers\Dashboard->__construct()
14 SYSTEMPATH/CodeIgniter.php(488): CodeIgniter\CodeIgniter->createController()
15 SYSTEMPATH/CodeIgniter.php(366): CodeIgniter\CodeIgniter->handleRequest(null, Object(Config\Cache), false)
16 FCPATH/index.php(80): CodeIgniter\CodeIgniter->run()
CRITICAL - 2023-11-02 21:15:24 --> ini_set(): Session ini settings cannot be changed after headers have already been sent
in SYSTEMPATH/Session/Session.php on line 294.
 1 [internal function]: CodeIgniter\Debug\Exceptions->errorHandler(2, 'ini_set(): Session ini settings cannot be changed after headers have already been sent', '/home/visaalliance/public_html/crm.visaalliance.com/system/Session/Session.php', 294)
 2 SYSTEMPATH/Session/Session.php(294): ini_set('session.name', 'ci_session')
 3 SYSTEMPATH/Session/Session.php(240): CodeIgniter\Session\Session->configure()
 4 SYSTEMPATH/Config/Services.php(674): CodeIgniter\Session\Session->start()
 5 SYSTEMPATH/Config/BaseService.php(252): CodeIgniter\Config\Services::session(Object(Config\App), false)
 6 SYSTEMPATH/Config/BaseService.php(193): CodeIgniter\Config\BaseService::__callStatic('session', [...])
 7 SYSTEMPATH/Config/Services.php(641): CodeIgniter\Config\BaseService::getSharedInstance('session', null)
 8 SYSTEMPATH/Config/BaseService.php(252): CodeIgniter\Config\Services::session()
 9 APPPATH/Models/Users_model.php(82): CodeIgniter\Config\BaseService::__callStatic('session', [])
10 APPPATH/Controllers/App_Controller.php(100): App\Models\Users_model->login_user_id()
11 APPPATH/Controllers/Security_Controller.php(17): App\Controllers\App_Controller->__construct()
12 APPPATH/Controllers/Dashboard.php(11): App\Controllers\Security_Controller->__construct()
13 SYSTEMPATH/CodeIgniter.php(904): App\Controllers\Dashboard->__construct()
14 SYSTEMPATH/CodeIgniter.php(488): CodeIgniter\CodeIgniter->createController()
15 SYSTEMPATH/CodeIgniter.php(366): CodeIgniter\CodeIgniter->handleRequest(null, Object(Config\Cache), false)
16 FCPATH/index.php(80): CodeIgniter\CodeIgniter->run()
CRITICAL - 2023-11-02 23:54:20 --> ini_set(): Session ini settings cannot be changed after headers have already been sent
in SYSTEMPATH/Session/Session.php on line 294.
 1 [internal function]: CodeIgniter\Debug\Exceptions->errorHandler(2, 'ini_set(): Session ini settings cannot be changed after headers have already been sent', '/home/visaalliance/public_html/crm.visaalliance.com/system/Session/Session.php', 294)
 2 SYSTEMPATH/Session/Session.php(294): ini_set('session.name', 'ci_session')
 3 SYSTEMPATH/Session/Session.php(240): CodeIgniter\Session\Session->configure()
 4 SYSTEMPATH/Config/Services.php(674): CodeIgniter\Session\Session->start()
 5 SYSTEMPATH/Config/BaseService.php(252): CodeIgniter\Config\Services::session(Object(Config\App), false)
 6 SYSTEMPATH/Config/BaseService.php(193): CodeIgniter\Config\BaseService::__callStatic('session', [...])
 7 SYSTEMPATH/Config/Services.php(641): CodeIgniter\Config\BaseService::getSharedInstance('session', null)
 8 SYSTEMPATH/Config/BaseService.php(252): CodeIgniter\Config\Services::session()
 9 APPPATH/Models/Users_model.php(82): CodeIgniter\Config\BaseService::__callStatic('session', [])
10 APPPATH/Controllers/App_Controller.php(100): App\Models\Users_model->login_user_id()
11 APPPATH/Controllers/Security_Controller.php(17): App\Controllers\App_Controller->__construct()
12 APPPATH/Controllers/Dashboard.php(11): App\Controllers\Security_Controller->__construct()
13 SYSTEMPATH/CodeIgniter.php(904): App\Controllers\Dashboard->__construct()
14 SYSTEMPATH/CodeIgniter.php(488): CodeIgniter\CodeIgniter->createController()
15 SYSTEMPATH/CodeIgniter.php(366): CodeIgniter\CodeIgniter->handleRequest(null, Object(Config\Cache), false)
16 FCPATH/index.php(80): CodeIgniter\CodeIgniter->run()
