CRITICAL - 2024-01-01 01:23:28 --> Invalid file: "student_journey/index.php"
in SYSTEMPATH\Exceptions\FrameworkException.php on line 33.
 1 SYSTEMPATH\View\View.php(212): CodeIgniter\Exceptions\FrameworkException::forInvalidFile('student_journey/index.php')
 2 SYSTEMPATH\Common.php(1180): CodeIgniter\View\View->render('student_journey/index', [], true)
 3 APPPATH\Views\layout\index.php(59): view('student_journey/index')
 4 SYSTEMPATH\View\View.php(224): include('D:\\projects\\visaalliance-crm\\app\\Views\\layout\\index.php')
 5 SYSTEMPATH\View\View.php(227): CodeIgniter\View\View->CodeIgniter\View\{closure}()
 6 SYSTEMPATH\Common.php(1180): CodeIgniter\View\View->render('layout/index', [], true)
 7 APPPATH\Libraries\Template.php(38): view('layout/index', [...])
 8 APPPATH\Libraries\Template.php(22): App\Libraries\Template->view('layout/index', [...])
 9 APPPATH\Controllers\Student_journey.php(46): App\Libraries\Template->rander('student_journey/index', [...])
10 SYSTEMPATH\CodeIgniter.php(932): App\Controllers\Student_journey->index()
11 SYSTEMPATH\CodeIgniter.php(497): CodeIgniter\CodeIgniter->runController(Object(App\Controllers\Student_journey))
12 SYSTEMPATH\CodeIgniter.php(366): CodeIgniter\CodeIgniter->handleRequest(null, Object(Config\Cache), false)
13 FCPATH\index.php(80): CodeIgniter\CodeIgniter->run()
CRITICAL - 2024-01-01 01:59:27 --> Undefined variable $team_members_dropdown
in APPPATH\Views\student_journey\lists\all_list.php on line 39.
 1 APPPATH\Views\student_journey\lists\all_list.php(39): CodeIgniter\Debug\Exceptions->errorHandler(2, 'Undefined variable $team_members_dropdown', 'D:\\projects\\visaalliance-crm\\app\\Views\\student_journey\\lists\\all_list.php', 39)
 2 SYSTEMPATH\View\View.php(224): include('D:\\projects\\visaalliance-crm\\app\\Views\\student_journey\\lists\\all_list.php')
 3 SYSTEMPATH\View\View.php(227): CodeIgniter\View\View->CodeIgniter\View\{closure}()
 4 SYSTEMPATH\Common.php(1180): CodeIgniter\View\View->render('student_journey/lists/all_list', [], true)
 5 APPPATH\Views\student_journey\index.php(25): view('student_journey/lists/all_list')
 6 SYSTEMPATH\View\View.php(224): include('D:\\projects\\visaalliance-crm\\app\\Views\\student_journey\\index.php')
 7 SYSTEMPATH\View\View.php(227): CodeIgniter\View\View->CodeIgniter\View\{closure}()
 8 SYSTEMPATH\Common.php(1180): CodeIgniter\View\View->render('student_journey/index', [], true)
 9 APPPATH\Views\layout\index.php(59): view('student_journey/index')
10 SYSTEMPATH\View\View.php(224): include('D:\\projects\\visaalliance-crm\\app\\Views\\layout\\index.php')
11 SYSTEMPATH\View\View.php(227): CodeIgniter\View\View->CodeIgniter\View\{closure}()
12 SYSTEMPATH\Common.php(1180): CodeIgniter\View\View->render('layout/index', [], true)
13 APPPATH\Libraries\Template.php(38): view('layout/index', [...])
14 APPPATH\Libraries\Template.php(22): App\Libraries\Template->view('layout/index', [...])
15 APPPATH\Controllers\Student_journey.php(46): App\Libraries\Template->rander('student_journey/index', [...])
16 SYSTEMPATH\CodeIgniter.php(932): App\Controllers\Student_journey->index()
17 SYSTEMPATH\CodeIgniter.php(497): CodeIgniter\CodeIgniter->runController(Object(App\Controllers\Student_journey))
18 SYSTEMPATH\CodeIgniter.php(366): CodeIgniter\CodeIgniter->handleRequest(null, Object(Config\Cache), false)
19 FCPATH\index.php(80): CodeIgniter\CodeIgniter->run()
CRITICAL - 2024-01-01 02:03:34 --> Undefined variable $team_members_dropdown
in APPPATH\Views\student_journey\lists\all_list.php on line 39.
 1 APPPATH\Views\student_journey\lists\all_list.php(39): CodeIgniter\Debug\Exceptions->errorHandler(2, 'Undefined variable $team_members_dropdown', 'D:\\projects\\visaalliance-crm\\app\\Views\\student_journey\\lists\\all_list.php', 39)
 2 SYSTEMPATH\View\View.php(224): include('D:\\projects\\visaalliance-crm\\app\\Views\\student_journey\\lists\\all_list.php')
 3 SYSTEMPATH\View\View.php(227): CodeIgniter\View\View->CodeIgniter\View\{closure}()
 4 SYSTEMPATH\Common.php(1180): CodeIgniter\View\View->render('student_journey/lists/all_list', [], true)
 5 APPPATH\Views\student_journey\index.php(25): view('student_journey/lists/all_list')
 6 SYSTEMPATH\View\View.php(224): include('D:\\projects\\visaalliance-crm\\app\\Views\\student_journey\\index.php')
 7 SYSTEMPATH\View\View.php(227): CodeIgniter\View\View->CodeIgniter\View\{closure}()
 8 SYSTEMPATH\Common.php(1180): CodeIgniter\View\View->render('student_journey/index', [], true)
 9 APPPATH\Views\layout\index.php(59): view('student_journey/index')
10 SYSTEMPATH\View\View.php(224): include('D:\\projects\\visaalliance-crm\\app\\Views\\layout\\index.php')
11 SYSTEMPATH\View\View.php(227): CodeIgniter\View\View->CodeIgniter\View\{closure}()
12 SYSTEMPATH\Common.php(1180): CodeIgniter\View\View->render('layout/index', [], true)
13 APPPATH\Libraries\Template.php(38): view('layout/index', [...])
14 APPPATH\Libraries\Template.php(22): App\Libraries\Template->view('layout/index', [...])
15 APPPATH\Controllers\Student_journey.php(46): App\Libraries\Template->rander('student_journey/index', [...])
16 SYSTEMPATH\CodeIgniter.php(932): App\Controllers\Student_journey->index()
17 SYSTEMPATH\CodeIgniter.php(497): CodeIgniter\CodeIgniter->runController(Object(App\Controllers\Student_journey))
18 SYSTEMPATH\CodeIgniter.php(366): CodeIgniter\CodeIgniter->handleRequest(null, Object(Config\Cache), false)
19 FCPATH\index.php(80): CodeIgniter\CodeIgniter->run()
CRITICAL - 2024-01-01 02:04:44 --> Undefined variable $team_members_dropdown
in APPPATH\Views\student_journey\lists\all_list.php on line 39.
 1 APPPATH\Views\student_journey\lists\all_list.php(39): CodeIgniter\Debug\Exceptions->errorHandler(2, 'Undefined variable $team_members_dropdown', 'D:\\projects\\visaalliance-crm\\app\\Views\\student_journey\\lists\\all_list.php', 39)
 2 SYSTEMPATH\View\View.php(224): include('D:\\projects\\visaalliance-crm\\app\\Views\\student_journey\\lists\\all_list.php')
 3 SYSTEMPATH\View\View.php(227): CodeIgniter\View\View->CodeIgniter\View\{closure}()
 4 SYSTEMPATH\Common.php(1180): CodeIgniter\View\View->render('student_journey/lists/all_list', [], true)
 5 APPPATH\Views\student_journey\index.php(25): view('student_journey/lists/all_list')
 6 SYSTEMPATH\View\View.php(224): include('D:\\projects\\visaalliance-crm\\app\\Views\\student_journey\\index.php')
 7 SYSTEMPATH\View\View.php(227): CodeIgniter\View\View->CodeIgniter\View\{closure}()
 8 SYSTEMPATH\Common.php(1180): CodeIgniter\View\View->render('student_journey/index', [], true)
 9 APPPATH\Views\layout\index.php(59): view('student_journey/index')
10 SYSTEMPATH\View\View.php(224): include('D:\\projects\\visaalliance-crm\\app\\Views\\layout\\index.php')
11 SYSTEMPATH\View\View.php(227): CodeIgniter\View\View->CodeIgniter\View\{closure}()
12 SYSTEMPATH\Common.php(1180): CodeIgniter\View\View->render('layout/index', [], true)
13 APPPATH\Libraries\Template.php(38): view('layout/index', [...])
14 APPPATH\Libraries\Template.php(22): App\Libraries\Template->view('layout/index', [...])
15 APPPATH\Controllers\Student_journey.php(46): App\Libraries\Template->rander('student_journey/index', [...])
16 SYSTEMPATH\CodeIgniter.php(932): App\Controllers\Student_journey->index()
17 SYSTEMPATH\CodeIgniter.php(497): CodeIgniter\CodeIgniter->runController(Object(App\Controllers\Student_journey))
18 SYSTEMPATH\CodeIgniter.php(366): CodeIgniter\CodeIgniter->handleRequest(null, Object(Config\Cache), false)
19 FCPATH\index.php(80): CodeIgniter\CodeIgniter->run()
CRITICAL - 2024-01-01 02:09:00 --> Invalid file: "student_journey/list/counselling_list.php"
in SYSTEMPATH\Exceptions\FrameworkException.php on line 33.
 1 SYSTEMPATH\View\View.php(212): CodeIgniter\Exceptions\FrameworkException::forInvalidFile('student_journey/list/counselling_list.php')
 2 SYSTEMPATH\Common.php(1180): CodeIgniter\View\View->render('student_journey/list/counselling_list', [], true)
 3 APPPATH\Libraries\Template.php(38): view('student_journey/list/counselling_list', [...])
 4 APPPATH\Controllers\Student_journey.php(2103): App\Libraries\Template->view('student_journey/list/counselling_list', [...])
 5 SYSTEMPATH\CodeIgniter.php(932): App\Controllers\Student_journey->counselling_list()
 6 SYSTEMPATH\CodeIgniter.php(497): CodeIgniter\CodeIgniter->runController(Object(App\Controllers\Student_journey))
 7 SYSTEMPATH\CodeIgniter.php(366): CodeIgniter\CodeIgniter->handleRequest(null, Object(Config\Cache), false)
 8 FCPATH\index.php(80): CodeIgniter\CodeIgniter->run()
CRITICAL - 2024-01-01 02:09:03 --> Invalid file: "student_journey/list/lodgement_list.php"
in SYSTEMPATH\Exceptions\FrameworkException.php on line 33.
 1 SYSTEMPATH\View\View.php(212): CodeIgniter\Exceptions\FrameworkException::forInvalidFile('student_journey/list/lodgement_list.php')
 2 SYSTEMPATH\Common.php(1180): CodeIgniter\View\View->render('student_journey/list/lodgement_list', [], true)
 3 APPPATH\Libraries\Template.php(38): view('student_journey/list/lodgement_list', [...])
 4 APPPATH\Controllers\Student_journey.php(2121): App\Libraries\Template->view('student_journey/list/lodgement_list', [...])
 5 SYSTEMPATH\CodeIgniter.php(932): App\Controllers\Student_journey->lodgement_list()
 6 SYSTEMPATH\CodeIgniter.php(497): CodeIgniter\CodeIgniter->runController(Object(App\Controllers\Student_journey))
 7 SYSTEMPATH\CodeIgniter.php(366): CodeIgniter\CodeIgniter->handleRequest(null, Object(Config\Cache), false)
 8 FCPATH\index.php(80): CodeIgniter\CodeIgniter->run()
CRITICAL - 2024-01-01 02:09:04 --> Invalid file: "student_journey/list/offer_list.php"
in SYSTEMPATH\Exceptions\FrameworkException.php on line 33.
 1 SYSTEMPATH\View\View.php(212): CodeIgniter\Exceptions\FrameworkException::forInvalidFile('student_journey/list/offer_list.php')
 2 SYSTEMPATH\Common.php(1180): CodeIgniter\View\View->render('student_journey/list/offer_list', [], true)
 3 APPPATH\Libraries\Template.php(38): view('student_journey/list/offer_list', [...])
 4 APPPATH\Controllers\Student_journey.php(2139): App\Libraries\Template->view('student_journey/list/offer_list', [...])
 5 SYSTEMPATH\CodeIgniter.php(932): App\Controllers\Student_journey->offer_list()
 6 SYSTEMPATH\CodeIgniter.php(497): CodeIgniter\CodeIgniter->runController(Object(App\Controllers\Student_journey))
 7 SYSTEMPATH\CodeIgniter.php(366): CodeIgniter\CodeIgniter->handleRequest(null, Object(Config\Cache), false)
 8 FCPATH\index.php(80): CodeIgniter\CodeIgniter->run()
CRITICAL - 2024-01-01 02:09:05 --> Invalid file: "student_journey/list/acceptance_list.php"
in SYSTEMPATH\Exceptions\FrameworkException.php on line 33.
 1 SYSTEMPATH\View\View.php(212): CodeIgniter\Exceptions\FrameworkException::forInvalidFile('student_journey/list/acceptance_list.php')
 2 SYSTEMPATH\Common.php(1180): CodeIgniter\View\View->render('student_journey/list/acceptance_list', [], true)
 3 APPPATH\Libraries\Template.php(38): view('student_journey/list/acceptance_list', [...])
 4 APPPATH\Controllers\Student_journey.php(2157): App\Libraries\Template->view('student_journey/list/acceptance_list', [...])
 5 SYSTEMPATH\CodeIgniter.php(932): App\Controllers\Student_journey->acceptance_list()
 6 SYSTEMPATH\CodeIgniter.php(497): CodeIgniter\CodeIgniter->runController(Object(App\Controllers\Student_journey))
 7 SYSTEMPATH\CodeIgniter.php(366): CodeIgniter\CodeIgniter->handleRequest(null, Object(Config\Cache), false)
 8 FCPATH\index.php(80): CodeIgniter\CodeIgniter->run()
CRITICAL - 2024-01-01 02:09:05 --> Invalid file: "student_journey/list/visa_list.php"
in SYSTEMPATH\Exceptions\FrameworkException.php on line 33.
 1 SYSTEMPATH\View\View.php(212): CodeIgniter\Exceptions\FrameworkException::forInvalidFile('student_journey/list/visa_list.php')
 2 SYSTEMPATH\Common.php(1180): CodeIgniter\View\View->render('student_journey/list/visa_list', [], true)
 3 APPPATH\Libraries\Template.php(38): view('student_journey/list/visa_list', [...])
 4 APPPATH\Controllers\Student_journey.php(2175): App\Libraries\Template->view('student_journey/list/visa_list', [...])
 5 SYSTEMPATH\CodeIgniter.php(932): App\Controllers\Student_journey->visa_list()
 6 SYSTEMPATH\CodeIgniter.php(497): CodeIgniter\CodeIgniter->runController(Object(App\Controllers\Student_journey))
 7 SYSTEMPATH\CodeIgniter.php(366): CodeIgniter\CodeIgniter->handleRequest(null, Object(Config\Cache), false)
 8 FCPATH\index.php(80): CodeIgniter\CodeIgniter->run()
CRITICAL - 2024-01-01 02:09:06 --> Invalid file: "student_journey/list/commencement_list.php"
in SYSTEMPATH\Exceptions\FrameworkException.php on line 33.
 1 SYSTEMPATH\View\View.php(212): CodeIgniter\Exceptions\FrameworkException::forInvalidFile('student_journey/list/commencement_list.php')
 2 SYSTEMPATH\Common.php(1180): CodeIgniter\View\View->render('student_journey/list/commencement_list', [], true)
 3 APPPATH\Libraries\Template.php(38): view('student_journey/list/commencement_list', [...])
 4 APPPATH\Controllers\Student_journey.php(2193): App\Libraries\Template->view('student_journey/list/commencement_list', [...])
 5 SYSTEMPATH\CodeIgniter.php(932): App\Controllers\Student_journey->commencement_list()
 6 SYSTEMPATH\CodeIgniter.php(497): CodeIgniter\CodeIgniter->runController(Object(App\Controllers\Student_journey))
 7 SYSTEMPATH\CodeIgniter.php(366): CodeIgniter\CodeIgniter->handleRequest(null, Object(Config\Cache), false)
 8 FCPATH\index.php(80): CodeIgniter\CodeIgniter->run()
